[3.888s] Invoking command in '/home/auria/src/rl_driver': PYTHONPATH=/home/auria/src/build/rl_driver/prefix_override:/home/auria/src/install/rl_driver/lib/python3.8/site-packages:${PYTHONPATH} /usr/bin/python3 setup.py egg_info --egg-base ../build/rl_driver build --build-base /home/auria/src/build/rl_driver/build install --record /home/auria/src/build/rl_driver/install.log --single-version-externally-managed
[5.312s] running egg_info
[5.313s] writing ../build/rl_driver/rl_driver.egg-info/PKG-INFO
[5.313s] writing dependency_links to ../build/rl_driver/rl_driver.egg-info/dependency_links.txt
[5.313s] writing entry points to ../build/rl_driver/rl_driver.egg-info/entry_points.txt
[5.314s] writing requirements to ../build/rl_driver/rl_driver.egg-info/requires.txt
[5.314s] writing top-level names to ../build/rl_driver/rl_driver.egg-info/top_level.txt
[5.570s] reading manifest file '../build/rl_driver/rl_driver.egg-info/SOURCES.txt'
[5.582s] writing manifest file '../build/rl_driver/rl_driver.egg-info/SOURCES.txt'
[5.584s] running build
[5.586s] running build_py
[5.589s] copying rl_driver/train.py -> /home/auria/src/build/rl_driver/build/lib/rl_driver
[5.590s] copying rl_driver/ros2_env.py -> /home/auria/src/build/rl_driver/build/lib/rl_driver
[5.590s] running install
[5.595s] running install_lib
[5.605s] copying /home/auria/src/build/rl_driver/build/lib/rl_driver/train.py -> /home/auria/src/install/rl_driver/lib/python3.8/site-packages/rl_driver
[5.606s] copying /home/auria/src/build/rl_driver/build/lib/rl_driver/ros2_env.py -> /home/auria/src/install/rl_driver/lib/python3.8/site-packages/rl_driver
[5.611s] byte-compiling /home/auria/src/install/rl_driver/lib/python3.8/site-packages/rl_driver/train.py to train.cpython-38.pyc
[5.623s] byte-compiling /home/auria/src/install/rl_driver/lib/python3.8/site-packages/rl_driver/ros2_env.py to ros2_env.cpython-38.pyc
[5.634s] running install_data
[5.636s] running install_egg_info
[5.653s] removing '/home/auria/src/install/rl_driver/lib/python3.8/site-packages/rl_driver-0.0.0-py3.8.egg-info' (and everything under it)
[5.654s] Copying ../build/rl_driver/rl_driver.egg-info to /home/auria/src/install/rl_driver/lib/python3.8/site-packages/rl_driver-0.0.0-py3.8.egg-info
[5.665s] running install_scripts
[5.743s] Installing rl_node script to /home/auria/src/install/rl_driver/lib/rl_driver
[5.744s] Installing train script to /home/auria/src/install/rl_driver/lib/rl_driver
[5.745s] writing list of installed files to '/home/auria/src/build/rl_driver/install.log'
[5.868s] Invoked command in '/home/auria/src/rl_driver' returned '0': PYTHONPATH=/home/auria/src/build/rl_driver/prefix_override:/home/auria/src/install/rl_driver/lib/python3.8/site-packages:${PYTHONPATH} /usr/bin/python3 setup.py egg_info --egg-base ../build/rl_driver build --build-base /home/auria/src/build/rl_driver/build install --record /home/auria/src/build/rl_driver/install.log --single-version-externally-managed
