[3.389s] Invoking command in '/home/auria/src/environment': PYTHONPATH=/home/auria/src/build/environment/prefix_override:/home/auria/src/install/environment/lib/python3.8/site-packages:/home/auria/src/install/auria_msgs/lib/python3.8/site-packages:/home/auria/src/install/rl_driver/lib/python3.8/site-packages:/home/auria/src/install/environment/lib/python3.8/site-packages:/opt/ros/galactic/lib/python3.8/site-packages /usr/bin/python3 setup.py egg_info --egg-base ../build/environment build --build-base /home/auria/src/build/environment/build install --record /home/auria/src/build/environment/install.log --single-version-externally-managed
[4.277s] running egg_info
[4.282s] writing ../build/environment/environment.egg-info/PKG-INFO
[4.283s] writing dependency_links to ../build/environment/environment.egg-info/dependency_links.txt
[4.283s] writing entry points to ../build/environment/environment.egg-info/entry_points.txt
[4.284s] writing requirements to ../build/environment/environment.egg-info/requires.txt
[4.287s] writing top-level names to ../build/environment/environment.egg-info/top_level.txt
[4.447s] reading manifest file '../build/environment/environment.egg-info/SOURCES.txt'
[4.452s] writing manifest file '../build/environment/environment.egg-info/SOURCES.txt'
[4.453s] running build
[4.454s] running build_py
[4.457s] running install
[4.460s] running install_lib
[4.467s] running install_data
[4.474s] running install_egg_info
[4.484s] removing '/home/auria/src/install/environment/lib/python3.8/site-packages/environment-0.1.0-py3.8.egg-info' (and everything under it)
[4.485s] Copying ../build/environment/environment.egg-info to /home/auria/src/install/environment/lib/python3.8/site-packages/environment-0.1.0-py3.8.egg-info
[4.493s] running install_scripts
[4.569s] Installing car script to /home/auria/src/install/environment/lib/environment
[4.570s] Installing env script to /home/auria/src/install/environment/lib/environment
[4.572s] writing list of installed files to '/home/auria/src/build/environment/install.log'
[4.654s] Invoked command in '/home/auria/src/environment' returned '0': PYTHONPATH=/home/auria/src/build/environment/prefix_override:/home/auria/src/install/environment/lib/python3.8/site-packages:/home/auria/src/install/auria_msgs/lib/python3.8/site-packages:/home/auria/src/install/rl_driver/lib/python3.8/site-packages:/home/auria/src/install/environment/lib/python3.8/site-packages:/opt/ros/galactic/lib/python3.8/site-packages /usr/bin/python3 setup.py egg_info --egg-base ../build/environment build --build-base /home/auria/src/build/environment/build install --record /home/auria/src/build/environment/install.log --single-version-externally-managed
