[0.000000] (-) TimerEvent: {}
[0.001856] (-) JobUnselected: {'identifier': 'auria_msgs'}
[0.002082] (-) JobUnselected: {'identifier': 'environment'}
[0.002187] (rl_driver) JobQueued: {'identifier': 'rl_driver', 'dependencies': OrderedDict()}
[0.002278] (rl_driver) JobStarted: {'identifier': 'rl_driver'}
[0.098018] (-) TimerEvent: {}
[0.203875] (-) TimerEvent: {}
[0.304473] (-) TimerEvent: {}
[0.405073] (-) TimerEvent: {}
[0.508057] (-) TimerEvent: {}
[0.610028] (-) TimerEvent: {}
[0.713863] (-) TimerEvent: {}
[0.816858] (-) TimerEvent: {}
[0.920759] (-) TimerEvent: {}
[1.025165] (-) TimerEvent: {}
[1.128184] (-) TimerEvent: {}
[1.233195] (-) TimerEvent: {}
[1.335650] (-) TimerEvent: {}
[1.439117] (-) TimerEvent: {}
[1.543078] (-) TimerEvent: {}
[1.644480] (-) TimerEvent: {}
[1.746605] (-) TimerEvent: {}
[1.847165] (-) TimerEvent: {}
[1.947913] (-) TimerEvent: {}
[2.048441] (-) TimerEvent: {}
[2.149614] (-) TimerEvent: {}
[2.252700] (-) TimerEvent: {}
[2.353262] (-) TimerEvent: {}
[2.453862] (-) TimerEvent: {}
[2.554416] (-) TimerEvent: {}
[2.660759] (-) TimerEvent: {}
[2.761556] (-) TimerEvent: {}
[2.862339] (-) TimerEvent: {}
[2.887447] (rl_driver) Command: {'cmd': ['/usr/bin/python3', 'setup.py', 'egg_info', '--egg-base', '../build/rl_driver', 'build', '--build-base', '/home/auria/src/build/rl_driver/build', 'install', '--record', '/home/auria/src/build/rl_driver/install.log', '--single-version-externally-managed'], 'cwd': '/home/auria/src/rl_driver', 'env': {'HOSTNAME': 'Ventupentu-portatil', 'SHLVL': '1', 'LIBGL_ALWAYS_SOFTWARE': '1', 'LD_LIBRARY_PATH': '/home/auria/src/install/auria_msgs/lib:/opt/ros/galactic/opt/yaml_cpp_vendor/lib:/opt/ros/galactic/lib/x86_64-linux-gnu:/opt/ros/galactic/lib', 'HOME': '/home/auria', 'OLDPWD': '/home/auria', 'ROS_PYTHON_VERSION': '3', 'QT_QPA_PLATFORM_PLUGIN_PATH': '/usr/lib/x86_64-linux-gnu/qt5/plugins/platforms', 'COLCON_PREFIX_PATH': '/home/auria/src/install', 'ROS_DISTRO': 'galactic', '_': '/usr/bin/colcon', 'ROS_VERSION': '2', 'TERM': 'xterm', 'ROS_LOCALHOST_ONLY': '0', 'QT_X11_NO_MITSHM': '1', 'PATH': '/opt/ros/galactic/bin:/usr/local/sbin:/usr/local/bin:/usr/sbin:/usr/bin:/sbin:/bin', 'DISPLAY': ':0', 'LANG': 'C.UTF-8', 'AMENT_PREFIX_PATH': '/home/auria/src/install/rl_driver:/home/auria/src/install/environment:/home/auria/src/install/auria_msgs:/opt/ros/galactic', 'PWD': '/home/auria/src/build/rl_driver', 'LC_ALL': 'C.UTF-8', 'PYTHONPATH': '/home/auria/src/build/rl_driver/prefix_override:/home/auria/src/install/rl_driver/lib/python3.8/site-packages:/home/auria/src/install/rl_driver/lib/python3.8/site-packages:/home/auria/src/install/environment/lib/python3.8/site-packages:/home/auria/src/install/auria_msgs/lib/python3.8/site-packages:/opt/ros/galactic/lib/python3.8/site-packages', 'COLCON': '1', 'CMAKE_PREFIX_PATH': '/home/auria/src/install/auria_msgs'}, 'shell': False}
[2.963817] (-) TimerEvent: {}
[3.067603] (-) TimerEvent: {}
[3.168509] (-) TimerEvent: {}
[3.269550] (-) TimerEvent: {}
[3.370590] (-) TimerEvent: {}
[3.472876] (-) TimerEvent: {}
[3.574237] (-) TimerEvent: {}
[3.676345] (-) TimerEvent: {}
[3.781236] (-) TimerEvent: {}
[3.856508] (rl_driver) StdoutLine: {'line': b'running egg_info\n'}
[3.858587] (rl_driver) StdoutLine: {'line': b'writing ../build/rl_driver/rl_driver.egg-info/PKG-INFO\n'}
[3.861719] (rl_driver) StdoutLine: {'line': b'writing dependency_links to ../build/rl_driver/rl_driver.egg-info/dependency_links.txt\n'}
[3.862952] (rl_driver) StdoutLine: {'line': b'writing entry points to ../build/rl_driver/rl_driver.egg-info/entry_points.txt\n'}
[3.865368] (rl_driver) StdoutLine: {'line': b'writing requirements to ../build/rl_driver/rl_driver.egg-info/requires.txt\n'}
[3.866818] (rl_driver) StdoutLine: {'line': b'writing top-level names to ../build/rl_driver/rl_driver.egg-info/top_level.txt\n'}
[3.883488] (-) TimerEvent: {}
[3.984156] (-) TimerEvent: {}
[4.002719] (rl_driver) StdoutLine: {'line': b"reading manifest file '../build/rl_driver/rl_driver.egg-info/SOURCES.txt'\n"}
[4.012244] (rl_driver) StdoutLine: {'line': b"writing manifest file '../build/rl_driver/rl_driver.egg-info/SOURCES.txt'\n"}
[4.012899] (rl_driver) StdoutLine: {'line': b'running build\n'}
[4.013217] (rl_driver) StdoutLine: {'line': b'running build_py\n'}
[4.021001] (rl_driver) StdoutLine: {'line': b'running install\n'}
[4.030748] (rl_driver) StdoutLine: {'line': b'running install_lib\n'}
[4.038369] (rl_driver) StdoutLine: {'line': b'running install_data\n'}
[4.040097] (rl_driver) StdoutLine: {'line': b'running install_egg_info\n'}
[4.046424] (rl_driver) StdoutLine: {'line': b"removing '/home/auria/src/install/rl_driver/lib/python3.8/site-packages/rl_driver-0.0.0-py3.8.egg-info' (and everything under it)\n"}
[4.048998] (rl_driver) StdoutLine: {'line': b'Copying ../build/rl_driver/rl_driver.egg-info to /home/auria/src/install/rl_driver/lib/python3.8/site-packages/rl_driver-0.0.0-py3.8.egg-info\n'}
[4.066781] (rl_driver) StdoutLine: {'line': b'running install_scripts\n'}
[4.084311] (-) TimerEvent: {}
[4.157213] (rl_driver) StdoutLine: {'line': b'Installing rl_node script to /home/auria/src/install/rl_driver/lib/rl_driver\n'}
[4.159752] (rl_driver) StdoutLine: {'line': b'Installing train script to /home/auria/src/install/rl_driver/lib/rl_driver\n'}
[4.160199] (rl_driver) StdoutLine: {'line': b"writing list of installed files to '/home/auria/src/build/rl_driver/install.log'\n"}
[4.185322] (-) TimerEvent: {}
[4.261989] (rl_driver) CommandEnded: {'returncode': 0}
[4.289727] (-) TimerEvent: {}
[4.355304] (rl_driver) JobEnded: {'identifier': 'rl_driver', 'rc': 0}
[4.358377] (-) EventReactorShutdown: {}
