[0.000000] (-) TimerEvent: {}
[0.000564] (-) JobUnselected: {'identifier': 'auria_msgs'}
[0.000742] (-) JobUnselected: {'identifier': 'environment'}
[0.000864] (rl_driver) JobQueued: {'identifier': 'rl_driver', 'dependencies': OrderedDict()}
[0.000983] (rl_driver) JobStarted: {'identifier': 'rl_driver'}
[0.099152] (-) TimerEvent: {}
[0.202812] (-) TimerEvent: {}
[0.303885] (-) TimerEvent: {}
[0.404531] (-) TimerEvent: {}
[0.505655] (-) TimerEvent: {}
[0.606665] (-) TimerEvent: {}
[0.708632] (-) TimerEvent: {}
[0.811890] (-) TimerEvent: {}
[0.913414] (-) TimerEvent: {}
[1.017479] (-) TimerEvent: {}
[1.119667] (-) TimerEvent: {}
[1.221668] (-) TimerEvent: {}
[1.325449] (-) TimerEvent: {}
[1.429173] (-) TimerEvent: {}
[1.529822] (-) TimerEvent: {}
[1.630449] (-) TimerEvent: {}
[1.731110] (-) TimerEvent: {}
[1.831762] (-) TimerEvent: {}
[1.932377] (-) TimerEvent: {}
[2.033030] (-) TimerEvent: {}
[2.136807] (-) TimerEvent: {}
[2.237434] (-) TimerEvent: {}
[2.338073] (-) TimerEvent: {}
[2.439214] (-) TimerEvent: {}
[2.532363] (rl_driver) Command: {'cmd': ['/usr/bin/python3', 'setup.py', 'egg_info', '--egg-base', '../build/rl_driver', 'build', '--build-base', '/home/auria/src/build/rl_driver/build', 'install', '--record', '/home/auria/src/build/rl_driver/install.log', '--single-version-externally-managed'], 'cwd': '/home/auria/src/rl_driver', 'env': {'HOSTNAME': 'Ventupentu-portatil', 'SHLVL': '1', 'LIBGL_ALWAYS_SOFTWARE': '1', 'LD_LIBRARY_PATH': '/home/auria/src/install/auria_msgs/lib:/opt/ros/galactic/opt/yaml_cpp_vendor/lib:/opt/ros/galactic/lib/x86_64-linux-gnu:/opt/ros/galactic/lib', 'HOME': '/home/auria', 'OLDPWD': '/home/auria', 'ROS_PYTHON_VERSION': '3', 'QT_QPA_PLATFORM_PLUGIN_PATH': '/usr/lib/x86_64-linux-gnu/qt5/plugins/platforms', 'COLCON_PREFIX_PATH': '/home/auria/src/install', 'ROS_DISTRO': 'galactic', '_': '/usr/bin/colcon', 'ROS_VERSION': '2', 'TERM': 'xterm', 'ROS_LOCALHOST_ONLY': '0', 'QT_X11_NO_MITSHM': '1', 'PATH': '/opt/ros/galactic/bin:/usr/local/sbin:/usr/local/bin:/usr/sbin:/usr/bin:/sbin:/bin', 'DISPLAY': ':0', 'LANG': 'C.UTF-8', 'AMENT_PREFIX_PATH': '/home/auria/src/install/rl_driver:/home/auria/src/install/environment:/home/auria/src/install/auria_msgs:/opt/ros/galactic', 'PWD': '/home/auria/src/build/rl_driver', 'LC_ALL': 'C.UTF-8', 'PYTHONPATH': '/home/auria/src/build/rl_driver/prefix_override:/home/auria/src/install/rl_driver/lib/python3.8/site-packages:/home/auria/src/install/rl_driver/lib/python3.8/site-packages:/home/auria/src/install/environment/lib/python3.8/site-packages:/home/auria/src/install/auria_msgs/lib/python3.8/site-packages:/opt/ros/galactic/lib/python3.8/site-packages', 'COLCON': '1', 'CMAKE_PREFIX_PATH': '/home/auria/src/install/auria_msgs'}, 'shell': False}
[2.545338] (-) TimerEvent: {}
[2.647042] (-) TimerEvent: {}
[2.748248] (-) TimerEvent: {}
[2.850971] (-) TimerEvent: {}
[2.954050] (-) TimerEvent: {}
[3.054677] (-) TimerEvent: {}
[3.156113] (-) TimerEvent: {}
[3.256778] (-) TimerEvent: {}
[3.359302] (-) TimerEvent: {}
[3.422983] (rl_driver) StdoutLine: {'line': b'running egg_info\n'}
[3.428887] (rl_driver) StdoutLine: {'line': b'writing ../build/rl_driver/rl_driver.egg-info/PKG-INFO\n'}
[3.430513] (rl_driver) StdoutLine: {'line': b'writing dependency_links to ../build/rl_driver/rl_driver.egg-info/dependency_links.txt\n'}
[3.431014] (rl_driver) StdoutLine: {'line': b'writing entry points to ../build/rl_driver/rl_driver.egg-info/entry_points.txt\n'}
[3.431348] (rl_driver) StdoutLine: {'line': b'writing requirements to ../build/rl_driver/rl_driver.egg-info/requires.txt\n'}
[3.431663] (rl_driver) StdoutLine: {'line': b'writing top-level names to ../build/rl_driver/rl_driver.egg-info/top_level.txt\n'}
[3.459462] (-) TimerEvent: {}
[3.560378] (-) TimerEvent: {}
[3.576610] (rl_driver) StdoutLine: {'line': b"reading manifest file '../build/rl_driver/rl_driver.egg-info/SOURCES.txt'\n"}
[3.585850] (rl_driver) StdoutLine: {'line': b"writing manifest file '../build/rl_driver/rl_driver.egg-info/SOURCES.txt'\n"}
[3.587190] (rl_driver) StdoutLine: {'line': b'running build\n'}
[3.587843] (rl_driver) StdoutLine: {'line': b'running build_py\n'}
[3.588234] (rl_driver) StdoutLine: {'line': b'copying rl_driver/ros2_env.py -> /home/auria/src/build/rl_driver/build/lib/rl_driver\n'}
[3.589787] (rl_driver) StdoutLine: {'line': b'running install\n'}
[3.592155] (rl_driver) StdoutLine: {'line': b'running install_lib\n'}
[3.598808] (rl_driver) StdoutLine: {'line': b'copying /home/auria/src/build/rl_driver/build/lib/rl_driver/ros2_env.py -> /home/auria/src/install/rl_driver/lib/python3.8/site-packages/rl_driver\n'}
[3.600119] (rl_driver) StdoutLine: {'line': b'byte-compiling /home/auria/src/install/rl_driver/lib/python3.8/site-packages/rl_driver/ros2_env.py to ros2_env.cpython-38.pyc\n'}
[3.608548] (rl_driver) StdoutLine: {'line': b'running install_data\n'}
[3.613797] (rl_driver) StdoutLine: {'line': b'running install_egg_info\n'}
[3.617816] (rl_driver) StdoutLine: {'line': b"removing '/home/auria/src/install/rl_driver/lib/python3.8/site-packages/rl_driver-0.0.0-py3.8.egg-info' (and everything under it)\n"}
[3.620814] (rl_driver) StdoutLine: {'line': b'Copying ../build/rl_driver/rl_driver.egg-info to /home/auria/src/install/rl_driver/lib/python3.8/site-packages/rl_driver-0.0.0-py3.8.egg-info\n'}
[3.623853] (rl_driver) StdoutLine: {'line': b'running install_scripts\n'}
[3.660535] (-) TimerEvent: {}
[3.695646] (rl_driver) StdoutLine: {'line': b'Installing rl_node script to /home/auria/src/install/rl_driver/lib/rl_driver\n'}
[3.696895] (rl_driver) StdoutLine: {'line': b'Installing train script to /home/auria/src/install/rl_driver/lib/rl_driver\n'}
[3.698195] (rl_driver) StdoutLine: {'line': b"writing list of installed files to '/home/auria/src/build/rl_driver/install.log'\n"}
[3.760746] (-) TimerEvent: {}
[3.773576] (rl_driver) CommandEnded: {'returncode': 0}
[3.859209] (rl_driver) JobEnded: {'identifier': 'rl_driver', 'rc': 0}
[3.863010] (-) TimerEvent: {}
[3.863349] (-) EventReactorShutdown: {}
