[0.000000] (-) TimerEvent: {}
[0.001244] (-) JobUnselected: {'identifier': 'auria_msgs'}
[0.001398] (-) JobUnselected: {'identifier': 'environment'}
[0.001496] (rl_driver) JobQueued: {'identifier': 'rl_driver', 'dependencies': OrderedDict()}
[0.002533] (rl_driver) JobStarted: {'identifier': 'rl_driver'}
[0.100549] (-) TimerEvent: {}
[0.203715] (-) TimerEvent: {}
[0.304466] (-) TimerEvent: {}
[0.405633] (-) TimerEvent: {}
[0.506930] (-) TimerEvent: {}
[0.608077] (-) TimerEvent: {}
[0.709194] (-) TimerEvent: {}
[0.810109] (-) TimerEvent: {}
[0.911786] (-) TimerEvent: {}
[1.012869] (-) TimerEvent: {}
[1.114050] (-) TimerEvent: {}
[1.214683] (-) TimerEvent: {}
[1.315903] (-) TimerEvent: {}
[1.416543] (-) TimerEvent: {}
[1.517760] (-) TimerEvent: {}
[1.618914] (-) TimerEvent: {}
[1.719704] (-) TimerEvent: {}
[1.821666] (-) TimerEvent: {}
[1.922664] (-) TimerEvent: {}
[2.024671] (-) TimerEvent: {}
[2.125305] (-) TimerEvent: {}
[2.228673] (-) TimerEvent: {}
[2.329287] (-) TimerEvent: {}
[2.431415] (-) TimerEvent: {}
[2.534844] (rl_driver) Command: {'cmd': ['/usr/bin/python3', 'setup.py', 'egg_info', '--egg-base', '../build/rl_driver', 'build', '--build-base', '/home/auria/src/build/rl_driver/build', 'install', '--record', '/home/auria/src/build/rl_driver/install.log', '--single-version-externally-managed'], 'cwd': '/home/auria/src/rl_driver', 'env': {'HOSTNAME': 'Ventupentu-portatil', 'SHLVL': '1', 'LIBGL_ALWAYS_SOFTWARE': '1', 'LD_LIBRARY_PATH': '/home/auria/src/install/auria_msgs/lib:/opt/ros/galactic/opt/yaml_cpp_vendor/lib:/opt/ros/galactic/lib/x86_64-linux-gnu:/opt/ros/galactic/lib', 'HOME': '/home/auria', 'OLDPWD': '/home/auria', 'ROS_PYTHON_VERSION': '3', 'QT_QPA_PLATFORM_PLUGIN_PATH': '/usr/lib/x86_64-linux-gnu/qt5/plugins/platforms', 'COLCON_PREFIX_PATH': '/home/auria/src/install', 'ROS_DISTRO': 'galactic', '_': '/usr/bin/colcon', 'ROS_VERSION': '2', 'TERM': 'xterm', 'ROS_LOCALHOST_ONLY': '0', 'QT_X11_NO_MITSHM': '1', 'PATH': '/opt/ros/galactic/bin:/usr/local/sbin:/usr/local/bin:/usr/sbin:/usr/bin:/sbin:/bin', 'DISPLAY': ':0', 'LANG': 'C.UTF-8', 'AMENT_PREFIX_PATH': '/home/auria/src/install/rl_driver:/home/auria/src/install/environment:/home/auria/src/install/auria_msgs:/opt/ros/galactic', 'PWD': '/home/auria/src/build/rl_driver', 'LC_ALL': 'C.UTF-8', 'PYTHONPATH': '/home/auria/src/build/rl_driver/prefix_override:/home/auria/src/install/rl_driver/lib/python3.8/site-packages:/home/auria/src/install/rl_driver/lib/python3.8/site-packages:/home/auria/src/install/environment/lib/python3.8/site-packages:/home/auria/src/install/auria_msgs/lib/python3.8/site-packages:/opt/ros/galactic/lib/python3.8/site-packages', 'COLCON': '1', 'CMAKE_PREFIX_PATH': '/home/auria/src/install/auria_msgs'}, 'shell': False}
[2.540353] (-) TimerEvent: {}
[2.644104] (-) TimerEvent: {}
[2.749869] (-) TimerEvent: {}
[2.854103] (-) TimerEvent: {}
[2.957126] (-) TimerEvent: {}
[3.059860] (-) TimerEvent: {}
[3.162674] (-) TimerEvent: {}
[3.267491] (-) TimerEvent: {}
[3.371681] (-) TimerEvent: {}
[3.472297] (-) TimerEvent: {}
[3.524113] (rl_driver) StdoutLine: {'line': b'running egg_info\n'}
[3.526381] (rl_driver) StdoutLine: {'line': b'writing ../build/rl_driver/rl_driver.egg-info/PKG-INFO\n'}
[3.527304] (rl_driver) StdoutLine: {'line': b'writing dependency_links to ../build/rl_driver/rl_driver.egg-info/dependency_links.txt\n'}
[3.527972] (rl_driver) StdoutLine: {'line': b'writing entry points to ../build/rl_driver/rl_driver.egg-info/entry_points.txt\n'}
[3.528490] (rl_driver) StdoutLine: {'line': b'writing requirements to ../build/rl_driver/rl_driver.egg-info/requires.txt\n'}
[3.528991] (rl_driver) StdoutLine: {'line': b'writing top-level names to ../build/rl_driver/rl_driver.egg-info/top_level.txt\n'}
[3.573991] (-) TimerEvent: {}
[3.674960] (-) TimerEvent: {}
[3.687013] (rl_driver) StdoutLine: {'line': b"reading manifest file '../build/rl_driver/rl_driver.egg-info/SOURCES.txt'\n"}
[3.692206] (rl_driver) StdoutLine: {'line': b"writing manifest file '../build/rl_driver/rl_driver.egg-info/SOURCES.txt'\n"}
[3.692748] (rl_driver) StdoutLine: {'line': b'running build\n'}
[3.693156] (rl_driver) StdoutLine: {'line': b'running build_py\n'}
[3.693862] (rl_driver) StdoutLine: {'line': b'copying rl_driver/ros2_env.py -> /home/auria/src/build/rl_driver/build/lib/rl_driver\n'}
[3.694516] (rl_driver) StdoutLine: {'line': b'running install\n'}
[3.697359] (rl_driver) StdoutLine: {'line': b'running install_lib\n'}
[3.701940] (rl_driver) StdoutLine: {'line': b'copying /home/auria/src/build/rl_driver/build/lib/rl_driver/ros2_env.py -> /home/auria/src/install/rl_driver/lib/python3.8/site-packages/rl_driver\n'}
[3.705109] (rl_driver) StdoutLine: {'line': b'byte-compiling /home/auria/src/install/rl_driver/lib/python3.8/site-packages/rl_driver/ros2_env.py to ros2_env.cpython-38.pyc\n'}
[3.713261] (rl_driver) StdoutLine: {'line': b'running install_data\n'}
[3.715164] (rl_driver) StdoutLine: {'line': b'running install_egg_info\n'}
[3.721897] (rl_driver) StdoutLine: {'line': b"removing '/home/auria/src/install/rl_driver/lib/python3.8/site-packages/rl_driver-0.0.0-py3.8.egg-info' (and everything under it)\n"}
[3.723389] (rl_driver) StdoutLine: {'line': b'Copying ../build/rl_driver/rl_driver.egg-info to /home/auria/src/install/rl_driver/lib/python3.8/site-packages/rl_driver-0.0.0-py3.8.egg-info\n'}
[3.727908] (rl_driver) StdoutLine: {'line': b'running install_scripts\n'}
[3.775113] (-) TimerEvent: {}
[3.800246] (rl_driver) StdoutLine: {'line': b'Installing rl_node script to /home/auria/src/install/rl_driver/lib/rl_driver\n'}
[3.800968] (rl_driver) StdoutLine: {'line': b'Installing train script to /home/auria/src/install/rl_driver/lib/rl_driver\n'}
[3.802383] (rl_driver) StdoutLine: {'line': b"writing list of installed files to '/home/auria/src/build/rl_driver/install.log'\n"}
[3.876825] (rl_driver) CommandEnded: {'returncode': 0}
[3.884734] (-) TimerEvent: {}
[3.957306] (rl_driver) JobEnded: {'identifier': 'rl_driver', 'rc': 0}
[3.965167] (-) EventReactorShutdown: {}
