[2.582s] Invoking command in '/home/auria/src/rl_driver': PYTHONPATH=/home/auria/src/build/rl_driver/prefix_override:/home/auria/src/install/rl_driver/lib/python3.8/site-packages:${PYTHONPATH} /usr/bin/python3 setup.py egg_info --egg-base ../build/rl_driver build --build-base /home/auria/src/build/rl_driver/build install --record /home/auria/src/build/rl_driver/install.log --single-version-externally-managed
[3.569s] running egg_info
[3.570s] writing ../build/rl_driver/rl_driver.egg-info/PKG-INFO
[3.573s] writing dependency_links to ../build/rl_driver/rl_driver.egg-info/dependency_links.txt
[3.573s] writing entry points to ../build/rl_driver/rl_driver.egg-info/entry_points.txt
[3.574s] writing requirements to ../build/rl_driver/rl_driver.egg-info/requires.txt
[3.578s] writing top-level names to ../build/rl_driver/rl_driver.egg-info/top_level.txt
[3.735s] reading manifest file '../build/rl_driver/rl_driver.egg-info/SOURCES.txt'
[3.743s] writing manifest file '../build/rl_driver/rl_driver.egg-info/SOURCES.txt'
[3.752s] running build
[3.756s] running build_py
[3.761s] running install
[3.763s] running install_lib
[3.763s] running install_data
[3.764s] running install_egg_info
[3.767s] removing '/home/auria/src/install/rl_driver/lib/python3.8/site-packages/rl_driver-0.0.0-py3.8.egg-info' (and everything under it)
[3.769s] Copying ../build/rl_driver/rl_driver.egg-info to /home/auria/src/install/rl_driver/lib/python3.8/site-packages/rl_driver-0.0.0-py3.8.egg-info
[3.774s] running install_scripts
[3.852s] Installing rl_node script to /home/auria/src/install/rl_driver/lib/rl_driver
[3.852s] Installing train script to /home/auria/src/install/rl_driver/lib/rl_driver
[3.854s] writing list of installed files to '/home/auria/src/build/rl_driver/install.log'
[3.932s] Invoked command in '/home/auria/src/rl_driver' returned '0': PYTHONPATH=/home/auria/src/build/rl_driver/prefix_override:/home/auria/src/install/rl_driver/lib/python3.8/site-packages:${PYTHONPATH} /usr/bin/python3 setup.py egg_info --egg-base ../build/rl_driver build --build-base /home/auria/src/build/rl_driver/build install --record /home/auria/src/build/rl_driver/install.log --single-version-externally-managed
