-- The C compiler identification is GNU 9.4.0
-- The CXX compiler identification is GNU 9.4.0
-- Check for working C compiler: /usr/bin/cc
-- Check for working C compiler: /usr/bin/cc -- works
-- Detecting C compiler ABI info
-- Detecting C compiler ABI info - done
-- Detecting C compile features
-- Detecting C compile features - done
-- Check for working CXX compiler: /usr/bin/c++
-- Check for working CXX compiler: /usr/bin/c++ -- works
-- Detecting CXX compiler ABI info
-- Detecting CXX compiler ABI info - done
-- Detecting CXX compile features
-- Detecting CXX compile features - done
-- Found ament_cmake: 1.1.6 (/opt/ros/galactic/share/ament_cmake/cmake)
-- Found PythonInterp: /usr/bin/python3 (found suitable version "3.8.10", minimum required is "3") 
-- Using PYTHON_EXECUTABLE: /usr/bin/python3
-- Found rosidl_default_generators: 1.1.1 (/opt/ros/galactic/share/rosidl_default_generators/cmake)
-- Using single rosidl_typesupport_c: rosidl_typesupport_introspection_c
-- Found rosidl_adapter: 2.2.3 (/opt/ros/galactic/share/rosidl_adapter/cmake)
-- Using single rosidl_typesupport_cpp: rosidl_typesupport_introspection_cpp
-- Found geometry_msgs: 2.2.4 (/opt/ros/galactic/share/geometry_msgs/cmake)
-- Found PythonInterp: /usr/bin/python3 (found version "3.8.10") 
-- Using single rosidl_typesupport_c: rosidl_typesupport_introspection_c
-- Using single rosidl_typesupport_cpp: rosidl_typesupport_introspection_cpp
-- Found PythonInterp: /usr/bin/python3 (found suitable version "3.8.10", minimum required is "3.5") 
-- Found python_cmake_module: 0.8.1 (/opt/ros/galactic/share/python_cmake_module/cmake)
-- Found PythonLibs: /usr/lib/x86_64-linux-gnu/libpython3.8.so (found suitable version "3.8.10", minimum required is "3.5") 
-- Using PYTHON_EXECUTABLE: /usr/bin/python3
-- Using PYTHON_INCLUDE_DIRS: /usr/include/python3.8
-- Using PYTHON_LIBRARIES: /usr/lib/x86_64-linux-gnu/libpython3.8.so
-- Found PythonExtra: .so  
-- Configuring done
-- Generating done
-- Build files have been written to: /home/auria/src/build/auria_msgs
[35m[1mScanning dependencies of target auria_msgs__cpp[0m
[  4%] [34m[1mGenerating C code for ROS interfaces[0m
[  8%] [34m[1mGenerating C++ code for ROS interfaces[0m
[35m[1mScanning dependencies of target auria_msgs__rosidl_generator_c[0m
[  8%] Built target auria_msgs__cpp
[ 13%] [34m[1mGenerating C++ introspection for ROS interfaces[0m
[ 17%] [32mBuilding C object CMakeFiles/auria_msgs__rosidl_generator_c.dir/rosidl_generator_c/auria_msgs/msg/detail/point_array__functions.c.o[0m
[ 21%] [32m[1mLinking C shared library libauria_msgs__rosidl_generator_c.so[0m
[ 21%] Built target auria_msgs__rosidl_generator_c
[ 26%] [34m[1mGenerating C introspection for ROS interfaces[0m
[35m[1mScanning dependencies of target auria_msgs__rosidl_typesupport_introspection_cpp[0m
[ 30%] [32mBuilding CXX object CMakeFiles/auria_msgs__rosidl_typesupport_introspection_cpp.dir/rosidl_typesupport_introspection_cpp/auria_msgs/msg/detail/point_array__type_support.cpp.o[0m
[35m[1mScanning dependencies of target auria_msgs__rosidl_typesupport_introspection_c[0m
[ 34%] [32mBuilding C object CMakeFiles/auria_msgs__rosidl_typesupport_introspection_c.dir/rosidl_typesupport_introspection_c/auria_msgs/msg/detail/point_array__type_support.c.o[0m
[ 39%] [32m[1mLinking C shared library libauria_msgs__rosidl_typesupport_introspection_c.so[0m
[ 39%] Built target auria_msgs__rosidl_typesupport_introspection_c
[ 43%] [34m[1mGenerating C type support dispatch for ROS interfaces[0m
[ 47%] [32m[1mLinking CXX shared library libauria_msgs__rosidl_typesupport_introspection_cpp.so[0m
[35m[1mScanning dependencies of target auria_msgs__rosidl_typesupport_c[0m
[ 52%] [32mBuilding CXX object CMakeFiles/auria_msgs__rosidl_typesupport_c.dir/rosidl_typesupport_c/auria_msgs/msg/point_array__type_support.cpp.o[0m
[ 56%] [32m[1mLinking CXX shared library libauria_msgs__rosidl_typesupport_c.so[0m
[ 56%] Built target auria_msgs__rosidl_typesupport_introspection_cpp
[ 60%] [34m[1mGenerating C++ type support dispatch for ROS interfaces[0m
[ 60%] Built target auria_msgs__rosidl_typesupport_c
[35m[1mScanning dependencies of target auria_msgs__rosidl_typesupport_cpp[0m
[ 65%] [32mBuilding CXX object CMakeFiles/auria_msgs__rosidl_typesupport_cpp.dir/rosidl_typesupport_cpp/auria_msgs/msg/point_array__type_support.cpp.o[0m
[ 69%] [32m[1mLinking CXX shared library libauria_msgs__rosidl_typesupport_cpp.so[0m
[ 69%] Built target auria_msgs__rosidl_typesupport_cpp
[35m[1mScanning dependencies of target auria_msgs[0m
[ 69%] Built target auria_msgs
[35m[1mScanning dependencies of target auria_msgs__py[0m
[ 73%] [34m[1mGenerating Python code for ROS interfaces[0m
[ 73%] Built target auria_msgs__py
[35m[1mScanning dependencies of target auria_msgs__python[0m
[ 78%] [32mBuilding C object CMakeFiles/auria_msgs__python.dir/rosidl_generator_py/auria_msgs/msg/_point_array_s.c.o[0m
[ 82%] [32m[1mLinking C shared library rosidl_generator_py/auria_msgs/libauria_msgs__python.so[0m
[ 82%] Built target auria_msgs__python
[35m[1mScanning dependencies of target auria_msgs__rosidl_typesupport_c__pyext[0m
[35m[1mScanning dependencies of target auria_msgs__rosidl_typesupport_introspection_c__pyext[0m
[ 86%] [32mBuilding C object CMakeFiles/auria_msgs__rosidl_typesupport_c__pyext.dir/rosidl_generator_py/auria_msgs/_auria_msgs_s.ep.rosidl_typesupport_c.c.o[0m
[ 91%] [32mBuilding C object CMakeFiles/auria_msgs__rosidl_typesupport_introspection_c__pyext.dir/rosidl_generator_py/auria_msgs/_auria_msgs_s.ep.rosidl_typesupport_introspection_c.c.o[0m
[ 95%] [32m[1mLinking C shared library rosidl_generator_py/auria_msgs/auria_msgs_s__rosidl_typesupport_c.cpython-38-x86_64-linux-gnu.so[0m
[100%] [32m[1mLinking C shared library rosidl_generator_py/auria_msgs/auria_msgs_s__rosidl_typesupport_introspection_c.cpython-38-x86_64-linux-gnu.so[0m
[100%] Built target auria_msgs__rosidl_typesupport_introspection_c__pyext
[100%] Built target auria_msgs__rosidl_typesupport_c__pyext
-- Install configuration: ""
-- Installing: /home/auria/src/install/auria_msgs/share/ament_index/resource_index/rosidl_interfaces/auria_msgs
-- Installing: /home/auria/src/install/auria_msgs/include/auria_msgs
-- Installing: /home/auria/src/install/auria_msgs/include/auria_msgs/msg
-- Installing: /home/auria/src/install/auria_msgs/include/auria_msgs/msg/point_array.h
-- Installing: /home/auria/src/install/auria_msgs/include/auria_msgs/msg/rosidl_generator_c__visibility_control.h
-- Installing: /home/auria/src/install/auria_msgs/include/auria_msgs/msg/detail
-- Installing: /home/auria/src/install/auria_msgs/include/auria_msgs/msg/detail/point_array__struct.h
-- Installing: /home/auria/src/install/auria_msgs/include/auria_msgs/msg/detail/point_array__type_support.h
-- Installing: /home/auria/src/install/auria_msgs/include/auria_msgs/msg/detail/point_array__functions.h
-- Installing: /home/auria/src/install/auria_msgs/include/auria_msgs/msg/detail/point_array__functions.c
-- Installing: /home/auria/src/install/auria_msgs/share/auria_msgs/environment/library_path.sh
-- Installing: /home/auria/src/install/auria_msgs/share/auria_msgs/environment/library_path.dsv
-- Installing: /home/auria/src/install/auria_msgs/lib/libauria_msgs__rosidl_generator_c.so
-- Set runtime path of "/home/auria/src/install/auria_msgs/lib/libauria_msgs__rosidl_generator_c.so" to ""
-- Up-to-date: /home/auria/src/install/auria_msgs/include/auria_msgs
-- Up-to-date: /home/auria/src/install/auria_msgs/include/auria_msgs/msg
-- Installing: /home/auria/src/install/auria_msgs/include/auria_msgs/msg/rosidl_typesupport_introspection_c__visibility_control.h
-- Up-to-date: /home/auria/src/install/auria_msgs/include/auria_msgs/msg/detail
-- Installing: /home/auria/src/install/auria_msgs/include/auria_msgs/msg/detail/point_array__type_support.c
-- Installing: /home/auria/src/install/auria_msgs/include/auria_msgs/msg/detail/point_array__rosidl_typesupport_introspection_c.h
-- Installing: /home/auria/src/install/auria_msgs/lib/libauria_msgs__rosidl_typesupport_introspection_c.so
-- Set runtime path of "/home/auria/src/install/auria_msgs/lib/libauria_msgs__rosidl_typesupport_introspection_c.so" to ""
-- Installing: /home/auria/src/install/auria_msgs/lib/libauria_msgs__rosidl_typesupport_c.so
-- Set runtime path of "/home/auria/src/install/auria_msgs/lib/libauria_msgs__rosidl_typesupport_c.so" to ""
-- Up-to-date: /home/auria/src/install/auria_msgs/include/auria_msgs
-- Up-to-date: /home/auria/src/install/auria_msgs/include/auria_msgs/msg
-- Installing: /home/auria/src/install/auria_msgs/include/auria_msgs/msg/point_array.hpp
-- Up-to-date: /home/auria/src/install/auria_msgs/include/auria_msgs/msg/detail
-- Installing: /home/auria/src/install/auria_msgs/include/auria_msgs/msg/detail/point_array__struct.hpp
-- Installing: /home/auria/src/install/auria_msgs/include/auria_msgs/msg/detail/point_array__builder.hpp
-- Installing: /home/auria/src/install/auria_msgs/include/auria_msgs/msg/detail/point_array__traits.hpp
-- Up-to-date: /home/auria/src/install/auria_msgs/include/auria_msgs
-- Up-to-date: /home/auria/src/install/auria_msgs/include/auria_msgs/msg
-- Up-to-date: /home/auria/src/install/auria_msgs/include/auria_msgs/msg/detail
-- Installing: /home/auria/src/install/auria_msgs/include/auria_msgs/msg/detail/point_array__rosidl_typesupport_introspection_cpp.hpp
-- Installing: /home/auria/src/install/auria_msgs/include/auria_msgs/msg/detail/point_array__type_support.cpp
-- Installing: /home/auria/src/install/auria_msgs/lib/libauria_msgs__rosidl_typesupport_introspection_cpp.so
-- Set runtime path of "/home/auria/src/install/auria_msgs/lib/libauria_msgs__rosidl_typesupport_introspection_cpp.so" to ""
-- Installing: /home/auria/src/install/auria_msgs/lib/libauria_msgs__rosidl_typesupport_cpp.so
-- Set runtime path of "/home/auria/src/install/auria_msgs/lib/libauria_msgs__rosidl_typesupport_cpp.so" to ""
-- Installing: /home/auria/src/install/auria_msgs/share/auria_msgs/environment/pythonpath.sh
-- Installing: /home/auria/src/install/auria_msgs/share/auria_msgs/environment/pythonpath.dsv
-- Installing: /home/auria/src/install/auria_msgs/lib/python3.8/site-packages/auria_msgs/__init__.py
Compiling '/home/auria/src/install/auria_msgs/lib/python3.8/site-packages/auria_msgs/__init__.py'...
-- Installing: /home/auria/src/install/auria_msgs/lib/python3.8/site-packages/auria_msgs/msg
-- Installing: /home/auria/src/install/auria_msgs/lib/python3.8/site-packages/auria_msgs/msg/_point_array_s.c
-- Installing: /home/auria/src/install/auria_msgs/lib/python3.8/site-packages/auria_msgs/msg/__init__.py
-- Installing: /home/auria/src/install/auria_msgs/lib/python3.8/site-packages/auria_msgs/msg/_point_array.py
-- Installing: /home/auria/src/install/auria_msgs/lib/python3.8/site-packages/auria_msgs/auria_msgs_s__rosidl_typesupport_introspection_c.cpython-38-x86_64-linux-gnu.so
-- Set runtime path of "/home/auria/src/install/auria_msgs/lib/python3.8/site-packages/auria_msgs/auria_msgs_s__rosidl_typesupport_introspection_c.cpython-38-x86_64-linux-gnu.so" to ""
-- Installing: /home/auria/src/install/auria_msgs/lib/python3.8/site-packages/auria_msgs/auria_msgs_s__rosidl_typesupport_c.cpython-38-x86_64-linux-gnu.so
-- Set runtime path of "/home/auria/src/install/auria_msgs/lib/python3.8/site-packages/auria_msgs/auria_msgs_s__rosidl_typesupport_c.cpython-38-x86_64-linux-gnu.so" to ""
-- Installing: /home/auria/src/install/auria_msgs/lib/libauria_msgs__python.so
-- Set runtime path of "/home/auria/src/install/auria_msgs/lib/libauria_msgs__python.so" to ""
-- Installing: /home/auria/src/install/auria_msgs/share/auria_msgs/msg/PointArray.idl
-- Installing: /home/auria/src/install/auria_msgs/share/auria_msgs/msg/PointArray.msg
-- Installing: /home/auria/src/install/auria_msgs/share/ament_index/resource_index/package_run_dependencies/auria_msgs
-- Installing: /home/auria/src/install/auria_msgs/share/ament_index/resource_index/parent_prefix_path/auria_msgs
-- Installing: /home/auria/src/install/auria_msgs/share/auria_msgs/environment/ament_prefix_path.sh
-- Installing: /home/auria/src/install/auria_msgs/share/auria_msgs/environment/ament_prefix_path.dsv
-- Installing: /home/auria/src/install/auria_msgs/share/auria_msgs/environment/path.sh
-- Installing: /home/auria/src/install/auria_msgs/share/auria_msgs/environment/path.dsv
-- Installing: /home/auria/src/install/auria_msgs/share/auria_msgs/local_setup.bash
-- Installing: /home/auria/src/install/auria_msgs/share/auria_msgs/local_setup.sh
-- Installing: /home/auria/src/install/auria_msgs/share/auria_msgs/local_setup.zsh
-- Installing: /home/auria/src/install/auria_msgs/share/auria_msgs/local_setup.dsv
-- Installing: /home/auria/src/install/auria_msgs/share/auria_msgs/package.dsv
-- Installing: /home/auria/src/install/auria_msgs/share/ament_index/resource_index/packages/auria_msgs
-- Installing: /home/auria/src/install/auria_msgs/share/auria_msgs/cmake/auria_msgs__rosidl_generator_cExport.cmake
-- Installing: /home/auria/src/install/auria_msgs/share/auria_msgs/cmake/auria_msgs__rosidl_generator_cExport-noconfig.cmake
-- Installing: /home/auria/src/install/auria_msgs/share/auria_msgs/cmake/auria_msgs__rosidl_typesupport_introspection_cExport.cmake
-- Installing: /home/auria/src/install/auria_msgs/share/auria_msgs/cmake/auria_msgs__rosidl_typesupport_introspection_cExport-noconfig.cmake
-- Installing: /home/auria/src/install/auria_msgs/share/auria_msgs/cmake/auria_msgs__rosidl_typesupport_cExport.cmake
-- Installing: /home/auria/src/install/auria_msgs/share/auria_msgs/cmake/auria_msgs__rosidl_typesupport_cExport-noconfig.cmake
-- Installing: /home/auria/src/install/auria_msgs/share/auria_msgs/cmake/auria_msgs__rosidl_generator_cppExport.cmake
-- Installing: /home/auria/src/install/auria_msgs/share/auria_msgs/cmake/auria_msgs__rosidl_typesupport_introspection_cppExport.cmake
-- Installing: /home/auria/src/install/auria_msgs/share/auria_msgs/cmake/auria_msgs__rosidl_typesupport_introspection_cppExport-noconfig.cmake
-- Installing: /home/auria/src/install/auria_msgs/share/auria_msgs/cmake/auria_msgs__rosidl_typesupport_cppExport.cmake
-- Installing: /home/auria/src/install/auria_msgs/share/auria_msgs/cmake/auria_msgs__rosidl_typesupport_cppExport-noconfig.cmake
-- Installing: /home/auria/src/install/auria_msgs/share/auria_msgs/cmake/rosidl_cmake-extras.cmake
-- Installing: /home/auria/src/install/auria_msgs/share/auria_msgs/cmake/ament_cmake_export_dependencies-extras.cmake
-- Installing: /home/auria/src/install/auria_msgs/share/auria_msgs/cmake/ament_cmake_export_libraries-extras.cmake
-- Installing: /home/auria/src/install/auria_msgs/share/auria_msgs/cmake/ament_cmake_export_targets-extras.cmake
-- Installing: /home/auria/src/install/auria_msgs/share/auria_msgs/cmake/ament_cmake_export_include_directories-extras.cmake
-- Installing: /home/auria/src/install/auria_msgs/share/auria_msgs/cmake/rosidl_cmake_export_typesupport_targets-extras.cmake
-- Installing: /home/auria/src/install/auria_msgs/share/auria_msgs/cmake/auria_msgsConfig.cmake
-- Installing: /home/auria/src/install/auria_msgs/share/auria_msgs/cmake/auria_msgsConfig-version.cmake
-- Installing: /home/auria/src/install/auria_msgs/share/auria_msgs/package.xml
