[0.000000] (-) TimerEvent: {}
[0.006557] (-) JobUnselected: {'identifier': 'auria_msgs'}
[0.006746] (-) JobUnselected: {'identifier': 'environment'}
[0.006850] (rl_driver) JobQueued: {'identifier': 'rl_driver', 'dependencies': OrderedDict()}
[0.006944] (rl_driver) JobStarted: {'identifier': 'rl_driver'}
[0.096996] (-) TimerEvent: {}
[0.204025] (-) TimerEvent: {}
[0.304637] (-) TimerEvent: {}
[0.405224] (-) TimerEvent: {}
[0.506561] (-) TimerEvent: {}
[0.607657] (-) TimerEvent: {}
[0.712564] (-) TimerEvent: {}
[0.813139] (-) TimerEvent: {}
[0.913765] (-) TimerEvent: {}
[1.017591] (-) TimerEvent: {}
[1.118691] (-) TimerEvent: {}
[1.220208] (-) TimerEvent: {}
[1.324944] (-) TimerEvent: {}
[1.425531] (-) TimerEvent: {}
[1.526103] (-) TimerEvent: {}
[1.626718] (-) TimerEvent: {}
[1.728240] (-) TimerEvent: {}
[1.830541] (-) TimerEvent: {}
[1.931127] (-) TimerEvent: {}
[2.032092] (-) TimerEvent: {}
[2.133992] (-) TimerEvent: {}
[2.234915] (-) TimerEvent: {}
[2.336994] (-) TimerEvent: {}
[2.372667] (rl_driver) Command: {'cmd': ['/usr/bin/python3', 'setup.py', 'egg_info', '--egg-base', '../build/rl_driver', 'build', '--build-base', '/home/auria/src/build/rl_driver/build', 'install', '--record', '/home/auria/src/build/rl_driver/install.log', '--single-version-externally-managed'], 'cwd': '/home/auria/src/rl_driver', 'env': {'HOSTNAME': 'Ventupentu-portatil', 'SHLVL': '1', 'LIBGL_ALWAYS_SOFTWARE': '1', 'LD_LIBRARY_PATH': '/home/auria/src/install/auria_msgs/lib:/opt/ros/galactic/opt/yaml_cpp_vendor/lib:/opt/ros/galactic/lib/x86_64-linux-gnu:/opt/ros/galactic/lib', 'HOME': '/home/auria', 'OLDPWD': '/home/auria', 'ROS_PYTHON_VERSION': '3', 'QT_QPA_PLATFORM_PLUGIN_PATH': '/usr/lib/x86_64-linux-gnu/qt5/plugins/platforms', 'COLCON_PREFIX_PATH': '/home/auria/src/install', 'ROS_DISTRO': 'galactic', '_': '/usr/bin/colcon', 'ROS_VERSION': '2', 'TERM': 'xterm', 'ROS_LOCALHOST_ONLY': '0', 'QT_X11_NO_MITSHM': '1', 'PATH': '/opt/ros/galactic/bin:/usr/local/sbin:/usr/local/bin:/usr/sbin:/usr/bin:/sbin:/bin', 'DISPLAY': ':0', 'LANG': 'C.UTF-8', 'AMENT_PREFIX_PATH': '/home/auria/src/install/rl_driver:/home/auria/src/install/environment:/home/auria/src/install/auria_msgs:/opt/ros/galactic', 'PWD': '/home/auria/src/build/rl_driver', 'LC_ALL': 'C.UTF-8', 'PYTHONPATH': '/home/auria/src/build/rl_driver/prefix_override:/home/auria/src/install/rl_driver/lib/python3.8/site-packages:/home/auria/src/install/rl_driver/lib/python3.8/site-packages:/home/auria/src/install/environment/lib/python3.8/site-packages:/home/auria/src/install/auria_msgs/lib/python3.8/site-packages:/opt/ros/galactic/lib/python3.8/site-packages', 'COLCON': '1', 'CMAKE_PREFIX_PATH': '/home/auria/src/install/auria_msgs'}, 'shell': False}
[2.437620] (-) TimerEvent: {}
[2.540536] (-) TimerEvent: {}
[2.641097] (-) TimerEvent: {}
[2.741689] (-) TimerEvent: {}
[2.844542] (-) TimerEvent: {}
[2.945123] (-) TimerEvent: {}
[3.045750] (-) TimerEvent: {}
[3.146311] (-) TimerEvent: {}
[3.210976] (rl_driver) StdoutLine: {'line': b'running egg_info\n'}
[3.213229] (rl_driver) StdoutLine: {'line': b'writing ../build/rl_driver/rl_driver.egg-info/PKG-INFO\n'}
[3.215992] (rl_driver) StdoutLine: {'line': b'writing dependency_links to ../build/rl_driver/rl_driver.egg-info/dependency_links.txt\n'}
[3.216343] (rl_driver) StdoutLine: {'line': b'writing entry points to ../build/rl_driver/rl_driver.egg-info/entry_points.txt\n'}
[3.216661] (rl_driver) StdoutLine: {'line': b'writing requirements to ../build/rl_driver/rl_driver.egg-info/requires.txt\n'}
[3.216937] (rl_driver) StdoutLine: {'line': b'writing top-level names to ../build/rl_driver/rl_driver.egg-info/top_level.txt\n'}
[3.246477] (-) TimerEvent: {}
[3.347213] (-) TimerEvent: {}
[3.354359] (rl_driver) StdoutLine: {'line': b"reading manifest file '../build/rl_driver/rl_driver.egg-info/SOURCES.txt'\n"}
[3.358521] (rl_driver) StdoutLine: {'line': b"writing manifest file '../build/rl_driver/rl_driver.egg-info/SOURCES.txt'\n"}
[3.359595] (rl_driver) StdoutLine: {'line': b'running build\n'}
[3.360352] (rl_driver) StdoutLine: {'line': b'running build_py\n'}
[3.360692] (rl_driver) StdoutLine: {'line': b'copying rl_driver/ros2_env.py -> /home/auria/src/build/rl_driver/build/lib/rl_driver\n'}
[3.361861] (rl_driver) StdoutLine: {'line': b'running install\n'}
[3.364637] (rl_driver) StdoutLine: {'line': b'running install_lib\n'}
[3.369044] (rl_driver) StdoutLine: {'line': b'copying /home/auria/src/build/rl_driver/build/lib/rl_driver/ros2_env.py -> /home/auria/src/install/rl_driver/lib/python3.8/site-packages/rl_driver\n'}
[3.371791] (rl_driver) StdoutLine: {'line': b'byte-compiling /home/auria/src/install/rl_driver/lib/python3.8/site-packages/rl_driver/ros2_env.py to ros2_env.cpython-38.pyc\n'}
[3.379636] (rl_driver) StdoutLine: {'line': b'running install_data\n'}
[3.385375] (rl_driver) StdoutLine: {'line': b'running install_egg_info\n'}
[3.392541] (rl_driver) StdoutLine: {'line': b"removing '/home/auria/src/install/rl_driver/lib/python3.8/site-packages/rl_driver-0.0.0-py3.8.egg-info' (and everything under it)\n"}
[3.393123] (rl_driver) StdoutLine: {'line': b'Copying ../build/rl_driver/rl_driver.egg-info to /home/auria/src/install/rl_driver/lib/python3.8/site-packages/rl_driver-0.0.0-py3.8.egg-info\n'}
[3.393466] (rl_driver) StdoutLine: {'line': b'running install_scripts\n'}
[3.449567] (-) TimerEvent: {}
[3.459854] (rl_driver) StdoutLine: {'line': b'Installing rl_node script to /home/auria/src/install/rl_driver/lib/rl_driver\n'}
[3.460686] (rl_driver) StdoutLine: {'line': b'Installing train script to /home/auria/src/install/rl_driver/lib/rl_driver\n'}
[3.462092] (rl_driver) StdoutLine: {'line': b"writing list of installed files to '/home/auria/src/build/rl_driver/install.log'\n"}
[3.536833] (rl_driver) CommandEnded: {'returncode': 0}
[3.549694] (-) TimerEvent: {}
[3.615169] (rl_driver) JobEnded: {'identifier': 'rl_driver', 'rc': 0}
[3.618275] (-) EventReactorShutdown: {}
