[0.565s] DEBUG:colcon:Command line arguments: ['/usr/bin/colcon', 'build']
[0.565s] DEBUG:colcon:Parsed command line arguments: Namespace(allow_overriding=[], ament_cmake_args=None, base_paths=['.'], build_base='build', catkin_cmake_args=None, catkin_skip_building_tests=False, cmake_args=None, cmake_clean_cache=False, cmake_clean_first=False, cmake_force_configure=False, cmake_target=None, cmake_target_skip_unavailable=False, continue_on_error=False, event_handlers=None, executor='parallel', ignore_user_meta=False, install_base='install', log_base=None, log_level=None, main=<bound method BuildVerb.main of <colcon_core.verb.build.BuildVerb object at 0x7a95dcb1f730>>, merge_install=False, metas=['./colcon.meta'], packages_above=None, packages_above_and_dependencies=None, packages_above_depth=None, packages_end=None, packages_ignore=None, packages_ignore_regex=None, packages_select=None, packages_select_build_failed=False, packages_select_by_dep=None, packages_select_regex=None, packages_select_test_failures=False, packages_skip=None, packages_skip_build_finished=False, packages_skip_by_dep=None, packages_skip_regex=None, packages_skip_test_passed=False, packages_skip_up_to=None, packages_start=None, packages_up_to=None, packages_up_to_regex=None, parallel_workers=4, paths=None, symlink_install=False, test_result_base=None, verb_extension=<colcon_core.verb.build.BuildVerb object at 0x7a95dcb1f730>, verb_name='build', verb_parser=<colcon_defaults.argument_parser.defaults.DefaultArgumentsDecorator object at 0x7a95dcb1fc70>)
[0.662s] Level 1:colcon.colcon_core.package_discovery:discover_packages(colcon_meta) check parameters
[0.663s] Level 1:colcon.colcon_core.package_discovery:discover_packages(recursive) check parameters
[0.663s] Level 1:colcon.colcon_core.package_discovery:discover_packages(ignore) check parameters
[0.663s] Level 1:colcon.colcon_core.package_discovery:discover_packages(path) check parameters
[0.663s] Level 1:colcon.colcon_core.package_discovery:discover_packages(colcon_meta) discover
[0.664s] Level 1:colcon.colcon_core.package_discovery:discover_packages(recursive) discover
[0.664s] INFO:colcon.colcon_core.package_discovery:Crawling recursively for packages in '/home/auria/src'
[0.664s] Level 1:colcon.colcon_core.package_identification:_identify(.) by extensions ['ignore', 'ignore_ament_install']
[0.665s] Level 1:colcon.colcon_core.package_identification:_identify(.) by extension 'ignore'
[0.665s] Level 1:colcon.colcon_core.package_identification:_identify(.) by extension 'ignore_ament_install'
[0.665s] Level 1:colcon.colcon_core.package_identification:_identify(.) by extensions ['colcon_pkg']
[0.665s] Level 1:colcon.colcon_core.package_identification:_identify(.) by extension 'colcon_pkg'
[0.665s] Level 1:colcon.colcon_core.package_identification:_identify(.) by extensions ['colcon_meta']
[0.665s] Level 1:colcon.colcon_core.package_identification:_identify(.) by extension 'colcon_meta'
[0.666s] Level 1:colcon.colcon_core.package_identification:_identify(.) by extensions ['ros']
[0.666s] Level 1:colcon.colcon_core.package_identification:_identify(.) by extension 'ros'
[0.711s] Level 1:colcon.colcon_core.package_identification:_identify(.) by extensions ['cmake', 'python']
[0.711s] Level 1:colcon.colcon_core.package_identification:_identify(.) by extension 'cmake'
[0.711s] Level 1:colcon.colcon_core.package_identification:_identify(.) by extension 'python'
[0.711s] Level 1:colcon.colcon_core.package_identification:_identify(.) by extensions ['python_setup_py']
[0.712s] Level 1:colcon.colcon_core.package_identification:_identify(.) by extension 'python_setup_py'
[0.712s] Level 1:colcon.colcon_core.package_identification:_identify(auria_msgs) by extensions ['ignore', 'ignore_ament_install']
[0.712s] Level 1:colcon.colcon_core.package_identification:_identify(auria_msgs) by extension 'ignore'
[0.713s] Level 1:colcon.colcon_core.package_identification:_identify(auria_msgs) by extension 'ignore_ament_install'
[0.713s] Level 1:colcon.colcon_core.package_identification:_identify(auria_msgs) by extensions ['colcon_pkg']
[0.713s] Level 1:colcon.colcon_core.package_identification:_identify(auria_msgs) by extension 'colcon_pkg'
[0.713s] Level 1:colcon.colcon_core.package_identification:_identify(auria_msgs) by extensions ['colcon_meta']
[0.713s] Level 1:colcon.colcon_core.package_identification:_identify(auria_msgs) by extension 'colcon_meta'
[0.714s] Level 1:colcon.colcon_core.package_identification:_identify(auria_msgs) by extensions ['ros']
[0.714s] Level 1:colcon.colcon_core.package_identification:_identify(auria_msgs) by extension 'ros'
[0.723s] DEBUG:colcon.colcon_core.package_identification:Package 'auria_msgs' with type 'ros.ament_cmake' and name 'auria_msgs'
[0.723s] Level 1:colcon.colcon_core.package_identification:_identify(build) by extensions ['ignore', 'ignore_ament_install']
[0.724s] Level 1:colcon.colcon_core.package_identification:_identify(build) by extension 'ignore'
[0.724s] Level 1:colcon.colcon_core.package_identification:_identify(build) ignored
[0.724s] Level 1:colcon.colcon_core.package_identification:_identify(environment) by extensions ['ignore', 'ignore_ament_install']
[0.725s] Level 1:colcon.colcon_core.package_identification:_identify(environment) by extension 'ignore'
[0.725s] Level 1:colcon.colcon_core.package_identification:_identify(environment) by extension 'ignore_ament_install'
[0.725s] Level 1:colcon.colcon_core.package_identification:_identify(environment) by extensions ['colcon_pkg']
[0.725s] Level 1:colcon.colcon_core.package_identification:_identify(environment) by extension 'colcon_pkg'
[0.726s] Level 1:colcon.colcon_core.package_identification:_identify(environment) by extensions ['colcon_meta']
[0.726s] Level 1:colcon.colcon_core.package_identification:_identify(environment) by extension 'colcon_meta'
[0.726s] Level 1:colcon.colcon_core.package_identification:_identify(environment) by extensions ['ros']
[0.726s] Level 1:colcon.colcon_core.package_identification:_identify(environment) by extension 'ros'
[0.728s] DEBUG:colcon.colcon_core.package_identification:Package 'environment' with type 'ros.ament_python' and name 'environment'
[0.728s] Level 1:colcon.colcon_core.package_identification:_identify(install) by extensions ['ignore', 'ignore_ament_install']
[0.729s] Level 1:colcon.colcon_core.package_identification:_identify(install) by extension 'ignore'
[0.729s] Level 1:colcon.colcon_core.package_identification:_identify(install) ignored
[0.729s] Level 1:colcon.colcon_core.package_identification:_identify(log) by extensions ['ignore', 'ignore_ament_install']
[0.730s] Level 1:colcon.colcon_core.package_identification:_identify(log) by extension 'ignore'
[0.730s] Level 1:colcon.colcon_core.package_identification:_identify(log) ignored
[0.730s] Level 1:colcon.colcon_core.package_identification:_identify(rl_driver) by extensions ['ignore', 'ignore_ament_install']
[0.731s] Level 1:colcon.colcon_core.package_identification:_identify(rl_driver) by extension 'ignore'
[0.731s] Level 1:colcon.colcon_core.package_identification:_identify(rl_driver) by extension 'ignore_ament_install'
[0.731s] Level 1:colcon.colcon_core.package_identification:_identify(rl_driver) by extensions ['colcon_pkg']
[0.731s] Level 1:colcon.colcon_core.package_identification:_identify(rl_driver) by extension 'colcon_pkg'
[0.731s] Level 1:colcon.colcon_core.package_identification:_identify(rl_driver) by extensions ['colcon_meta']
[0.732s] Level 1:colcon.colcon_core.package_identification:_identify(rl_driver) by extension 'colcon_meta'
[0.732s] Level 1:colcon.colcon_core.package_identification:_identify(rl_driver) by extensions ['ros']
[0.732s] Level 1:colcon.colcon_core.package_identification:_identify(rl_driver) by extension 'ros'
[0.734s] DEBUG:colcon.colcon_core.package_identification:Package 'rl_driver' with type 'ros.ament_python' and name 'rl_driver'
[0.735s] Level 1:colcon.colcon_core.package_discovery:discover_packages(recursive) using defaults
[0.735s] Level 1:colcon.colcon_core.package_discovery:discover_packages(ignore) discover
[0.735s] Level 1:colcon.colcon_core.package_discovery:discover_packages(ignore) using defaults
[0.735s] Level 1:colcon.colcon_core.package_discovery:discover_packages(path) discover
[0.735s] Level 1:colcon.colcon_core.package_discovery:discover_packages(path) using defaults
[0.834s] Level 1:colcon.colcon_core.package_discovery:discover_packages(prefix_path) check parameters
[0.834s] Level 1:colcon.colcon_core.package_discovery:discover_packages(prefix_path) discover
[0.840s] Level 1:colcon.colcon_core.package_discovery:discover_packages(prefix_path) using defaults
[0.846s] Level 5:colcon.colcon_core.verb:set package 'auria_msgs' build argument 'cmake_args' from command line to 'None'
[0.846s] Level 5:colcon.colcon_core.verb:set package 'auria_msgs' build argument 'cmake_target' from command line to 'None'
[0.846s] Level 5:colcon.colcon_core.verb:set package 'auria_msgs' build argument 'cmake_target_skip_unavailable' from command line to 'False'
[0.846s] Level 5:colcon.colcon_core.verb:set package 'auria_msgs' build argument 'cmake_clean_cache' from command line to 'False'
[0.847s] Level 5:colcon.colcon_core.verb:set package 'auria_msgs' build argument 'cmake_clean_first' from command line to 'False'
[0.847s] Level 5:colcon.colcon_core.verb:set package 'auria_msgs' build argument 'cmake_force_configure' from command line to 'False'
[0.847s] Level 5:colcon.colcon_core.verb:set package 'auria_msgs' build argument 'ament_cmake_args' from command line to 'None'
[0.847s] Level 5:colcon.colcon_core.verb:set package 'auria_msgs' build argument 'catkin_cmake_args' from command line to 'None'
[0.847s] Level 5:colcon.colcon_core.verb:set package 'auria_msgs' build argument 'catkin_skip_building_tests' from command line to 'False'
[0.847s] DEBUG:colcon.colcon_core.verb:Building package 'auria_msgs' with the following arguments: {'ament_cmake_args': None, 'build_base': '/home/auria/src/build/auria_msgs', 'catkin_cmake_args': None, 'catkin_skip_building_tests': False, 'cmake_args': None, 'cmake_clean_cache': False, 'cmake_clean_first': False, 'cmake_force_configure': False, 'cmake_target': None, 'cmake_target_skip_unavailable': False, 'install_base': '/home/auria/src/install/auria_msgs', 'merge_install': False, 'path': '/home/auria/src/auria_msgs', 'symlink_install': False, 'test_result_base': None}
[0.850s] Level 5:colcon.colcon_core.verb:set package 'rl_driver' build argument 'cmake_args' from command line to 'None'
[0.851s] Level 5:colcon.colcon_core.verb:set package 'rl_driver' build argument 'cmake_target' from command line to 'None'
[0.851s] Level 5:colcon.colcon_core.verb:set package 'rl_driver' build argument 'cmake_target_skip_unavailable' from command line to 'False'
[0.851s] Level 5:colcon.colcon_core.verb:set package 'rl_driver' build argument 'cmake_clean_cache' from command line to 'False'
[0.851s] Level 5:colcon.colcon_core.verb:set package 'rl_driver' build argument 'cmake_clean_first' from command line to 'False'
[0.851s] Level 5:colcon.colcon_core.verb:set package 'rl_driver' build argument 'cmake_force_configure' from command line to 'False'
[0.851s] Level 5:colcon.colcon_core.verb:set package 'rl_driver' build argument 'ament_cmake_args' from command line to 'None'
[0.851s] Level 5:colcon.colcon_core.verb:set package 'rl_driver' build argument 'catkin_cmake_args' from command line to 'None'
[0.851s] Level 5:colcon.colcon_core.verb:set package 'rl_driver' build argument 'catkin_skip_building_tests' from command line to 'False'
[0.852s] DEBUG:colcon.colcon_core.verb:Building package 'rl_driver' with the following arguments: {'ament_cmake_args': None, 'build_base': '/home/auria/src/build/rl_driver', 'catkin_cmake_args': None, 'catkin_skip_building_tests': False, 'cmake_args': None, 'cmake_clean_cache': False, 'cmake_clean_first': False, 'cmake_force_configure': False, 'cmake_target': None, 'cmake_target_skip_unavailable': False, 'install_base': '/home/auria/src/install/rl_driver', 'merge_install': False, 'path': '/home/auria/src/rl_driver', 'symlink_install': False, 'test_result_base': None}
[0.855s] Level 5:colcon.colcon_core.verb:set package 'environment' build argument 'cmake_args' from command line to 'None'
[0.855s] Level 5:colcon.colcon_core.verb:set package 'environment' build argument 'cmake_target' from command line to 'None'
[0.855s] Level 5:colcon.colcon_core.verb:set package 'environment' build argument 'cmake_target_skip_unavailable' from command line to 'False'
[0.855s] Level 5:colcon.colcon_core.verb:set package 'environment' build argument 'cmake_clean_cache' from command line to 'False'
[0.855s] Level 5:colcon.colcon_core.verb:set package 'environment' build argument 'cmake_clean_first' from command line to 'False'
[0.855s] Level 5:colcon.colcon_core.verb:set package 'environment' build argument 'cmake_force_configure' from command line to 'False'
[0.855s] Level 5:colcon.colcon_core.verb:set package 'environment' build argument 'ament_cmake_args' from command line to 'None'
[0.856s] Level 5:colcon.colcon_core.verb:set package 'environment' build argument 'catkin_cmake_args' from command line to 'None'
[0.856s] Level 5:colcon.colcon_core.verb:set package 'environment' build argument 'catkin_skip_building_tests' from command line to 'False'
[0.856s] DEBUG:colcon.colcon_core.verb:Building package 'environment' with the following arguments: {'ament_cmake_args': None, 'build_base': '/home/auria/src/build/environment', 'catkin_cmake_args': None, 'catkin_skip_building_tests': False, 'cmake_args': None, 'cmake_clean_cache': False, 'cmake_clean_first': False, 'cmake_force_configure': False, 'cmake_target': None, 'cmake_target_skip_unavailable': False, 'install_base': '/home/auria/src/install/environment', 'merge_install': False, 'path': '/home/auria/src/environment', 'symlink_install': False, 'test_result_base': None}
[0.858s] INFO:colcon.colcon_core.executor:Executing jobs using 'parallel' executor
[0.872s] DEBUG:colcon.colcon_parallel_executor.executor.parallel:run_until_complete
[0.873s] INFO:colcon.colcon_ros.task.ament_cmake.build:Building ROS package in '/home/auria/src/auria_msgs' with build type 'ament_cmake'
[0.874s] INFO:colcon.colcon_cmake.task.cmake.build:Building CMake package in '/home/auria/src/auria_msgs'
[0.891s] INFO:colcon.colcon_core.plugin_system:Skipping extension 'colcon_core.shell.bat': Not used on non-Windows systems
[0.892s] INFO:colcon.colcon_core.shell:Skip shell extension 'powershell' for command environment: Not usable outside of PowerShell
[0.892s] DEBUG:colcon.colcon_core.shell:Skip shell extension 'dsv' for command environment
[0.910s] INFO:colcon.colcon_ros.task.ament_python.build:Building ROS package in '/home/auria/src/rl_driver' with build type 'ament_python'
[0.915s] Level 1:colcon.colcon_core.shell:create_environment_hook('rl_driver', 'ament_prefix_path')
[0.923s] INFO:colcon.colcon_core.shell:Creating environment hook '/home/auria/src/install/rl_driver/share/rl_driver/hook/ament_prefix_path.ps1'
[0.926s] INFO:colcon.colcon_core.shell:Creating environment descriptor '/home/auria/src/install/rl_driver/share/rl_driver/hook/ament_prefix_path.dsv'
[0.928s] INFO:colcon.colcon_core.shell:Creating environment hook '/home/auria/src/install/rl_driver/share/rl_driver/hook/ament_prefix_path.sh'
[0.935s] INFO:colcon.colcon_core.shell:Skip shell extension 'powershell' for command environment: Not usable outside of PowerShell
[0.935s] DEBUG:colcon.colcon_core.shell:Skip shell extension 'dsv' for command environment
[0.988s] DEBUG:colcon.colcon_core.event_handler.log_command:Invoking command in '/home/auria/src/build/auria_msgs': /usr/bin/cmake --build /home/auria/src/build/auria_msgs -- -j4 -l4
[1.892s] INFO:colcon.colcon_core.task.python.build:Building Python package in '/home/auria/src/rl_driver'
[1.904s] INFO:colcon.colcon_core.shell:Skip shell extension 'powershell' for command environment: Not usable outside of PowerShell
[1.905s] DEBUG:colcon.colcon_core.shell:Skip shell extension 'dsv' for command environment
[2.206s] DEBUG:colcon.colcon_core.event_handler.log_command:Invoked command in '/home/auria/src/build/auria_msgs' returned '0': /usr/bin/cmake --build /home/auria/src/build/auria_msgs -- -j4 -l4
[2.491s] DEBUG:colcon.colcon_core.event_handler.log_command:Invoking command in '/home/auria/src/build/auria_msgs': /usr/bin/cmake --install /home/auria/src/build/auria_msgs
[2.754s] Level 1:colcon.colcon_core.environment:create_environment_scripts_only(auria_msgs)
[2.762s] DEBUG:colcon.colcon_core.event_handler.log_command:Invoked command in '/home/auria/src/build/auria_msgs' returned '0': /usr/bin/cmake --install /home/auria/src/build/auria_msgs
[2.789s] Level 1:colcon.colcon_core.environment:checking '/home/auria/src/install/auria_msgs' for CMake module files
[2.796s] Level 1:colcon.colcon_core.environment:checking '/home/auria/src/install/auria_msgs' for CMake config files
[2.800s] Level 1:colcon.colcon_core.shell:create_environment_hook('auria_msgs', 'cmake_prefix_path')
[2.810s] INFO:colcon.colcon_core.shell:Creating environment hook '/home/auria/src/install/auria_msgs/share/auria_msgs/hook/cmake_prefix_path.ps1'
[2.815s] INFO:colcon.colcon_core.shell:Creating environment descriptor '/home/auria/src/install/auria_msgs/share/auria_msgs/hook/cmake_prefix_path.dsv'
[2.817s] INFO:colcon.colcon_core.shell:Creating environment hook '/home/auria/src/install/auria_msgs/share/auria_msgs/hook/cmake_prefix_path.sh'
[2.822s] Level 1:colcon.colcon_core.environment:checking '/home/auria/src/install/auria_msgs/lib'
[2.823s] Level 1:colcon.colcon_core.shell:create_environment_hook('auria_msgs', 'ld_library_path_lib')
[2.829s] INFO:colcon.colcon_core.shell:Creating environment hook '/home/auria/src/install/auria_msgs/share/auria_msgs/hook/ld_library_path_lib.ps1'
[2.831s] INFO:colcon.colcon_core.shell:Creating environment descriptor '/home/auria/src/install/auria_msgs/share/auria_msgs/hook/ld_library_path_lib.dsv'
[2.833s] INFO:colcon.colcon_core.shell:Creating environment hook '/home/auria/src/install/auria_msgs/share/auria_msgs/hook/ld_library_path_lib.sh'
[2.835s] Level 1:colcon.colcon_core.environment:checking '/home/auria/src/install/auria_msgs/bin'
[2.836s] Level 1:colcon.colcon_core.environment:checking '/home/auria/src/install/auria_msgs/lib/pkgconfig/auria_msgs.pc'
[2.837s] Level 1:colcon.colcon_core.environment:checking '/home/auria/src/install/auria_msgs/lib/python3.8/site-packages'
[2.837s] Level 1:colcon.colcon_core.shell:create_environment_hook('auria_msgs', 'pythonpath')
[2.842s] INFO:colcon.colcon_core.shell:Creating environment hook '/home/auria/src/install/auria_msgs/share/auria_msgs/hook/pythonpath.ps1'
[2.844s] INFO:colcon.colcon_core.shell:Creating environment descriptor '/home/auria/src/install/auria_msgs/share/auria_msgs/hook/pythonpath.dsv'
[2.845s] INFO:colcon.colcon_core.shell:Creating environment hook '/home/auria/src/install/auria_msgs/share/auria_msgs/hook/pythonpath.sh'
[2.849s] Level 1:colcon.colcon_core.environment:checking '/home/auria/src/install/auria_msgs/bin'
[2.855s] INFO:colcon.colcon_core.shell:Creating package script '/home/auria/src/install/auria_msgs/share/auria_msgs/package.ps1'
[2.859s] INFO:colcon.colcon_core.shell:Creating package descriptor '/home/auria/src/install/auria_msgs/share/auria_msgs/package.dsv'
[2.862s] INFO:colcon.colcon_core.shell:Creating package script '/home/auria/src/install/auria_msgs/share/auria_msgs/package.sh'
[2.866s] INFO:colcon.colcon_core.shell:Creating package script '/home/auria/src/install/auria_msgs/share/auria_msgs/package.bash'
[2.870s] INFO:colcon.colcon_core.shell:Creating package script '/home/auria/src/install/auria_msgs/share/auria_msgs/package.zsh'
[2.874s] Level 1:colcon.colcon_core.environment:create_file_with_runtime_dependencies(/home/auria/src/install/auria_msgs/share/colcon-core/packages/auria_msgs)
[3.168s] Level 1:colcon.colcon_core.environment:create_environment_scripts_only(auria_msgs)
[3.182s] Level 1:colcon.colcon_core.environment:checking '/home/auria/src/install/auria_msgs' for CMake module files
[3.188s] Level 1:colcon.colcon_core.environment:checking '/home/auria/src/install/auria_msgs' for CMake config files
[3.190s] Level 1:colcon.colcon_core.shell:create_environment_hook('auria_msgs', 'cmake_prefix_path')
[3.200s] INFO:colcon.colcon_core.shell:Creating environment hook '/home/auria/src/install/auria_msgs/share/auria_msgs/hook/cmake_prefix_path.ps1'
[3.206s] INFO:colcon.colcon_core.shell:Creating environment descriptor '/home/auria/src/install/auria_msgs/share/auria_msgs/hook/cmake_prefix_path.dsv'
[3.207s] INFO:colcon.colcon_core.shell:Creating environment hook '/home/auria/src/install/auria_msgs/share/auria_msgs/hook/cmake_prefix_path.sh'
[3.212s] Level 1:colcon.colcon_core.environment:checking '/home/auria/src/install/auria_msgs/lib'
[3.212s] Level 1:colcon.colcon_core.shell:create_environment_hook('auria_msgs', 'ld_library_path_lib')
[3.219s] INFO:colcon.colcon_core.shell:Creating environment hook '/home/auria/src/install/auria_msgs/share/auria_msgs/hook/ld_library_path_lib.ps1'
[3.221s] INFO:colcon.colcon_core.shell:Creating environment descriptor '/home/auria/src/install/auria_msgs/share/auria_msgs/hook/ld_library_path_lib.dsv'
[3.224s] INFO:colcon.colcon_core.shell:Creating environment hook '/home/auria/src/install/auria_msgs/share/auria_msgs/hook/ld_library_path_lib.sh'
[3.225s] Level 1:colcon.colcon_core.environment:checking '/home/auria/src/install/auria_msgs/bin'
[3.227s] Level 1:colcon.colcon_core.environment:checking '/home/auria/src/install/auria_msgs/lib/pkgconfig/auria_msgs.pc'
[3.228s] Level 1:colcon.colcon_core.environment:checking '/home/auria/src/install/auria_msgs/lib/python3.8/site-packages'
[3.229s] Level 1:colcon.colcon_core.shell:create_environment_hook('auria_msgs', 'pythonpath')
[3.235s] INFO:colcon.colcon_core.shell:Creating environment hook '/home/auria/src/install/auria_msgs/share/auria_msgs/hook/pythonpath.ps1'
[3.237s] INFO:colcon.colcon_core.shell:Creating environment descriptor '/home/auria/src/install/auria_msgs/share/auria_msgs/hook/pythonpath.dsv'
[3.241s] INFO:colcon.colcon_core.shell:Creating environment hook '/home/auria/src/install/auria_msgs/share/auria_msgs/hook/pythonpath.sh'
[3.244s] Level 1:colcon.colcon_core.environment:checking '/home/auria/src/install/auria_msgs/bin'
[3.256s] INFO:colcon.colcon_core.shell:Creating package script '/home/auria/src/install/auria_msgs/share/auria_msgs/package.ps1'
[3.262s] INFO:colcon.colcon_core.shell:Creating package descriptor '/home/auria/src/install/auria_msgs/share/auria_msgs/package.dsv'
[3.267s] INFO:colcon.colcon_core.shell:Creating package script '/home/auria/src/install/auria_msgs/share/auria_msgs/package.sh'
[3.269s] INFO:colcon.colcon_core.shell:Creating package script '/home/auria/src/install/auria_msgs/share/auria_msgs/package.bash'
[3.274s] INFO:colcon.colcon_core.shell:Creating package script '/home/auria/src/install/auria_msgs/share/auria_msgs/package.zsh'
[3.276s] Level 1:colcon.colcon_core.environment:create_file_with_runtime_dependencies(/home/auria/src/install/auria_msgs/share/colcon-core/packages/auria_msgs)
[3.281s] INFO:colcon.colcon_ros.task.ament_python.build:Building ROS package in '/home/auria/src/environment' with build type 'ament_python'
[3.282s] Level 1:colcon.colcon_core.shell:create_environment_hook('environment', 'ament_prefix_path')
[3.287s] INFO:colcon.colcon_core.shell:Creating environment hook '/home/auria/src/install/environment/share/environment/hook/ament_prefix_path.ps1'
[3.293s] INFO:colcon.colcon_core.shell:Creating environment descriptor '/home/auria/src/install/environment/share/environment/hook/ament_prefix_path.dsv'
[3.296s] INFO:colcon.colcon_core.shell:Creating environment hook '/home/auria/src/install/environment/share/environment/hook/ament_prefix_path.sh'
[3.307s] INFO:colcon.colcon_core.shell:Skip shell extension 'powershell' for command environment: Not usable outside of PowerShell
[3.307s] DEBUG:colcon.colcon_core.shell:Skip shell extension 'dsv' for command environment
[3.348s] DEBUG:colcon.colcon_core.event_handler.log_command:Invoking command in '/home/auria/src/rl_driver': PYTHONPATH=/home/auria/src/build/rl_driver/prefix_override:/home/auria/src/install/rl_driver/lib/python3.8/site-packages: /usr/bin/python3 setup.py egg_info --egg-base ../build/rl_driver build --build-base /home/auria/src/build/rl_driver/build install --record /home/auria/src/build/rl_driver/install.log --single-version-externally-managed
[4.060s] INFO:colcon.colcon_core.task.python.build:Building Python package in '/home/auria/src/environment'
[4.067s] INFO:colcon.colcon_core.shell:Skip shell extension 'powershell' for command environment: Not usable outside of PowerShell
[4.068s] DEBUG:colcon.colcon_core.shell:Skip shell extension 'dsv' for command environment
[4.407s] DEBUG:colcon.colcon_core.event_handler.log_command:Invoked command in '/home/auria/src/rl_driver' returned '0': PYTHONPATH=/home/auria/src/build/rl_driver/prefix_override:/home/auria/src/install/rl_driver/lib/python3.8/site-packages: /usr/bin/python3 setup.py egg_info --egg-base ../build/rl_driver build --build-base /home/auria/src/build/rl_driver/build install --record /home/auria/src/build/rl_driver/install.log --single-version-externally-managed
[4.412s] Level 1:colcon.colcon_core.environment:checking '/home/auria/src/install/rl_driver' for CMake module files
[4.415s] Level 1:colcon.colcon_core.environment:checking '/home/auria/src/install/rl_driver' for CMake config files
[4.418s] Level 1:colcon.colcon_core.environment:checking '/home/auria/src/install/rl_driver/lib'
[4.419s] Level 1:colcon.colcon_core.environment:checking '/home/auria/src/install/rl_driver/bin'
[4.420s] Level 1:colcon.colcon_core.environment:checking '/home/auria/src/install/rl_driver/lib/pkgconfig/rl_driver.pc'
[4.421s] Level 1:colcon.colcon_core.environment:checking '/home/auria/src/install/rl_driver/lib/python3.8/site-packages'
[4.421s] Level 1:colcon.colcon_core.shell:create_environment_hook('rl_driver', 'pythonpath')
[4.427s] INFO:colcon.colcon_core.shell:Creating environment hook '/home/auria/src/install/rl_driver/share/rl_driver/hook/pythonpath.ps1'
[4.431s] INFO:colcon.colcon_core.shell:Creating environment descriptor '/home/auria/src/install/rl_driver/share/rl_driver/hook/pythonpath.dsv'
[4.434s] INFO:colcon.colcon_core.shell:Creating environment hook '/home/auria/src/install/rl_driver/share/rl_driver/hook/pythonpath.sh'
[4.438s] Level 1:colcon.colcon_core.environment:checking '/home/auria/src/install/rl_driver/bin'
[4.438s] Level 1:colcon.colcon_core.environment:create_environment_scripts_only(rl_driver)
[4.448s] INFO:colcon.colcon_core.shell:Creating package script '/home/auria/src/install/rl_driver/share/rl_driver/package.ps1'
[4.451s] INFO:colcon.colcon_core.shell:Creating package descriptor '/home/auria/src/install/rl_driver/share/rl_driver/package.dsv'
[4.454s] INFO:colcon.colcon_core.shell:Creating package script '/home/auria/src/install/rl_driver/share/rl_driver/package.sh'
[4.458s] INFO:colcon.colcon_core.shell:Creating package script '/home/auria/src/install/rl_driver/share/rl_driver/package.bash'
[4.462s] INFO:colcon.colcon_core.shell:Creating package script '/home/auria/src/install/rl_driver/share/rl_driver/package.zsh'
[4.463s] Level 1:colcon.colcon_core.environment:create_file_with_runtime_dependencies(/home/auria/src/install/rl_driver/share/colcon-core/packages/rl_driver)
[5.327s] DEBUG:colcon.colcon_core.event_handler.log_command:Invoking command in '/home/auria/src/environment': AMENT_PREFIX_PATH=/home/auria/src/install/auria_msgs CMAKE_PREFIX_PATH=/home/auria/src/install/auria_msgs LD_LIBRARY_PATH=/home/auria/src/install/auria_msgs/lib PYTHONPATH=/home/auria/src/build/environment/prefix_override:/home/auria/src/install/environment/lib/python3.8/site-packages:/home/auria/src/install/auria_msgs/lib/python3.8/site-packages /usr/bin/python3 setup.py egg_info --egg-base ../build/environment build --build-base /home/auria/src/build/environment/build install --record /home/auria/src/build/environment/install.log --single-version-externally-managed
[6.268s] DEBUG:colcon.colcon_core.event_handler.log_command:Invoked command in '/home/auria/src/environment' returned '0': AMENT_PREFIX_PATH=/home/auria/src/install/auria_msgs CMAKE_PREFIX_PATH=/home/auria/src/install/auria_msgs LD_LIBRARY_PATH=/home/auria/src/install/auria_msgs/lib PYTHONPATH=/home/auria/src/build/environment/prefix_override:/home/auria/src/install/environment/lib/python3.8/site-packages:/home/auria/src/install/auria_msgs/lib/python3.8/site-packages /usr/bin/python3 setup.py egg_info --egg-base ../build/environment build --build-base /home/auria/src/build/environment/build install --record /home/auria/src/build/environment/install.log --single-version-externally-managed
[6.275s] Level 1:colcon.colcon_core.environment:checking '/home/auria/src/install/environment' for CMake module files
[6.278s] Level 1:colcon.colcon_core.environment:checking '/home/auria/src/install/environment' for CMake config files
[6.281s] Level 1:colcon.colcon_core.environment:checking '/home/auria/src/install/environment/lib'
[6.281s] Level 1:colcon.colcon_core.environment:checking '/home/auria/src/install/environment/bin'
[6.282s] Level 1:colcon.colcon_core.environment:checking '/home/auria/src/install/environment/lib/pkgconfig/environment.pc'
[6.283s] Level 1:colcon.colcon_core.environment:checking '/home/auria/src/install/environment/lib/python3.8/site-packages'
[6.283s] Level 1:colcon.colcon_core.shell:create_environment_hook('environment', 'pythonpath')
[6.290s] INFO:colcon.colcon_core.shell:Creating environment hook '/home/auria/src/install/environment/share/environment/hook/pythonpath.ps1'
[6.292s] INFO:colcon.colcon_core.shell:Creating environment descriptor '/home/auria/src/install/environment/share/environment/hook/pythonpath.dsv'
[6.293s] INFO:colcon.colcon_core.shell:Creating environment hook '/home/auria/src/install/environment/share/environment/hook/pythonpath.sh'
[6.296s] Level 1:colcon.colcon_core.environment:checking '/home/auria/src/install/environment/bin'
[6.296s] Level 1:colcon.colcon_core.environment:create_environment_scripts_only(environment)
[6.303s] INFO:colcon.colcon_core.shell:Creating package script '/home/auria/src/install/environment/share/environment/package.ps1'
[6.306s] INFO:colcon.colcon_core.shell:Creating package descriptor '/home/auria/src/install/environment/share/environment/package.dsv'
[6.308s] INFO:colcon.colcon_core.shell:Creating package script '/home/auria/src/install/environment/share/environment/package.sh'
[6.310s] INFO:colcon.colcon_core.shell:Creating package script '/home/auria/src/install/environment/share/environment/package.bash'
[6.311s] INFO:colcon.colcon_core.shell:Creating package script '/home/auria/src/install/environment/share/environment/package.zsh'
[6.313s] Level 1:colcon.colcon_core.environment:create_file_with_runtime_dependencies(/home/auria/src/install/environment/share/colcon-core/packages/environment)
[6.317s] DEBUG:colcon.colcon_parallel_executor.executor.parallel:closing loop
[6.317s] DEBUG:colcon.colcon_parallel_executor.executor.parallel:loop closed
[6.318s] DEBUG:colcon.colcon_parallel_executor.executor.parallel:run_until_complete finished with '0'
[6.318s] DEBUG:colcon.colcon_core.event_reactor:joining thread
[6.353s] INFO:colcon.colcon_core.plugin_system:Skipping extension 'colcon_notification.desktop_notification.notify_send': Could not find 'notify-send'
[6.353s] INFO:colcon.colcon_core.plugin_system:Skipping extension 'colcon_notification.desktop_notification.terminal_notifier': Not used on non-Darwin systems
[6.354s] INFO:colcon.colcon_core.plugin_system:Skipping extension 'colcon_notification.desktop_notification.win32': Not used on non-Windows systems
[6.354s] INFO:colcon.colcon_notification.desktop_notification:Sending desktop notification using 'notify2'
[6.364s] DEBUG:colcon.colcon_notification.desktop_notification.notify2:Failed to initialize notify2: org.freedesktop.DBus.Error.Spawn.ExecFailed: /usr/bin/dbus-launch terminated abnormally without any error message
[6.367s] DEBUG:colcon.colcon_core.event_reactor:joined thread
[6.375s] INFO:colcon.colcon_core.shell:Creating prefix script '/home/auria/src/install/local_setup.ps1'
[6.380s] INFO:colcon.colcon_core.shell:Creating prefix util module '/home/auria/src/install/_local_setup_util_ps1.py'
[6.384s] INFO:colcon.colcon_core.shell:Creating prefix chain script '/home/auria/src/install/setup.ps1'
[6.392s] INFO:colcon.colcon_core.shell:Creating prefix script '/home/auria/src/install/local_setup.sh'
[6.394s] INFO:colcon.colcon_core.shell:Creating prefix util module '/home/auria/src/install/_local_setup_util_sh.py'
[6.397s] INFO:colcon.colcon_core.shell:Creating prefix chain script '/home/auria/src/install/setup.sh'
[6.402s] INFO:colcon.colcon_core.shell:Creating prefix script '/home/auria/src/install/local_setup.bash'
[6.404s] INFO:colcon.colcon_core.shell:Creating prefix chain script '/home/auria/src/install/setup.bash'
[6.409s] INFO:colcon.colcon_core.shell:Creating prefix script '/home/auria/src/install/local_setup.zsh'
[6.411s] INFO:colcon.colcon_core.shell:Creating prefix chain script '/home/auria/src/install/setup.zsh'
