[2.589s] Invoking command in '/home/auria/src/environment': PYTHONPATH=/home/auria/src/build/environment/prefix_override:/home/auria/src/install/environment/lib/python3.8/site-packages:/home/auria/src/install/auria_msgs/lib/python3.8/site-packages:/home/auria/src/install/rl_driver/lib/python3.8/site-packages:/home/auria/src/install/environment/lib/python3.8/site-packages:/opt/ros/galactic/lib/python3.8/site-packages /usr/bin/python3 setup.py egg_info --egg-base ../build/environment build --build-base /home/auria/src/build/environment/build install --record /home/auria/src/build/environment/install.log --single-version-externally-managed
[3.479s] running egg_info
[3.483s] writing ../build/environment/environment.egg-info/PKG-INFO
[3.486s] writing dependency_links to ../build/environment/environment.egg-info/dependency_links.txt
[3.486s] writing entry points to ../build/environment/environment.egg-info/entry_points.txt
[3.487s] writing requirements to ../build/environment/environment.egg-info/requires.txt
[3.487s] writing top-level names to ../build/environment/environment.egg-info/top_level.txt
[3.624s] reading manifest file '../build/environment/environment.egg-info/SOURCES.txt'
[3.637s] writing manifest file '../build/environment/environment.egg-info/SOURCES.txt'
[3.639s] running build
[3.641s] running build_py
[3.643s] running install
[3.646s] running install_lib
[3.659s] running install_data
[3.661s] running install_egg_info
[3.670s] removing '/home/auria/src/install/environment/lib/python3.8/site-packages/environment-0.1.0-py3.8.egg-info' (and everything under it)
[3.675s] Copying ../build/environment/environment.egg-info to /home/auria/src/install/environment/lib/python3.8/site-packages/environment-0.1.0-py3.8.egg-info
[3.683s] running install_scripts
[3.779s] Installing car script to /home/auria/src/install/environment/lib/environment
[3.779s] Installing env script to /home/auria/src/install/environment/lib/environment
[3.782s] writing list of installed files to '/home/auria/src/build/environment/install.log'
[3.895s] Invoked command in '/home/auria/src/environment' returned '0': PYTHONPATH=/home/auria/src/build/environment/prefix_override:/home/auria/src/install/environment/lib/python3.8/site-packages:/home/auria/src/install/auria_msgs/lib/python3.8/site-packages:/home/auria/src/install/rl_driver/lib/python3.8/site-packages:/home/auria/src/install/environment/lib/python3.8/site-packages:/opt/ros/galactic/lib/python3.8/site-packages /usr/bin/python3 setup.py egg_info --egg-base ../build/environment build --build-base /home/auria/src/build/environment/build install --record /home/auria/src/build/environment/install.log --single-version-externally-managed
