[0.000000] (-) TimerEvent: {}
[0.002476] (-) JobUnselected: {'identifier': 'auria_msgs'}
[0.002684] (-) JobUnselected: {'identifier': 'environment'}
[0.002804] (rl_driver) JobQueued: {'identifier': 'rl_driver', 'dependencies': OrderedDict()}
[0.002907] (rl_driver) JobStarted: {'identifier': 'rl_driver'}
[0.102221] (-) TimerEvent: {}
[0.203757] (-) TimerEvent: {}
[0.308475] (-) TimerEvent: {}
[0.411661] (-) TimerEvent: {}
[0.512347] (-) TimerEvent: {}
[0.613077] (-) TimerEvent: {}
[0.715331] (-) TimerEvent: {}
[0.816974] (-) TimerEvent: {}
[0.918983] (-) TimerEvent: {}
[1.024918] (-) TimerEvent: {}
[1.126628] (-) TimerEvent: {}
[1.229658] (-) TimerEvent: {}
[1.330336] (-) TimerEvent: {}
[1.430988] (-) TimerEvent: {}
[1.533753] (-) TimerEvent: {}
[1.634373] (-) TimerEvent: {}
[1.734996] (-) TimerEvent: {}
[1.835625] (-) TimerEvent: {}
[1.936228] (-) TimerEvent: {}
[2.036861] (-) TimerEvent: {}
[2.138239] (-) TimerEvent: {}
[2.240656] (-) TimerEvent: {}
[2.341759] (-) TimerEvent: {}
[2.442916] (-) TimerEvent: {}
[2.537453] (rl_driver) Command: {'cmd': ['/usr/bin/python3', 'setup.py', 'egg_info', '--egg-base', '../build/rl_driver', 'build', '--build-base', '/home/auria/src/build/rl_driver/build', 'install', '--record', '/home/auria/src/build/rl_driver/install.log', '--single-version-externally-managed'], 'cwd': '/home/auria/src/rl_driver', 'env': {'HOSTNAME': 'Ventupentu-portatil', 'SHLVL': '1', 'LIBGL_ALWAYS_SOFTWARE': '1', 'LD_LIBRARY_PATH': '/home/auria/src/install/auria_msgs/lib:/opt/ros/galactic/opt/yaml_cpp_vendor/lib:/opt/ros/galactic/lib/x86_64-linux-gnu:/opt/ros/galactic/lib', 'HOME': '/home/auria', 'OLDPWD': '/home/auria', 'ROS_PYTHON_VERSION': '3', 'QT_QPA_PLATFORM_PLUGIN_PATH': '/usr/lib/x86_64-linux-gnu/qt5/plugins/platforms', 'COLCON_PREFIX_PATH': '/home/auria/src/install', 'ROS_DISTRO': 'galactic', '_': '/usr/bin/colcon', 'ROS_VERSION': '2', 'TERM': 'xterm', 'ROS_LOCALHOST_ONLY': '0', 'QT_X11_NO_MITSHM': '1', 'PATH': '/opt/ros/galactic/bin:/usr/local/sbin:/usr/local/bin:/usr/sbin:/usr/bin:/sbin:/bin', 'DISPLAY': ':0', 'LANG': 'C.UTF-8', 'AMENT_PREFIX_PATH': '/home/auria/src/install/rl_driver:/home/auria/src/install/environment:/home/auria/src/install/auria_msgs:/opt/ros/galactic', 'PWD': '/home/auria/src/build/rl_driver', 'LC_ALL': 'C.UTF-8', 'PYTHONPATH': '/home/auria/src/build/rl_driver/prefix_override:/home/auria/src/install/rl_driver/lib/python3.8/site-packages:/home/auria/src/install/rl_driver/lib/python3.8/site-packages:/home/auria/src/install/environment/lib/python3.8/site-packages:/home/auria/src/install/auria_msgs/lib/python3.8/site-packages:/opt/ros/galactic/lib/python3.8/site-packages', 'COLCON': '1', 'CMAKE_PREFIX_PATH': '/home/auria/src/install/auria_msgs'}, 'shell': False}
[2.546028] (-) TimerEvent: {}
[2.656879] (-) TimerEvent: {}
[2.759148] (-) TimerEvent: {}
[2.861112] (-) TimerEvent: {}
[2.961759] (-) TimerEvent: {}
[3.063214] (-) TimerEvent: {}
[3.164858] (-) TimerEvent: {}
[3.265711] (-) TimerEvent: {}
[3.367385] (-) TimerEvent: {}
[3.468719] (-) TimerEvent: {}
[3.502493] (rl_driver) StdoutLine: {'line': b'running egg_info\n'}
[3.508158] (rl_driver) StdoutLine: {'line': b'writing ../build/rl_driver/rl_driver.egg-info/PKG-INFO\n'}
[3.508655] (rl_driver) StdoutLine: {'line': b'writing dependency_links to ../build/rl_driver/rl_driver.egg-info/dependency_links.txt\n'}
[3.509020] (rl_driver) StdoutLine: {'line': b'writing entry points to ../build/rl_driver/rl_driver.egg-info/entry_points.txt\n'}
[3.509329] (rl_driver) StdoutLine: {'line': b'writing requirements to ../build/rl_driver/rl_driver.egg-info/requires.txt\n'}
[3.515095] (rl_driver) StdoutLine: {'line': b'writing top-level names to ../build/rl_driver/rl_driver.egg-info/top_level.txt\n'}
[3.568896] (-) TimerEvent: {}
[3.661001] (rl_driver) StdoutLine: {'line': b"reading manifest file '../build/rl_driver/rl_driver.egg-info/SOURCES.txt'\n"}
[3.666074] (rl_driver) StdoutLine: {'line': b"writing manifest file '../build/rl_driver/rl_driver.egg-info/SOURCES.txt'\n"}
[3.666809] (rl_driver) StdoutLine: {'line': b'running build\n'}
[3.667187] (rl_driver) StdoutLine: {'line': b'running build_py\n'}
[3.668253] (rl_driver) StdoutLine: {'line': b'copying rl_driver/train.py -> /home/auria/src/build/rl_driver/build/lib/rl_driver\n'}
[3.669649] (rl_driver) StdoutLine: {'line': b'running install\n'}
[3.670076] (-) TimerEvent: {}
[3.672508] (rl_driver) StdoutLine: {'line': b'running install_lib\n'}
[3.677578] (rl_driver) StdoutLine: {'line': b'copying /home/auria/src/build/rl_driver/build/lib/rl_driver/train.py -> /home/auria/src/install/rl_driver/lib/python3.8/site-packages/rl_driver\n'}
[3.681013] (rl_driver) StdoutLine: {'line': b'byte-compiling /home/auria/src/install/rl_driver/lib/python3.8/site-packages/rl_driver/train.py to train.cpython-38.pyc\n'}
[3.686805] (rl_driver) StdoutLine: {'line': b'running install_data\n'}
[3.688780] (rl_driver) StdoutLine: {'line': b'running install_egg_info\n'}
[3.701880] (rl_driver) StdoutLine: {'line': b"removing '/home/auria/src/install/rl_driver/lib/python3.8/site-packages/rl_driver-0.0.0-py3.8.egg-info' (and everything under it)\n"}
[3.705632] (rl_driver) StdoutLine: {'line': b'Copying ../build/rl_driver/rl_driver.egg-info to /home/auria/src/install/rl_driver/lib/python3.8/site-packages/rl_driver-0.0.0-py3.8.egg-info\n'}
[3.706153] (rl_driver) StdoutLine: {'line': b'running install_scripts\n'}
[3.771524] (-) TimerEvent: {}
[3.780489] (rl_driver) StdoutLine: {'line': b'Installing rl_node script to /home/auria/src/install/rl_driver/lib/rl_driver\n'}
[3.782778] (rl_driver) StdoutLine: {'line': b'Installing train script to /home/auria/src/install/rl_driver/lib/rl_driver\n'}
[3.783881] (rl_driver) StdoutLine: {'line': b"writing list of installed files to '/home/auria/src/build/rl_driver/install.log'\n"}
[3.867061] (rl_driver) CommandEnded: {'returncode': 0}
[3.876876] (-) TimerEvent: {}
[3.965254] (rl_driver) JobEnded: {'identifier': 'rl_driver', 'rc': 0}
[3.973014] (-) EventReactorShutdown: {}
