[5.630s] Invoking command in '/home/auria/src/rl_driver': PYTHONPATH=/home/auria/src/build/rl_driver/prefix_override:/home/auria/src/install/rl_driver/lib/python3.8/site-packages:${PYTHONPATH} /usr/bin/python3 setup.py egg_info --egg-base ../build/rl_driver build --build-base /home/auria/src/build/rl_driver/build install --record /home/auria/src/build/rl_driver/install.log --single-version-externally-managed
[6.531s] running egg_info
[6.532s] writing ../build/rl_driver/rl_driver.egg-info/PKG-INFO
[6.533s] writing dependency_links to ../build/rl_driver/rl_driver.egg-info/dependency_links.txt
[6.537s] writing entry points to ../build/rl_driver/rl_driver.egg-info/entry_points.txt
[6.537s] writing requirements to ../build/rl_driver/rl_driver.egg-info/requires.txt
[6.537s] writing top-level names to ../build/rl_driver/rl_driver.egg-info/top_level.txt
[6.673s] reading manifest file '../build/rl_driver/rl_driver.egg-info/SOURCES.txt'
[6.680s] writing manifest file '../build/rl_driver/rl_driver.egg-info/SOURCES.txt'
[6.681s] running build
[6.681s] running build_py
[6.682s] running install
[6.686s] running install_lib
[6.695s] running install_data
[6.699s] running install_egg_info
[6.704s] removing '/home/auria/src/install/rl_driver/lib/python3.8/site-packages/rl_driver-0.0.0-py3.8.egg-info' (and everything under it)
[6.705s] Copying ../build/rl_driver/rl_driver.egg-info to /home/auria/src/install/rl_driver/lib/python3.8/site-packages/rl_driver-0.0.0-py3.8.egg-info
[6.708s] running install_scripts
[6.790s] Installing rl_node script to /home/auria/src/install/rl_driver/lib/rl_driver
[6.791s] Installing train script to /home/auria/src/install/rl_driver/lib/rl_driver
[6.792s] writing list of installed files to '/home/auria/src/build/rl_driver/install.log'
[6.873s] Invoked command in '/home/auria/src/rl_driver' returned '0': PYTHONPATH=/home/auria/src/build/rl_driver/prefix_override:/home/auria/src/install/rl_driver/lib/python3.8/site-packages:${PYTHONPATH} /usr/bin/python3 setup.py egg_info --egg-base ../build/rl_driver build --build-base /home/auria/src/build/rl_driver/build install --record /home/auria/src/build/rl_driver/install.log --single-version-externally-managed
