[0.000000] (-) TimerEvent: {}
[0.000680] (-) JobUnselected: {'identifier': 'auria_msgs'}
[0.000836] (-) JobUnselected: {'identifier': 'environment'}
[0.000936] (rl_driver) JobQueued: {'identifier': 'rl_driver', 'dependencies': OrderedDict()}
[0.001029] (rl_driver) JobStarted: {'identifier': 'rl_driver'}
[0.093494] (-) TimerEvent: {}
[0.194837] (-) TimerEvent: {}
[0.297746] (-) TimerEvent: {}
[0.399798] (-) TimerEvent: {}
[0.500439] (-) TimerEvent: {}
[0.601058] (-) TimerEvent: {}
[0.703263] (-) TimerEvent: {}
[0.804763] (-) TimerEvent: {}
[0.905336] (-) TimerEvent: {}
[1.008025] (-) TimerEvent: {}
[1.109331] (-) TimerEvent: {}
[1.211746] (-) TimerEvent: {}
[1.312323] (-) TimerEvent: {}
[1.412906] (-) TimerEvent: {}
[1.515742] (-) TimerEvent: {}
[1.616315] (-) TimerEvent: {}
[1.716933] (-) TimerEvent: {}
[1.817537] (-) TimerEvent: {}
[1.919746] (-) TimerEvent: {}
[2.020358] (-) TimerEvent: {}
[2.120972] (-) TimerEvent: {}
[2.223756] (-) TimerEvent: {}
[2.301356] (rl_driver) Command: {'cmd': ['/usr/bin/python3', 'setup.py', 'egg_info', '--egg-base', '../build/rl_driver', 'build', '--build-base', '/home/auria/src/build/rl_driver/build', 'install', '--record', '/home/auria/src/build/rl_driver/install.log', '--single-version-externally-managed'], 'cwd': '/home/auria/src/rl_driver', 'env': {'HOSTNAME': 'Ventupentu-portatil', 'SHLVL': '1', 'LIBGL_ALWAYS_SOFTWARE': '1', 'LD_LIBRARY_PATH': '/home/auria/src/install/auria_msgs/lib:/opt/ros/galactic/opt/yaml_cpp_vendor/lib:/opt/ros/galactic/lib/x86_64-linux-gnu:/opt/ros/galactic/lib', 'HOME': '/home/auria', 'OLDPWD': '/home/auria', 'ROS_PYTHON_VERSION': '3', 'QT_QPA_PLATFORM_PLUGIN_PATH': '/usr/lib/x86_64-linux-gnu/qt5/plugins/platforms', 'COLCON_PREFIX_PATH': '/home/auria/src/install', 'ROS_DISTRO': 'galactic', '_': '/usr/bin/colcon', 'ROS_VERSION': '2', 'TERM': 'xterm', 'ROS_LOCALHOST_ONLY': '0', 'QT_X11_NO_MITSHM': '1', 'PATH': '/opt/ros/galactic/bin:/usr/local/sbin:/usr/local/bin:/usr/sbin:/usr/bin:/sbin:/bin', 'DISPLAY': ':0', 'LANG': 'C.UTF-8', 'AMENT_PREFIX_PATH': '/home/auria/src/install/rl_driver:/home/auria/src/install/environment:/home/auria/src/install/auria_msgs:/opt/ros/galactic', 'PWD': '/home/auria/src/build/rl_driver', 'LC_ALL': 'C.UTF-8', 'PYTHONPATH': '/home/auria/src/build/rl_driver/prefix_override:/home/auria/src/install/rl_driver/lib/python3.8/site-packages:/home/auria/src/install/rl_driver/lib/python3.8/site-packages:/home/auria/src/install/environment/lib/python3.8/site-packages:/home/auria/src/install/auria_msgs/lib/python3.8/site-packages:/opt/ros/galactic/lib/python3.8/site-packages', 'COLCON': '1', 'CMAKE_PREFIX_PATH': '/home/auria/src/install/auria_msgs'}, 'shell': False}
[2.327159] (-) TimerEvent: {}
[2.430876] (-) TimerEvent: {}
[2.531525] (-) TimerEvent: {}
[2.632123] (-) TimerEvent: {}
[2.734841] (-) TimerEvent: {}
[2.835737] (-) TimerEvent: {}
[2.936636] (-) TimerEvent: {}
[3.037683] (-) TimerEvent: {}
[3.140278] (-) TimerEvent: {}
[3.160220] (rl_driver) StdoutLine: {'line': b'running egg_info\n'}
[3.162454] (rl_driver) StdoutLine: {'line': b'writing ../build/rl_driver/rl_driver.egg-info/PKG-INFO\n'}
[3.163410] (rl_driver) StdoutLine: {'line': b'writing dependency_links to ../build/rl_driver/rl_driver.egg-info/dependency_links.txt\n'}
[3.164109] (rl_driver) StdoutLine: {'line': b'writing entry points to ../build/rl_driver/rl_driver.egg-info/entry_points.txt\n'}
[3.164687] (rl_driver) StdoutLine: {'line': b'writing requirements to ../build/rl_driver/rl_driver.egg-info/requires.txt\n'}
[3.165302] (rl_driver) StdoutLine: {'line': b'writing top-level names to ../build/rl_driver/rl_driver.egg-info/top_level.txt\n'}
[3.241755] (-) TimerEvent: {}
[3.306228] (rl_driver) StdoutLine: {'line': b"reading manifest file '../build/rl_driver/rl_driver.egg-info/SOURCES.txt'\n"}
[3.316638] (rl_driver) StdoutLine: {'line': b"writing manifest file '../build/rl_driver/rl_driver.egg-info/SOURCES.txt'\n"}
[3.317184] (rl_driver) StdoutLine: {'line': b'running build\n'}
[3.317521] (rl_driver) StdoutLine: {'line': b'running build_py\n'}
[3.321012] (rl_driver) StdoutLine: {'line': b'copying rl_driver/ros2_env.py -> /home/auria/src/build/rl_driver/build/lib/rl_driver\n'}
[3.321404] (rl_driver) StdoutLine: {'line': b'running install\n'}
[3.325081] (rl_driver) StdoutLine: {'line': b'running install_lib\n'}
[3.333577] (rl_driver) StdoutLine: {'line': b'copying /home/auria/src/build/rl_driver/build/lib/rl_driver/ros2_env.py -> /home/auria/src/install/rl_driver/lib/python3.8/site-packages/rl_driver\n'}
[3.334116] (rl_driver) StdoutLine: {'line': b'byte-compiling /home/auria/src/install/rl_driver/lib/python3.8/site-packages/rl_driver/ros2_env.py to ros2_env.cpython-38.pyc\n'}
[3.343553] (rl_driver) StdoutLine: {'line': b'running install_data\n'}
[3.344065] (-) TimerEvent: {}
[3.348669] (rl_driver) StdoutLine: {'line': b'running install_egg_info\n'}
[3.354402] (rl_driver) StdoutLine: {'line': b"removing '/home/auria/src/install/rl_driver/lib/python3.8/site-packages/rl_driver-0.0.0-py3.8.egg-info' (and everything under it)\n"}
[3.356528] (rl_driver) StdoutLine: {'line': b'Copying ../build/rl_driver/rl_driver.egg-info to /home/auria/src/install/rl_driver/lib/python3.8/site-packages/rl_driver-0.0.0-py3.8.egg-info\n'}
[3.361754] (rl_driver) StdoutLine: {'line': b'running install_scripts\n'}
[3.435958] (rl_driver) StdoutLine: {'line': b'Installing rl_node script to /home/auria/src/install/rl_driver/lib/rl_driver\n'}
[3.437945] (rl_driver) StdoutLine: {'line': b'Installing train script to /home/auria/src/install/rl_driver/lib/rl_driver\n'}
[3.441907] (rl_driver) StdoutLine: {'line': b"writing list of installed files to '/home/auria/src/build/rl_driver/install.log'\n"}
[3.444210] (-) TimerEvent: {}
[3.518091] (rl_driver) CommandEnded: {'returncode': 0}
[3.545703] (-) TimerEvent: {}
[3.588013] (rl_driver) JobEnded: {'identifier': 'rl_driver', 'rc': 0}
[3.593017] (-) EventReactorShutdown: {}
