[3.274s] Invoking command in '/home/auria/src/rl_driver': PYTHONPATH=/home/auria/src/build/rl_driver/prefix_override:/home/auria/src/install/rl_driver/lib/python3.8/site-packages:${PYTHONPATH} /usr/bin/python3 setup.py egg_info --egg-base ../build/rl_driver build --build-base /home/auria/src/build/rl_driver/build install --record /home/auria/src/build/rl_driver/install.log --single-version-externally-managed
[4.067s] running egg_info
[4.074s] writing ../build/rl_driver/rl_driver.egg-info/PKG-INFO
[4.075s] writing dependency_links to ../build/rl_driver/rl_driver.egg-info/dependency_links.txt
[4.075s] writing entry points to ../build/rl_driver/rl_driver.egg-info/entry_points.txt
[4.078s] writing requirements to ../build/rl_driver/rl_driver.egg-info/requires.txt
[4.078s] writing top-level names to ../build/rl_driver/rl_driver.egg-info/top_level.txt
[4.246s] reading manifest file '../build/rl_driver/rl_driver.egg-info/SOURCES.txt'
[4.251s] writing manifest file '../build/rl_driver/rl_driver.egg-info/SOURCES.txt'
[4.251s] running build
[4.252s] running build_py
[4.253s] running install
[4.253s] running install_lib
[4.262s] running install_data
[4.262s] running install_egg_info
[4.270s] removing '/home/auria/src/install/rl_driver/lib/python3.8/site-packages/rl_driver-0.0.0-py3.8.egg-info' (and everything under it)
[4.274s] Copying ../build/rl_driver/rl_driver.egg-info to /home/auria/src/install/rl_driver/lib/python3.8/site-packages/rl_driver-0.0.0-py3.8.egg-info
[4.283s] running install_scripts
[4.350s] Installing rl_node script to /home/auria/src/install/rl_driver/lib/rl_driver
[4.352s] writing list of installed files to '/home/auria/src/build/rl_driver/install.log'
[4.457s] Invoked command in '/home/auria/src/rl_driver' returned '0': PYTHONPATH=/home/auria/src/build/rl_driver/prefix_override:/home/auria/src/install/rl_driver/lib/python3.8/site-packages:${PYTHONPATH} /usr/bin/python3 setup.py egg_info --egg-base ../build/rl_driver build --build-base /home/auria/src/build/rl_driver/build install --record /home/auria/src/build/rl_driver/install.log --single-version-externally-managed
