[2.836s] Invoking command in '/home/auria/src/environment': PYTHONPATH=/home/auria/src/build/environment/prefix_override:/home/auria/src/install/environment/lib/python3.8/site-packages:/home/auria/src/install/auria_msgs/lib/python3.8/site-packages:/home/auria/src/install/rl_driver/lib/python3.8/site-packages:/home/auria/src/install/environment/lib/python3.8/site-packages:/opt/ros/galactic/lib/python3.8/site-packages /usr/bin/python3 setup.py egg_info --egg-base ../build/environment build --build-base /home/auria/src/build/environment/build install --record /home/auria/src/build/environment/install.log --single-version-externally-managed
[3.717s] running egg_info
[3.719s] writing ../build/environment/environment.egg-info/PKG-INFO
[3.720s] writing dependency_links to ../build/environment/environment.egg-info/dependency_links.txt
[3.720s] writing entry points to ../build/environment/environment.egg-info/entry_points.txt
[3.720s] writing requirements to ../build/environment/environment.egg-info/requires.txt
[3.721s] writing top-level names to ../build/environment/environment.egg-info/top_level.txt
[3.862s] reading manifest file '../build/environment/environment.egg-info/SOURCES.txt'
[3.883s] writing manifest file '../build/environment/environment.egg-info/SOURCES.txt'
[3.886s] running build
[3.886s] running build_py
[3.887s] running install
[3.887s] running install_lib
[3.893s] running install_data
[3.896s] running install_egg_info
[3.903s] removing '/home/auria/src/install/environment/lib/python3.8/site-packages/environment-0.1.0-py3.8.egg-info' (and everything under it)
[3.904s] Copying ../build/environment/environment.egg-info to /home/auria/src/install/environment/lib/python3.8/site-packages/environment-0.1.0-py3.8.egg-info
[3.912s] running install_scripts
[3.982s] Installing car script to /home/auria/src/install/environment/lib/environment
[3.984s] Installing env script to /home/auria/src/install/environment/lib/environment
[3.986s] writing list of installed files to '/home/auria/src/build/environment/install.log'
[4.073s] Invoked command in '/home/auria/src/environment' returned '0': PYTHONPATH=/home/auria/src/build/environment/prefix_override:/home/auria/src/install/environment/lib/python3.8/site-packages:/home/auria/src/install/auria_msgs/lib/python3.8/site-packages:/home/auria/src/install/rl_driver/lib/python3.8/site-packages:/home/auria/src/install/environment/lib/python3.8/site-packages:/opt/ros/galactic/lib/python3.8/site-packages /usr/bin/python3 setup.py egg_info --egg-base ../build/environment build --build-base /home/auria/src/build/environment/build install --record /home/auria/src/build/environment/install.log --single-version-externally-managed
