[0.000000] (-) TimerEvent: {}
[0.001866] (-) JobUnselected: {'identifier': 'auria_msgs'}
[0.005003] (-) JobUnselected: {'identifier': 'environment'}
[0.008198] (rl_driver) JobQueued: {'identifier': 'rl_driver', 'dependencies': OrderedDict()}
[0.008371] (rl_driver) JobStarted: {'identifier': 'rl_driver'}
[0.101452] (-) TimerEvent: {}
[0.202927] (-) TimerEvent: {}
[0.304062] (-) TimerEvent: {}
[0.404657] (-) TimerEvent: {}
[0.505255] (-) TimerEvent: {}
[0.605820] (-) TimerEvent: {}
[0.706593] (-) TimerEvent: {}
[0.809844] (-) TimerEvent: {}
[0.924063] (-) TimerEvent: {}
[1.028704] (-) TimerEvent: {}
[1.129822] (-) TimerEvent: {}
[1.230809] (-) TimerEvent: {}
[1.331752] (-) TimerEvent: {}
[1.432810] (-) TimerEvent: {}
[1.533840] (-) TimerEvent: {}
[1.634848] (-) TimerEvent: {}
[1.736012] (-) TimerEvent: {}
[1.839846] (-) TimerEvent: {}
[1.940557] (-) TimerEvent: {}
[2.041173] (-) TimerEvent: {}
[2.141826] (-) TimerEvent: {}
[2.248735] (-) TimerEvent: {}
[2.283458] (rl_driver) Command: {'cmd': ['/usr/bin/python3', 'setup.py', 'egg_info', '--egg-base', '../build/rl_driver', 'build', '--build-base', '/home/auria/src/build/rl_driver/build', 'install', '--record', '/home/auria/src/build/rl_driver/install.log', '--single-version-externally-managed'], 'cwd': '/home/auria/src/rl_driver', 'env': {'HOSTNAME': 'Ventupentu-portatil', 'SHLVL': '1', 'LIBGL_ALWAYS_SOFTWARE': '1', 'LD_LIBRARY_PATH': '/home/auria/src/install/auria_msgs/lib:/opt/ros/galactic/opt/yaml_cpp_vendor/lib:/opt/ros/galactic/lib/x86_64-linux-gnu:/opt/ros/galactic/lib', 'HOME': '/home/auria', 'OLDPWD': '/home/auria', 'ROS_PYTHON_VERSION': '3', 'QT_QPA_PLATFORM_PLUGIN_PATH': '/usr/lib/x86_64-linux-gnu/qt5/plugins/platforms', 'COLCON_PREFIX_PATH': '/home/auria/src/install', 'ROS_DISTRO': 'galactic', '_': '/usr/bin/colcon', 'ROS_VERSION': '2', 'TERM': 'xterm', 'ROS_LOCALHOST_ONLY': '0', 'QT_X11_NO_MITSHM': '1', 'PATH': '/opt/ros/galactic/bin:/usr/local/sbin:/usr/local/bin:/usr/sbin:/usr/bin:/sbin:/bin', 'DISPLAY': ':0', 'LANG': 'C.UTF-8', 'AMENT_PREFIX_PATH': '/home/auria/src/install/rl_driver:/home/auria/src/install/environment:/home/auria/src/install/auria_msgs:/opt/ros/galactic', 'PWD': '/home/auria/src/build/rl_driver', 'LC_ALL': 'C.UTF-8', 'PYTHONPATH': '/home/auria/src/build/rl_driver/prefix_override:/home/auria/src/install/rl_driver/lib/python3.8/site-packages:/home/auria/src/install/rl_driver/lib/python3.8/site-packages:/home/auria/src/install/environment/lib/python3.8/site-packages:/home/auria/src/install/auria_msgs/lib/python3.8/site-packages:/opt/ros/galactic/lib/python3.8/site-packages', 'COLCON': '1', 'CMAKE_PREFIX_PATH': '/home/auria/src/install/auria_msgs'}, 'shell': False}
[2.350841] (-) TimerEvent: {}
[2.451924] (-) TimerEvent: {}
[2.554140] (-) TimerEvent: {}
[2.655225] (-) TimerEvent: {}
[2.757276] (-) TimerEvent: {}
[2.863049] (-) TimerEvent: {}
[2.964879] (-) TimerEvent: {}
[3.068534] (-) TimerEvent: {}
[3.106712] (rl_driver) StdoutLine: {'line': b'running egg_info\n'}
[3.111601] (rl_driver) StdoutLine: {'line': b'writing ../build/rl_driver/rl_driver.egg-info/PKG-INFO\n'}
[3.112403] (rl_driver) StdoutLine: {'line': b'writing dependency_links to ../build/rl_driver/rl_driver.egg-info/dependency_links.txt\n'}
[3.116264] (rl_driver) StdoutLine: {'line': b'writing entry points to ../build/rl_driver/rl_driver.egg-info/entry_points.txt\n'}
[3.116830] (rl_driver) StdoutLine: {'line': b'writing requirements to ../build/rl_driver/rl_driver.egg-info/requires.txt\n'}
[3.117167] (rl_driver) StdoutLine: {'line': b'writing top-level names to ../build/rl_driver/rl_driver.egg-info/top_level.txt\n'}
[3.168672] (-) TimerEvent: {}
[3.244916] (rl_driver) StdoutLine: {'line': b"reading manifest file '../build/rl_driver/rl_driver.egg-info/SOURCES.txt'\n"}
[3.252623] (rl_driver) StdoutLine: {'line': b"writing manifest file '../build/rl_driver/rl_driver.egg-info/SOURCES.txt'\n"}
[3.253169] (rl_driver) StdoutLine: {'line': b'running build\n'}
[3.253692] (rl_driver) StdoutLine: {'line': b'running build_py\n'}
[3.254002] (rl_driver) StdoutLine: {'line': b'running install\n'}
[3.254274] (rl_driver) StdoutLine: {'line': b'running install_lib\n'}
[3.262314] (rl_driver) StdoutLine: {'line': b'running install_data\n'}
[3.262846] (rl_driver) StdoutLine: {'line': b'running install_egg_info\n'}
[3.268967] (rl_driver) StdoutLine: {'line': b"removing '/home/auria/src/install/rl_driver/lib/python3.8/site-packages/rl_driver-0.0.0-py3.8.egg-info' (and everything under it)\n"}
[3.269408] (-) TimerEvent: {}
[3.273062] (rl_driver) StdoutLine: {'line': b'Copying ../build/rl_driver/rl_driver.egg-info to /home/auria/src/install/rl_driver/lib/python3.8/site-packages/rl_driver-0.0.0-py3.8.egg-info\n'}
[3.279112] (rl_driver) StdoutLine: {'line': b'running install_scripts\n'}
[3.345974] (rl_driver) StdoutLine: {'line': b'Installing rl_node script to /home/auria/src/install/rl_driver/lib/rl_driver\n'}
[3.346732] (rl_driver) StdoutLine: {'line': b'Installing train script to /home/auria/src/install/rl_driver/lib/rl_driver\n'}
[3.347887] (rl_driver) StdoutLine: {'line': b"writing list of installed files to '/home/auria/src/build/rl_driver/install.log'\n"}
[3.369634] (-) TimerEvent: {}
[3.416619] (rl_driver) CommandEnded: {'returncode': 0}
[3.477058] (-) TimerEvent: {}
[3.503615] (rl_driver) JobEnded: {'identifier': 'rl_driver', 'rc': 0}
[3.509344] (-) EventReactorShutdown: {}
