[2.885s] Invoking command in '/home/auria/src/rl_driver': PYTHONPATH=/home/auria/src/build/rl_driver/prefix_override:/home/auria/src/install/rl_driver/lib/python3.8/site-packages:${PYTHONPATH} /usr/bin/python3 setup.py egg_info --egg-base ../build/rl_driver build --build-base /home/auria/src/build/rl_driver/build install --record /home/auria/src/build/rl_driver/install.log --single-version-externally-managed
[3.864s] running egg_info
[3.870s] writing ../build/rl_driver/rl_driver.egg-info/PKG-INFO
[3.870s] writing dependency_links to ../build/rl_driver/rl_driver.egg-info/dependency_links.txt
[3.871s] writing entry points to ../build/rl_driver/rl_driver.egg-info/entry_points.txt
[3.874s] writing requirements to ../build/rl_driver/rl_driver.egg-info/requires.txt
[3.874s] writing top-level names to ../build/rl_driver/rl_driver.egg-info/top_level.txt
[4.038s] reading manifest file '../build/rl_driver/rl_driver.egg-info/SOURCES.txt'
[4.050s] writing manifest file '../build/rl_driver/rl_driver.egg-info/SOURCES.txt'
[4.050s] running build
[4.051s] running build_py
[4.053s] copying rl_driver/ros2_env.py -> /home/auria/src/build/rl_driver/build/lib/rl_driver
[4.054s] running install
[4.057s] running install_lib
[4.061s] copying /home/auria/src/build/rl_driver/build/lib/rl_driver/ros2_env.py -> /home/auria/src/install/rl_driver/lib/python3.8/site-packages/rl_driver
[4.065s] byte-compiling /home/auria/src/install/rl_driver/lib/python3.8/site-packages/rl_driver/ros2_env.py to ros2_env.cpython-38.pyc
[4.084s] running install_data
[4.088s] running install_egg_info
[4.097s] removing '/home/auria/src/install/rl_driver/lib/python3.8/site-packages/rl_driver-0.0.0-py3.8.egg-info' (and everything under it)
[4.099s] Copying ../build/rl_driver/rl_driver.egg-info to /home/auria/src/install/rl_driver/lib/python3.8/site-packages/rl_driver-0.0.0-py3.8.egg-info
[4.113s] running install_scripts
[4.253s] Installing rl_node script to /home/auria/src/install/rl_driver/lib/rl_driver
[4.257s] Installing train script to /home/auria/src/install/rl_driver/lib/rl_driver
[4.262s] writing list of installed files to '/home/auria/src/build/rl_driver/install.log'
[4.461s] Invoked command in '/home/auria/src/rl_driver' returned '0': PYTHONPATH=/home/auria/src/build/rl_driver/prefix_override:/home/auria/src/install/rl_driver/lib/python3.8/site-packages:${PYTHONPATH} /usr/bin/python3 setup.py egg_info --egg-base ../build/rl_driver build --build-base /home/auria/src/build/rl_driver/build install --record /home/auria/src/build/rl_driver/install.log --single-version-externally-managed
