[0.114s] Invoking command in '/home/auria/build/auria_msgs': /usr/bin/cmake /home/auria/src/auria_msgs -DCMAKE_INSTALL_PREFIX=/home/auria/install/auria_msgs
[0.831s] -- Configuring incomplete, errors occurred!
[0.837s] See also "/home/auria/build/auria_msgs/CMakeFiles/CMakeOutput.log".
[0.837s] CMake Error at CMakeLists.txt:4 (find_package):
[0.838s]   By not providing "Findament_cmake.cmake" in CMAKE_MODULE_PATH this project
[0.838s]   has asked CMake to find a package configuration file provided by
[0.838s]   "ament_cmake", but CMake did not find one.
[0.838s] 
[0.839s]   Could not find a package configuration file provided by "ament_cmake" with
[0.839s]   any of the following names:
[0.854s] 
[0.856s]     ament_cmakeConfig.cmake
[0.856s]     ament_cmake-config.cmake
[0.856s] 
[0.857s]   Add the installation prefix of "ament_cmake" to CMAKE_PREFIX_PATH or set
[0.857s]   "ament_cmake_DIR" to a directory containing one of the above files.  If
[0.868s]   "ament_cmake" provides a separate development package or SDK, be sure it
[0.869s]   has been installed.
[0.869s] 
[0.869s] 
[0.887s] Invoked command in '/home/auria/build/auria_msgs' returned '1': /usr/bin/cmake /home/auria/src/auria_msgs -DCMAKE_INSTALL_PREFIX=/home/auria/install/auria_msgs
