[2.326s] Invoking command in '/home/auria/src/rl_driver': PYTHONPATH=/home/auria/src/build/rl_driver/prefix_override:/home/auria/src/install/rl_driver/lib/python3.8/site-packages:${PYTHONPATH} /usr/bin/python3 setup.py egg_info --egg-base ../build/rl_driver build --build-base /home/auria/src/build/rl_driver/build install --record /home/auria/src/build/rl_driver/install.log --single-version-externally-managed
[3.126s] running egg_info
[3.129s] writing ../build/rl_driver/rl_driver.egg-info/PKG-INFO
[3.133s] writing dependency_links to ../build/rl_driver/rl_driver.egg-info/dependency_links.txt
[3.133s] writing entry points to ../build/rl_driver/rl_driver.egg-info/entry_points.txt
[3.135s] writing requirements to ../build/rl_driver/rl_driver.egg-info/requires.txt
[3.136s] writing top-level names to ../build/rl_driver/rl_driver.egg-info/top_level.txt
[3.260s] reading manifest file '../build/rl_driver/rl_driver.egg-info/SOURCES.txt'
[3.264s] writing manifest file '../build/rl_driver/rl_driver.egg-info/SOURCES.txt'
[3.265s] running build
[3.265s] running build_py
[3.266s] running install
[3.269s] running install_lib
[3.275s] running install_data
[3.277s] running install_egg_info
[3.283s] removing '/home/auria/src/install/rl_driver/lib/python3.8/site-packages/rl_driver-0.0.0-py3.8.egg-info' (and everything under it)
[3.285s] Copying ../build/rl_driver/rl_driver.egg-info to /home/auria/src/install/rl_driver/lib/python3.8/site-packages/rl_driver-0.0.0-py3.8.egg-info
[3.289s] running install_scripts
[3.352s] Installing rl_node script to /home/auria/src/install/rl_driver/lib/rl_driver
[3.354s] Installing train script to /home/auria/src/install/rl_driver/lib/rl_driver
[3.355s] writing list of installed files to '/home/auria/src/build/rl_driver/install.log'
[3.433s] Invoked command in '/home/auria/src/rl_driver' returned '0': PYTHONPATH=/home/auria/src/build/rl_driver/prefix_override:/home/auria/src/install/rl_driver/lib/python3.8/site-packages:${PYTHONPATH} /usr/bin/python3 setup.py egg_info --egg-base ../build/rl_driver build --build-base /home/auria/src/build/rl_driver/build install --record /home/auria/src/build/rl_driver/install.log --single-version-externally-managed
