[3.103s] Invoking command in '/home/auria/src/environment': PYTHONPATH=/home/auria/src/build/environment/prefix_override:/home/auria/src/install/environment/lib/python3.8/site-packages:/home/auria/src/install/auria_msgs/lib/python3.8/site-packages:/home/auria/src/install/rl_driver/lib/python3.8/site-packages:/home/auria/src/install/environment/lib/python3.8/site-packages:/opt/ros/galactic/lib/python3.8/site-packages /usr/bin/python3 setup.py egg_info --egg-base ../build/environment build --build-base /home/auria/src/build/environment/build install --record /home/auria/src/build/environment/install.log --single-version-externally-managed
[3.946s] running egg_info
[3.949s] writing ../build/environment/environment.egg-info/PKG-INFO
[3.949s] writing dependency_links to ../build/environment/environment.egg-info/dependency_links.txt
[3.949s] writing entry points to ../build/environment/environment.egg-info/entry_points.txt
[3.950s] writing requirements to ../build/environment/environment.egg-info/requires.txt
[3.950s] writing top-level names to ../build/environment/environment.egg-info/top_level.txt
[4.092s] reading manifest file '../build/environment/environment.egg-info/SOURCES.txt'
[4.101s] writing manifest file '../build/environment/environment.egg-info/SOURCES.txt'
[4.102s] running build
[4.104s] running build_py
[4.104s] running install
[4.108s] running install_lib
[4.116s] running install_data
[4.116s] running install_egg_info
[4.123s] removing '/home/auria/src/install/environment/lib/python3.8/site-packages/environment-0.1.0-py3.8.egg-info' (and everything under it)
[4.129s] Copying ../build/environment/environment.egg-info to /home/auria/src/install/environment/lib/python3.8/site-packages/environment-0.1.0-py3.8.egg-info
[4.131s] running install_scripts
[4.205s] Installing car script to /home/auria/src/install/environment/lib/environment
[4.206s] Installing env script to /home/auria/src/install/environment/lib/environment
[4.208s] writing list of installed files to '/home/auria/src/build/environment/install.log'
[4.292s] Invoked command in '/home/auria/src/environment' returned '0': PYTHONPATH=/home/auria/src/build/environment/prefix_override:/home/auria/src/install/environment/lib/python3.8/site-packages:/home/auria/src/install/auria_msgs/lib/python3.8/site-packages:/home/auria/src/install/rl_driver/lib/python3.8/site-packages:/home/auria/src/install/environment/lib/python3.8/site-packages:/opt/ros/galactic/lib/python3.8/site-packages /usr/bin/python3 setup.py egg_info --egg-base ../build/environment build --build-base /home/auria/src/build/environment/build install --record /home/auria/src/build/environment/install.log --single-version-externally-managed
