[3.463s] Invoking command in '/home/auria/src/environment': PYTHONPATH=/home/auria/src/build/environment/prefix_override:/home/auria/src/install/environment/lib/python3.8/site-packages:/home/auria/src/install/auria_msgs/lib/python3.8/site-packages:/home/auria/src/install/rl_driver/lib/python3.8/site-packages:/home/auria/src/install/environment/lib/python3.8/site-packages:/opt/ros/galactic/lib/python3.8/site-packages /usr/bin/python3 setup.py egg_info --egg-base ../build/environment build --build-base /home/auria/src/build/environment/build install --record /home/auria/src/build/environment/install.log --single-version-externally-managed
[4.408s] running egg_info
[4.413s] writing ../build/environment/environment.egg-info/PKG-INFO
[4.456s] writing dependency_links to ../build/environment/environment.egg-info/dependency_links.txt
[4.456s] writing entry points to ../build/environment/environment.egg-info/entry_points.txt
[4.457s] writing requirements to ../build/environment/environment.egg-info/requires.txt
[4.467s] writing top-level names to ../build/environment/environment.egg-info/top_level.txt
[4.637s] reading manifest file '../build/environment/environment.egg-info/SOURCES.txt'
[4.731s] writing manifest file '../build/environment/environment.egg-info/SOURCES.txt'
[4.754s] running build
[4.754s] running build_py
[4.763s] running install
[4.770s] running install_lib
[4.778s] running install_data
[4.780s] running install_egg_info
[4.812s] removing '/home/auria/src/install/environment/lib/python3.8/site-packages/environment-0.1.0-py3.8.egg-info' (and everything under it)
[4.813s] Copying ../build/environment/environment.egg-info to /home/auria/src/install/environment/lib/python3.8/site-packages/environment-0.1.0-py3.8.egg-info
[5.135s] running install_scripts
[5.319s] Installing car script to /home/auria/src/install/environment/lib/environment
[5.337s] Installing env script to /home/auria/src/install/environment/lib/environment
[5.375s] writing list of installed files to '/home/auria/src/build/environment/install.log'
[5.499s] Invoked command in '/home/auria/src/environment' returned '0': PYTHONPATH=/home/auria/src/build/environment/prefix_override:/home/auria/src/install/environment/lib/python3.8/site-packages:/home/auria/src/install/auria_msgs/lib/python3.8/site-packages:/home/auria/src/install/rl_driver/lib/python3.8/site-packages:/home/auria/src/install/environment/lib/python3.8/site-packages:/opt/ros/galactic/lib/python3.8/site-packages /usr/bin/python3 setup.py egg_info --egg-base ../build/environment build --build-base /home/auria/src/build/environment/build install --record /home/auria/src/build/environment/install.log --single-version-externally-managed
