[0.000000] (-) TimerEvent: {}
[0.003677] (-) JobUnselected: {'identifier': 'auria_msgs'}
[0.003859] (-) JobUnselected: {'identifier': 'environment'}
[0.003956] (rl_driver) JobQueued: {'identifier': 'rl_driver', 'dependencies': OrderedDict()}
[0.004046] (rl_driver) JobStarted: {'identifier': 'rl_driver'}
[0.100131] (-) TimerEvent: {}
[0.201478] (-) TimerEvent: {}
[0.302721] (-) TimerEvent: {}
[0.403768] (-) TimerEvent: {}
[0.506679] (-) TimerEvent: {}
[0.608129] (-) TimerEvent: {}
[0.710700] (-) TimerEvent: {}
[0.813272] (-) TimerEvent: {}
[0.916666] (-) TimerEvent: {}
[1.017702] (-) TimerEvent: {}
[1.120345] (-) TimerEvent: {}
[1.224663] (-) TimerEvent: {}
[1.326107] (-) TimerEvent: {}
[1.429669] (-) TimerEvent: {}
[1.530627] (-) TimerEvent: {}
[1.632732] (-) TimerEvent: {}
[1.734417] (-) TimerEvent: {}
[1.837002] (-) TimerEvent: {}
[1.941527] (-) TimerEvent: {}
[2.043885] (-) TimerEvent: {}
[2.145758] (-) TimerEvent: {}
[2.247741] (-) TimerEvent: {}
[2.348314] (-) TimerEvent: {}
[2.451778] (-) TimerEvent: {}
[2.552398] (-) TimerEvent: {}
[2.653471] (-) TimerEvent: {}
[2.666945] (rl_driver) Command: {'cmd': ['/usr/bin/python3', 'setup.py', 'egg_info', '--egg-base', '../build/rl_driver', 'build', '--build-base', '/home/auria/src/build/rl_driver/build', 'install', '--record', '/home/auria/src/build/rl_driver/install.log', '--single-version-externally-managed'], 'cwd': '/home/auria/src/rl_driver', 'env': {'HOSTNAME': 'Ventupentu-portatil', 'SHLVL': '1', 'LIBGL_ALWAYS_SOFTWARE': '1', 'LD_LIBRARY_PATH': '/home/auria/src/install/auria_msgs/lib:/opt/ros/galactic/opt/yaml_cpp_vendor/lib:/opt/ros/galactic/lib/x86_64-linux-gnu:/opt/ros/galactic/lib', 'HOME': '/home/auria', 'OLDPWD': '/home/auria', 'ROS_PYTHON_VERSION': '3', 'QT_QPA_PLATFORM_PLUGIN_PATH': '/usr/lib/x86_64-linux-gnu/qt5/plugins/platforms', 'COLCON_PREFIX_PATH': '/home/auria/src/install', 'ROS_DISTRO': 'galactic', '_': '/usr/bin/colcon', 'ROS_VERSION': '2', 'TERM': 'xterm', 'ROS_LOCALHOST_ONLY': '0', 'QT_X11_NO_MITSHM': '1', 'PATH': '/opt/ros/galactic/bin:/usr/local/sbin:/usr/local/bin:/usr/sbin:/usr/bin:/sbin:/bin', 'DISPLAY': ':0', 'LANG': 'C.UTF-8', 'AMENT_PREFIX_PATH': '/home/auria/src/install/rl_driver:/home/auria/src/install/environment:/home/auria/src/install/auria_msgs:/opt/ros/galactic', 'PWD': '/home/auria/src/build/rl_driver', 'LC_ALL': 'C.UTF-8', 'PYTHONPATH': '/home/auria/src/build/rl_driver/prefix_override:/home/auria/src/install/rl_driver/lib/python3.8/site-packages:/home/auria/src/install/rl_driver/lib/python3.8/site-packages:/home/auria/src/install/environment/lib/python3.8/site-packages:/home/auria/src/install/auria_msgs/lib/python3.8/site-packages:/opt/ros/galactic/lib/python3.8/site-packages', 'COLCON': '1', 'CMAKE_PREFIX_PATH': '/home/auria/src/install/auria_msgs'}, 'shell': False}
[2.753785] (-) TimerEvent: {}
[2.857151] (-) TimerEvent: {}
[2.963941] (-) TimerEvent: {}
[3.065280] (-) TimerEvent: {}
[3.168313] (-) TimerEvent: {}
[3.269750] (-) TimerEvent: {}
[3.370729] (-) TimerEvent: {}
[3.475023] (-) TimerEvent: {}
[3.577158] (-) TimerEvent: {}
[3.652862] (rl_driver) StdoutLine: {'line': b'running egg_info\n'}
[3.656251] (rl_driver) StdoutLine: {'line': b'writing ../build/rl_driver/rl_driver.egg-info/PKG-INFO\n'}
[3.656782] (rl_driver) StdoutLine: {'line': b'writing dependency_links to ../build/rl_driver/rl_driver.egg-info/dependency_links.txt\n'}
[3.659898] (rl_driver) StdoutLine: {'line': b'writing entry points to ../build/rl_driver/rl_driver.egg-info/entry_points.txt\n'}
[3.660251] (rl_driver) StdoutLine: {'line': b'writing requirements to ../build/rl_driver/rl_driver.egg-info/requires.txt\n'}
[3.660580] (rl_driver) StdoutLine: {'line': b'writing top-level names to ../build/rl_driver/rl_driver.egg-info/top_level.txt\n'}
[3.677328] (-) TimerEvent: {}
[3.780964] (-) TimerEvent: {}
[3.826774] (rl_driver) StdoutLine: {'line': b"reading manifest file '../build/rl_driver/rl_driver.egg-info/SOURCES.txt'\n"}
[3.835823] (rl_driver) StdoutLine: {'line': b"writing manifest file '../build/rl_driver/rl_driver.egg-info/SOURCES.txt'\n"}
[3.836342] (rl_driver) StdoutLine: {'line': b'running build\n'}
[3.836790] (rl_driver) StdoutLine: {'line': b'running build_py\n'}
[3.837114] (rl_driver) StdoutLine: {'line': b'copying rl_driver/rl_node.py -> /home/auria/src/build/rl_driver/build/lib/rl_driver\n'}
[3.839817] (rl_driver) StdoutLine: {'line': b'running install\n'}
[3.845032] (rl_driver) StdoutLine: {'line': b'running install_lib\n'}
[3.852870] (rl_driver) StdoutLine: {'line': b'copying /home/auria/src/build/rl_driver/build/lib/rl_driver/rl_node.py -> /home/auria/src/install/rl_driver/lib/python3.8/site-packages/rl_driver\n'}
[3.858044] (rl_driver) StdoutLine: {'line': b'byte-compiling /home/auria/src/install/rl_driver/lib/python3.8/site-packages/rl_driver/rl_node.py to rl_node.cpython-38.pyc\n'}
[3.869661] (rl_driver) StdoutLine: {'line': b'running install_data\n'}
[3.881078] (-) TimerEvent: {}
[3.891134] (rl_driver) StdoutLine: {'line': b'running install_egg_info\n'}
[3.912958] (rl_driver) StdoutLine: {'line': b"removing '/home/auria/src/install/rl_driver/lib/python3.8/site-packages/rl_driver-0.0.0-py3.8.egg-info' (and everything under it)\n"}
[3.916664] (rl_driver) StdoutLine: {'line': b'Copying ../build/rl_driver/rl_driver.egg-info to /home/auria/src/install/rl_driver/lib/python3.8/site-packages/rl_driver-0.0.0-py3.8.egg-info\n'}
[3.922222] (rl_driver) StdoutLine: {'line': b'running install_scripts\n'}
[3.981241] (-) TimerEvent: {}
[4.025621] (rl_driver) StdoutLine: {'line': b'Installing rl_node script to /home/auria/src/install/rl_driver/lib/rl_driver\n'}
[4.027914] (rl_driver) StdoutLine: {'line': b'Installing train script to /home/auria/src/install/rl_driver/lib/rl_driver\n'}
[4.028954] (rl_driver) StdoutLine: {'line': b"writing list of installed files to '/home/auria/src/build/rl_driver/install.log'\n"}
[4.081703] (-) TimerEvent: {}
[4.129854] (rl_driver) CommandEnded: {'returncode': 0}
[4.184227] (-) TimerEvent: {}
[4.284834] (rl_driver) JobEnded: {'identifier': 'rl_driver', 'rc': 0}
[4.286373] (-) TimerEvent: {}
[4.292675] (-) EventReactorShutdown: {}
