[4.495s] Invoking command in '/home/auria/src/rl_driver': PYTHONPATH=/home/auria/src/build/rl_driver/prefix_override:/home/auria/src/install/rl_driver/lib/python3.8/site-packages:${PYTHONPATH} /usr/bin/python3 setup.py egg_info --egg-base ../build/rl_driver build --build-base /home/auria/src/build/rl_driver/build install --record /home/auria/src/build/rl_driver/install.log --single-version-externally-managed
[5.879s] running egg_info
[5.886s] writing ../build/rl_driver/rl_driver.egg-info/PKG-INFO
[5.886s] writing dependency_links to ../build/rl_driver/rl_driver.egg-info/dependency_links.txt
[5.887s] writing entry points to ../build/rl_driver/rl_driver.egg-info/entry_points.txt
[5.898s] writing requirements to ../build/rl_driver/rl_driver.egg-info/requires.txt
[5.902s] writing top-level names to ../build/rl_driver/rl_driver.egg-info/top_level.txt
[6.139s] reading manifest file '../build/rl_driver/rl_driver.egg-info/SOURCES.txt'
[6.145s] writing manifest file '../build/rl_driver/rl_driver.egg-info/SOURCES.txt'
[6.146s] running build
[6.146s] running build_py
[6.149s] copying rl_driver/train.py -> /home/auria/src/build/rl_driver/build/lib/rl_driver
[6.154s] running install
[6.154s] running install_lib
[6.155s] copying /home/auria/src/build/rl_driver/build/lib/rl_driver/train.py -> /home/auria/src/install/rl_driver/lib/python3.8/site-packages/rl_driver
[6.165s] byte-compiling /home/auria/src/install/rl_driver/lib/python3.8/site-packages/rl_driver/train.py to train.cpython-38.pyc
[6.166s] running install_data
[6.166s] running install_egg_info
[6.185s] removing '/home/auria/src/install/rl_driver/lib/python3.8/site-packages/rl_driver-0.0.0-py3.8.egg-info' (and everything under it)
[6.186s] Copying ../build/rl_driver/rl_driver.egg-info to /home/auria/src/install/rl_driver/lib/python3.8/site-packages/rl_driver-0.0.0-py3.8.egg-info
[6.187s] running install_scripts
[6.267s] Installing rl_node script to /home/auria/src/install/rl_driver/lib/rl_driver
[6.269s] Installing train script to /home/auria/src/install/rl_driver/lib/rl_driver
[6.273s] writing list of installed files to '/home/auria/src/build/rl_driver/install.log'
[6.358s] Invoked command in '/home/auria/src/rl_driver' returned '0': PYTHONPATH=/home/auria/src/build/rl_driver/prefix_override:/home/auria/src/install/rl_driver/lib/python3.8/site-packages:${PYTHONPATH} /usr/bin/python3 setup.py egg_info --egg-base ../build/rl_driver build --build-base /home/auria/src/build/rl_driver/build install --record /home/auria/src/build/rl_driver/install.log --single-version-externally-managed
