[3.100s] Invoking command in '/home/auria/src/rl_driver': PYTHONPATH=/home/auria/src/build/rl_driver/prefix_override:/home/auria/src/install/rl_driver/lib/python3.8/site-packages:${PYTHONPATH} /usr/bin/python3 setup.py egg_info --egg-base ../build/rl_driver build --build-base /home/auria/src/build/rl_driver/build install --record /home/auria/src/build/rl_driver/install.log --single-version-externally-managed
[4.257s] running egg_info
[4.260s] writing ../build/rl_driver/rl_driver.egg-info/PKG-INFO
[4.261s] writing dependency_links to ../build/rl_driver/rl_driver.egg-info/dependency_links.txt
[4.265s] writing entry points to ../build/rl_driver/rl_driver.egg-info/entry_points.txt
[4.265s] writing requirements to ../build/rl_driver/rl_driver.egg-info/requires.txt
[4.266s] writing top-level names to ../build/rl_driver/rl_driver.egg-info/top_level.txt
[4.498s] reading manifest file '../build/rl_driver/rl_driver.egg-info/SOURCES.txt'
[4.502s] writing manifest file '../build/rl_driver/rl_driver.egg-info/SOURCES.txt'
[4.503s] running build
[4.506s] running build_py
[4.510s] running install
[4.520s] running install_lib
[4.537s] running install_data
[4.544s] running install_egg_info
[4.571s] removing '/home/auria/src/install/rl_driver/lib/python3.8/site-packages/rl_driver-0.0.0-py3.8.egg-info' (and everything under it)
[4.572s] Copying ../build/rl_driver/rl_driver.egg-info to /home/auria/src/install/rl_driver/lib/python3.8/site-packages/rl_driver-0.0.0-py3.8.egg-info
[4.579s] running install_scripts
[4.737s] Installing rl_node script to /home/auria/src/install/rl_driver/lib/rl_driver
[4.738s] Installing train script to /home/auria/src/install/rl_driver/lib/rl_driver
[4.741s] writing list of installed files to '/home/auria/src/build/rl_driver/install.log'
[4.922s] Invoked command in '/home/auria/src/rl_driver' returned '0': PYTHONPATH=/home/auria/src/build/rl_driver/prefix_override:/home/auria/src/install/rl_driver/lib/python3.8/site-packages:${PYTHONPATH} /usr/bin/python3 setup.py egg_info --egg-base ../build/rl_driver build --build-base /home/auria/src/build/rl_driver/build install --record /home/auria/src/build/rl_driver/install.log --single-version-externally-managed
