[0.000000] (-) TimerEvent: {}
[0.000555] (-) JobUnselected: {'identifier': 'auria_msgs'}
[0.000759] (-) JobUnselected: {'identifier': 'environment'}
[0.000859] (rl_driver) JobQueued: {'identifier': 'rl_driver', 'dependencies': OrderedDict()}
[0.000980] (rl_driver) JobStarted: {'identifier': 'rl_driver'}
[0.097565] (-) TimerEvent: {}
[0.199963] (-) TimerEvent: {}
[0.300628] (-) TimerEvent: {}
[0.401954] (-) TimerEvent: {}
[0.502838] (-) TimerEvent: {}
[0.604107] (-) TimerEvent: {}
[0.705008] (-) TimerEvent: {}
[0.807029] (-) TimerEvent: {}
[0.910735] (-) TimerEvent: {}
[1.022728] (-) TimerEvent: {}
[1.125486] (-) TimerEvent: {}
[1.226067] (-) TimerEvent: {}
[1.327142] (-) TimerEvent: {}
[1.428880] (-) TimerEvent: {}
[1.529848] (-) TimerEvent: {}
[1.631011] (-) TimerEvent: {}
[1.731905] (-) TimerEvent: {}
[1.833380] (-) TimerEvent: {}
[1.935176] (-) TimerEvent: {}
[2.035742] (-) TimerEvent: {}
[2.137581] (-) TimerEvent: {}
[2.238219] (-) TimerEvent: {}
[2.290105] (rl_driver) Command: {'cmd': ['/usr/bin/python3', 'setup.py', 'egg_info', '--egg-base', '../build/rl_driver', 'build', '--build-base', '/home/auria/src/build/rl_driver/build', 'install', '--record', '/home/auria/src/build/rl_driver/install.log', '--single-version-externally-managed'], 'cwd': '/home/auria/src/rl_driver', 'env': {'HOSTNAME': 'Ventupentu-portatil', 'SHLVL': '1', 'LIBGL_ALWAYS_SOFTWARE': '1', 'LD_LIBRARY_PATH': '/home/auria/src/install/auria_msgs/lib:/opt/ros/galactic/opt/yaml_cpp_vendor/lib:/opt/ros/galactic/lib/x86_64-linux-gnu:/opt/ros/galactic/lib', 'HOME': '/home/auria', 'OLDPWD': '/home/auria', 'ROS_PYTHON_VERSION': '3', 'QT_QPA_PLATFORM_PLUGIN_PATH': '/usr/lib/x86_64-linux-gnu/qt5/plugins/platforms', 'COLCON_PREFIX_PATH': '/home/auria/src/install', 'ROS_DISTRO': 'galactic', '_': '/usr/bin/colcon', 'ROS_VERSION': '2', 'TERM': 'xterm', 'ROS_LOCALHOST_ONLY': '0', 'QT_X11_NO_MITSHM': '1', 'PATH': '/opt/ros/galactic/bin:/usr/local/sbin:/usr/local/bin:/usr/sbin:/usr/bin:/sbin:/bin', 'DISPLAY': ':0', 'LANG': 'C.UTF-8', 'AMENT_PREFIX_PATH': '/home/auria/src/install/rl_driver:/home/auria/src/install/environment:/home/auria/src/install/auria_msgs:/opt/ros/galactic', 'PWD': '/home/auria/src/build/rl_driver', 'LC_ALL': 'C.UTF-8', 'PYTHONPATH': '/home/auria/src/build/rl_driver/prefix_override:/home/auria/src/install/rl_driver/lib/python3.8/site-packages:/home/auria/src/install/rl_driver/lib/python3.8/site-packages:/home/auria/src/install/environment/lib/python3.8/site-packages:/home/auria/src/install/auria_msgs/lib/python3.8/site-packages:/opt/ros/galactic/lib/python3.8/site-packages', 'COLCON': '1', 'CMAKE_PREFIX_PATH': '/home/auria/src/install/auria_msgs'}, 'shell': False}
[2.338480] (-) TimerEvent: {}
[2.439416] (-) TimerEvent: {}
[2.540328] (-) TimerEvent: {}
[2.642995] (-) TimerEvent: {}
[2.744003] (-) TimerEvent: {}
[2.845088] (-) TimerEvent: {}
[2.946078] (-) TimerEvent: {}
[3.050996] (-) TimerEvent: {}
[3.098471] (rl_driver) StdoutLine: {'line': b'running egg_info\n'}
[3.100766] (rl_driver) StdoutLine: {'line': b'writing ../build/rl_driver/rl_driver.egg-info/PKG-INFO\n'}
[3.101992] (rl_driver) StdoutLine: {'line': b'writing dependency_links to ../build/rl_driver/rl_driver.egg-info/dependency_links.txt\n'}
[3.102530] (rl_driver) StdoutLine: {'line': b'writing entry points to ../build/rl_driver/rl_driver.egg-info/entry_points.txt\n'}
[3.102955] (rl_driver) StdoutLine: {'line': b'writing requirements to ../build/rl_driver/rl_driver.egg-info/requires.txt\n'}
[3.103276] (rl_driver) StdoutLine: {'line': b'writing top-level names to ../build/rl_driver/rl_driver.egg-info/top_level.txt\n'}
[3.151142] (-) TimerEvent: {}
[3.243025] (rl_driver) StdoutLine: {'line': b"reading manifest file '../build/rl_driver/rl_driver.egg-info/SOURCES.txt'\n"}
[3.246550] (rl_driver) StdoutLine: {'line': b"writing manifest file '../build/rl_driver/rl_driver.egg-info/SOURCES.txt'\n"}
[3.248455] (rl_driver) StdoutLine: {'line': b'running build\n'}
[3.249123] (rl_driver) StdoutLine: {'line': b'running build_py\n'}
[3.249474] (rl_driver) StdoutLine: {'line': b'copying rl_driver/ros2_env.py -> /home/auria/src/build/rl_driver/build/lib/rl_driver\n'}
[3.251216] (rl_driver) StdoutLine: {'line': b'running install\n'}
[3.251629] (-) TimerEvent: {}
[3.255268] (rl_driver) StdoutLine: {'line': b'running install_lib\n'}
[3.261134] (rl_driver) StdoutLine: {'line': b'copying /home/auria/src/build/rl_driver/build/lib/rl_driver/ros2_env.py -> /home/auria/src/install/rl_driver/lib/python3.8/site-packages/rl_driver\n'}
[3.265027] (rl_driver) StdoutLine: {'line': b'byte-compiling /home/auria/src/install/rl_driver/lib/python3.8/site-packages/rl_driver/ros2_env.py to ros2_env.cpython-38.pyc\n'}
[3.275285] (rl_driver) StdoutLine: {'line': b'running install_data\n'}
[3.277060] (rl_driver) StdoutLine: {'line': b'running install_egg_info\n'}
[3.284427] (rl_driver) StdoutLine: {'line': b"removing '/home/auria/src/install/rl_driver/lib/python3.8/site-packages/rl_driver-0.0.0-py3.8.egg-info' (and everything under it)\n"}
[3.284943] (rl_driver) StdoutLine: {'line': b'Copying ../build/rl_driver/rl_driver.egg-info to /home/auria/src/install/rl_driver/lib/python3.8/site-packages/rl_driver-0.0.0-py3.8.egg-info\n'}
[3.291266] (rl_driver) StdoutLine: {'line': b'running install_scripts\n'}
[3.352003] (-) TimerEvent: {}
[3.362321] (rl_driver) StdoutLine: {'line': b'Installing rl_node script to /home/auria/src/install/rl_driver/lib/rl_driver\n'}
[3.363940] (rl_driver) StdoutLine: {'line': b'Installing train script to /home/auria/src/install/rl_driver/lib/rl_driver\n'}
[3.366630] (rl_driver) StdoutLine: {'line': b"writing list of installed files to '/home/auria/src/build/rl_driver/install.log'\n"}
[3.439697] (rl_driver) CommandEnded: {'returncode': 0}
[3.452203] (-) TimerEvent: {}
[3.511696] (rl_driver) JobEnded: {'identifier': 'rl_driver', 'rc': 0}
[3.521880] (-) EventReactorShutdown: {}
