[2.727s] Invoking command in '/home/auria/src/rl_driver': PYTHONPATH=/home/auria/src/build/rl_driver/prefix_override:/home/auria/src/install/rl_driver/lib/python3.8/site-packages:${PYTHONPATH} /usr/bin/python3 setup.py egg_info --egg-base ../build/rl_driver build --build-base /home/auria/src/build/rl_driver/build install --record /home/auria/src/build/rl_driver/install.log --single-version-externally-managed
[3.622s] running egg_info
[3.629s] writing ../build/rl_driver/rl_driver.egg-info/PKG-INFO
[3.632s] writing dependency_links to ../build/rl_driver/rl_driver.egg-info/dependency_links.txt
[3.633s] writing entry points to ../build/rl_driver/rl_driver.egg-info/entry_points.txt
[3.633s] writing requirements to ../build/rl_driver/rl_driver.egg-info/requires.txt
[3.634s] writing top-level names to ../build/rl_driver/rl_driver.egg-info/top_level.txt
[3.777s] reading manifest file '../build/rl_driver/rl_driver.egg-info/SOURCES.txt'
[3.785s] writing manifest file '../build/rl_driver/rl_driver.egg-info/SOURCES.txt'
[3.788s] running build
[3.789s] running build_py
[3.789s] copying rl_driver/train.py -> /home/auria/src/build/rl_driver/build/lib/rl_driver
[3.792s] running install
[3.797s] running install_lib
[3.805s] copying /home/auria/src/build/rl_driver/build/lib/rl_driver/train.py -> /home/auria/src/install/rl_driver/lib/python3.8/site-packages/rl_driver
[3.812s] byte-compiling /home/auria/src/install/rl_driver/lib/python3.8/site-packages/rl_driver/train.py to train.cpython-38.pyc
[3.819s] running install_data
[3.823s] running install_egg_info
[3.836s] removing '/home/auria/src/install/rl_driver/lib/python3.8/site-packages/rl_driver-0.0.0-py3.8.egg-info' (and everything under it)
[3.839s] Copying ../build/rl_driver/rl_driver.egg-info to /home/auria/src/install/rl_driver/lib/python3.8/site-packages/rl_driver-0.0.0-py3.8.egg-info
[3.847s] running install_scripts
[3.966s] Installing rl_node script to /home/auria/src/install/rl_driver/lib/rl_driver
[3.966s] Installing train script to /home/auria/src/install/rl_driver/lib/rl_driver
[3.974s] writing list of installed files to '/home/auria/src/build/rl_driver/install.log'
[4.140s] Invoked command in '/home/auria/src/rl_driver' returned '0': PYTHONPATH=/home/auria/src/build/rl_driver/prefix_override:/home/auria/src/install/rl_driver/lib/python3.8/site-packages:${PYTHONPATH} /usr/bin/python3 setup.py egg_info --egg-base ../build/rl_driver build --build-base /home/auria/src/build/rl_driver/build install --record /home/auria/src/build/rl_driver/install.log --single-version-externally-managed
