[2.060s] Invoking command in '/home/auria/src/environment': AMENT_PREFIX_PATH=/home/auria/install/auria_msgs:${AMENT_PREFIX_PATH} CMAKE_PREFIX_PATH=/home/auria/install/auria_msgs LD_LIBRARY_PATH=/home/auria/install/auria_msgs/lib:${LD_LIBRARY_PATH} PYTHONPATH=/home/auria/build/environment/prefix_override:/home/auria/install/environment/lib/python3.8/site-packages:/home/auria/install/auria_msgs/lib/python3.8/site-packages:${PYTHONPATH} /usr/bin/python3 setup.py egg_info --egg-base ../../build/environment build --build-base /home/auria/build/environment/build install --record /home/auria/build/environment/install.log --single-version-externally-managed
[2.770s] running egg_info
[2.772s] creating ../../build/environment/environment.egg-info
[2.772s] writing ../../build/environment/environment.egg-info/PKG-INFO
[2.773s] writing dependency_links to ../../build/environment/environment.egg-info/dependency_links.txt
[2.774s] writing entry points to ../../build/environment/environment.egg-info/entry_points.txt
[2.774s] writing requirements to ../../build/environment/environment.egg-info/requires.txt
[2.775s] writing top-level names to ../../build/environment/environment.egg-info/top_level.txt
[2.779s] writing manifest file '../../build/environment/environment.egg-info/SOURCES.txt'
[2.905s] reading manifest file '../../build/environment/environment.egg-info/SOURCES.txt'
[2.908s] writing manifest file '../../build/environment/environment.egg-info/SOURCES.txt'
[2.909s] running build
[2.909s] running build_py
[2.909s] creating /home/auria/build/environment/build
[2.910s] creating /home/auria/build/environment/build/lib
[2.910s] creating /home/auria/build/environment/build/lib/environment
[2.911s] copying environment/__init__.py -> /home/auria/build/environment/build/lib/environment
[2.911s] copying environment/environment.py -> /home/auria/build/environment/build/lib/environment
[2.911s] copying environment/car.py -> /home/auria/build/environment/build/lib/environment
[2.912s] running install
[2.914s] running install_lib
[2.917s] creating /home/auria/install/environment/lib/python3.8/site-packages/environment
[2.918s] copying /home/auria/build/environment/build/lib/environment/__init__.py -> /home/auria/install/environment/lib/python3.8/site-packages/environment
[2.918s] copying /home/auria/build/environment/build/lib/environment/environment.py -> /home/auria/install/environment/lib/python3.8/site-packages/environment
[2.919s] copying /home/auria/build/environment/build/lib/environment/car.py -> /home/auria/install/environment/lib/python3.8/site-packages/environment
[2.920s] byte-compiling /home/auria/install/environment/lib/python3.8/site-packages/environment/__init__.py to __init__.cpython-38.pyc
[2.924s] byte-compiling /home/auria/install/environment/lib/python3.8/site-packages/environment/environment.py to environment.cpython-38.pyc
[2.929s] byte-compiling /home/auria/install/environment/lib/python3.8/site-packages/environment/car.py to car.cpython-38.pyc
[2.931s] running install_data
[2.933s] creating /home/auria/install/environment/share/ament_index
[2.934s] creating /home/auria/install/environment/share/ament_index/resource_index
[2.934s] creating /home/auria/install/environment/share/ament_index/resource_index/packages
[2.934s] copying resource/environment -> /home/auria/install/environment/share/ament_index/resource_index/packages
[2.935s] copying package.xml -> /home/auria/install/environment/share/environment
[2.935s] creating /home/auria/install/environment/share/environment/tracks
[2.935s] copying tracks/circular.csv -> /home/auria/install/environment/share/environment/tracks
[2.936s] copying tracks/acceleration.csv -> /home/auria/install/environment/share/environment/tracks
[2.936s] copying tracks/small_track.csv -> /home/auria/install/environment/share/environment/tracks
[2.936s] creating /home/auria/install/environment/share/environment/launch
[2.937s] copying launch/launch_env.py -> /home/auria/install/environment/share/environment/launch
[2.937s] running install_egg_info
[2.942s] Copying ../../build/environment/environment.egg-info to /home/auria/install/environment/lib/python3.8/site-packages/environment-0.1.0-py3.8.egg-info
[2.946s] running install_scripts
[3.011s] Installing car script to /home/auria/install/environment/lib/environment
[3.012s] Installing env script to /home/auria/install/environment/lib/environment
[3.013s] writing list of installed files to '/home/auria/build/environment/install.log'
[3.082s] Invoked command in '/home/auria/src/environment' returned '0': AMENT_PREFIX_PATH=/home/auria/install/auria_msgs:${AMENT_PREFIX_PATH} CMAKE_PREFIX_PATH=/home/auria/install/auria_msgs LD_LIBRARY_PATH=/home/auria/install/auria_msgs/lib:${LD_LIBRARY_PATH} PYTHONPATH=/home/auria/build/environment/prefix_override:/home/auria/install/environment/lib/python3.8/site-packages:/home/auria/install/auria_msgs/lib/python3.8/site-packages:${PYTHONPATH} /usr/bin/python3 setup.py egg_info --egg-base ../../build/environment build --build-base /home/auria/build/environment/build install --record /home/auria/build/environment/install.log --single-version-externally-managed
