[0.000000] (-) TimerEvent: {}
[0.006638] (-) JobUnselected: {'identifier': 'auria_msgs'}
[0.006832] (-) JobUnselected: {'identifier': 'environment'}
[0.006943] (rl_driver) JobQueued: {'identifier': 'rl_driver', 'dependencies': OrderedDict()}
[0.007040] (rl_driver) JobStarted: {'identifier': 'rl_driver'}
[0.099351] (-) TimerEvent: {}
[0.204637] (-) TimerEvent: {}
[0.305907] (-) TimerEvent: {}
[0.423599] (-) TimerEvent: {}
[0.527630] (-) TimerEvent: {}
[0.628406] (-) TimerEvent: {}
[0.735990] (-) TimerEvent: {}
[0.838200] (-) TimerEvent: {}
[0.939476] (-) TimerEvent: {}
[1.044047] (-) TimerEvent: {}
[1.149621] (-) TimerEvent: {}
[1.256655] (-) TimerEvent: {}
[1.360896] (-) TimerEvent: {}
[1.463588] (-) TimerEvent: {}
[1.564146] (-) TimerEvent: {}
[1.664777] (-) TimerEvent: {}
[1.768600] (-) TimerEvent: {}
[1.869580] (-) TimerEvent: {}
[1.970736] (-) TimerEvent: {}
[2.073937] (-) TimerEvent: {}
[2.174539] (-) TimerEvent: {}
[2.275329] (-) TimerEvent: {}
[2.378594] (-) TimerEvent: {}
[2.479592] (-) TimerEvent: {}
[2.581605] (-) TimerEvent: {}
[2.683469] (-) TimerEvent: {}
[2.787666] (-) TimerEvent: {}
[2.889617] (-) TimerEvent: {}
[2.990327] (-) TimerEvent: {}
[3.091214] (-) TimerEvent: {}
[3.192770] (-) TimerEvent: {}
[3.229841] (rl_driver) Command: {'cmd': ['/usr/bin/python3', 'setup.py', 'egg_info', '--egg-base', '../build/rl_driver', 'build', '--build-base', '/home/auria/src/build/rl_driver/build', 'install', '--record', '/home/auria/src/build/rl_driver/install.log', '--single-version-externally-managed'], 'cwd': '/home/auria/src/rl_driver', 'env': {'HOSTNAME': 'Ventupentu-portatil', 'SHLVL': '1', 'LIBGL_ALWAYS_SOFTWARE': '1', 'LD_LIBRARY_PATH': '/home/auria/src/install/auria_msgs/lib:/opt/ros/galactic/opt/yaml_cpp_vendor/lib:/opt/ros/galactic/lib/x86_64-linux-gnu:/opt/ros/galactic/lib', 'HOME': '/home/auria', 'OLDPWD': '/home/auria', 'ROS_PYTHON_VERSION': '3', 'QT_QPA_PLATFORM_PLUGIN_PATH': '/usr/lib/x86_64-linux-gnu/qt5/plugins/platforms', 'COLCON_PREFIX_PATH': '/home/auria/src/install', 'ROS_DISTRO': 'galactic', '_': '/usr/bin/colcon', 'ROS_VERSION': '2', 'TERM': 'xterm', 'ROS_LOCALHOST_ONLY': '0', 'QT_X11_NO_MITSHM': '1', 'PATH': '/opt/ros/galactic/bin:/usr/local/sbin:/usr/local/bin:/usr/sbin:/usr/bin:/sbin:/bin', 'DISPLAY': ':0', 'LANG': 'C.UTF-8', 'AMENT_PREFIX_PATH': '/home/auria/src/install/rl_driver:/home/auria/src/install/environment:/home/auria/src/install/auria_msgs:/opt/ros/galactic', 'PWD': '/home/auria/src/build/rl_driver', 'LC_ALL': 'C.UTF-8', 'PYTHONPATH': '/home/auria/src/build/rl_driver/prefix_override:/home/auria/src/install/rl_driver/lib/python3.8/site-packages:/home/auria/src/install/rl_driver/lib/python3.8/site-packages:/home/auria/src/install/environment/lib/python3.8/site-packages:/home/auria/src/install/auria_msgs/lib/python3.8/site-packages:/opt/ros/galactic/lib/python3.8/site-packages', 'COLCON': '1', 'CMAKE_PREFIX_PATH': '/home/auria/src/install/auria_msgs'}, 'shell': False}
[3.293305] (-) TimerEvent: {}
[3.397404] (-) TimerEvent: {}
[3.498620] (-) TimerEvent: {}
[3.602085] (-) TimerEvent: {}
[3.702748] (-) TimerEvent: {}
[3.803905] (-) TimerEvent: {}
[3.905806] (-) TimerEvent: {}
[4.013267] (-) TimerEvent: {}
[4.114358] (-) TimerEvent: {}
[4.218616] (-) TimerEvent: {}
[4.321763] (-) TimerEvent: {}
[4.426671] (-) TimerEvent: {}
[4.529041] (-) TimerEvent: {}
[4.629621] (-) TimerEvent: {}
[4.648980] (rl_driver) StdoutLine: {'line': b'running egg_info\n'}
[4.650282] (rl_driver) StdoutLine: {'line': b'writing ../build/rl_driver/rl_driver.egg-info/PKG-INFO\n'}
[4.652788] (rl_driver) StdoutLine: {'line': b'writing dependency_links to ../build/rl_driver/rl_driver.egg-info/dependency_links.txt\n'}
[4.654576] (rl_driver) StdoutLine: {'line': b'writing entry points to ../build/rl_driver/rl_driver.egg-info/entry_points.txt\n'}
[4.656729] (rl_driver) StdoutLine: {'line': b'writing requirements to ../build/rl_driver/rl_driver.egg-info/requires.txt\n'}
[4.657200] (rl_driver) StdoutLine: {'line': b'writing top-level names to ../build/rl_driver/rl_driver.egg-info/top_level.txt\n'}
[4.729769] (-) TimerEvent: {}
[4.830612] (rl_driver) StdoutLine: {'line': b"reading manifest file '../build/rl_driver/rl_driver.egg-info/SOURCES.txt'\n"}
[4.832129] (-) TimerEvent: {}
[4.838836] (rl_driver) StdoutLine: {'line': b"writing manifest file '../build/rl_driver/rl_driver.egg-info/SOURCES.txt'\n"}
[4.840635] (rl_driver) StdoutLine: {'line': b'running build\n'}
[4.841125] (rl_driver) StdoutLine: {'line': b'running build_py\n'}
[4.844076] (rl_driver) StdoutLine: {'line': b'copying rl_driver/rl_node.py -> /home/auria/src/build/rl_driver/build/lib/rl_driver\n'}
[4.845142] (rl_driver) StdoutLine: {'line': b'running install\n'}
[4.850916] (rl_driver) StdoutLine: {'line': b'running install_lib\n'}
[4.860032] (rl_driver) StdoutLine: {'line': b'copying /home/auria/src/build/rl_driver/build/lib/rl_driver/rl_node.py -> /home/auria/src/install/rl_driver/lib/python3.8/site-packages/rl_driver\n'}
[4.865620] (rl_driver) StdoutLine: {'line': b'byte-compiling /home/auria/src/install/rl_driver/lib/python3.8/site-packages/rl_driver/rl_node.py to rl_node.cpython-38.pyc\n'}
[4.872987] (rl_driver) StdoutLine: {'line': b'running install_data\n'}
[4.873691] (rl_driver) StdoutLine: {'line': b'running install_egg_info\n'}
[4.881489] (rl_driver) StdoutLine: {'line': b"removing '/home/auria/src/install/rl_driver/lib/python3.8/site-packages/rl_driver-0.0.0-py3.8.egg-info' (and everything under it)\n"}
[4.885145] (rl_driver) StdoutLine: {'line': b'Copying ../build/rl_driver/rl_driver.egg-info to /home/auria/src/install/rl_driver/lib/python3.8/site-packages/rl_driver-0.0.0-py3.8.egg-info\n'}
[4.897887] (rl_driver) StdoutLine: {'line': b'running install_scripts\n'}
[4.933592] (-) TimerEvent: {}
[4.985621] (rl_driver) StdoutLine: {'line': b'Installing rl_node script to /home/auria/src/install/rl_driver/lib/rl_driver\n'}
[4.987614] (rl_driver) StdoutLine: {'line': b'Installing train script to /home/auria/src/install/rl_driver/lib/rl_driver\n'}
[4.990752] (rl_driver) StdoutLine: {'line': b"writing list of installed files to '/home/auria/src/build/rl_driver/install.log'\n"}
[5.033752] (-) TimerEvent: {}
[5.079630] (rl_driver) CommandEnded: {'returncode': 0}
[5.134671] (-) TimerEvent: {}
[5.173545] (rl_driver) JobEnded: {'identifier': 'rl_driver', 'rc': 0}
[5.183301] (-) EventReactorShutdown: {}
