[2.932s] Invoking command in '/home/auria/src/environment': PYTHONPATH=/home/auria/src/build/environment/prefix_override:/home/auria/src/install/environment/lib/python3.8/site-packages:/home/auria/src/install/auria_msgs/lib/python3.8/site-packages:/home/auria/src/install/rl_driver/lib/python3.8/site-packages:/home/auria/src/install/environment/lib/python3.8/site-packages:/opt/ros/galactic/lib/python3.8/site-packages /usr/bin/python3 setup.py egg_info --egg-base ../build/environment build --build-base /home/auria/src/build/environment/build install --record /home/auria/src/build/environment/install.log --single-version-externally-managed
[3.817s] running egg_info
[3.820s] writing ../build/environment/environment.egg-info/PKG-INFO
[3.975s] writing dependency_links to ../build/environment/environment.egg-info/dependency_links.txt
[3.978s] writing entry points to ../build/environment/environment.egg-info/entry_points.txt
[3.978s] writing requirements to ../build/environment/environment.egg-info/requires.txt
[3.979s] writing top-level names to ../build/environment/environment.egg-info/top_level.txt
[4.181s] reading manifest file '../build/environment/environment.egg-info/SOURCES.txt'
[4.188s] writing manifest file '../build/environment/environment.egg-info/SOURCES.txt'
[4.191s] running build
[4.191s] running build_py
[4.193s] running install
[4.195s] running install_lib
[4.207s] running install_data
[4.210s] running install_egg_info
[4.221s] removing '/home/auria/src/install/environment/lib/python3.8/site-packages/environment-0.1.0-py3.8.egg-info' (and everything under it)
[4.224s] Copying ../build/environment/environment.egg-info to /home/auria/src/install/environment/lib/python3.8/site-packages/environment-0.1.0-py3.8.egg-info
[4.229s] running install_scripts
[4.310s] Installing car script to /home/auria/src/install/environment/lib/environment
[4.311s] Installing env script to /home/auria/src/install/environment/lib/environment
[4.315s] writing list of installed files to '/home/auria/src/build/environment/install.log'
[4.395s] Invoked command in '/home/auria/src/environment' returned '0': PYTHONPATH=/home/auria/src/build/environment/prefix_override:/home/auria/src/install/environment/lib/python3.8/site-packages:/home/auria/src/install/auria_msgs/lib/python3.8/site-packages:/home/auria/src/install/rl_driver/lib/python3.8/site-packages:/home/auria/src/install/environment/lib/python3.8/site-packages:/opt/ros/galactic/lib/python3.8/site-packages /usr/bin/python3 setup.py egg_info --egg-base ../build/environment build --build-base /home/auria/src/build/environment/build install --record /home/auria/src/build/environment/install.log --single-version-externally-managed
