[0.000000] (-) TimerEvent: {}
[0.001020] (-) JobUnselected: {'identifier': 'auria_msgs'}
[0.001759] (-) JobUnselected: {'identifier': 'environment'}
[0.001878] (rl_driver) JobQueued: {'identifier': 'rl_driver', 'dependencies': OrderedDict()}
[0.001967] (rl_driver) JobStarted: {'identifier': 'rl_driver'}
[0.098953] (-) TimerEvent: {}
[0.202902] (-) TimerEvent: {}
[0.303855] (-) TimerEvent: {}
[0.405107] (-) TimerEvent: {}
[0.506052] (-) TimerEvent: {}
[0.607138] (-) TimerEvent: {}
[0.711323] (-) TimerEvent: {}
[0.812316] (-) TimerEvent: {}
[0.914177] (-) TimerEvent: {}
[1.021393] (-) TimerEvent: {}
[1.125037] (-) TimerEvent: {}
[1.226978] (-) TimerEvent: {}
[1.328432] (-) TimerEvent: {}
[1.430089] (-) TimerEvent: {}
[1.531132] (-) TimerEvent: {}
[1.631968] (-) TimerEvent: {}
[1.733011] (-) TimerEvent: {}
[1.834986] (-) TimerEvent: {}
[1.936657] (-) TimerEvent: {}
[2.037963] (-) TimerEvent: {}
[2.139083] (-) TimerEvent: {}
[2.212391] (rl_driver) Command: {'cmd': ['/usr/bin/python3', 'setup.py', 'egg_info', '--egg-base', '../build/rl_driver', 'build', '--build-base', '/home/auria/src/build/rl_driver/build', 'install', '--record', '/home/auria/src/build/rl_driver/install.log', '--single-version-externally-managed'], 'cwd': '/home/auria/src/rl_driver', 'env': {'HOSTNAME': 'Ventupentu-portatil', 'SHLVL': '1', 'LIBGL_ALWAYS_SOFTWARE': '1', 'LD_LIBRARY_PATH': '/home/auria/src/install/auria_msgs/lib:/opt/ros/galactic/opt/yaml_cpp_vendor/lib:/opt/ros/galactic/lib/x86_64-linux-gnu:/opt/ros/galactic/lib', 'HOME': '/home/auria', 'OLDPWD': '/home/auria', 'ROS_PYTHON_VERSION': '3', 'QT_QPA_PLATFORM_PLUGIN_PATH': '/usr/lib/x86_64-linux-gnu/qt5/plugins/platforms', 'COLCON_PREFIX_PATH': '/home/auria/src/install', 'ROS_DISTRO': 'galactic', '_': '/usr/bin/colcon', 'ROS_VERSION': '2', 'TERM': 'xterm', 'ROS_LOCALHOST_ONLY': '0', 'QT_X11_NO_MITSHM': '1', 'PATH': '/opt/ros/galactic/bin:/usr/local/sbin:/usr/local/bin:/usr/sbin:/usr/bin:/sbin:/bin', 'DISPLAY': ':0', 'LANG': 'C.UTF-8', 'AMENT_PREFIX_PATH': '/home/auria/src/install/rl_driver:/home/auria/src/install/environment:/home/auria/src/install/auria_msgs:/opt/ros/galactic', 'PWD': '/home/auria/src/build/rl_driver', 'LC_ALL': 'C.UTF-8', 'PYTHONPATH': '/home/auria/src/build/rl_driver/prefix_override:/home/auria/src/install/rl_driver/lib/python3.8/site-packages:/home/auria/src/install/rl_driver/lib/python3.8/site-packages:/home/auria/src/install/environment/lib/python3.8/site-packages:/home/auria/src/install/auria_msgs/lib/python3.8/site-packages:/opt/ros/galactic/lib/python3.8/site-packages', 'COLCON': '1', 'CMAKE_PREFIX_PATH': '/home/auria/src/install/auria_msgs'}, 'shell': False}
[2.240018] (-) TimerEvent: {}
[2.341090] (-) TimerEvent: {}
[2.442137] (-) TimerEvent: {}
[2.548116] (-) TimerEvent: {}
[2.649806] (-) TimerEvent: {}
[2.751400] (-) TimerEvent: {}
[2.852490] (-) TimerEvent: {}
[2.955892] (-) TimerEvent: {}
[3.023429] (rl_driver) StdoutLine: {'line': b'running egg_info\n'}
[3.026185] (rl_driver) StdoutLine: {'line': b'writing ../build/rl_driver/rl_driver.egg-info/PKG-INFO\n'}
[3.026720] (rl_driver) StdoutLine: {'line': b'writing dependency_links to ../build/rl_driver/rl_driver.egg-info/dependency_links.txt\n'}
[3.027122] (rl_driver) StdoutLine: {'line': b'writing entry points to ../build/rl_driver/rl_driver.egg-info/entry_points.txt\n'}
[3.028837] (rl_driver) StdoutLine: {'line': b'writing requirements to ../build/rl_driver/rl_driver.egg-info/requires.txt\n'}
[3.029144] (rl_driver) StdoutLine: {'line': b'writing top-level names to ../build/rl_driver/rl_driver.egg-info/top_level.txt\n'}
[3.060131] (-) TimerEvent: {}
[3.160518] (rl_driver) StdoutLine: {'line': b"reading manifest file '../build/rl_driver/rl_driver.egg-info/SOURCES.txt'\n"}
[3.161032] (-) TimerEvent: {}
[3.163109] (rl_driver) StdoutLine: {'line': b"writing manifest file '../build/rl_driver/rl_driver.egg-info/SOURCES.txt'\n"}
[3.164906] (rl_driver) StdoutLine: {'line': b'running build\n'}
[3.165305] (rl_driver) StdoutLine: {'line': b'running build_py\n'}
[3.167300] (rl_driver) StdoutLine: {'line': b'copying rl_driver/ros2_env.py -> /home/auria/src/build/rl_driver/build/lib/rl_driver\n'}
[3.167770] (rl_driver) StdoutLine: {'line': b'running install\n'}
[3.170531] (rl_driver) StdoutLine: {'line': b'running install_lib\n'}
[3.176184] (rl_driver) StdoutLine: {'line': b'copying /home/auria/src/build/rl_driver/build/lib/rl_driver/ros2_env.py -> /home/auria/src/install/rl_driver/lib/python3.8/site-packages/rl_driver\n'}
[3.180296] (rl_driver) StdoutLine: {'line': b'byte-compiling /home/auria/src/install/rl_driver/lib/python3.8/site-packages/rl_driver/ros2_env.py to ros2_env.cpython-38.pyc\n'}
[3.189993] (rl_driver) StdoutLine: {'line': b'running install_data\n'}
[3.191993] (rl_driver) StdoutLine: {'line': b'running install_egg_info\n'}
[3.198862] (rl_driver) StdoutLine: {'line': b"removing '/home/auria/src/install/rl_driver/lib/python3.8/site-packages/rl_driver-0.0.0-py3.8.egg-info' (and everything under it)\n"}
[3.201712] (rl_driver) StdoutLine: {'line': b'Copying ../build/rl_driver/rl_driver.egg-info to /home/auria/src/install/rl_driver/lib/python3.8/site-packages/rl_driver-0.0.0-py3.8.egg-info\n'}
[3.207282] (rl_driver) StdoutLine: {'line': b'running install_scripts\n'}
[3.261216] (-) TimerEvent: {}
[3.274325] (rl_driver) StdoutLine: {'line': b'Installing rl_node script to /home/auria/src/install/rl_driver/lib/rl_driver\n'}
[3.274853] (rl_driver) StdoutLine: {'line': b'Installing train script to /home/auria/src/install/rl_driver/lib/rl_driver\n'}
[3.277294] (rl_driver) StdoutLine: {'line': b"writing list of installed files to '/home/auria/src/build/rl_driver/install.log'\n"}
[3.363285] (rl_driver) CommandEnded: {'returncode': 0}
[3.364808] (-) TimerEvent: {}
[3.445415] (rl_driver) JobEnded: {'identifier': 'rl_driver', 'rc': 0}
[3.451582] (-) EventReactorShutdown: {}
