[2.894s] Invoking command in '/home/auria/src/environment': PYTHONPATH=/home/auria/src/build/environment/prefix_override:/home/auria/src/install/environment/lib/python3.8/site-packages:/home/auria/src/install/auria_msgs/lib/python3.8/site-packages:/home/auria/src/install/rl_driver/lib/python3.8/site-packages:/home/auria/src/install/environment/lib/python3.8/site-packages:/opt/ros/galactic/lib/python3.8/site-packages /usr/bin/python3 setup.py egg_info --egg-base ../build/environment build --build-base /home/auria/src/build/environment/build install --record /home/auria/src/build/environment/install.log --single-version-externally-managed
[3.868s] running egg_info
[3.871s] writing ../build/environment/environment.egg-info/PKG-INFO
[3.875s] writing dependency_links to ../build/environment/environment.egg-info/dependency_links.txt
[3.875s] writing entry points to ../build/environment/environment.egg-info/entry_points.txt
[3.875s] writing requirements to ../build/environment/environment.egg-info/requires.txt
[3.876s] writing top-level names to ../build/environment/environment.egg-info/top_level.txt
[4.017s] reading manifest file '../build/environment/environment.egg-info/SOURCES.txt'
[4.023s] writing manifest file '../build/environment/environment.egg-info/SOURCES.txt'
[4.025s] running build
[4.025s] running build_py
[4.026s] running install
[4.028s] running install_lib
[4.034s] running install_data
[4.037s] running install_egg_info
[4.044s] removing '/home/auria/src/install/environment/lib/python3.8/site-packages/environment-0.1.0-py3.8.egg-info' (and everything under it)
[4.046s] Copying ../build/environment/environment.egg-info to /home/auria/src/install/environment/lib/python3.8/site-packages/environment-0.1.0-py3.8.egg-info
[4.054s] running install_scripts
[4.127s] Installing car script to /home/auria/src/install/environment/lib/environment
[4.127s] Installing env script to /home/auria/src/install/environment/lib/environment
[4.128s] writing list of installed files to '/home/auria/src/build/environment/install.log'
[4.218s] Invoked command in '/home/auria/src/environment' returned '0': PYTHONPATH=/home/auria/src/build/environment/prefix_override:/home/auria/src/install/environment/lib/python3.8/site-packages:/home/auria/src/install/auria_msgs/lib/python3.8/site-packages:/home/auria/src/install/rl_driver/lib/python3.8/site-packages:/home/auria/src/install/environment/lib/python3.8/site-packages:/opt/ros/galactic/lib/python3.8/site-packages /usr/bin/python3 setup.py egg_info --egg-base ../build/environment build --build-base /home/auria/src/build/environment/build install --record /home/auria/src/build/environment/install.log --single-version-externally-managed
