[3.059s] Invoking command in '/home/auria/src/rl_driver': PYTHONPATH=/home/auria/src/build/rl_driver/prefix_override:/home/auria/src/install/rl_driver/lib/python3.8/site-packages: /usr/bin/python3 setup.py egg_info --egg-base ../build/rl_driver build --build-base /home/auria/src/build/rl_driver/build install --record /home/auria/src/build/rl_driver/install.log --single-version-externally-managed
[3.754s] running egg_info
[3.757s] writing ../build/rl_driver/rl_driver.egg-info/PKG-INFO
[3.760s] writing dependency_links to ../build/rl_driver/rl_driver.egg-info/dependency_links.txt
[3.761s] writing entry points to ../build/rl_driver/rl_driver.egg-info/entry_points.txt
[3.763s] writing requirements to ../build/rl_driver/rl_driver.egg-info/requires.txt
[3.764s] writing top-level names to ../build/rl_driver/rl_driver.egg-info/top_level.txt
[3.939s] reading manifest file '../build/rl_driver/rl_driver.egg-info/SOURCES.txt'
[3.945s] writing manifest file '../build/rl_driver/rl_driver.egg-info/SOURCES.txt'
[3.947s] running build
[3.948s] running build_py
[3.949s] running install
[3.953s] running install_lib
[3.962s] running install_data
[3.965s] running install_egg_info
[3.975s] removing '/home/auria/src/install/rl_driver/lib/python3.8/site-packages/rl_driver-0.0.0-py3.8.egg-info' (and everything under it)
[3.979s] Copying ../build/rl_driver/rl_driver.egg-info to /home/auria/src/install/rl_driver/lib/python3.8/site-packages/rl_driver-0.0.0-py3.8.egg-info
[3.984s] running install_scripts
[4.066s] Installing rl_node script to /home/auria/src/install/rl_driver/lib/rl_driver
[4.067s] writing list of installed files to '/home/auria/src/build/rl_driver/install.log'
[4.158s] Invoked command in '/home/auria/src/rl_driver' returned '0': PYTHONPATH=/home/auria/src/build/rl_driver/prefix_override:/home/auria/src/install/rl_driver/lib/python3.8/site-packages: /usr/bin/python3 setup.py egg_info --egg-base ../build/rl_driver build --build-base /home/auria/src/build/rl_driver/build install --record /home/auria/src/build/rl_driver/install.log --single-version-externally-managed
