[0.000000] (-) TimerEvent: {}
[0.000784] (-) JobUnselected: {'identifier': 'auria_msgs'}
[0.000930] (-) JobUnselected: {'identifier': 'environment'}
[0.001065] (rl_driver) JobQueued: {'identifier': 'rl_driver', 'dependencies': OrderedDict()}
[0.003057] (rl_driver) JobStarted: {'identifier': 'rl_driver'}
[0.099496] (-) TimerEvent: {}
[0.203097] (-) TimerEvent: {}
[0.304281] (-) TimerEvent: {}
[0.404827] (-) TimerEvent: {}
[0.505762] (-) TimerEvent: {}
[0.606731] (-) TimerEvent: {}
[0.707323] (-) TimerEvent: {}
[0.811224] (-) TimerEvent: {}
[0.915739] (-) TimerEvent: {}
[1.018325] (-) TimerEvent: {}
[1.121186] (-) TimerEvent: {}
[1.221943] (-) TimerEvent: {}
[1.322521] (-) TimerEvent: {}
[1.423090] (-) TimerEvent: {}
[1.523656] (-) TimerEvent: {}
[1.626940] (-) TimerEvent: {}
[1.727501] (-) TimerEvent: {}
[1.828075] (-) TimerEvent: {}
[1.928618] (-) TimerEvent: {}
[2.029206] (-) TimerEvent: {}
[2.132091] (-) TimerEvent: {}
[2.232693] (-) TimerEvent: {}
[2.294464] (rl_driver) Command: {'cmd': ['/usr/bin/python3', 'setup.py', 'egg_info', '--egg-base', '../build/rl_driver', 'build', '--build-base', '/home/auria/src/build/rl_driver/build', 'install', '--record', '/home/auria/src/build/rl_driver/install.log', '--single-version-externally-managed'], 'cwd': '/home/auria/src/rl_driver', 'env': {'HOSTNAME': 'Ventupentu-portatil', 'SHLVL': '1', 'LIBGL_ALWAYS_SOFTWARE': '1', 'LD_LIBRARY_PATH': '/home/auria/src/install/auria_msgs/lib:/opt/ros/galactic/opt/yaml_cpp_vendor/lib:/opt/ros/galactic/lib/x86_64-linux-gnu:/opt/ros/galactic/lib', 'HOME': '/home/auria', 'OLDPWD': '/home/auria', 'ROS_PYTHON_VERSION': '3', 'QT_QPA_PLATFORM_PLUGIN_PATH': '/usr/lib/x86_64-linux-gnu/qt5/plugins/platforms', 'COLCON_PREFIX_PATH': '/home/auria/src/install', 'ROS_DISTRO': 'galactic', '_': '/usr/bin/colcon', 'ROS_VERSION': '2', 'TERM': 'xterm', 'ROS_LOCALHOST_ONLY': '0', 'QT_X11_NO_MITSHM': '1', 'PATH': '/opt/ros/galactic/bin:/usr/local/sbin:/usr/local/bin:/usr/sbin:/usr/bin:/sbin:/bin', 'DISPLAY': ':0', 'LANG': 'C.UTF-8', 'AMENT_PREFIX_PATH': '/home/auria/src/install/rl_driver:/home/auria/src/install/environment:/home/auria/src/install/auria_msgs:/opt/ros/galactic', 'PWD': '/home/auria/src/build/rl_driver', 'LC_ALL': 'C.UTF-8', 'PYTHONPATH': '/home/auria/src/build/rl_driver/prefix_override:/home/auria/src/install/rl_driver/lib/python3.8/site-packages:/home/auria/src/install/rl_driver/lib/python3.8/site-packages:/home/auria/src/install/environment/lib/python3.8/site-packages:/home/auria/src/install/auria_msgs/lib/python3.8/site-packages:/opt/ros/galactic/lib/python3.8/site-packages', 'COLCON': '1', 'CMAKE_PREFIX_PATH': '/home/auria/src/install/auria_msgs'}, 'shell': False}
[2.333046] (-) TimerEvent: {}
[2.436106] (-) TimerEvent: {}
[2.540907] (-) TimerEvent: {}
[2.642611] (-) TimerEvent: {}
[2.743248] (-) TimerEvent: {}
[2.843866] (-) TimerEvent: {}
[2.944510] (-) TimerEvent: {}
[3.046853] (-) TimerEvent: {}
[3.150084] (-) TimerEvent: {}
[3.205764] (rl_driver) StdoutLine: {'line': b'running egg_info\n'}
[3.209286] (rl_driver) StdoutLine: {'line': b'writing ../build/rl_driver/rl_driver.egg-info/PKG-INFO\n'}
[3.209777] (rl_driver) StdoutLine: {'line': b'writing dependency_links to ../build/rl_driver/rl_driver.egg-info/dependency_links.txt\n'}
[3.212294] (rl_driver) StdoutLine: {'line': b'writing entry points to ../build/rl_driver/rl_driver.egg-info/entry_points.txt\n'}
[3.212748] (rl_driver) StdoutLine: {'line': b'writing requirements to ../build/rl_driver/rl_driver.egg-info/requires.txt\n'}
[3.213106] (rl_driver) StdoutLine: {'line': b'writing top-level names to ../build/rl_driver/rl_driver.egg-info/top_level.txt\n'}
[3.252693] (-) TimerEvent: {}
[3.354142] (-) TimerEvent: {}
[3.361151] (rl_driver) StdoutLine: {'line': b"reading manifest file '../build/rl_driver/rl_driver.egg-info/SOURCES.txt'\n"}
[3.368183] (rl_driver) StdoutLine: {'line': b"writing manifest file '../build/rl_driver/rl_driver.egg-info/SOURCES.txt'\n"}
[3.369332] (rl_driver) StdoutLine: {'line': b'running build\n'}
[3.369689] (rl_driver) StdoutLine: {'line': b'running build_py\n'}
[3.373375] (rl_driver) StdoutLine: {'line': b'copying rl_driver/ros2_env.py -> /home/auria/src/build/rl_driver/build/lib/rl_driver\n'}
[3.373790] (rl_driver) StdoutLine: {'line': b'running install\n'}
[3.374713] (rl_driver) StdoutLine: {'line': b'running install_lib\n'}
[3.379700] (rl_driver) StdoutLine: {'line': b'copying /home/auria/src/build/rl_driver/build/lib/rl_driver/ros2_env.py -> /home/auria/src/install/rl_driver/lib/python3.8/site-packages/rl_driver\n'}
[3.383857] (rl_driver) StdoutLine: {'line': b'byte-compiling /home/auria/src/install/rl_driver/lib/python3.8/site-packages/rl_driver/ros2_env.py to ros2_env.cpython-38.pyc\n'}
[3.393196] (rl_driver) StdoutLine: {'line': b'running install_data\n'}
[3.395081] (rl_driver) StdoutLine: {'line': b'running install_egg_info\n'}
[3.406193] (rl_driver) StdoutLine: {'line': b"removing '/home/auria/src/install/rl_driver/lib/python3.8/site-packages/rl_driver-0.0.0-py3.8.egg-info' (and everything under it)\n"}
[3.406898] (rl_driver) StdoutLine: {'line': b'Copying ../build/rl_driver/rl_driver.egg-info to /home/auria/src/install/rl_driver/lib/python3.8/site-packages/rl_driver-0.0.0-py3.8.egg-info\n'}
[3.413113] (rl_driver) StdoutLine: {'line': b'running install_scripts\n'}
[3.454301] (-) TimerEvent: {}
[3.485084] (rl_driver) StdoutLine: {'line': b'Installing rl_node script to /home/auria/src/install/rl_driver/lib/rl_driver\n'}
[3.485781] (rl_driver) StdoutLine: {'line': b'Installing train script to /home/auria/src/install/rl_driver/lib/rl_driver\n'}
[3.489194] (rl_driver) StdoutLine: {'line': b"writing list of installed files to '/home/auria/src/build/rl_driver/install.log'\n"}
[3.554465] (-) TimerEvent: {}
[3.565161] (rl_driver) CommandEnded: {'returncode': 0}
[3.660038] (-) TimerEvent: {}
[3.686611] (rl_driver) JobEnded: {'identifier': 'rl_driver', 'rc': 0}
[3.688952] (-) EventReactorShutdown: {}
