[0.000000] (-) TimerEvent: {}
[0.002971] (-) JobUnselected: {'identifier': 'auria_msgs'}
[0.003117] (-) JobUnselected: {'identifier': 'environment'}
[0.003212] (rl_driver) JobQueued: {'identifier': 'rl_driver', 'dependencies': OrderedDict()}
[0.003431] (rl_driver) JobStarted: {'identifier': 'rl_driver'}
[0.099571] (-) TimerEvent: {}
[0.204462] (-) TimerEvent: {}
[0.305630] (-) TimerEvent: {}
[0.406258] (-) TimerEvent: {}
[0.509447] (-) TimerEvent: {}
[0.611462] (-) TimerEvent: {}
[0.712036] (-) TimerEvent: {}
[0.812999] (-) TimerEvent: {}
[0.916454] (-) TimerEvent: {}
[1.017374] (-) TimerEvent: {}
[1.128328] (-) TimerEvent: {}
[1.231915] (-) TimerEvent: {}
[1.335474] (-) TimerEvent: {}
[1.441459] (-) TimerEvent: {}
[1.542039] (-) TimerEvent: {}
[1.648450] (-) TimerEvent: {}
[1.749006] (-) TimerEvent: {}
[1.853450] (-) TimerEvent: {}
[1.955029] (-) TimerEvent: {}
[2.057042] (-) TimerEvent: {}
[2.157635] (-) TimerEvent: {}
[2.258408] (-) TimerEvent: {}
[2.360662] (-) TimerEvent: {}
[2.465489] (-) TimerEvent: {}
[2.567743] (-) TimerEvent: {}
[2.669647] (-) TimerEvent: {}
[2.723572] (rl_driver) Command: {'cmd': ['/usr/bin/python3', 'setup.py', 'egg_info', '--egg-base', '../build/rl_driver', 'build', '--build-base', '/home/auria/src/build/rl_driver/build', 'install', '--record', '/home/auria/src/build/rl_driver/install.log', '--single-version-externally-managed'], 'cwd': '/home/auria/src/rl_driver', 'env': {'HOSTNAME': 'Ventupentu-portatil', 'SHLVL': '1', 'LIBGL_ALWAYS_SOFTWARE': '1', 'LD_LIBRARY_PATH': '/home/auria/src/install/auria_msgs/lib:/opt/ros/galactic/opt/yaml_cpp_vendor/lib:/opt/ros/galactic/lib/x86_64-linux-gnu:/opt/ros/galactic/lib', 'HOME': '/home/auria', 'OLDPWD': '/home/auria', 'ROS_PYTHON_VERSION': '3', 'QT_QPA_PLATFORM_PLUGIN_PATH': '/usr/lib/x86_64-linux-gnu/qt5/plugins/platforms', 'COLCON_PREFIX_PATH': '/home/auria/src/install', 'ROS_DISTRO': 'galactic', '_': '/usr/bin/colcon', 'ROS_VERSION': '2', 'TERM': 'xterm', 'ROS_LOCALHOST_ONLY': '0', 'QT_X11_NO_MITSHM': '1', 'PATH': '/opt/ros/galactic/bin:/usr/local/sbin:/usr/local/bin:/usr/sbin:/usr/bin:/sbin:/bin', 'DISPLAY': ':0', 'LANG': 'C.UTF-8', 'AMENT_PREFIX_PATH': '/home/auria/src/install/rl_driver:/home/auria/src/install/environment:/home/auria/src/install/auria_msgs:/opt/ros/galactic', 'PWD': '/home/auria/src/build/rl_driver', 'LC_ALL': 'C.UTF-8', 'PYTHONPATH': '/home/auria/src/build/rl_driver/prefix_override:/home/auria/src/install/rl_driver/lib/python3.8/site-packages:/home/auria/src/install/rl_driver/lib/python3.8/site-packages:/home/auria/src/install/environment/lib/python3.8/site-packages:/home/auria/src/install/auria_msgs/lib/python3.8/site-packages:/opt/ros/galactic/lib/python3.8/site-packages', 'COLCON': '1', 'CMAKE_PREFIX_PATH': '/home/auria/src/install/auria_msgs'}, 'shell': False}
[2.772316] (-) TimerEvent: {}
[2.875929] (-) TimerEvent: {}
[2.978540] (-) TimerEvent: {}
[3.081795] (-) TimerEvent: {}
[3.185655] (-) TimerEvent: {}
[3.286307] (-) TimerEvent: {}
[3.388014] (-) TimerEvent: {}
[3.490726] (-) TimerEvent: {}
[3.594502] (-) TimerEvent: {}
[3.624755] (rl_driver) StdoutLine: {'line': b'running egg_info\n'}
[3.631655] (rl_driver) StdoutLine: {'line': b'writing ../build/rl_driver/rl_driver.egg-info/PKG-INFO\n'}
[3.632216] (rl_driver) StdoutLine: {'line': b'writing dependency_links to ../build/rl_driver/rl_driver.egg-info/dependency_links.txt\n'}
[3.635189] (rl_driver) StdoutLine: {'line': b'writing entry points to ../build/rl_driver/rl_driver.egg-info/entry_points.txt\n'}
[3.636487] (rl_driver) StdoutLine: {'line': b'writing requirements to ../build/rl_driver/rl_driver.egg-info/requires.txt\n'}
[3.636831] (rl_driver) StdoutLine: {'line': b'writing top-level names to ../build/rl_driver/rl_driver.egg-info/top_level.txt\n'}
[3.698684] (-) TimerEvent: {}
[3.779930] (rl_driver) StdoutLine: {'line': b"reading manifest file '../build/rl_driver/rl_driver.egg-info/SOURCES.txt'\n"}
[3.788463] (rl_driver) StdoutLine: {'line': b"writing manifest file '../build/rl_driver/rl_driver.egg-info/SOURCES.txt'\n"}
[3.791491] (rl_driver) StdoutLine: {'line': b'running build\n'}
[3.791892] (rl_driver) StdoutLine: {'line': b'running build_py\n'}
[3.792178] (rl_driver) StdoutLine: {'line': b'copying rl_driver/train.py -> /home/auria/src/build/rl_driver/build/lib/rl_driver\n'}
[3.795413] (rl_driver) StdoutLine: {'line': b'running install\n'}
[3.799629] (rl_driver) StdoutLine: {'line': b'running install_lib\n'}
[3.800830] (-) TimerEvent: {}
[3.808206] (rl_driver) StdoutLine: {'line': b'copying /home/auria/src/build/rl_driver/build/lib/rl_driver/train.py -> /home/auria/src/install/rl_driver/lib/python3.8/site-packages/rl_driver\n'}
[3.814697] (rl_driver) StdoutLine: {'line': b'byte-compiling /home/auria/src/install/rl_driver/lib/python3.8/site-packages/rl_driver/train.py to train.cpython-38.pyc\n'}
[3.822075] (rl_driver) StdoutLine: {'line': b'running install_data\n'}
[3.825987] (rl_driver) StdoutLine: {'line': b'running install_egg_info\n'}
[3.838944] (rl_driver) StdoutLine: {'line': b"removing '/home/auria/src/install/rl_driver/lib/python3.8/site-packages/rl_driver-0.0.0-py3.8.egg-info' (and everything under it)\n"}
[3.842420] (rl_driver) StdoutLine: {'line': b'Copying ../build/rl_driver/rl_driver.egg-info to /home/auria/src/install/rl_driver/lib/python3.8/site-packages/rl_driver-0.0.0-py3.8.egg-info\n'}
[3.849708] (rl_driver) StdoutLine: {'line': b'running install_scripts\n'}
[3.901093] (-) TimerEvent: {}
[3.966490] (rl_driver) StdoutLine: {'line': b'Installing rl_node script to /home/auria/src/install/rl_driver/lib/rl_driver\n'}
[3.969406] (rl_driver) StdoutLine: {'line': b'Installing train script to /home/auria/src/install/rl_driver/lib/rl_driver\n'}
[3.977261] (rl_driver) StdoutLine: {'line': b"writing list of installed files to '/home/auria/src/build/rl_driver/install.log'\n"}
[4.001788] (-) TimerEvent: {}
[4.103293] (-) TimerEvent: {}
[4.142760] (rl_driver) CommandEnded: {'returncode': 0}
[4.203923] (-) TimerEvent: {}
[4.245226] (rl_driver) JobEnded: {'identifier': 'rl_driver', 'rc': 0}
[4.248976] (-) EventReactorShutdown: {}
