[0.000000] (-) TimerEvent: {}
[0.002640] (-) JobUnselected: {'identifier': 'auria_msgs'}
[0.002834] (-) JobUnselected: {'identifier': 'environment'}
[0.002930] (rl_driver) JobQueued: {'identifier': 'rl_driver', 'dependencies': OrderedDict()}
[0.009835] (rl_driver) JobStarted: {'identifier': 'rl_driver'}
[0.101235] (-) TimerEvent: {}
[0.203259] (-) TimerEvent: {}
[0.304465] (-) TimerEvent: {}
[0.405469] (-) TimerEvent: {}
[0.507221] (-) TimerEvent: {}
[0.613146] (-) TimerEvent: {}
[0.714806] (-) TimerEvent: {}
[0.817473] (-) TimerEvent: {}
[0.920505] (-) TimerEvent: {}
[1.031655] (-) TimerEvent: {}
[1.133421] (-) TimerEvent: {}
[1.234475] (-) TimerEvent: {}
[1.335075] (-) TimerEvent: {}
[1.436433] (-) TimerEvent: {}
[1.538209] (-) TimerEvent: {}
[1.638796] (-) TimerEvent: {}
[1.740203] (-) TimerEvent: {}
[1.844360] (-) TimerEvent: {}
[1.944965] (-) TimerEvent: {}
[2.045595] (-) TimerEvent: {}
[2.146236] (-) TimerEvent: {}
[2.248484] (-) TimerEvent: {}
[2.316988] (rl_driver) Command: {'cmd': ['/usr/bin/python3', 'setup.py', 'egg_info', '--egg-base', '../build/rl_driver', 'build', '--build-base', '/home/auria/src/build/rl_driver/build', 'install', '--record', '/home/auria/src/build/rl_driver/install.log', '--single-version-externally-managed'], 'cwd': '/home/auria/src/rl_driver', 'env': {'HOSTNAME': 'Ventupentu-portatil', 'SHLVL': '1', 'LIBGL_ALWAYS_SOFTWARE': '1', 'LD_LIBRARY_PATH': '/home/auria/src/install/auria_msgs/lib:/opt/ros/galactic/opt/yaml_cpp_vendor/lib:/opt/ros/galactic/lib/x86_64-linux-gnu:/opt/ros/galactic/lib', 'HOME': '/home/auria', 'OLDPWD': '/home/auria', 'ROS_PYTHON_VERSION': '3', 'QT_QPA_PLATFORM_PLUGIN_PATH': '/usr/lib/x86_64-linux-gnu/qt5/plugins/platforms', 'COLCON_PREFIX_PATH': '/home/auria/src/install', 'ROS_DISTRO': 'galactic', '_': '/usr/bin/colcon', 'ROS_VERSION': '2', 'TERM': 'xterm', 'ROS_LOCALHOST_ONLY': '0', 'QT_X11_NO_MITSHM': '1', 'PATH': '/opt/ros/galactic/bin:/usr/local/sbin:/usr/local/bin:/usr/sbin:/usr/bin:/sbin:/bin', 'DISPLAY': ':0', 'LANG': 'C.UTF-8', 'AMENT_PREFIX_PATH': '/home/auria/src/install/rl_driver:/home/auria/src/install/environment:/home/auria/src/install/auria_msgs:/opt/ros/galactic', 'PWD': '/home/auria/src/build/rl_driver', 'LC_ALL': 'C.UTF-8', 'PYTHONPATH': '/home/auria/src/build/rl_driver/prefix_override:/home/auria/src/install/rl_driver/lib/python3.8/site-packages:/home/auria/src/install/rl_driver/lib/python3.8/site-packages:/home/auria/src/install/environment/lib/python3.8/site-packages:/home/auria/src/install/auria_msgs/lib/python3.8/site-packages:/opt/ros/galactic/lib/python3.8/site-packages', 'COLCON': '1', 'CMAKE_PREFIX_PATH': '/home/auria/src/install/auria_msgs'}, 'shell': False}
[2.348827] (-) TimerEvent: {}
[2.450042] (-) TimerEvent: {}
[2.550666] (-) TimerEvent: {}
[2.652654] (-) TimerEvent: {}
[2.753359] (-) TimerEvent: {}
[2.855177] (-) TimerEvent: {}
[2.956229] (-) TimerEvent: {}
[3.056834] (-) TimerEvent: {}
[3.136591] (rl_driver) StdoutLine: {'line': b'running egg_info\n'}
[3.140400] (rl_driver) StdoutLine: {'line': b'writing ../build/rl_driver/rl_driver.egg-info/PKG-INFO\n'}
[3.141456] (rl_driver) StdoutLine: {'line': b'writing dependency_links to ../build/rl_driver/rl_driver.egg-info/dependency_links.txt\n'}
[3.141793] (rl_driver) StdoutLine: {'line': b'writing entry points to ../build/rl_driver/rl_driver.egg-info/entry_points.txt\n'}
[3.142098] (rl_driver) StdoutLine: {'line': b'writing requirements to ../build/rl_driver/rl_driver.egg-info/requires.txt\n'}
[3.144017] (rl_driver) StdoutLine: {'line': b'writing top-level names to ../build/rl_driver/rl_driver.egg-info/top_level.txt\n'}
[3.157994] (-) TimerEvent: {}
[3.259233] (-) TimerEvent: {}
[3.277079] (rl_driver) StdoutLine: {'line': b"reading manifest file '../build/rl_driver/rl_driver.egg-info/SOURCES.txt'\n"}
[3.280394] (rl_driver) StdoutLine: {'line': b"writing manifest file '../build/rl_driver/rl_driver.egg-info/SOURCES.txt'\n"}
[3.280855] (rl_driver) StdoutLine: {'line': b'running build\n'}
[3.281174] (rl_driver) StdoutLine: {'line': b'running build_py\n'}
[3.281633] (rl_driver) StdoutLine: {'line': b'copying rl_driver/ros2_env.py -> /home/auria/src/build/rl_driver/build/lib/rl_driver\n'}
[3.282864] (rl_driver) StdoutLine: {'line': b'running install\n'}
[3.293309] (rl_driver) StdoutLine: {'line': b'running install_lib\n'}
[3.293995] (rl_driver) StdoutLine: {'line': b'copying /home/auria/src/build/rl_driver/build/lib/rl_driver/ros2_env.py -> /home/auria/src/install/rl_driver/lib/python3.8/site-packages/rl_driver\n'}
[3.298452] (rl_driver) StdoutLine: {'line': b'byte-compiling /home/auria/src/install/rl_driver/lib/python3.8/site-packages/rl_driver/ros2_env.py to ros2_env.cpython-38.pyc\n'}
[3.307192] (rl_driver) StdoutLine: {'line': b'running install_data\n'}
[3.308858] (rl_driver) StdoutLine: {'line': b'running install_egg_info\n'}
[3.314972] (rl_driver) StdoutLine: {'line': b"removing '/home/auria/src/install/rl_driver/lib/python3.8/site-packages/rl_driver-0.0.0-py3.8.egg-info' (and everything under it)\n"}
[3.316290] (rl_driver) StdoutLine: {'line': b'Copying ../build/rl_driver/rl_driver.egg-info to /home/auria/src/install/rl_driver/lib/python3.8/site-packages/rl_driver-0.0.0-py3.8.egg-info\n'}
[3.320428] (rl_driver) StdoutLine: {'line': b'running install_scripts\n'}
[3.359559] (-) TimerEvent: {}
[3.385284] (rl_driver) StdoutLine: {'line': b'Installing rl_node script to /home/auria/src/install/rl_driver/lib/rl_driver\n'}
[3.387639] (rl_driver) StdoutLine: {'line': b'Installing train script to /home/auria/src/install/rl_driver/lib/rl_driver\n'}
[3.389763] (rl_driver) StdoutLine: {'line': b"writing list of installed files to '/home/auria/src/build/rl_driver/install.log'\n"}
[3.459749] (-) TimerEvent: {}
[3.468910] (rl_driver) CommandEnded: {'returncode': 0}
[3.559657] (rl_driver) JobEnded: {'identifier': 'rl_driver', 'rc': 0}
[3.562567] (-) TimerEvent: {}
[3.562912] (-) EventReactorShutdown: {}
