[0.000000] (-) TimerEvent: {}
[0.002545] (auria_msgs) JobQueued: {'identifier': 'auria_msgs', 'dependencies': OrderedDict()}
[0.005602] (rl_driver) JobQueued: {'identifier': 'rl_driver', 'dependencies': OrderedDict()}
[0.006009] (environment) JobQueued: {'identifier': 'environment', 'dependencies': OrderedDict([('auria_msgs', '/home/auria/install/auria_msgs')])}
[0.006168] (auria_msgs) JobStarted: {'identifier': 'auria_msgs'}
[0.045664] (rl_driver) JobStarted: {'identifier': 'rl_driver'}
[0.087086] (auria_msgs) JobProgress: {'identifier': 'auria_msgs', 'progress': 'cmake'}
[0.089962] (auria_msgs) Command: {'cmd': ['/usr/bin/cmake', '/home/auria/src/auria_msgs', '-DCMAKE_INSTALL_PREFIX=/home/auria/install/auria_msgs'], 'cwd': '/home/auria/build/auria_msgs', 'env': OrderedDict([('HOSTNAME', 'Ventupentu-portatil'), ('SHLVL', '1'), ('LIBGL_ALWAYS_SOFTWARE', '1'), ('HOME', '/home/auria'), ('OLDPWD', '/home/auria/src'), ('QT_QPA_PLATFORM_PLUGIN_PATH', '/usr/lib/x86_64-linux-gnu/qt5/plugins/platforms'), ('COLCON_PREFIX_PATH', '/home/auria/install'), ('ROS_DISTRO', 'galactic'), ('_', '/usr/bin/colcon'), ('TERM', 'xterm'), ('QT_X11_NO_MITSHM', '1'), ('PATH', '/usr/local/sbin:/usr/local/bin:/usr/sbin:/usr/bin:/sbin:/bin'), ('DISPLAY', ':0'), ('LANG', 'C.UTF-8'), ('PWD', '/home/auria/build/auria_msgs'), ('LC_ALL', 'C.UTF-8'), ('COLCON', '1')]), 'shell': False}
[0.101684] (-) TimerEvent: {}
[0.209114] (-) TimerEvent: {}
[0.310462] (-) TimerEvent: {}
[0.411460] (-) TimerEvent: {}
[0.512408] (-) TimerEvent: {}
[0.613881] (-) TimerEvent: {}
[0.714743] (-) TimerEvent: {}
[0.809499] (auria_msgs) StdoutLine: {'line': b'-- Configuring incomplete, errors occurred!\n'}
[0.813720] (auria_msgs) StdoutLine: {'line': b'See also "/home/auria/build/auria_msgs/CMakeFiles/CMakeOutput.log".\n'}
[0.814083] (auria_msgs) StderrLine: {'line': b'CMake Error at CMakeLists.txt:4 (find_package):\n'}
[0.814445] (auria_msgs) StderrLine: {'line': b'  By not providing "Findament_cmake.cmake" in CMAKE_MODULE_PATH this project\n'}
[0.814695] (auria_msgs) StderrLine: {'line': b'  has asked CMake to find a package configuration file provided by\n'}
[0.814917] (-) TimerEvent: {}
[0.819764] (auria_msgs) StderrLine: {'line': b'  "ament_cmake", but CMake did not find one.\n'}
[0.820186] (auria_msgs) StderrLine: {'line': b'\n'}
[0.820978] (auria_msgs) StderrLine: {'line': b'  Could not find a package configuration file provided by "ament_cmake" with\n'}
[0.821340] (auria_msgs) StderrLine: {'line': b'  any of the following names:\n'}
[0.821592] (auria_msgs) StderrLine: {'line': b'\n'}
[0.821828] (auria_msgs) StderrLine: {'line': b'    ament_cmakeConfig.cmake\n'}
[0.822470] (auria_msgs) StderrLine: {'line': b'    ament_cmake-config.cmake\n'}
[0.831573] (auria_msgs) StderrLine: {'line': b'\n'}
[0.831917] (auria_msgs) StderrLine: {'line': b'  Add the installation prefix of "ament_cmake" to CMAKE_PREFIX_PATH or set\n'}
[0.835355] (auria_msgs) StderrLine: {'line': b'  "ament_cmake_DIR" to a directory containing one of the above files.  If\n'}
[0.835641] (auria_msgs) StderrLine: {'line': b'  "ament_cmake" provides a separate development package or SDK, be sure it\n'}
[0.835887] (auria_msgs) StderrLine: {'line': b'  has been installed.\n'}
[0.836154] (auria_msgs) StderrLine: {'line': b'\n'}
[0.836395] (auria_msgs) StderrLine: {'line': b'\n'}
[0.836657] (auria_msgs) CommandEnded: {'returncode': 1}
[0.918128] (-) TimerEvent: {}
[0.950877] (auria_msgs) JobEnded: {'identifier': 'auria_msgs', 'rc': 1}
[1.018166] (-) TimerEvent: {}
[1.118779] (-) TimerEvent: {}
[1.220243] (-) TimerEvent: {}
[1.321716] (-) TimerEvent: {}
[1.423189] (-) TimerEvent: {}
[1.524244] (-) TimerEvent: {}
[1.624832] (-) TimerEvent: {}
[1.726416] (-) TimerEvent: {}
[1.827655] (-) TimerEvent: {}
[1.928324] (-) TimerEvent: {}
[2.019594] (rl_driver) JobEnded: {'identifier': 'rl_driver', 'rc': 'SIGINT'}
[2.028624] (-) TimerEvent: {}
[2.032323] (environment) JobSkipped: {'identifier': 'environment'}
[2.032458] (-) EventReactorShutdown: {}
