[3.233s] Invoking command in '/home/auria/src/rl_driver': PYTHONPATH=/home/auria/src/build/rl_driver/prefix_override:/home/auria/src/install/rl_driver/lib/python3.8/site-packages:${PYTHONPATH} /usr/bin/python3 setup.py egg_info --egg-base ../build/rl_driver build --build-base /home/auria/src/build/rl_driver/build install --record /home/auria/src/build/rl_driver/install.log --single-version-externally-managed
[4.643s] running egg_info
[4.646s] writing ../build/rl_driver/rl_driver.egg-info/PKG-INFO
[4.646s] writing dependency_links to ../build/rl_driver/rl_driver.egg-info/dependency_links.txt
[4.648s] writing entry points to ../build/rl_driver/rl_driver.egg-info/entry_points.txt
[4.650s] writing requirements to ../build/rl_driver/rl_driver.egg-info/requires.txt
[4.650s] writing top-level names to ../build/rl_driver/rl_driver.egg-info/top_level.txt
[4.825s] reading manifest file '../build/rl_driver/rl_driver.egg-info/SOURCES.txt'
[4.832s] writing manifest file '../build/rl_driver/rl_driver.egg-info/SOURCES.txt'
[4.834s] running build
[4.835s] running build_py
[4.837s] copying rl_driver/rl_node.py -> /home/auria/src/build/rl_driver/build/lib/rl_driver
[4.838s] running install
[4.844s] running install_lib
[4.853s] copying /home/auria/src/build/rl_driver/build/lib/rl_driver/rl_node.py -> /home/auria/src/install/rl_driver/lib/python3.8/site-packages/rl_driver
[4.859s] byte-compiling /home/auria/src/install/rl_driver/lib/python3.8/site-packages/rl_driver/rl_node.py to rl_node.cpython-38.pyc
[4.866s] running install_data
[4.867s] running install_egg_info
[4.875s] removing '/home/auria/src/install/rl_driver/lib/python3.8/site-packages/rl_driver-0.0.0-py3.8.egg-info' (and everything under it)
[4.878s] Copying ../build/rl_driver/rl_driver.egg-info to /home/auria/src/install/rl_driver/lib/python3.8/site-packages/rl_driver-0.0.0-py3.8.egg-info
[4.891s] running install_scripts
[4.979s] Installing rl_node script to /home/auria/src/install/rl_driver/lib/rl_driver
[4.981s] Installing train script to /home/auria/src/install/rl_driver/lib/rl_driver
[4.984s] writing list of installed files to '/home/auria/src/build/rl_driver/install.log'
[5.073s] Invoked command in '/home/auria/src/rl_driver' returned '0': PYTHONPATH=/home/auria/src/build/rl_driver/prefix_override:/home/auria/src/install/rl_driver/lib/python3.8/site-packages:${PYTHONPATH} /usr/bin/python3 setup.py egg_info --egg-base ../build/rl_driver build --build-base /home/auria/src/build/rl_driver/build install --record /home/auria/src/build/rl_driver/install.log --single-version-externally-managed
