[2.469s] Invoking command in '/home/auria/src/rl_driver': PYTHONPATH=/home/auria/src/build/rl_driver/prefix_override:/home/auria/src/install/rl_driver/lib/python3.8/site-packages:${PYTHONPATH} /usr/bin/python3 setup.py egg_info --egg-base ../build/rl_driver build --build-base /home/auria/src/build/rl_driver/build install --record /home/auria/src/build/rl_driver/install.log --single-version-externally-managed
[3.395s] running egg_info
[3.399s] writing ../build/rl_driver/rl_driver.egg-info/PKG-INFO
[3.401s] writing dependency_links to ../build/rl_driver/rl_driver.egg-info/dependency_links.txt
[3.401s] writing entry points to ../build/rl_driver/rl_driver.egg-info/entry_points.txt
[3.402s] writing requirements to ../build/rl_driver/rl_driver.egg-info/requires.txt
[3.403s] writing top-level names to ../build/rl_driver/rl_driver.egg-info/top_level.txt
[3.549s] reading manifest file '../build/rl_driver/rl_driver.egg-info/SOURCES.txt'
[3.554s] writing manifest file '../build/rl_driver/rl_driver.egg-info/SOURCES.txt'
[3.554s] running build
[3.555s] running build_py
[3.555s] copying rl_driver/ros2_env.py -> /home/auria/src/build/rl_driver/build/lib/rl_driver
[3.556s] running install
[3.565s] running install_lib
[3.566s] copying /home/auria/src/build/rl_driver/build/lib/rl_driver/ros2_env.py -> /home/auria/src/install/rl_driver/lib/python3.8/site-packages/rl_driver
[3.568s] byte-compiling /home/auria/src/install/rl_driver/lib/python3.8/site-packages/rl_driver/ros2_env.py to ros2_env.cpython-38.pyc
[3.576s] running install_data
[3.580s] running install_egg_info
[3.587s] removing '/home/auria/src/install/rl_driver/lib/python3.8/site-packages/rl_driver-0.0.0-py3.8.egg-info' (and everything under it)
[3.591s] Copying ../build/rl_driver/rl_driver.egg-info to /home/auria/src/install/rl_driver/lib/python3.8/site-packages/rl_driver-0.0.0-py3.8.egg-info
[3.593s] running install_scripts
[3.669s] Installing rl_node script to /home/auria/src/install/rl_driver/lib/rl_driver
[3.669s] Installing train script to /home/auria/src/install/rl_driver/lib/rl_driver
[3.670s] writing list of installed files to '/home/auria/src/build/rl_driver/install.log'
[3.748s] Invoked command in '/home/auria/src/rl_driver' returned '0': PYTHONPATH=/home/auria/src/build/rl_driver/prefix_override:/home/auria/src/install/rl_driver/lib/python3.8/site-packages:${PYTHONPATH} /usr/bin/python3 setup.py egg_info --egg-base ../build/rl_driver build --build-base /home/auria/src/build/rl_driver/build install --record /home/auria/src/build/rl_driver/install.log --single-version-externally-managed
