[4.742s] Invoking command in '/home/auria/src/rl_driver': PYTHONPATH=/home/auria/src/build/rl_driver/prefix_override:/home/auria/src/install/rl_driver/lib/python3.8/site-packages:${PYTHONPATH} /usr/bin/python3 setup.py egg_info --egg-base ../build/rl_driver build --build-base /home/auria/src/build/rl_driver/build install --record /home/auria/src/build/rl_driver/install.log --single-version-externally-managed
[6.143s] running egg_info
[6.143s] writing ../build/rl_driver/rl_driver.egg-info/PKG-INFO
[6.144s] writing dependency_links to ../build/rl_driver/rl_driver.egg-info/dependency_links.txt
[6.144s] writing entry points to ../build/rl_driver/rl_driver.egg-info/entry_points.txt
[6.144s] writing requirements to ../build/rl_driver/rl_driver.egg-info/requires.txt
[6.145s] writing top-level names to ../build/rl_driver/rl_driver.egg-info/top_level.txt
[6.342s] reading manifest file '../build/rl_driver/rl_driver.egg-info/SOURCES.txt'
[6.342s] writing manifest file '../build/rl_driver/rl_driver.egg-info/SOURCES.txt'
[6.342s] running build
[6.350s] running build_py
[6.351s] copying rl_driver/train.py -> /home/auria/src/build/rl_driver/build/lib/rl_driver
[6.351s] running install
[6.354s] running install_lib
[6.354s] copying /home/auria/src/build/rl_driver/build/lib/rl_driver/train.py -> /home/auria/src/install/rl_driver/lib/python3.8/site-packages/rl_driver
[6.354s] byte-compiling /home/auria/src/install/rl_driver/lib/python3.8/site-packages/rl_driver/train.py to train.cpython-38.pyc
[6.362s] running install_data
[6.365s] running install_egg_info
[6.380s] removing '/home/auria/src/install/rl_driver/lib/python3.8/site-packages/rl_driver-0.0.0-py3.8.egg-info' (and everything under it)
[6.381s] Copying ../build/rl_driver/rl_driver.egg-info to /home/auria/src/install/rl_driver/lib/python3.8/site-packages/rl_driver-0.0.0-py3.8.egg-info
[6.388s] running install_scripts
[6.503s] Installing rl_node script to /home/auria/src/install/rl_driver/lib/rl_driver
[6.507s] Installing train script to /home/auria/src/install/rl_driver/lib/rl_driver
[6.508s] writing list of installed files to '/home/auria/src/build/rl_driver/install.log'
[6.582s] Invoked command in '/home/auria/src/rl_driver' returned '0': PYTHONPATH=/home/auria/src/build/rl_driver/prefix_override:/home/auria/src/install/rl_driver/lib/python3.8/site-packages:${PYTHONPATH} /usr/bin/python3 setup.py egg_info --egg-base ../build/rl_driver build --build-base /home/auria/src/build/rl_driver/build install --record /home/auria/src/build/rl_driver/install.log --single-version-externally-managed
