[2.892s] Invoking command in '/home/auria/src/rl_driver': PYTHONPATH=/home/auria/src/build/rl_driver/prefix_override:/home/auria/src/install/rl_driver/lib/python3.8/site-packages:${PYTHONPATH} /usr/bin/python3 setup.py egg_info --egg-base ../build/rl_driver build --build-base /home/auria/src/build/rl_driver/build install --record /home/auria/src/build/rl_driver/install.log --single-version-externally-managed
[3.855s] running egg_info
[3.857s] writing ../build/rl_driver/rl_driver.egg-info/PKG-INFO
[3.860s] writing dependency_links to ../build/rl_driver/rl_driver.egg-info/dependency_links.txt
[3.863s] writing entry points to ../build/rl_driver/rl_driver.egg-info/entry_points.txt
[3.863s] writing requirements to ../build/rl_driver/rl_driver.egg-info/requires.txt
[3.865s] writing top-level names to ../build/rl_driver/rl_driver.egg-info/top_level.txt
[4.001s] reading manifest file '../build/rl_driver/rl_driver.egg-info/SOURCES.txt'
[4.010s] writing manifest file '../build/rl_driver/rl_driver.egg-info/SOURCES.txt'
[4.011s] running build
[4.011s] running build_py
[4.019s] running install
[4.029s] running install_lib
[4.036s] running install_data
[4.038s] running install_egg_info
[4.045s] removing '/home/auria/src/install/rl_driver/lib/python3.8/site-packages/rl_driver-0.0.0-py3.8.egg-info' (and everything under it)
[4.047s] Copying ../build/rl_driver/rl_driver.egg-info to /home/auria/src/install/rl_driver/lib/python3.8/site-packages/rl_driver-0.0.0-py3.8.egg-info
[4.065s] running install_scripts
[4.155s] Installing rl_node script to /home/auria/src/install/rl_driver/lib/rl_driver
[4.158s] Installing train script to /home/auria/src/install/rl_driver/lib/rl_driver
[4.158s] writing list of installed files to '/home/auria/src/build/rl_driver/install.log'
[4.260s] Invoked command in '/home/auria/src/rl_driver' returned '0': PYTHONPATH=/home/auria/src/build/rl_driver/prefix_override:/home/auria/src/install/rl_driver/lib/python3.8/site-packages:${PYTHONPATH} /usr/bin/python3 setup.py egg_info --egg-base ../build/rl_driver build --build-base /home/auria/src/build/rl_driver/build install --record /home/auria/src/build/rl_driver/install.log --single-version-externally-managed
