[2.455s] Invoking command in '/home/auria/src/rl_driver': PYTHONPATH=/home/auria/src/build/rl_driver/prefix_override:/home/auria/src/install/rl_driver/lib/python3.8/site-packages:${PYTHONPATH} /usr/bin/python3 setup.py egg_info --egg-base ../build/rl_driver build --build-base /home/auria/src/build/rl_driver/build install --record /home/auria/src/build/rl_driver/install.log --single-version-externally-managed
[3.354s] running egg_info
[3.358s] writing ../build/rl_driver/rl_driver.egg-info/PKG-INFO
[3.361s] writing dependency_links to ../build/rl_driver/rl_driver.egg-info/dependency_links.txt
[3.361s] writing entry points to ../build/rl_driver/rl_driver.egg-info/entry_points.txt
[3.362s] writing requirements to ../build/rl_driver/rl_driver.egg-info/requires.txt
[3.362s] writing top-level names to ../build/rl_driver/rl_driver.egg-info/top_level.txt
[3.515s] reading manifest file '../build/rl_driver/rl_driver.egg-info/SOURCES.txt'
[3.519s] writing manifest file '../build/rl_driver/rl_driver.egg-info/SOURCES.txt'
[3.519s] running build
[3.519s] running build_py
[3.521s] running install
[3.524s] running install_lib
[3.532s] running install_data
[3.533s] running install_egg_info
[3.542s] removing '/home/auria/src/install/rl_driver/lib/python3.8/site-packages/rl_driver-0.0.0-py3.8.egg-info' (and everything under it)
[3.543s] Copying ../build/rl_driver/rl_driver.egg-info to /home/auria/src/install/rl_driver/lib/python3.8/site-packages/rl_driver-0.0.0-py3.8.egg-info
[3.547s] running install_scripts
[3.625s] Installing rl_node script to /home/auria/src/install/rl_driver/lib/rl_driver
[3.626s] Installing train script to /home/auria/src/install/rl_driver/lib/rl_driver
[3.626s] writing list of installed files to '/home/auria/src/build/rl_driver/install.log'
[3.696s] Invoked command in '/home/auria/src/rl_driver' returned '0': PYTHONPATH=/home/auria/src/build/rl_driver/prefix_override:/home/auria/src/install/rl_driver/lib/python3.8/site-packages:${PYTHONPATH} /usr/bin/python3 setup.py egg_info --egg-base ../build/rl_driver build --build-base /home/auria/src/build/rl_driver/build install --record /home/auria/src/build/rl_driver/install.log --single-version-externally-managed
