[0.088s] Invoking command in '/home/auria/build/auria_msgs': /usr/bin/cmake /home/auria/src/auria_msgs -DCMAKE_INSTALL_PREFIX=/home/auria/install/auria_msgs
[0.178s] CMake Error at CMakeLists.txt:4 (find_package):
[0.178s]   By not providing "Findament_cmake.cmake" in CMAKE_MODULE_PATH this project
[0.179s]   has asked CMake to find a package configuration file provided by
[0.179s]   "ament_cmake", but CMake did not find one.
[0.179s] 
[0.180s]   Could not find a package configuration file provided by "ament_cmake" with
[0.180s]   any of the following names:
[0.180s] 
[0.180s]     ament_cmakeConfig.cmake
[0.181s]     ament_cmake-config.cmake
[0.181s] 
[0.181s]   Add the installation prefix of "ament_cmake" to CMAKE_PREFIX_PATH or set
[0.181s]   "ament_cmake_DIR" to a directory containing one of the above files.  If
[0.181s]   "ament_cmake" provides a separate development package or SDK, be sure it
[0.182s]   has been installed.
[0.183s] 
[0.183s] 
[0.183s] -- Configuring incomplete, errors occurred!
[0.184s] See also "/home/auria/build/auria_msgs/CMakeFiles/CMakeOutput.log".
[0.770s] Invoked command in '/home/auria/build/auria_msgs' returned '1': /usr/bin/cmake /home/auria/src/auria_msgs -DCMAKE_INSTALL_PREFIX=/home/auria/install/auria_msgs
