[6.550s] Invoking command in '/home/auria/src/rl_driver': PYTHONPATH=/home/auria/src/build/rl_driver/prefix_override:/home/auria/src/install/rl_driver/lib/python3.8/site-packages:${PYTHONPATH} /usr/bin/python3 setup.py egg_info --egg-base ../build/rl_driver build --build-base /home/auria/src/build/rl_driver/build install --record /home/auria/src/build/rl_driver/install.log --single-version-externally-managed
[7.933s] running egg_info
[7.941s] writing ../build/rl_driver/rl_driver.egg-info/PKG-INFO
[7.942s] writing dependency_links to ../build/rl_driver/rl_driver.egg-info/dependency_links.txt
[7.943s] writing entry points to ../build/rl_driver/rl_driver.egg-info/entry_points.txt
[7.943s] writing requirements to ../build/rl_driver/rl_driver.egg-info/requires.txt
[7.943s] writing top-level names to ../build/rl_driver/rl_driver.egg-info/top_level.txt
[8.080s] reading manifest file '../build/rl_driver/rl_driver.egg-info/SOURCES.txt'
[8.102s] writing manifest file '../build/rl_driver/rl_driver.egg-info/SOURCES.txt'
[8.103s] running build
[8.103s] running build_py
[8.104s] running install
[8.104s] running install_lib
[8.121s] running install_data
[8.132s] running install_egg_info
[8.143s] removing '/home/auria/src/install/rl_driver/lib/python3.8/site-packages/rl_driver-0.0.0-py3.8.egg-info' (and everything under it)
[8.148s] Copying ../build/rl_driver/rl_driver.egg-info to /home/auria/src/install/rl_driver/lib/python3.8/site-packages/rl_driver-0.0.0-py3.8.egg-info
[8.159s] running install_scripts
[8.247s] Installing rl_node script to /home/auria/src/install/rl_driver/lib/rl_driver
[8.248s] Installing train script to /home/auria/src/install/rl_driver/lib/rl_driver
[8.251s] writing list of installed files to '/home/auria/src/build/rl_driver/install.log'
[8.432s] Invoked command in '/home/auria/src/rl_driver' returned '0': PYTHONPATH=/home/auria/src/build/rl_driver/prefix_override:/home/auria/src/install/rl_driver/lib/python3.8/site-packages:${PYTHONPATH} /usr/bin/python3 setup.py egg_info --egg-base ../build/rl_driver build --build-base /home/auria/src/build/rl_driver/build install --record /home/auria/src/build/rl_driver/install.log --single-version-externally-managed
