[0.000000] (-) TimerEvent: {}
[0.000491] (-) JobUnselected: {'identifier': 'auria_msgs'}
[0.000644] (-) JobUnselected: {'identifier': 'environment'}
[0.000736] (rl_driver) JobQueued: {'identifier': 'rl_driver', 'dependencies': OrderedDict()}
[0.000824] (rl_driver) JobStarted: {'identifier': 'rl_driver'}
[0.099009] (-) TimerEvent: {}
[0.200612] (-) TimerEvent: {}
[0.301364] (-) TimerEvent: {}
[0.403673] (-) TimerEvent: {}
[0.504229] (-) TimerEvent: {}
[0.607439] (-) TimerEvent: {}
[0.708198] (-) TimerEvent: {}
[0.808766] (-) TimerEvent: {}
[0.910525] (-) TimerEvent: {}
[1.012745] (-) TimerEvent: {}
[1.114224] (-) TimerEvent: {}
[1.216918] (-) TimerEvent: {}
[1.317470] (-) TimerEvent: {}
[1.418065] (-) TimerEvent: {}
[1.519111] (-) TimerEvent: {}
[1.620415] (-) TimerEvent: {}
[1.721025] (-) TimerEvent: {}
[1.821612] (-) TimerEvent: {}
[1.922778] (-) TimerEvent: {}
[2.023732] (-) TimerEvent: {}
[2.127554] (-) TimerEvent: {}
[2.228804] (-) TimerEvent: {}
[2.278519] (rl_driver) Command: {'cmd': ['/usr/bin/python3', 'setup.py', 'egg_info', '--egg-base', '../build/rl_driver', 'build', '--build-base', '/home/auria/src/build/rl_driver/build', 'install', '--record', '/home/auria/src/build/rl_driver/install.log', '--single-version-externally-managed'], 'cwd': '/home/auria/src/rl_driver', 'env': {'HOSTNAME': 'Ventupentu-portatil', 'SHLVL': '1', 'LIBGL_ALWAYS_SOFTWARE': '1', 'LD_LIBRARY_PATH': '/home/auria/src/install/auria_msgs/lib:/opt/ros/galactic/opt/yaml_cpp_vendor/lib:/opt/ros/galactic/lib/x86_64-linux-gnu:/opt/ros/galactic/lib', 'HOME': '/home/auria', 'OLDPWD': '/home/auria', 'ROS_PYTHON_VERSION': '3', 'QT_QPA_PLATFORM_PLUGIN_PATH': '/usr/lib/x86_64-linux-gnu/qt5/plugins/platforms', 'COLCON_PREFIX_PATH': '/home/auria/src/install', 'ROS_DISTRO': 'galactic', '_': '/usr/bin/colcon', 'ROS_VERSION': '2', 'TERM': 'xterm', 'ROS_LOCALHOST_ONLY': '0', 'QT_X11_NO_MITSHM': '1', 'PATH': '/opt/ros/galactic/bin:/usr/local/sbin:/usr/local/bin:/usr/sbin:/usr/bin:/sbin:/bin', 'DISPLAY': ':0', 'LANG': 'C.UTF-8', 'AMENT_PREFIX_PATH': '/home/auria/src/install/rl_driver:/home/auria/src/install/environment:/home/auria/src/install/auria_msgs:/opt/ros/galactic', 'PWD': '/home/auria/src/build/rl_driver', 'LC_ALL': 'C.UTF-8', 'PYTHONPATH': '/home/auria/src/build/rl_driver/prefix_override:/home/auria/src/install/rl_driver/lib/python3.8/site-packages:/home/auria/src/install/rl_driver/lib/python3.8/site-packages:/home/auria/src/install/environment/lib/python3.8/site-packages:/home/auria/src/install/auria_msgs/lib/python3.8/site-packages:/opt/ros/galactic/lib/python3.8/site-packages', 'COLCON': '1', 'CMAKE_PREFIX_PATH': '/home/auria/src/install/auria_msgs'}, 'shell': False}
[2.329938] (-) TimerEvent: {}
[2.430761] (-) TimerEvent: {}
[2.531355] (-) TimerEvent: {}
[2.632073] (-) TimerEvent: {}
[2.732633] (-) TimerEvent: {}
[2.833347] (-) TimerEvent: {}
[2.933932] (-) TimerEvent: {}
[3.036656] (-) TimerEvent: {}
[3.090852] (rl_driver) StdoutLine: {'line': b'running egg_info\n'}
[3.093592] (rl_driver) StdoutLine: {'line': b'writing ../build/rl_driver/rl_driver.egg-info/PKG-INFO\n'}
[3.096692] (rl_driver) StdoutLine: {'line': b'writing dependency_links to ../build/rl_driver/rl_driver.egg-info/dependency_links.txt\n'}
[3.097079] (rl_driver) StdoutLine: {'line': b'writing entry points to ../build/rl_driver/rl_driver.egg-info/entry_points.txt\n'}
[3.097363] (rl_driver) StdoutLine: {'line': b'writing requirements to ../build/rl_driver/rl_driver.egg-info/requires.txt\n'}
[3.097678] (rl_driver) StdoutLine: {'line': b'writing top-level names to ../build/rl_driver/rl_driver.egg-info/top_level.txt\n'}
[3.137803] (-) TimerEvent: {}
[3.233001] (rl_driver) StdoutLine: {'line': b"reading manifest file '../build/rl_driver/rl_driver.egg-info/SOURCES.txt'\n"}
[3.239550] (rl_driver) StdoutLine: {'line': b"writing manifest file '../build/rl_driver/rl_driver.egg-info/SOURCES.txt'\n"}
[3.240101] (-) TimerEvent: {}
[3.240853] (rl_driver) StdoutLine: {'line': b'running build\n'}
[3.241383] (rl_driver) StdoutLine: {'line': b'running build_py\n'}
[3.241809] (rl_driver) StdoutLine: {'line': b'copying rl_driver/live_plot_callback.py -> /home/auria/src/build/rl_driver/build/lib/rl_driver\n'}
[3.242171] (rl_driver) StdoutLine: {'line': b'running install\n'}
[3.249310] (rl_driver) StdoutLine: {'line': b'running install_lib\n'}
[3.251360] (rl_driver) StdoutLine: {'line': b'copying /home/auria/src/build/rl_driver/build/lib/rl_driver/live_plot_callback.py -> /home/auria/src/install/rl_driver/lib/python3.8/site-packages/rl_driver\n'}
[3.255131] (rl_driver) StdoutLine: {'line': b'byte-compiling /home/auria/src/install/rl_driver/lib/python3.8/site-packages/rl_driver/live_plot_callback.py to live_plot_callback.cpython-38.pyc\n'}
[3.258387] (rl_driver) StdoutLine: {'line': b'running install_data\n'}
[3.263661] (rl_driver) StdoutLine: {'line': b'running install_egg_info\n'}
[3.268945] (rl_driver) StdoutLine: {'line': b"removing '/home/auria/src/install/rl_driver/lib/python3.8/site-packages/rl_driver-0.0.0-py3.8.egg-info' (and everything under it)\n"}
[3.269472] (rl_driver) StdoutLine: {'line': b'Copying ../build/rl_driver/rl_driver.egg-info to /home/auria/src/install/rl_driver/lib/python3.8/site-packages/rl_driver-0.0.0-py3.8.egg-info\n'}
[3.273288] (rl_driver) StdoutLine: {'line': b'running install_scripts\n'}
[3.340269] (-) TimerEvent: {}
[3.353519] (rl_driver) StdoutLine: {'line': b'Installing rl_node script to /home/auria/src/install/rl_driver/lib/rl_driver\n'}
[3.354359] (rl_driver) StdoutLine: {'line': b'Installing train script to /home/auria/src/install/rl_driver/lib/rl_driver\n'}
[3.355799] (rl_driver) StdoutLine: {'line': b"writing list of installed files to '/home/auria/src/build/rl_driver/install.log'\n"}
[3.430680] (rl_driver) CommandEnded: {'returncode': 0}
[3.443487] (-) TimerEvent: {}
[3.513471] (rl_driver) JobEnded: {'identifier': 'rl_driver', 'rc': 0}
[3.521484] (-) EventReactorShutdown: {}
