[0.000000] (-) TimerEvent: {}
[0.000561] (auria_msgs) JobQueued: {'identifier': 'auria_msgs', 'dependencies': OrderedDict()}
[0.001921] (rl_driver) JobQueued: {'identifier': 'rl_driver', 'dependencies': OrderedDict()}
[0.002059] (environment) JobQueued: {'identifier': 'environment', 'dependencies': OrderedDict([('auria_msgs', '/home/auria/src/install/auria_msgs')])}
[0.002825] (auria_msgs) JobStarted: {'identifier': 'auria_msgs'}
[0.041326] (rl_driver) JobStarted: {'identifier': 'rl_driver'}
[0.089245] (auria_msgs) JobProgress: {'identifier': 'auria_msgs', 'progress': 'cmake'}
[0.095590] (auria_msgs) JobProgress: {'identifier': 'auria_msgs', 'progress': 'build'}
[0.095781] (auria_msgs) Command: {'cmd': ['/usr/bin/cmake', '--build', '/home/auria/src/build/auria_msgs', '--', '-j4', '-l4'], 'cwd': '/home/auria/src/build/auria_msgs', 'env': OrderedDict([('HOSTNAME', 'Ventupentu-portatil'), ('SHLVL', '1'), ('LIBGL_ALWAYS_SOFTWARE', '1'), ('HOME', '/home/auria'), ('OLDPWD', '/home/auria'), ('QT_QPA_PLATFORM_PLUGIN_PATH', '/usr/lib/x86_64-linux-gnu/qt5/plugins/platforms'), ('COLCON_PREFIX_PATH', '/home/auria/install'), ('ROS_DISTRO', 'galactic'), ('_', '/usr/bin/colcon'), ('TERM', 'xterm'), ('QT_X11_NO_MITSHM', '1'), ('PATH', '/usr/local/sbin:/usr/local/bin:/usr/sbin:/usr/bin:/sbin:/bin'), ('DISPLAY', ':0'), ('LANG', 'C.UTF-8'), ('PWD', '/home/auria/src/build/auria_msgs'), ('LC_ALL', 'C.UTF-8'), ('COLCON', '1')]), 'shell': False}
[0.111764] (-) TimerEvent: {}
[0.215237] (-) TimerEvent: {}
[0.321646] (-) TimerEvent: {}
[0.409625] (auria_msgs) StdoutLine: {'line': b'[  4%] Built target auria_msgs__cpp\n'}
[0.414051] (auria_msgs) StdoutLine: {'line': b'[ 17%] Built target auria_msgs__rosidl_generator_c\n'}
[0.421784] (-) TimerEvent: {}
[0.522625] (-) TimerEvent: {}
[0.570344] (auria_msgs) StdoutLine: {'line': b'[ 30%] Built target auria_msgs__rosidl_typesupport_introspection_cpp\n'}
[0.620593] (auria_msgs) StdoutLine: {'line': b'[ 43%] Built target auria_msgs__rosidl_typesupport_introspection_c\n'}
[0.624506] (-) TimerEvent: {}
[0.689951] (auria_msgs) StdoutLine: {'line': b'[ 56%] Built target auria_msgs__rosidl_typesupport_cpp\n'}
[0.724656] (-) TimerEvent: {}
[0.782525] (auria_msgs) StdoutLine: {'line': b'[ 69%] Built target auria_msgs__rosidl_typesupport_c\n'}
[0.827395] (-) TimerEvent: {}
[0.888520] (auria_msgs) StdoutLine: {'line': b'[ 69%] Built target auria_msgs\n'}
[0.927537] (-) TimerEvent: {}
[1.011741] (auria_msgs) StdoutLine: {'line': b'[ 73%] Built target auria_msgs__py\n'}
[1.027805] (-) TimerEvent: {}
[1.134688] (-) TimerEvent: {}
[1.146163] (auria_msgs) StdoutLine: {'line': b'[ 82%] Built target auria_msgs__python\n'}
[1.234675] (-) TimerEvent: {}
[1.308431] (auria_msgs) StdoutLine: {'line': b'[ 91%] Built target auria_msgs__rosidl_typesupport_c__pyext\n'}
[1.334818] (-) TimerEvent: {}
[1.346873] (auria_msgs) StdoutLine: {'line': b'[100%] Built target auria_msgs__rosidl_typesupport_introspection_c__pyext\n'}
[1.420375] (auria_msgs) CommandEnded: {'returncode': 0}
[1.440742] (-) TimerEvent: {}
[1.541565] (-) TimerEvent: {}
[1.643416] (-) TimerEvent: {}
[1.645389] (auria_msgs) JobProgress: {'identifier': 'auria_msgs', 'progress': 'install'}
[1.708540] (auria_msgs) Command: {'cmd': ['/usr/bin/cmake', '--install', '/home/auria/src/build/auria_msgs'], 'cwd': '/home/auria/src/build/auria_msgs', 'env': OrderedDict([('HOSTNAME', 'Ventupentu-portatil'), ('SHLVL', '1'), ('LIBGL_ALWAYS_SOFTWARE', '1'), ('HOME', '/home/auria'), ('OLDPWD', '/home/auria'), ('QT_QPA_PLATFORM_PLUGIN_PATH', '/usr/lib/x86_64-linux-gnu/qt5/plugins/platforms'), ('COLCON_PREFIX_PATH', '/home/auria/install'), ('ROS_DISTRO', 'galactic'), ('_', '/usr/bin/colcon'), ('TERM', 'xterm'), ('QT_X11_NO_MITSHM', '1'), ('PATH', '/usr/local/sbin:/usr/local/bin:/usr/sbin:/usr/bin:/sbin:/bin'), ('DISPLAY', ':0'), ('LANG', 'C.UTF-8'), ('PWD', '/home/auria/src/build/auria_msgs'), ('LC_ALL', 'C.UTF-8'), ('COLCON', '1')]), 'shell': False}
[1.744418] (-) TimerEvent: {}
[1.753454] (auria_msgs) StdoutLine: {'line': b'-- Install configuration: ""\n'}
[1.754396] (auria_msgs) StdoutLine: {'line': b'-- Up-to-date: /home/auria/src/install/auria_msgs/share/ament_index/resource_index/rosidl_interfaces/auria_msgs\n'}
[1.756479] (auria_msgs) StdoutLine: {'line': b'-- Up-to-date: /home/auria/src/install/auria_msgs/include/auria_msgs\n'}
[1.759679] (auria_msgs) StdoutLine: {'line': b'-- Up-to-date: /home/auria/src/install/auria_msgs/include/auria_msgs/msg\n'}
[1.760049] (auria_msgs) StdoutLine: {'line': b'-- Up-to-date: /home/auria/src/install/auria_msgs/include/auria_msgs/msg/point_array.h\n'}
[1.760342] (auria_msgs) StdoutLine: {'line': b'-- Up-to-date: /home/auria/src/install/auria_msgs/include/auria_msgs/msg/rosidl_generator_c__visibility_control.h\n'}
[1.760628] (auria_msgs) StdoutLine: {'line': b'-- Up-to-date: /home/auria/src/install/auria_msgs/include/auria_msgs/msg/detail\n'}
[1.762787] (auria_msgs) StdoutLine: {'line': b'-- Up-to-date: /home/auria/src/install/auria_msgs/include/auria_msgs/msg/detail/point_array__struct.h\n'}
[1.767116] (auria_msgs) StdoutLine: {'line': b'-- Up-to-date: /home/auria/src/install/auria_msgs/include/auria_msgs/msg/detail/point_array__type_support.h\n'}
[1.767651] (auria_msgs) StdoutLine: {'line': b'-- Up-to-date: /home/auria/src/install/auria_msgs/include/auria_msgs/msg/detail/point_array__functions.h\n'}
[1.767944] (auria_msgs) StdoutLine: {'line': b'-- Up-to-date: /home/auria/src/install/auria_msgs/include/auria_msgs/msg/detail/point_array__functions.c\n'}
[1.768213] (auria_msgs) StdoutLine: {'line': b'-- Up-to-date: /home/auria/src/install/auria_msgs/share/auria_msgs/environment/library_path.sh\n'}
[1.771905] (auria_msgs) StdoutLine: {'line': b'-- Up-to-date: /home/auria/src/install/auria_msgs/share/auria_msgs/environment/library_path.dsv\n'}
[1.773308] (auria_msgs) StdoutLine: {'line': b'-- Up-to-date: /home/auria/src/install/auria_msgs/lib/libauria_msgs__rosidl_generator_c.so\n'}
[1.775204] (auria_msgs) StdoutLine: {'line': b'-- Up-to-date: /home/auria/src/install/auria_msgs/include/auria_msgs\n'}
[1.775546] (auria_msgs) StdoutLine: {'line': b'-- Up-to-date: /home/auria/src/install/auria_msgs/include/auria_msgs/msg\n'}
[1.775824] (auria_msgs) StdoutLine: {'line': b'-- Up-to-date: /home/auria/src/install/auria_msgs/include/auria_msgs/msg/rosidl_typesupport_introspection_c__visibility_control.h\n'}
[1.776080] (auria_msgs) StdoutLine: {'line': b'-- Up-to-date: /home/auria/src/install/auria_msgs/include/auria_msgs/msg/detail\n'}
[1.776346] (auria_msgs) StdoutLine: {'line': b'-- Up-to-date: /home/auria/src/install/auria_msgs/include/auria_msgs/msg/detail/point_array__type_support.c\n'}
[1.779890] (auria_msgs) StdoutLine: {'line': b'-- Up-to-date: /home/auria/src/install/auria_msgs/include/auria_msgs/msg/detail/point_array__rosidl_typesupport_introspection_c.h\n'}
[1.781353] (auria_msgs) StdoutLine: {'line': b'-- Up-to-date: /home/auria/src/install/auria_msgs/lib/libauria_msgs__rosidl_typesupport_introspection_c.so\n'}
[1.781688] (auria_msgs) StdoutLine: {'line': b'-- Up-to-date: /home/auria/src/install/auria_msgs/lib/libauria_msgs__rosidl_typesupport_c.so\n'}
[1.781960] (auria_msgs) StdoutLine: {'line': b'-- Up-to-date: /home/auria/src/install/auria_msgs/include/auria_msgs\n'}
[1.782219] (auria_msgs) StdoutLine: {'line': b'-- Up-to-date: /home/auria/src/install/auria_msgs/include/auria_msgs/msg\n'}
[1.782516] (auria_msgs) StdoutLine: {'line': b'-- Up-to-date: /home/auria/src/install/auria_msgs/include/auria_msgs/msg/point_array.hpp\n'}
[1.782778] (auria_msgs) StdoutLine: {'line': b'-- Up-to-date: /home/auria/src/install/auria_msgs/include/auria_msgs/msg/detail\n'}
[1.783028] (auria_msgs) StdoutLine: {'line': b'-- Up-to-date: /home/auria/src/install/auria_msgs/include/auria_msgs/msg/detail/point_array__struct.hpp\n'}
[1.783282] (auria_msgs) StdoutLine: {'line': b'-- Up-to-date: /home/auria/src/install/auria_msgs/include/auria_msgs/msg/detail/point_array__builder.hpp\n'}
[1.790005] (auria_msgs) StdoutLine: {'line': b'-- Up-to-date: /home/auria/src/install/auria_msgs/include/auria_msgs/msg/detail/point_array__traits.hpp\n'}
[1.790332] (auria_msgs) StdoutLine: {'line': b'-- Up-to-date: /home/auria/src/install/auria_msgs/include/auria_msgs\n'}
[1.790660] (auria_msgs) StdoutLine: {'line': b'-- Up-to-date: /home/auria/src/install/auria_msgs/include/auria_msgs/msg\n'}
[1.790945] (auria_msgs) StdoutLine: {'line': b'-- Up-to-date: /home/auria/src/install/auria_msgs/include/auria_msgs/msg/detail\n'}
[1.791207] (auria_msgs) StdoutLine: {'line': b'-- Up-to-date: /home/auria/src/install/auria_msgs/include/auria_msgs/msg/detail/point_array__rosidl_typesupport_introspection_cpp.hpp\n'}
[1.791504] (auria_msgs) StdoutLine: {'line': b'-- Up-to-date: /home/auria/src/install/auria_msgs/include/auria_msgs/msg/detail/point_array__type_support.cpp\n'}
[1.791768] (auria_msgs) StdoutLine: {'line': b'-- Up-to-date: /home/auria/src/install/auria_msgs/lib/libauria_msgs__rosidl_typesupport_introspection_cpp.so\n'}
[1.792023] (auria_msgs) StdoutLine: {'line': b'-- Up-to-date: /home/auria/src/install/auria_msgs/lib/libauria_msgs__rosidl_typesupport_cpp.so\n'}
[1.792272] (auria_msgs) StdoutLine: {'line': b'-- Up-to-date: /home/auria/src/install/auria_msgs/share/auria_msgs/environment/pythonpath.sh\n'}
[1.799954] (auria_msgs) StdoutLine: {'line': b'-- Up-to-date: /home/auria/src/install/auria_msgs/share/auria_msgs/environment/pythonpath.dsv\n'}
[1.800363] (auria_msgs) StdoutLine: {'line': b'-- Up-to-date: /home/auria/src/install/auria_msgs/lib/python3.8/site-packages/auria_msgs/__init__.py\n'}
[1.848394] (-) TimerEvent: {}
[1.918440] (auria_msgs) StdoutLine: {'line': b'-- Up-to-date: /home/auria/src/install/auria_msgs/lib/python3.8/site-packages/auria_msgs/msg\n'}
[1.921105] (auria_msgs) StdoutLine: {'line': b'-- Up-to-date: /home/auria/src/install/auria_msgs/lib/python3.8/site-packages/auria_msgs/msg/_point_array_s.c\n'}
[1.922494] (auria_msgs) StdoutLine: {'line': b'-- Up-to-date: /home/auria/src/install/auria_msgs/lib/python3.8/site-packages/auria_msgs/msg/__init__.py\n'}
[1.926467] (auria_msgs) StdoutLine: {'line': b'-- Up-to-date: /home/auria/src/install/auria_msgs/lib/python3.8/site-packages/auria_msgs/msg/_point_array.py\n'}
[1.930522] (auria_msgs) StdoutLine: {'line': b'-- Up-to-date: /home/auria/src/install/auria_msgs/lib/python3.8/site-packages/auria_msgs/auria_msgs_s__rosidl_typesupport_introspection_c.cpython-38-x86_64-linux-gnu.so\n'}
[1.935498] (auria_msgs) StdoutLine: {'line': b'-- Up-to-date: /home/auria/src/install/auria_msgs/lib/python3.8/site-packages/auria_msgs/auria_msgs_s__rosidl_typesupport_c.cpython-38-x86_64-linux-gnu.so\n'}
[1.937984] (auria_msgs) StdoutLine: {'line': b'-- Up-to-date: /home/auria/src/install/auria_msgs/lib/libauria_msgs__python.so\n'}
[1.940051] (auria_msgs) StdoutLine: {'line': b'-- Up-to-date: /home/auria/src/install/auria_msgs/share/auria_msgs/msg/PointArray.idl\n'}
[1.941460] (auria_msgs) StdoutLine: {'line': b'-- Up-to-date: /home/auria/src/install/auria_msgs/share/auria_msgs/msg/PointArray.msg\n'}
[1.941962] (auria_msgs) StdoutLine: {'line': b'-- Up-to-date: /home/auria/src/install/auria_msgs/share/ament_index/resource_index/package_run_dependencies/auria_msgs\n'}
[1.944892] (auria_msgs) StdoutLine: {'line': b'-- Up-to-date: /home/auria/src/install/auria_msgs/share/ament_index/resource_index/parent_prefix_path/auria_msgs\n'}
[1.945272] (auria_msgs) StdoutLine: {'line': b'-- Up-to-date: /home/auria/src/install/auria_msgs/share/auria_msgs/environment/ament_prefix_path.sh\n'}
[1.946224] (auria_msgs) StdoutLine: {'line': b'-- Up-to-date: /home/auria/src/install/auria_msgs/share/auria_msgs/environment/ament_prefix_path.dsv\n'}
[1.947162] (auria_msgs) StdoutLine: {'line': b'-- Up-to-date: /home/auria/src/install/auria_msgs/share/auria_msgs/environment/path.sh\n'}
[1.947663] (auria_msgs) StdoutLine: {'line': b'-- Up-to-date: /home/auria/src/install/auria_msgs/share/auria_msgs/environment/path.dsv\n'}
[1.948898] (auria_msgs) StdoutLine: {'line': b'-- Up-to-date: /home/auria/src/install/auria_msgs/share/auria_msgs/local_setup.bash\n'}
[1.949236] (-) TimerEvent: {}
[1.951028] (auria_msgs) StdoutLine: {'line': b'-- Up-to-date: /home/auria/src/install/auria_msgs/share/auria_msgs/local_setup.sh\n'}
[1.951802] (auria_msgs) StdoutLine: {'line': b'-- Up-to-date: /home/auria/src/install/auria_msgs/share/auria_msgs/local_setup.zsh\n'}
[1.953251] (auria_msgs) StdoutLine: {'line': b'-- Up-to-date: /home/auria/src/install/auria_msgs/share/auria_msgs/local_setup.dsv\n'}
[1.955703] (auria_msgs) StdoutLine: {'line': b'-- Installing: /home/auria/src/install/auria_msgs/share/auria_msgs/package.dsv\n'}
[1.958174] (auria_msgs) StdoutLine: {'line': b'-- Up-to-date: /home/auria/src/install/auria_msgs/share/ament_index/resource_index/packages/auria_msgs\n'}
[1.959438] (auria_msgs) StdoutLine: {'line': b'-- Up-to-date: /home/auria/src/install/auria_msgs/share/auria_msgs/cmake/auria_msgs__rosidl_generator_cExport.cmake\n'}
[1.960417] (auria_msgs) StdoutLine: {'line': b'-- Up-to-date: /home/auria/src/install/auria_msgs/share/auria_msgs/cmake/auria_msgs__rosidl_generator_cExport-noconfig.cmake\n'}
[1.966181] (auria_msgs) StdoutLine: {'line': b'-- Up-to-date: /home/auria/src/install/auria_msgs/share/auria_msgs/cmake/auria_msgs__rosidl_typesupport_introspection_cExport.cmake\n'}
[1.967081] (auria_msgs) StdoutLine: {'line': b'-- Up-to-date: /home/auria/src/install/auria_msgs/share/auria_msgs/cmake/auria_msgs__rosidl_typesupport_introspection_cExport-noconfig.cmake\n'}
[1.968367] (auria_msgs) StdoutLine: {'line': b'-- Up-to-date: /home/auria/src/install/auria_msgs/share/auria_msgs/cmake/auria_msgs__rosidl_typesupport_cExport.cmake\n'}
[1.968752] (auria_msgs) StdoutLine: {'line': b'-- Up-to-date: /home/auria/src/install/auria_msgs/share/auria_msgs/cmake/auria_msgs__rosidl_typesupport_cExport-noconfig.cmake\n'}
[1.971152] (auria_msgs) StdoutLine: {'line': b'-- Up-to-date: /home/auria/src/install/auria_msgs/share/auria_msgs/cmake/auria_msgs__rosidl_generator_cppExport.cmake\n'}
[1.972409] (auria_msgs) StdoutLine: {'line': b'-- Up-to-date: /home/auria/src/install/auria_msgs/share/auria_msgs/cmake/auria_msgs__rosidl_typesupport_introspection_cppExport.cmake\n'}
[1.973430] (auria_msgs) StdoutLine: {'line': b'-- Up-to-date: /home/auria/src/install/auria_msgs/share/auria_msgs/cmake/auria_msgs__rosidl_typesupport_introspection_cppExport-noconfig.cmake\n'}
[1.976031] (auria_msgs) StdoutLine: {'line': b'-- Up-to-date: /home/auria/src/install/auria_msgs/share/auria_msgs/cmake/auria_msgs__rosidl_typesupport_cppExport.cmake\n'}
[1.976634] (auria_msgs) StdoutLine: {'line': b'-- Up-to-date: /home/auria/src/install/auria_msgs/share/auria_msgs/cmake/auria_msgs__rosidl_typesupport_cppExport-noconfig.cmake\n'}
[1.978013] (auria_msgs) StdoutLine: {'line': b'-- Up-to-date: /home/auria/src/install/auria_msgs/share/auria_msgs/cmake/rosidl_cmake-extras.cmake\n'}
[1.980469] (auria_msgs) StdoutLine: {'line': b'-- Up-to-date: /home/auria/src/install/auria_msgs/share/auria_msgs/cmake/ament_cmake_export_dependencies-extras.cmake\n'}
[1.981835] (auria_msgs) StdoutLine: {'line': b'-- Up-to-date: /home/auria/src/install/auria_msgs/share/auria_msgs/cmake/ament_cmake_export_libraries-extras.cmake\n'}
[1.982382] (auria_msgs) StdoutLine: {'line': b'-- Up-to-date: /home/auria/src/install/auria_msgs/share/auria_msgs/cmake/ament_cmake_export_targets-extras.cmake\n'}
[1.983371] (auria_msgs) StdoutLine: {'line': b'-- Up-to-date: /home/auria/src/install/auria_msgs/share/auria_msgs/cmake/ament_cmake_export_include_directories-extras.cmake\n'}
[1.984656] (auria_msgs) StdoutLine: {'line': b'-- Up-to-date: /home/auria/src/install/auria_msgs/share/auria_msgs/cmake/rosidl_cmake_export_typesupport_targets-extras.cmake\n'}
[1.985148] (auria_msgs) StdoutLine: {'line': b'-- Up-to-date: /home/auria/src/install/auria_msgs/share/auria_msgs/cmake/auria_msgsConfig.cmake\n'}
[1.985813] (auria_msgs) StdoutLine: {'line': b'-- Up-to-date: /home/auria/src/install/auria_msgs/share/auria_msgs/cmake/auria_msgsConfig-version.cmake\n'}
[1.986683] (auria_msgs) StdoutLine: {'line': b'-- Up-to-date: /home/auria/src/install/auria_msgs/share/auria_msgs/package.xml\n'}
[1.998931] (auria_msgs) CommandEnded: {'returncode': 0}
[2.051909] (-) TimerEvent: {}
[2.153909] (-) TimerEvent: {}
[2.256065] (-) TimerEvent: {}
[2.360546] (-) TimerEvent: {}
[2.403973] (auria_msgs) JobEnded: {'identifier': 'auria_msgs', 'rc': 0}
[2.413780] (environment) JobStarted: {'identifier': 'environment'}
[2.471702] (rl_driver) Command: {'cmd': ['/usr/bin/python3', 'setup.py', 'egg_info', '--egg-base', '../build/rl_driver', 'build', '--build-base', '/home/auria/src/build/rl_driver/build', 'install', '--record', '/home/auria/src/build/rl_driver/install.log', '--single-version-externally-managed'], 'cwd': '/home/auria/src/rl_driver', 'env': {'HOSTNAME': 'Ventupentu-portatil', 'SHLVL': '1', 'LIBGL_ALWAYS_SOFTWARE': '1', 'HOME': '/home/auria', 'OLDPWD': '/home/auria', 'QT_QPA_PLATFORM_PLUGIN_PATH': '/usr/lib/x86_64-linux-gnu/qt5/plugins/platforms', 'COLCON_PREFIX_PATH': '/home/auria/install', 'ROS_DISTRO': 'galactic', '_': '/usr/bin/colcon', 'TERM': 'xterm', 'QT_X11_NO_MITSHM': '1', 'PATH': '/usr/local/sbin:/usr/local/bin:/usr/sbin:/usr/bin:/sbin:/bin', 'DISPLAY': ':0', 'LANG': 'C.UTF-8', 'PWD': '/home/auria/src/build/rl_driver', 'LC_ALL': 'C.UTF-8', 'COLCON': '1', 'PYTHONPATH': '/home/auria/src/build/rl_driver/prefix_override:/home/auria/src/install/rl_driver/lib/python3.8/site-packages:'}, 'shell': False}
[2.491732] (-) TimerEvent: {}
[2.594308] (-) TimerEvent: {}
[2.698384] (-) TimerEvent: {}
[2.798969] (-) TimerEvent: {}
[2.899924] (-) TimerEvent: {}
[3.004386] (-) TimerEvent: {}
[3.105336] (-) TimerEvent: {}
[3.167795] (rl_driver) StdoutLine: {'line': b'running egg_info\n'}
[3.175275] (rl_driver) StdoutLine: {'line': b'writing ../build/rl_driver/rl_driver.egg-info/PKG-INFO\n'}
[3.175900] (rl_driver) StdoutLine: {'line': b'writing dependency_links to ../build/rl_driver/rl_driver.egg-info/dependency_links.txt\n'}
[3.176197] (rl_driver) StdoutLine: {'line': b'writing entry points to ../build/rl_driver/rl_driver.egg-info/entry_points.txt\n'}
[3.176505] (rl_driver) StdoutLine: {'line': b'writing requirements to ../build/rl_driver/rl_driver.egg-info/requires.txt\n'}
[3.176779] (rl_driver) StdoutLine: {'line': b'writing top-level names to ../build/rl_driver/rl_driver.egg-info/top_level.txt\n'}
[3.208110] (-) TimerEvent: {}
[3.312599] (rl_driver) StdoutLine: {'line': b"reading manifest file '../build/rl_driver/rl_driver.egg-info/SOURCES.txt'\n"}
[3.317816] (-) TimerEvent: {}
[3.318476] (rl_driver) StdoutLine: {'line': b"writing manifest file '../build/rl_driver/rl_driver.egg-info/SOURCES.txt'\n"}
[3.322236] (rl_driver) StdoutLine: {'line': b'running build\n'}
[3.323789] (rl_driver) StdoutLine: {'line': b'running build_py\n'}
[3.324093] (rl_driver) StdoutLine: {'line': b'copying rl_driver/train.py -> /home/auria/src/build/rl_driver/build/lib/rl_driver\n'}
[3.324372] (rl_driver) StdoutLine: {'line': b'copying rl_driver/gym_ros2_env.py -> /home/auria/src/build/rl_driver/build/lib/rl_driver\n'}
[3.327908] (rl_driver) StdoutLine: {'line': b'copying rl_driver/rl_node.py -> /home/auria/src/build/rl_driver/build/lib/rl_driver\n'}
[3.330540] (rl_driver) StdoutLine: {'line': b'running install\n'}
[3.330858] (rl_driver) StdoutLine: {'line': b'running install_lib\n'}
[3.340392] (rl_driver) StdoutLine: {'line': b'copying /home/auria/src/build/rl_driver/build/lib/rl_driver/train.py -> /home/auria/src/install/rl_driver/lib/python3.8/site-packages/rl_driver\n'}
[3.341246] (rl_driver) StdoutLine: {'line': b'copying /home/auria/src/build/rl_driver/build/lib/rl_driver/gym_ros2_env.py -> /home/auria/src/install/rl_driver/lib/python3.8/site-packages/rl_driver\n'}
[3.341573] (rl_driver) StdoutLine: {'line': b'copying /home/auria/src/build/rl_driver/build/lib/rl_driver/rl_node.py -> /home/auria/src/install/rl_driver/lib/python3.8/site-packages/rl_driver\n'}
[3.348311] (rl_driver) StdoutLine: {'line': b'byte-compiling /home/auria/src/install/rl_driver/lib/python3.8/site-packages/rl_driver/train.py to train.cpython-38.pyc\n'}
[3.354393] (rl_driver) StdoutLine: {'line': b'byte-compiling /home/auria/src/install/rl_driver/lib/python3.8/site-packages/rl_driver/gym_ros2_env.py to gym_ros2_env.cpython-38.pyc\n'}
[3.357393] (rl_driver) StdoutLine: {'line': b'byte-compiling /home/auria/src/install/rl_driver/lib/python3.8/site-packages/rl_driver/rl_node.py to rl_node.cpython-38.pyc\n'}
[3.362373] (rl_driver) StdoutLine: {'line': b'running install_data\n'}
[3.363103] (rl_driver) StdoutLine: {'line': b'running install_egg_info\n'}
[3.375400] (rl_driver) StdoutLine: {'line': b"removing '/home/auria/src/install/rl_driver/lib/python3.8/site-packages/rl_driver-0.0.0-py3.8.egg-info' (and everything under it)\n"}
[3.375877] (rl_driver) StdoutLine: {'line': b'Copying ../build/rl_driver/rl_driver.egg-info to /home/auria/src/install/rl_driver/lib/python3.8/site-packages/rl_driver-0.0.0-py3.8.egg-info\n'}
[3.384032] (rl_driver) StdoutLine: {'line': b'running install_scripts\n'}
[3.419525] (-) TimerEvent: {}
[3.461012] (rl_driver) StdoutLine: {'line': b'Installing rl_node script to /home/auria/src/install/rl_driver/lib/rl_driver\n'}
[3.463829] (rl_driver) StdoutLine: {'line': b"writing list of installed files to '/home/auria/src/build/rl_driver/install.log'\n"}
[3.519676] (-) TimerEvent: {}
[3.540444] (rl_driver) CommandEnded: {'returncode': 0}
[3.596164] (rl_driver) JobEnded: {'identifier': 'rl_driver', 'rc': 0}
[3.619977] (-) TimerEvent: {}
[3.723381] (-) TimerEvent: {}
[3.824265] (-) TimerEvent: {}
[3.924855] (-) TimerEvent: {}
[4.025481] (-) TimerEvent: {}
[4.126036] (-) TimerEvent: {}
[4.226653] (-) TimerEvent: {}
[4.327497] (-) TimerEvent: {}
[4.430014] (environment) Command: {'cmd': ['/usr/bin/python3', 'setup.py', 'egg_info', '--egg-base', '../build/environment', 'build', '--build-base', '/home/auria/src/build/environment/build', 'install', '--record', '/home/auria/src/build/environment/install.log', '--single-version-externally-managed'], 'cwd': '/home/auria/src/environment', 'env': {'HOSTNAME': 'Ventupentu-portatil', 'SHLVL': '1', 'LIBGL_ALWAYS_SOFTWARE': '1', 'LD_LIBRARY_PATH': '/home/auria/src/install/auria_msgs/lib', 'HOME': '/home/auria', 'OLDPWD': '/home/auria', 'QT_QPA_PLATFORM_PLUGIN_PATH': '/usr/lib/x86_64-linux-gnu/qt5/plugins/platforms', 'COLCON_PREFIX_PATH': '/home/auria/install', 'ROS_DISTRO': 'galactic', '_': '/usr/bin/colcon', 'TERM': 'xterm', 'QT_X11_NO_MITSHM': '1', 'PATH': '/usr/local/sbin:/usr/local/bin:/usr/sbin:/usr/bin:/sbin:/bin', 'DISPLAY': ':0', 'LANG': 'C.UTF-8', 'AMENT_PREFIX_PATH': '/home/auria/src/install/auria_msgs', 'PWD': '/home/auria/src/build/environment', 'LC_ALL': 'C.UTF-8', 'PYTHONPATH': '/home/auria/src/build/environment/prefix_override:/home/auria/src/install/environment/lib/python3.8/site-packages:/home/auria/src/install/auria_msgs/lib/python3.8/site-packages', 'COLCON': '1', 'CMAKE_PREFIX_PATH': '/home/auria/src/install/auria_msgs'}, 'shell': False}
[4.436554] (-) TimerEvent: {}
[4.540481] (-) TimerEvent: {}
[4.643024] (-) TimerEvent: {}
[4.743749] (-) TimerEvent: {}
[4.844351] (-) TimerEvent: {}
[4.944910] (-) TimerEvent: {}
[5.045639] (-) TimerEvent: {}
[5.074191] (environment) StdoutLine: {'line': b'running egg_info\n'}
[5.074957] (environment) StdoutLine: {'line': b'writing ../build/environment/environment.egg-info/PKG-INFO\n'}
[5.077275] (environment) StdoutLine: {'line': b'writing dependency_links to ../build/environment/environment.egg-info/dependency_links.txt\n'}
[5.077818] (environment) StdoutLine: {'line': b'writing entry points to ../build/environment/environment.egg-info/entry_points.txt\n'}
[5.078108] (environment) StdoutLine: {'line': b'writing requirements to ../build/environment/environment.egg-info/requires.txt\n'}
[5.078431] (environment) StdoutLine: {'line': b'writing top-level names to ../build/environment/environment.egg-info/top_level.txt\n'}
[5.146062] (-) TimerEvent: {}
[5.208918] (environment) StdoutLine: {'line': b"reading manifest file '../build/environment/environment.egg-info/SOURCES.txt'\n"}
[5.212466] (environment) StdoutLine: {'line': b"writing manifest file '../build/environment/environment.egg-info/SOURCES.txt'\n"}
[5.214347] (environment) StdoutLine: {'line': b'running build\n'}
[5.214696] (environment) StdoutLine: {'line': b'running build_py\n'}
[5.215498] (environment) StdoutLine: {'line': b'running install\n'}
[5.217126] (environment) StdoutLine: {'line': b'running install_lib\n'}
[5.225453] (environment) StdoutLine: {'line': b'running install_data\n'}
[5.225986] (environment) StdoutLine: {'line': b'running install_egg_info\n'}
[5.233951] (environment) StdoutLine: {'line': b"removing '/home/auria/src/install/environment/lib/python3.8/site-packages/environment-0.1.0-py3.8.egg-info' (and everything under it)\n"}
[5.237042] (environment) StdoutLine: {'line': b'Copying ../build/environment/environment.egg-info to /home/auria/src/install/environment/lib/python3.8/site-packages/environment-0.1.0-py3.8.egg-info\n'}
[5.244987] (environment) StdoutLine: {'line': b'running install_scripts\n'}
[5.246835] (-) TimerEvent: {}
[5.311124] (environment) StdoutLine: {'line': b'Installing car script to /home/auria/src/install/environment/lib/environment\n'}
[5.311652] (environment) StdoutLine: {'line': b'Installing env script to /home/auria/src/install/environment/lib/environment\n'}
[5.316388] (environment) StdoutLine: {'line': b"writing list of installed files to '/home/auria/src/build/environment/install.log'\n"}
[5.346998] (-) TimerEvent: {}
[5.382888] (environment) CommandEnded: {'returncode': 0}
[5.423417] (environment) JobEnded: {'identifier': 'environment', 'rc': 0}
[5.426503] (-) EventReactorShutdown: {}
