[0.000000] (-) TimerEvent: {}
[0.000599] (-) JobUnselected: {'identifier': 'auria_msgs'}
[0.000733] (-) JobUnselected: {'identifier': 'environment'}
[0.000844] (rl_driver) JobQueued: {'identifier': 'rl_driver', 'dependencies': OrderedDict()}
[0.003484] (rl_driver) JobStarted: {'identifier': 'rl_driver'}
[0.100699] (-) TimerEvent: {}
[0.202403] (-) TimerEvent: {}
[0.303072] (-) TimerEvent: {}
[0.403689] (-) TimerEvent: {}
[0.504263] (-) TimerEvent: {}
[0.605214] (-) TimerEvent: {}
[0.706116] (-) TimerEvent: {}
[0.807351] (-) TimerEvent: {}
[0.909323] (-) TimerEvent: {}
[1.010207] (-) TimerEvent: {}
[1.111492] (-) TimerEvent: {}
[1.213893] (-) TimerEvent: {}
[1.315295] (-) TimerEvent: {}
[1.417065] (-) TimerEvent: {}
[1.518254] (-) TimerEvent: {}
[1.619176] (-) TimerEvent: {}
[1.719757] (-) TimerEvent: {}
[1.822503] (-) TimerEvent: {}
[1.923148] (-) TimerEvent: {}
[2.025769] (-) TimerEvent: {}
[2.128513] (-) TimerEvent: {}
[2.230009] (-) TimerEvent: {}
[2.330582] (-) TimerEvent: {}
[2.413576] (rl_driver) Command: {'cmd': ['/usr/bin/python3', 'setup.py', 'egg_info', '--egg-base', '../build/rl_driver', 'build', '--build-base', '/home/auria/src/build/rl_driver/build', 'install', '--record', '/home/auria/src/build/rl_driver/install.log', '--single-version-externally-managed'], 'cwd': '/home/auria/src/rl_driver', 'env': {'HOSTNAME': 'Ventupentu-portatil', 'SHLVL': '1', 'LIBGL_ALWAYS_SOFTWARE': '1', 'LD_LIBRARY_PATH': '/home/auria/src/install/auria_msgs/lib:/opt/ros/galactic/opt/yaml_cpp_vendor/lib:/opt/ros/galactic/lib/x86_64-linux-gnu:/opt/ros/galactic/lib', 'HOME': '/home/auria', 'OLDPWD': '/home/auria', 'ROS_PYTHON_VERSION': '3', 'QT_QPA_PLATFORM_PLUGIN_PATH': '/usr/lib/x86_64-linux-gnu/qt5/plugins/platforms', 'COLCON_PREFIX_PATH': '/home/auria/src/install', 'ROS_DISTRO': 'galactic', '_': '/usr/bin/colcon', 'ROS_VERSION': '2', 'TERM': 'xterm', 'ROS_LOCALHOST_ONLY': '0', 'QT_X11_NO_MITSHM': '1', 'PATH': '/opt/ros/galactic/bin:/usr/local/sbin:/usr/local/bin:/usr/sbin:/usr/bin:/sbin:/bin', 'DISPLAY': ':0', 'LANG': 'C.UTF-8', 'AMENT_PREFIX_PATH': '/home/auria/src/install/rl_driver:/home/auria/src/install/environment:/home/auria/src/install/auria_msgs:/opt/ros/galactic', 'PWD': '/home/auria/src/build/rl_driver', 'LC_ALL': 'C.UTF-8', 'PYTHONPATH': '/home/auria/src/build/rl_driver/prefix_override:/home/auria/src/install/rl_driver/lib/python3.8/site-packages:/home/auria/src/install/rl_driver/lib/python3.8/site-packages:/home/auria/src/install/environment/lib/python3.8/site-packages:/home/auria/src/install/auria_msgs/lib/python3.8/site-packages:/opt/ros/galactic/lib/python3.8/site-packages', 'COLCON': '1', 'CMAKE_PREFIX_PATH': '/home/auria/src/install/auria_msgs'}, 'shell': False}
[2.431501] (-) TimerEvent: {}
[2.539788] (-) TimerEvent: {}
[2.642381] (-) TimerEvent: {}
[2.745142] (-) TimerEvent: {}
[2.846047] (-) TimerEvent: {}
[2.946989] (-) TimerEvent: {}
[3.047645] (-) TimerEvent: {}
[3.148547] (-) TimerEvent: {}
[3.251652] (-) TimerEvent: {}
[3.280898] (rl_driver) StdoutLine: {'line': b'running egg_info\n'}
[3.286140] (rl_driver) StdoutLine: {'line': b'writing ../build/rl_driver/rl_driver.egg-info/PKG-INFO\n'}
[3.289895] (rl_driver) StdoutLine: {'line': b'writing dependency_links to ../build/rl_driver/rl_driver.egg-info/dependency_links.txt\n'}
[3.290258] (rl_driver) StdoutLine: {'line': b'writing entry points to ../build/rl_driver/rl_driver.egg-info/entry_points.txt\n'}
[3.290535] (rl_driver) StdoutLine: {'line': b'writing requirements to ../build/rl_driver/rl_driver.egg-info/requires.txt\n'}
[3.290795] (rl_driver) StdoutLine: {'line': b'writing top-level names to ../build/rl_driver/rl_driver.egg-info/top_level.txt\n'}
[3.351804] (-) TimerEvent: {}
[3.416554] (rl_driver) StdoutLine: {'line': b"reading manifest file '../build/rl_driver/rl_driver.egg-info/SOURCES.txt'\n"}
[3.425170] (rl_driver) StdoutLine: {'line': b"writing manifest file '../build/rl_driver/rl_driver.egg-info/SOURCES.txt'\n"}
[3.427474] (rl_driver) StdoutLine: {'line': b'running build\n'}
[3.427881] (rl_driver) StdoutLine: {'line': b'running build_py\n'}
[3.428431] (rl_driver) StdoutLine: {'line': b'copying rl_driver/ros2_env.py -> /home/auria/src/build/rl_driver/build/lib/rl_driver\n'}
[3.431460] (rl_driver) StdoutLine: {'line': b'running install\n'}
[3.435330] (rl_driver) StdoutLine: {'line': b'running install_lib\n'}
[3.440497] (rl_driver) StdoutLine: {'line': b'copying /home/auria/src/build/rl_driver/build/lib/rl_driver/ros2_env.py -> /home/auria/src/install/rl_driver/lib/python3.8/site-packages/rl_driver\n'}
[3.444044] (rl_driver) StdoutLine: {'line': b'byte-compiling /home/auria/src/install/rl_driver/lib/python3.8/site-packages/rl_driver/ros2_env.py to ros2_env.cpython-38.pyc\n'}
[3.451936] (-) TimerEvent: {}
[3.453707] (rl_driver) StdoutLine: {'line': b'running install_data\n'}
[3.455437] (rl_driver) StdoutLine: {'line': b'running install_egg_info\n'}
[3.462260] (rl_driver) StdoutLine: {'line': b"removing '/home/auria/src/install/rl_driver/lib/python3.8/site-packages/rl_driver-0.0.0-py3.8.egg-info' (and everything under it)\n"}
[3.467563] (rl_driver) StdoutLine: {'line': b'Copying ../build/rl_driver/rl_driver.egg-info to /home/auria/src/install/rl_driver/lib/python3.8/site-packages/rl_driver-0.0.0-py3.8.egg-info\n'}
[3.468444] (rl_driver) StdoutLine: {'line': b'running install_scripts\n'}
[3.535992] (rl_driver) StdoutLine: {'line': b'Installing rl_node script to /home/auria/src/install/rl_driver/lib/rl_driver\n'}
[3.536738] (rl_driver) StdoutLine: {'line': b'Installing train script to /home/auria/src/install/rl_driver/lib/rl_driver\n'}
[3.537886] (rl_driver) StdoutLine: {'line': b"writing list of installed files to '/home/auria/src/build/rl_driver/install.log'\n"}
[3.552106] (-) TimerEvent: {}
[3.631484] (rl_driver) CommandEnded: {'returncode': 0}
[3.657592] (-) TimerEvent: {}
[3.714878] (rl_driver) JobEnded: {'identifier': 'rl_driver', 'rc': 0}
[3.718919] (-) EventReactorShutdown: {}
