[0.186s] Invoking command in '/home/auria/src/build/auria_msgs': CMAKE_PREFIX_PATH=${CMAKE_PREFIX_PATH}:/home/auria/src/install/rl_driver:/home/auria/src/install/environment:/opt/ros/galactic /usr/bin/cmake --build /home/auria/src/build/auria_msgs -- -j4 -l4
[1.593s] [  4%] Built target auria_msgs__cpp
[1.599s] [ 17%] Built target auria_msgs__rosidl_generator_c
[1.599s] [ 30%] Built target auria_msgs__rosidl_typesupport_introspection_cpp
[1.608s] [ 43%] Built target auria_msgs__rosidl_typesupport_introspection_c
[1.799s] [ 56%] Built target auria_msgs__rosidl_typesupport_cpp
[1.936s] [ 69%] Built target auria_msgs__rosidl_typesupport_c
[2.126s] [ 69%] Built target auria_msgs
[2.288s] [ 73%] Built target auria_msgs__py
[2.550s] [ 82%] Built target auria_msgs__python
[2.729s] [ 91%] Built target auria_msgs__rosidl_typesupport_c__pyext
[2.925s] [100%] Built target auria_msgs__rosidl_typesupport_introspection_c__pyext
[3.030s] Invoked command in '/home/auria/src/build/auria_msgs' returned '0': CMAKE_PREFIX_PATH=${CMAKE_PREFIX_PATH}:/home/auria/src/install/rl_driver:/home/auria/src/install/environment:/opt/ros/galactic /usr/bin/cmake --build /home/auria/src/build/auria_msgs -- -j4 -l4
[3.575s] Invoking command in '/home/auria/src/build/auria_msgs': CMAKE_PREFIX_PATH=${CMAKE_PREFIX_PATH}:/home/auria/src/install/rl_driver:/home/auria/src/install/environment:/opt/ros/galactic /usr/bin/cmake --install /home/auria/src/build/auria_msgs
[3.663s] -- Install configuration: ""
[3.667s] -- Up-to-date: /home/auria/src/install/auria_msgs/share/ament_index/resource_index/rosidl_interfaces/auria_msgs
[3.668s] -- Up-to-date: /home/auria/src/install/auria_msgs/include/auria_msgs
[3.669s] -- Up-to-date: /home/auria/src/install/auria_msgs/include/auria_msgs/msg
[3.670s] -- Up-to-date: /home/auria/src/install/auria_msgs/include/auria_msgs/msg/point_array.h
[3.671s] -- Up-to-date: /home/auria/src/install/auria_msgs/include/auria_msgs/msg/rosidl_generator_c__visibility_control.h
[3.671s] -- Up-to-date: /home/auria/src/install/auria_msgs/include/auria_msgs/msg/detail
[3.671s] -- Up-to-date: /home/auria/src/install/auria_msgs/include/auria_msgs/msg/detail/point_array__struct.h
[3.676s] -- Up-to-date: /home/auria/src/install/auria_msgs/include/auria_msgs/msg/detail/point_array__type_support.h
[3.677s] -- Up-to-date: /home/auria/src/install/auria_msgs/include/auria_msgs/msg/detail/point_array__functions.h
[3.678s] -- Up-to-date: /home/auria/src/install/auria_msgs/include/auria_msgs/msg/detail/point_array__functions.c
[3.678s] -- Up-to-date: /home/auria/src/install/auria_msgs/share/auria_msgs/environment/library_path.sh
[3.678s] -- Up-to-date: /home/auria/src/install/auria_msgs/share/auria_msgs/environment/library_path.dsv
[3.681s] -- Up-to-date: /home/auria/src/install/auria_msgs/lib/libauria_msgs__rosidl_generator_c.so
[3.681s] -- Up-to-date: /home/auria/src/install/auria_msgs/include/auria_msgs
[3.684s] -- Up-to-date: /home/auria/src/install/auria_msgs/include/auria_msgs/msg
[3.684s] -- Up-to-date: /home/auria/src/install/auria_msgs/include/auria_msgs/msg/rosidl_typesupport_introspection_c__visibility_control.h
[3.685s] -- Up-to-date: /home/auria/src/install/auria_msgs/include/auria_msgs/msg/detail
[3.686s] -- Up-to-date: /home/auria/src/install/auria_msgs/include/auria_msgs/msg/detail/point_array__type_support.c
[3.686s] -- Up-to-date: /home/auria/src/install/auria_msgs/include/auria_msgs/msg/detail/point_array__rosidl_typesupport_introspection_c.h
[3.687s] -- Up-to-date: /home/auria/src/install/auria_msgs/lib/libauria_msgs__rosidl_typesupport_introspection_c.so
[3.693s] -- Up-to-date: /home/auria/src/install/auria_msgs/lib/libauria_msgs__rosidl_typesupport_c.so
[3.698s] -- Up-to-date: /home/auria/src/install/auria_msgs/include/auria_msgs
[3.700s] -- Up-to-date: /home/auria/src/install/auria_msgs/include/auria_msgs/msg
[3.701s] -- Up-to-date: /home/auria/src/install/auria_msgs/include/auria_msgs/msg/point_array.hpp
[3.701s] -- Up-to-date: /home/auria/src/install/auria_msgs/include/auria_msgs/msg/detail
[3.702s] -- Up-to-date: /home/auria/src/install/auria_msgs/include/auria_msgs/msg/detail/point_array__struct.hpp
[3.702s] -- Up-to-date: /home/auria/src/install/auria_msgs/include/auria_msgs/msg/detail/point_array__builder.hpp
[3.706s] -- Up-to-date: /home/auria/src/install/auria_msgs/include/auria_msgs/msg/detail/point_array__traits.hpp
[3.706s] -- Up-to-date: /home/auria/src/install/auria_msgs/include/auria_msgs
[3.707s] -- Up-to-date: /home/auria/src/install/auria_msgs/include/auria_msgs/msg
[3.707s] -- Up-to-date: /home/auria/src/install/auria_msgs/include/auria_msgs/msg/detail
[3.707s] -- Up-to-date: /home/auria/src/install/auria_msgs/include/auria_msgs/msg/detail/point_array__rosidl_typesupport_introspection_cpp.hpp
[3.708s] -- Up-to-date: /home/auria/src/install/auria_msgs/include/auria_msgs/msg/detail/point_array__type_support.cpp
[3.712s] -- Up-to-date: /home/auria/src/install/auria_msgs/lib/libauria_msgs__rosidl_typesupport_introspection_cpp.so
[3.720s] -- Up-to-date: /home/auria/src/install/auria_msgs/lib/libauria_msgs__rosidl_typesupport_cpp.so
[3.726s] -- Up-to-date: /home/auria/src/install/auria_msgs/share/auria_msgs/environment/pythonpath.sh
[3.727s] -- Up-to-date: /home/auria/src/install/auria_msgs/share/auria_msgs/environment/pythonpath.dsv
[3.727s] -- Up-to-date: /home/auria/src/install/auria_msgs/lib/python3.8/site-packages/auria_msgs/__init__.py
[3.976s] -- Up-to-date: /home/auria/src/install/auria_msgs/lib/python3.8/site-packages/auria_msgs/msg
[3.976s] -- Up-to-date: /home/auria/src/install/auria_msgs/lib/python3.8/site-packages/auria_msgs/msg/_point_array_s.c
[3.978s] -- Up-to-date: /home/auria/src/install/auria_msgs/lib/python3.8/site-packages/auria_msgs/msg/__init__.py
[3.978s] -- Up-to-date: /home/auria/src/install/auria_msgs/lib/python3.8/site-packages/auria_msgs/msg/_point_array.py
[3.986s] -- Up-to-date: /home/auria/src/install/auria_msgs/lib/python3.8/site-packages/auria_msgs/auria_msgs_s__rosidl_typesupport_introspection_c.cpython-38-x86_64-linux-gnu.so
[3.992s] -- Up-to-date: /home/auria/src/install/auria_msgs/lib/python3.8/site-packages/auria_msgs/auria_msgs_s__rosidl_typesupport_c.cpython-38-x86_64-linux-gnu.so
[4.002s] -- Up-to-date: /home/auria/src/install/auria_msgs/lib/libauria_msgs__python.so
[4.004s] -- Up-to-date: /home/auria/src/install/auria_msgs/share/auria_msgs/msg/PointArray.idl
[4.006s] -- Up-to-date: /home/auria/src/install/auria_msgs/share/auria_msgs/msg/PointArray.msg
[4.008s] -- Up-to-date: /home/auria/src/install/auria_msgs/share/ament_index/resource_index/package_run_dependencies/auria_msgs
[4.010s] -- Up-to-date: /home/auria/src/install/auria_msgs/share/ament_index/resource_index/parent_prefix_path/auria_msgs
[4.010s] -- Up-to-date: /home/auria/src/install/auria_msgs/share/auria_msgs/environment/ament_prefix_path.sh
[4.010s] -- Up-to-date: /home/auria/src/install/auria_msgs/share/auria_msgs/environment/ament_prefix_path.dsv
[4.011s] -- Up-to-date: /home/auria/src/install/auria_msgs/share/auria_msgs/environment/path.sh
[4.011s] -- Up-to-date: /home/auria/src/install/auria_msgs/share/auria_msgs/environment/path.dsv
[4.011s] -- Up-to-date: /home/auria/src/install/auria_msgs/share/auria_msgs/local_setup.bash
[4.015s] -- Up-to-date: /home/auria/src/install/auria_msgs/share/auria_msgs/local_setup.sh
[4.016s] -- Up-to-date: /home/auria/src/install/auria_msgs/share/auria_msgs/local_setup.zsh
[4.016s] -- Up-to-date: /home/auria/src/install/auria_msgs/share/auria_msgs/local_setup.dsv
[4.016s] -- Installing: /home/auria/src/install/auria_msgs/share/auria_msgs/package.dsv
[4.020s] -- Up-to-date: /home/auria/src/install/auria_msgs/share/ament_index/resource_index/packages/auria_msgs
[4.020s] -- Up-to-date: /home/auria/src/install/auria_msgs/share/auria_msgs/cmake/auria_msgs__rosidl_generator_cExport.cmake
[4.021s] -- Up-to-date: /home/auria/src/install/auria_msgs/share/auria_msgs/cmake/auria_msgs__rosidl_generator_cExport-noconfig.cmake
[4.021s] -- Up-to-date: /home/auria/src/install/auria_msgs/share/auria_msgs/cmake/auria_msgs__rosidl_typesupport_introspection_cExport.cmake
[4.024s] -- Up-to-date: /home/auria/src/install/auria_msgs/share/auria_msgs/cmake/auria_msgs__rosidl_typesupport_introspection_cExport-noconfig.cmake
[4.024s] -- Up-to-date: /home/auria/src/install/auria_msgs/share/auria_msgs/cmake/auria_msgs__rosidl_typesupport_cExport.cmake
[4.024s] -- Up-to-date: /home/auria/src/install/auria_msgs/share/auria_msgs/cmake/auria_msgs__rosidl_typesupport_cExport-noconfig.cmake
[4.025s] -- Up-to-date: /home/auria/src/install/auria_msgs/share/auria_msgs/cmake/auria_msgs__rosidl_generator_cppExport.cmake
[4.029s] -- Up-to-date: /home/auria/src/install/auria_msgs/share/auria_msgs/cmake/auria_msgs__rosidl_typesupport_introspection_cppExport.cmake
[4.029s] -- Up-to-date: /home/auria/src/install/auria_msgs/share/auria_msgs/cmake/auria_msgs__rosidl_typesupport_introspection_cppExport-noconfig.cmake
[4.029s] -- Up-to-date: /home/auria/src/install/auria_msgs/share/auria_msgs/cmake/auria_msgs__rosidl_typesupport_cppExport.cmake
[4.033s] -- Up-to-date: /home/auria/src/install/auria_msgs/share/auria_msgs/cmake/auria_msgs__rosidl_typesupport_cppExport-noconfig.cmake
[4.038s] -- Up-to-date: /home/auria/src/install/auria_msgs/share/auria_msgs/cmake/rosidl_cmake-extras.cmake
[4.038s] -- Up-to-date: /home/auria/src/install/auria_msgs/share/auria_msgs/cmake/ament_cmake_export_dependencies-extras.cmake
[4.038s] -- Up-to-date: /home/auria/src/install/auria_msgs/share/auria_msgs/cmake/ament_cmake_export_libraries-extras.cmake
[4.039s] -- Up-to-date: /home/auria/src/install/auria_msgs/share/auria_msgs/cmake/ament_cmake_export_targets-extras.cmake
[4.039s] -- Up-to-date: /home/auria/src/install/auria_msgs/share/auria_msgs/cmake/ament_cmake_export_include_directories-extras.cmake
[4.039s] -- Up-to-date: /home/auria/src/install/auria_msgs/share/auria_msgs/cmake/rosidl_cmake_export_typesupport_targets-extras.cmake
[4.040s] -- Up-to-date: /home/auria/src/install/auria_msgs/share/auria_msgs/cmake/auria_msgsConfig.cmake
[4.040s] -- Up-to-date: /home/auria/src/install/auria_msgs/share/auria_msgs/cmake/auria_msgsConfig-version.cmake
[4.040s] -- Up-to-date: /home/auria/src/install/auria_msgs/share/auria_msgs/package.xml
[4.063s] Invoked command in '/home/auria/src/build/auria_msgs' returned '0': CMAKE_PREFIX_PATH=${CMAKE_PREFIX_PATH}:/home/auria/src/install/rl_driver:/home/auria/src/install/environment:/opt/ros/galactic /usr/bin/cmake --install /home/auria/src/build/auria_msgs
