[2.586s] Invoking command in '/home/auria/src/environment': AMENT_PREFIX_PATH=/home/auria/src/install/auria_msgs:${AMENT_PREFIX_PATH} CMAKE_PREFIX_PATH=/home/auria/src/install/auria_msgs LD_LIBRARY_PATH=/home/auria/src/install/auria_msgs/lib:${LD_LIBRARY_PATH} PYTHONPATH=/home/auria/src/build/environment/prefix_override:/home/auria/src/install/environment/lib/python3.8/site-packages:/home/auria/src/install/auria_msgs/lib/python3.8/site-packages:${PYTHONPATH} /usr/bin/python3 setup.py egg_info --egg-base ../build/environment build --build-base /home/auria/src/build/environment/build install --record /home/auria/src/build/environment/install.log --single-version-externally-managed
[3.391s] running egg_info
[3.395s] writing ../build/environment/environment.egg-info/PKG-INFO
[3.398s] writing dependency_links to ../build/environment/environment.egg-info/dependency_links.txt
[3.398s] writing entry points to ../build/environment/environment.egg-info/entry_points.txt
[3.399s] writing requirements to ../build/environment/environment.egg-info/requires.txt
[3.399s] writing top-level names to ../build/environment/environment.egg-info/top_level.txt
[3.535s] reading manifest file '../build/environment/environment.egg-info/SOURCES.txt'
[3.539s] writing manifest file '../build/environment/environment.egg-info/SOURCES.txt'
[3.540s] running build
[3.540s] running build_py
[3.544s] running install
[3.544s] running install_lib
[3.553s] running install_data
[3.556s] copying launch/launch_env.py -> /home/auria/src/install/environment/share/environment/launch
[3.556s] running install_egg_info
[3.564s] removing '/home/auria/src/install/environment/lib/python3.8/site-packages/environment-0.1.0-py3.8.egg-info' (and everything under it)
[3.567s] Copying ../build/environment/environment.egg-info to /home/auria/src/install/environment/lib/python3.8/site-packages/environment-0.1.0-py3.8.egg-info
[3.571s] running install_scripts
[3.646s] Installing car script to /home/auria/src/install/environment/lib/environment
[3.646s] Installing env script to /home/auria/src/install/environment/lib/environment
[3.647s] writing list of installed files to '/home/auria/src/build/environment/install.log'
[3.730s] Invoked command in '/home/auria/src/environment' returned '0': AMENT_PREFIX_PATH=/home/auria/src/install/auria_msgs:${AMENT_PREFIX_PATH} CMAKE_PREFIX_PATH=/home/auria/src/install/auria_msgs LD_LIBRARY_PATH=/home/auria/src/install/auria_msgs/lib:${LD_LIBRARY_PATH} PYTHONPATH=/home/auria/src/build/environment/prefix_override:/home/auria/src/install/environment/lib/python3.8/site-packages:/home/auria/src/install/auria_msgs/lib/python3.8/site-packages:${PYTHONPATH} /usr/bin/python3 setup.py egg_info --egg-base ../build/environment build --build-base /home/auria/src/build/environment/build install --record /home/auria/src/build/environment/install.log --single-version-externally-managed
