[3.773s] Invoking command in '/home/auria/src/rl_driver': PYTHONPATH=/home/auria/src/build/rl_driver/prefix_override:/home/auria/src/install/rl_driver/lib/python3.8/site-packages:${PYTHONPATH} /usr/bin/python3 setup.py egg_info --egg-base ../build/rl_driver build --build-base /home/auria/src/build/rl_driver/build install --record /home/auria/src/build/rl_driver/install.log --single-version-externally-managed
[4.816s] running egg_info
[4.827s] writing ../build/rl_driver/rl_driver.egg-info/PKG-INFO
[4.830s] writing dependency_links to ../build/rl_driver/rl_driver.egg-info/dependency_links.txt
[4.833s] writing entry points to ../build/rl_driver/rl_driver.egg-info/entry_points.txt
[4.836s] writing requirements to ../build/rl_driver/rl_driver.egg-info/requires.txt
[4.837s] writing top-level names to ../build/rl_driver/rl_driver.egg-info/top_level.txt
[5.028s] reading manifest file '../build/rl_driver/rl_driver.egg-info/SOURCES.txt'
[5.045s] writing manifest file '../build/rl_driver/rl_driver.egg-info/SOURCES.txt'
[5.045s] running build
[5.046s] running build_py
[5.059s] running install
[5.066s] running install_lib
[5.075s] running install_data
[5.076s] running install_egg_info
[5.088s] removing '/home/auria/src/install/rl_driver/lib/python3.8/site-packages/rl_driver-0.0.0-py3.8.egg-info' (and everything under it)
[5.091s] Copying ../build/rl_driver/rl_driver.egg-info to /home/auria/src/install/rl_driver/lib/python3.8/site-packages/rl_driver-0.0.0-py3.8.egg-info
[5.124s] running install_scripts
[5.227s] Installing rl_node script to /home/auria/src/install/rl_driver/lib/rl_driver
[5.229s] Installing train script to /home/auria/src/install/rl_driver/lib/rl_driver
[5.231s] writing list of installed files to '/home/auria/src/build/rl_driver/install.log'
[5.363s] Invoked command in '/home/auria/src/rl_driver' returned '0': PYTHONPATH=/home/auria/src/build/rl_driver/prefix_override:/home/auria/src/install/rl_driver/lib/python3.8/site-packages:${PYTHONPATH} /usr/bin/python3 setup.py egg_info --egg-base ../build/rl_driver build --build-base /home/auria/src/build/rl_driver/build install --record /home/auria/src/build/rl_driver/install.log --single-version-externally-managed
