[4.524s] Invoking command in '/home/auria/src/environment': PYTHONPATH=/home/auria/src/build/environment/prefix_override:/home/auria/src/install/environment/lib/python3.8/site-packages:/home/auria/src/install/auria_msgs/lib/python3.8/site-packages:/home/auria/src/install/rl_driver/lib/python3.8/site-packages:/home/auria/src/install/environment/lib/python3.8/site-packages:/opt/ros/galactic/lib/python3.8/site-packages /usr/bin/python3 setup.py egg_info --egg-base ../build/environment build --build-base /home/auria/src/build/environment/build install --record /home/auria/src/build/environment/install.log --single-version-externally-managed
[5.419s] running egg_info
[5.423s] writing ../build/environment/environment.egg-info/PKG-INFO
[5.423s] writing dependency_links to ../build/environment/environment.egg-info/dependency_links.txt
[5.423s] writing entry points to ../build/environment/environment.egg-info/entry_points.txt
[5.428s] writing requirements to ../build/environment/environment.egg-info/requires.txt
[5.428s] writing top-level names to ../build/environment/environment.egg-info/top_level.txt
[5.561s] reading manifest file '../build/environment/environment.egg-info/SOURCES.txt'
[5.566s] writing manifest file '../build/environment/environment.egg-info/SOURCES.txt'
[5.569s] running build
[5.569s] running build_py
[5.569s] running install
[5.575s] running install_lib
[5.580s] running install_data
[5.583s] running install_egg_info
[5.589s] removing '/home/auria/src/install/environment/lib/python3.8/site-packages/environment-0.1.0-py3.8.egg-info' (and everything under it)
[5.593s] Copying ../build/environment/environment.egg-info to /home/auria/src/install/environment/lib/python3.8/site-packages/environment-0.1.0-py3.8.egg-info
[5.597s] running install_scripts
[5.664s] Installing car script to /home/auria/src/install/environment/lib/environment
[5.666s] Installing env script to /home/auria/src/install/environment/lib/environment
[5.669s] writing list of installed files to '/home/auria/src/build/environment/install.log'
[5.758s] Invoked command in '/home/auria/src/environment' returned '0': PYTHONPATH=/home/auria/src/build/environment/prefix_override:/home/auria/src/install/environment/lib/python3.8/site-packages:/home/auria/src/install/auria_msgs/lib/python3.8/site-packages:/home/auria/src/install/rl_driver/lib/python3.8/site-packages:/home/auria/src/install/environment/lib/python3.8/site-packages:/opt/ros/galactic/lib/python3.8/site-packages /usr/bin/python3 setup.py egg_info --egg-base ../build/environment build --build-base /home/auria/src/build/environment/build install --record /home/auria/src/build/environment/install.log --single-version-externally-managed
