[0.000000] (-) TimerEvent: {}
[0.000460] (-) JobUnselected: {'identifier': 'auria_msgs'}
[0.000612] (-) JobUnselected: {'identifier': 'environment'}
[0.000718] (rl_driver) JobQueued: {'identifier': 'rl_driver', 'dependencies': OrderedDict()}
[0.000834] (rl_driver) JobStarted: {'identifier': 'rl_driver'}
[0.096694] (-) TimerEvent: {}
[0.199005] (-) TimerEvent: {}
[0.300002] (-) TimerEvent: {}
[0.400705] (-) TimerEvent: {}
[0.502226] (-) TimerEvent: {}
[0.603590] (-) TimerEvent: {}
[0.704378] (-) TimerEvent: {}
[0.805636] (-) TimerEvent: {}
[0.906282] (-) TimerEvent: {}
[1.009772] (-) TimerEvent: {}
[1.113255] (-) TimerEvent: {}
[1.214357] (-) TimerEvent: {}
[1.315271] (-) TimerEvent: {}
[1.415991] (-) TimerEvent: {}
[1.517549] (-) TimerEvent: {}
[1.619708] (-) TimerEvent: {}
[1.720540] (-) TimerEvent: {}
[1.821210] (-) TimerEvent: {}
[1.921783] (-) TimerEvent: {}
[2.022464] (-) TimerEvent: {}
[2.123263] (-) TimerEvent: {}
[2.223982] (-) TimerEvent: {}
[2.326407] (-) TimerEvent: {}
[2.407136] (rl_driver) Command: {'cmd': ['/usr/bin/python3', 'setup.py', 'egg_info', '--egg-base', '../build/rl_driver', 'build', '--build-base', '/home/auria/src/build/rl_driver/build', 'install', '--record', '/home/auria/src/build/rl_driver/install.log', '--single-version-externally-managed'], 'cwd': '/home/auria/src/rl_driver', 'env': {'HOSTNAME': 'Ventupentu-portatil', 'SHLVL': '1', 'LIBGL_ALWAYS_SOFTWARE': '1', 'LD_LIBRARY_PATH': '/home/auria/src/install/auria_msgs/lib:/opt/ros/galactic/opt/yaml_cpp_vendor/lib:/opt/ros/galactic/lib/x86_64-linux-gnu:/opt/ros/galactic/lib', 'HOME': '/home/auria', 'OLDPWD': '/home/auria', 'ROS_PYTHON_VERSION': '3', 'QT_QPA_PLATFORM_PLUGIN_PATH': '/usr/lib/x86_64-linux-gnu/qt5/plugins/platforms', 'COLCON_PREFIX_PATH': '/home/auria/src/install', 'ROS_DISTRO': 'galactic', '_': '/usr/bin/colcon', 'ROS_VERSION': '2', 'TERM': 'xterm', 'ROS_LOCALHOST_ONLY': '0', 'QT_X11_NO_MITSHM': '1', 'PATH': '/opt/ros/galactic/bin:/usr/local/sbin:/usr/local/bin:/usr/sbin:/usr/bin:/sbin:/bin', 'DISPLAY': ':0', 'LANG': 'C.UTF-8', 'AMENT_PREFIX_PATH': '/home/auria/src/install/rl_driver:/home/auria/src/install/environment:/home/auria/src/install/auria_msgs:/opt/ros/galactic', 'PWD': '/home/auria/src/build/rl_driver', 'LC_ALL': 'C.UTF-8', 'PYTHONPATH': '/home/auria/src/build/rl_driver/prefix_override:/home/auria/src/install/rl_driver/lib/python3.8/site-packages:/home/auria/src/install/rl_driver/lib/python3.8/site-packages:/home/auria/src/install/environment/lib/python3.8/site-packages:/home/auria/src/install/auria_msgs/lib/python3.8/site-packages:/opt/ros/galactic/lib/python3.8/site-packages', 'COLCON': '1', 'CMAKE_PREFIX_PATH': '/home/auria/src/install/auria_msgs'}, 'shell': False}
[2.427478] (-) TimerEvent: {}
[2.528685] (-) TimerEvent: {}
[2.631960] (-) TimerEvent: {}
[2.732526] (-) TimerEvent: {}
[2.833154] (-) TimerEvent: {}
[2.933696] (-) TimerEvent: {}
[3.034317] (-) TimerEvent: {}
[3.134908] (-) TimerEvent: {}
[3.231252] (rl_driver) StdoutLine: {'line': b'running egg_info\n'}
[3.233137] (rl_driver) StdoutLine: {'line': b'writing ../build/rl_driver/rl_driver.egg-info/PKG-INFO\n'}
[3.235398] (rl_driver) StdoutLine: {'line': b'writing dependency_links to ../build/rl_driver/rl_driver.egg-info/dependency_links.txt\n'}
[3.235800] (-) TimerEvent: {}
[3.236175] (rl_driver) StdoutLine: {'line': b'writing entry points to ../build/rl_driver/rl_driver.egg-info/entry_points.txt\n'}
[3.236571] (rl_driver) StdoutLine: {'line': b'writing requirements to ../build/rl_driver/rl_driver.egg-info/requires.txt\n'}
[3.238856] (rl_driver) StdoutLine: {'line': b'writing top-level names to ../build/rl_driver/rl_driver.egg-info/top_level.txt\n'}
[3.337134] (-) TimerEvent: {}
[3.373978] (rl_driver) StdoutLine: {'line': b"reading manifest file '../build/rl_driver/rl_driver.egg-info/SOURCES.txt'\n"}
[3.379323] (rl_driver) StdoutLine: {'line': b"writing manifest file '../build/rl_driver/rl_driver.egg-info/SOURCES.txt'\n"}
[3.380439] (rl_driver) StdoutLine: {'line': b'running build\n'}
[3.380959] (rl_driver) StdoutLine: {'line': b'running build_py\n'}
[3.381642] (rl_driver) StdoutLine: {'line': b'copying rl_driver/ros2_env.py -> /home/auria/src/build/rl_driver/build/lib/rl_driver\n'}
[3.383045] (rl_driver) StdoutLine: {'line': b'running install\n'}
[3.386213] (rl_driver) StdoutLine: {'line': b'running install_lib\n'}
[3.390520] (rl_driver) StdoutLine: {'line': b'copying /home/auria/src/build/rl_driver/build/lib/rl_driver/ros2_env.py -> /home/auria/src/install/rl_driver/lib/python3.8/site-packages/rl_driver\n'}
[3.393315] (rl_driver) StdoutLine: {'line': b'byte-compiling /home/auria/src/install/rl_driver/lib/python3.8/site-packages/rl_driver/ros2_env.py to ros2_env.cpython-38.pyc\n'}
[3.401502] (rl_driver) StdoutLine: {'line': b'running install_data\n'}
[3.403420] (rl_driver) StdoutLine: {'line': b'running install_egg_info\n'}
[3.411297] (rl_driver) StdoutLine: {'line': b"removing '/home/auria/src/install/rl_driver/lib/python3.8/site-packages/rl_driver-0.0.0-py3.8.egg-info' (and everything under it)\n"}
[3.412713] (rl_driver) StdoutLine: {'line': b'Copying ../build/rl_driver/rl_driver.egg-info to /home/auria/src/install/rl_driver/lib/python3.8/site-packages/rl_driver-0.0.0-py3.8.egg-info\n'}
[3.417411] (rl_driver) StdoutLine: {'line': b'running install_scripts\n'}
[3.437290] (-) TimerEvent: {}
[3.507933] (rl_driver) StdoutLine: {'line': b'Installing rl_node script to /home/auria/src/install/rl_driver/lib/rl_driver\n'}
[3.508720] (rl_driver) StdoutLine: {'line': b'Installing train script to /home/auria/src/install/rl_driver/lib/rl_driver\n'}
[3.509114] (rl_driver) StdoutLine: {'line': b"writing list of installed files to '/home/auria/src/build/rl_driver/install.log'\n"}
[3.538078] (-) TimerEvent: {}
[3.588434] (rl_driver) CommandEnded: {'returncode': 0}
[3.639840] (-) TimerEvent: {}
[3.697314] (rl_driver) JobEnded: {'identifier': 'rl_driver', 'rc': 0}
[3.703004] (-) EventReactorShutdown: {}
