[3.161s] Invoking command in '/home/auria/src/environment': PYTHONPATH=/home/auria/src/build/environment/prefix_override:/home/auria/src/install/environment/lib/python3.8/site-packages:/home/auria/src/install/auria_msgs/lib/python3.8/site-packages:/home/auria/src/install/rl_driver/lib/python3.8/site-packages:/home/auria/src/install/environment/lib/python3.8/site-packages:/opt/ros/galactic/lib/python3.8/site-packages /usr/bin/python3 setup.py egg_info --egg-base ../build/environment build --build-base /home/auria/src/build/environment/build install --record /home/auria/src/build/environment/install.log --single-version-externally-managed
[3.997s] running egg_info
[4.000s] writing ../build/environment/environment.egg-info/PKG-INFO
[4.001s] writing dependency_links to ../build/environment/environment.egg-info/dependency_links.txt
[4.002s] writing entry points to ../build/environment/environment.egg-info/entry_points.txt
[4.002s] writing requirements to ../build/environment/environment.egg-info/requires.txt
[4.002s] writing top-level names to ../build/environment/environment.egg-info/top_level.txt
[4.134s] reading manifest file '../build/environment/environment.egg-info/SOURCES.txt'
[4.137s] writing manifest file '../build/environment/environment.egg-info/SOURCES.txt'
[4.138s] running build
[4.138s] running build_py
[4.139s] copying environment/car.py -> /home/auria/src/build/environment/build/lib/environment
[4.139s] running install
[4.144s] running install_lib
[4.154s] copying /home/auria/src/build/environment/build/lib/environment/car.py -> /home/auria/src/install/environment/lib/python3.8/site-packages/environment
[4.154s] byte-compiling /home/auria/src/install/environment/lib/python3.8/site-packages/environment/car.py to car.cpython-38.pyc
[4.160s] running install_data
[4.160s] running install_egg_info
[4.167s] removing '/home/auria/src/install/environment/lib/python3.8/site-packages/environment-0.1.0-py3.8.egg-info' (and everything under it)
[4.167s] Copying ../build/environment/environment.egg-info to /home/auria/src/install/environment/lib/python3.8/site-packages/environment-0.1.0-py3.8.egg-info
[4.170s] running install_scripts
[4.244s] Installing car script to /home/auria/src/install/environment/lib/environment
[4.245s] Installing env script to /home/auria/src/install/environment/lib/environment
[4.245s] writing list of installed files to '/home/auria/src/build/environment/install.log'
[4.330s] Invoked command in '/home/auria/src/environment' returned '0': PYTHONPATH=/home/auria/src/build/environment/prefix_override:/home/auria/src/install/environment/lib/python3.8/site-packages:/home/auria/src/install/auria_msgs/lib/python3.8/site-packages:/home/auria/src/install/rl_driver/lib/python3.8/site-packages:/home/auria/src/install/environment/lib/python3.8/site-packages:/opt/ros/galactic/lib/python3.8/site-packages /usr/bin/python3 setup.py egg_info --egg-base ../build/environment build --build-base /home/auria/src/build/environment/build install --record /home/auria/src/build/environment/install.log --single-version-externally-managed
