[3.003s] Invoking command in '/home/auria/src/rl_driver': PYTHONPATH=/home/auria/src/build/rl_driver/prefix_override:/home/auria/src/install/rl_driver/lib/python3.8/site-packages:${PYTHONPATH} /usr/bin/python3 setup.py egg_info --egg-base ../build/rl_driver build --build-base /home/auria/src/build/rl_driver/build install --record /home/auria/src/build/rl_driver/install.log --single-version-externally-managed
[3.846s] running egg_info
[3.852s] writing ../build/rl_driver/rl_driver.egg-info/PKG-INFO
[3.853s] writing dependency_links to ../build/rl_driver/rl_driver.egg-info/dependency_links.txt
[3.855s] writing entry points to ../build/rl_driver/rl_driver.egg-info/entry_points.txt
[3.857s] writing requirements to ../build/rl_driver/rl_driver.egg-info/requires.txt
[3.861s] writing top-level names to ../build/rl_driver/rl_driver.egg-info/top_level.txt
[4.029s] reading manifest file '../build/rl_driver/rl_driver.egg-info/SOURCES.txt'
[4.038s] writing manifest file '../build/rl_driver/rl_driver.egg-info/SOURCES.txt'
[4.039s] running build
[4.039s] running build_py
[4.043s] copying rl_driver/rl_node.py -> /home/auria/src/build/rl_driver/build/lib/rl_driver
[4.044s] running install
[4.051s] running install_lib
[4.060s] copying /home/auria/src/build/rl_driver/build/lib/rl_driver/rl_node.py -> /home/auria/src/install/rl_driver/lib/python3.8/site-packages/rl_driver
[4.069s] byte-compiling /home/auria/src/install/rl_driver/lib/python3.8/site-packages/rl_driver/rl_node.py to rl_node.cpython-38.pyc
[4.078s] running install_data
[4.087s] running install_egg_info
[4.098s] removing '/home/auria/src/install/rl_driver/lib/python3.8/site-packages/rl_driver-0.0.0-py3.8.egg-info' (and everything under it)
[4.102s] Copying ../build/rl_driver/rl_driver.egg-info to /home/auria/src/install/rl_driver/lib/python3.8/site-packages/rl_driver-0.0.0-py3.8.egg-info
[4.114s] running install_scripts
[4.214s] Installing rl_node script to /home/auria/src/install/rl_driver/lib/rl_driver
[4.217s] Installing train script to /home/auria/src/install/rl_driver/lib/rl_driver
[4.222s] writing list of installed files to '/home/auria/src/build/rl_driver/install.log'
[4.326s] Invoked command in '/home/auria/src/rl_driver' returned '0': PYTHONPATH=/home/auria/src/build/rl_driver/prefix_override:/home/auria/src/install/rl_driver/lib/python3.8/site-packages:${PYTHONPATH} /usr/bin/python3 setup.py egg_info --egg-base ../build/rl_driver build --build-base /home/auria/src/build/rl_driver/build install --record /home/auria/src/build/rl_driver/install.log --single-version-externally-managed
