[0.000000] (-) TimerEvent: {}
[0.005260] (auria_msgs) JobQueued: {'identifier': 'auria_msgs', 'dependencies': OrderedDict()}
[0.005470] (rl_driver) JobQueued: {'identifier': 'rl_driver', 'dependencies': OrderedDict()}
[0.005579] (environment) JobQueued: {'identifier': 'environment', 'dependencies': OrderedDict([('auria_msgs', '/home/auria/src/install/auria_msgs')])}
[0.005684] (auria_msgs) JobStarted: {'identifier': 'auria_msgs'}
[0.065385] (rl_driver) JobStarted: {'identifier': 'rl_driver'}
[0.102013] (-) TimerEvent: {}
[0.149956] (auria_msgs) JobProgress: {'identifier': 'auria_msgs', 'progress': 'cmake'}
[0.157341] (auria_msgs) JobProgress: {'identifier': 'auria_msgs', 'progress': 'build'}
[0.160272] (auria_msgs) Command: {'cmd': ['/usr/bin/cmake', '--build', '/home/auria/src/build/auria_msgs', '--', '-j4', '-l4'], 'cwd': '/home/auria/src/build/auria_msgs', 'env': OrderedDict([('HOSTNAME', 'Ventupentu-portatil'), ('SHLVL', '1'), ('LIBGL_ALWAYS_SOFTWARE', '1'), ('LD_LIBRARY_PATH', '/home/auria/src/install/auria_msgs/lib:/opt/ros/galactic/opt/yaml_cpp_vendor/lib:/opt/ros/galactic/lib/x86_64-linux-gnu:/opt/ros/galactic/lib'), ('HOME', '/home/auria'), ('OLDPWD', '/home/auria'), ('ROS_PYTHON_VERSION', '3'), ('QT_QPA_PLATFORM_PLUGIN_PATH', '/usr/lib/x86_64-linux-gnu/qt5/plugins/platforms'), ('COLCON_PREFIX_PATH', '/home/auria/src/install'), ('ROS_DISTRO', 'galactic'), ('_', '/usr/bin/colcon'), ('ROS_VERSION', '2'), ('TERM', 'xterm'), ('ROS_LOCALHOST_ONLY', '0'), ('QT_X11_NO_MITSHM', '1'), ('PATH', '/opt/ros/galactic/bin:/usr/local/sbin:/usr/local/bin:/usr/sbin:/usr/bin:/sbin:/bin'), ('DISPLAY', ':0'), ('LANG', 'C.UTF-8'), ('AMENT_PREFIX_PATH', '/home/auria/src/install/rl_driver:/home/auria/src/install/environment:/home/auria/src/install/auria_msgs:/opt/ros/galactic'), ('PWD', '/home/auria/src/build/auria_msgs'), ('LC_ALL', 'C.UTF-8'), ('PYTHONPATH', '/home/auria/src/install/rl_driver/lib/python3.8/site-packages:/home/auria/src/install/environment/lib/python3.8/site-packages:/home/auria/src/install/auria_msgs/lib/python3.8/site-packages:/opt/ros/galactic/lib/python3.8/site-packages'), ('COLCON', '1'), ('CMAKE_PREFIX_PATH', '/home/auria/src/install/auria_msgs:/home/auria/src/install/rl_driver:/home/auria/src/install/environment:/opt/ros/galactic')]), 'shell': False}
[0.215568] (-) TimerEvent: {}
[0.322545] (-) TimerEvent: {}
[0.427185] (-) TimerEvent: {}
[0.528822] (-) TimerEvent: {}
[0.544782] (auria_msgs) StdoutLine: {'line': b'[ 13%] Built target auria_msgs__rosidl_generator_c\n'}
[0.634190] (-) TimerEvent: {}
[0.684344] (auria_msgs) StdoutLine: {'line': b'[ 17%] Built target auria_msgs__cpp\n'}
[0.745385] (-) TimerEvent: {}
[0.846587] (-) TimerEvent: {}
[0.880254] (auria_msgs) StdoutLine: {'line': b'[ 30%] Built target auria_msgs__rosidl_typesupport_introspection_c\n'}
[0.934217] (auria_msgs) StdoutLine: {'line': b'[ 43%] Built target auria_msgs__rosidl_typesupport_introspection_cpp\n'}
[0.946746] (-) TimerEvent: {}
[1.054223] (-) TimerEvent: {}
[1.115333] (auria_msgs) StdoutLine: {'line': b'[ 56%] Built target auria_msgs__rosidl_typesupport_cpp\n'}
[1.154374] (-) TimerEvent: {}
[1.203452] (auria_msgs) StdoutLine: {'line': b'[ 69%] Built target auria_msgs__rosidl_typesupport_c\n'}
[1.254537] (-) TimerEvent: {}
[1.363232] (-) TimerEvent: {}
[1.441327] (auria_msgs) StdoutLine: {'line': b'[ 69%] Built target auria_msgs\n'}
[1.465209] (-) TimerEvent: {}
[1.567861] (-) TimerEvent: {}
[1.668580] (-) TimerEvent: {}
[1.702669] (auria_msgs) StdoutLine: {'line': b'[ 73%] Built target auria_msgs__py\n'}
[1.772137] (-) TimerEvent: {}
[1.872763] (-) TimerEvent: {}
[1.962334] (auria_msgs) StdoutLine: {'line': b'[ 82%] Built target auria_msgs__python\n'}
[1.976213] (-) TimerEvent: {}
[2.078296] (-) TimerEvent: {}
[2.186515] (-) TimerEvent: {}
[2.256387] (auria_msgs) StdoutLine: {'line': b'[ 91%] Built target auria_msgs__rosidl_typesupport_introspection_c__pyext\n'}
[2.277190] (auria_msgs) StdoutLine: {'line': b'[100%] Built target auria_msgs__rosidl_typesupport_c__pyext\n'}
[2.295805] (-) TimerEvent: {}
[2.399814] (-) TimerEvent: {}
[2.500582] (-) TimerEvent: {}
[2.606652] (-) TimerEvent: {}
[2.630584] (auria_msgs) CommandEnded: {'returncode': 0}
[2.711234] (-) TimerEvent: {}
[2.824934] (-) TimerEvent: {}
[2.929733] (-) TimerEvent: {}
[3.035969] (-) TimerEvent: {}
[3.137499] (-) TimerEvent: {}
[3.218950] (auria_msgs) JobProgress: {'identifier': 'auria_msgs', 'progress': 'install'}
[3.239777] (-) TimerEvent: {}
[3.297857] (auria_msgs) Command: {'cmd': ['/usr/bin/cmake', '--install', '/home/auria/src/build/auria_msgs'], 'cwd': '/home/auria/src/build/auria_msgs', 'env': OrderedDict([('HOSTNAME', 'Ventupentu-portatil'), ('SHLVL', '1'), ('LIBGL_ALWAYS_SOFTWARE', '1'), ('LD_LIBRARY_PATH', '/home/auria/src/install/auria_msgs/lib:/opt/ros/galactic/opt/yaml_cpp_vendor/lib:/opt/ros/galactic/lib/x86_64-linux-gnu:/opt/ros/galactic/lib'), ('HOME', '/home/auria'), ('OLDPWD', '/home/auria'), ('ROS_PYTHON_VERSION', '3'), ('QT_QPA_PLATFORM_PLUGIN_PATH', '/usr/lib/x86_64-linux-gnu/qt5/plugins/platforms'), ('COLCON_PREFIX_PATH', '/home/auria/src/install'), ('ROS_DISTRO', 'galactic'), ('_', '/usr/bin/colcon'), ('ROS_VERSION', '2'), ('TERM', 'xterm'), ('ROS_LOCALHOST_ONLY', '0'), ('QT_X11_NO_MITSHM', '1'), ('PATH', '/opt/ros/galactic/bin:/usr/local/sbin:/usr/local/bin:/usr/sbin:/usr/bin:/sbin:/bin'), ('DISPLAY', ':0'), ('LANG', 'C.UTF-8'), ('AMENT_PREFIX_PATH', '/home/auria/src/install/rl_driver:/home/auria/src/install/environment:/home/auria/src/install/auria_msgs:/opt/ros/galactic'), ('PWD', '/home/auria/src/build/auria_msgs'), ('LC_ALL', 'C.UTF-8'), ('PYTHONPATH', '/home/auria/src/install/rl_driver/lib/python3.8/site-packages:/home/auria/src/install/environment/lib/python3.8/site-packages:/home/auria/src/install/auria_msgs/lib/python3.8/site-packages:/opt/ros/galactic/lib/python3.8/site-packages'), ('COLCON', '1'), ('CMAKE_PREFIX_PATH', '/home/auria/src/install/auria_msgs:/home/auria/src/install/rl_driver:/home/auria/src/install/environment:/opt/ros/galactic')]), 'shell': False}
[3.343468] (-) TimerEvent: {}
[3.390644] (auria_msgs) StdoutLine: {'line': b'-- Install configuration: ""\n'}
[3.391562] (auria_msgs) StdoutLine: {'line': b'-- Up-to-date: /home/auria/src/install/auria_msgs/share/ament_index/resource_index/rosidl_interfaces/auria_msgs\n'}
[3.394832] (auria_msgs) StdoutLine: {'line': b'-- Up-to-date: /home/auria/src/install/auria_msgs/include/auria_msgs\n'}
[3.397396] (auria_msgs) StdoutLine: {'line': b'-- Up-to-date: /home/auria/src/install/auria_msgs/include/auria_msgs/msg\n'}
[3.398596] (auria_msgs) StdoutLine: {'line': b'-- Up-to-date: /home/auria/src/install/auria_msgs/include/auria_msgs/msg/point_array.h\n'}
[3.398897] (auria_msgs) StdoutLine: {'line': b'-- Up-to-date: /home/auria/src/install/auria_msgs/include/auria_msgs/msg/rosidl_generator_c__visibility_control.h\n'}
[3.402365] (auria_msgs) StdoutLine: {'line': b'-- Up-to-date: /home/auria/src/install/auria_msgs/include/auria_msgs/msg/detail\n'}
[3.402782] (auria_msgs) StdoutLine: {'line': b'-- Up-to-date: /home/auria/src/install/auria_msgs/include/auria_msgs/msg/detail/point_array__struct.h\n'}
[3.403091] (auria_msgs) StdoutLine: {'line': b'-- Up-to-date: /home/auria/src/install/auria_msgs/include/auria_msgs/msg/detail/point_array__type_support.h\n'}
[3.404909] (auria_msgs) StdoutLine: {'line': b'-- Up-to-date: /home/auria/src/install/auria_msgs/include/auria_msgs/msg/detail/point_array__functions.h\n'}
[3.407381] (auria_msgs) StdoutLine: {'line': b'-- Up-to-date: /home/auria/src/install/auria_msgs/include/auria_msgs/msg/detail/point_array__functions.c\n'}
[3.407755] (auria_msgs) StdoutLine: {'line': b'-- Up-to-date: /home/auria/src/install/auria_msgs/share/auria_msgs/environment/library_path.sh\n'}
[3.408038] (auria_msgs) StdoutLine: {'line': b'-- Up-to-date: /home/auria/src/install/auria_msgs/share/auria_msgs/environment/library_path.dsv\n'}
[3.408343] (auria_msgs) StdoutLine: {'line': b'-- Up-to-date: /home/auria/src/install/auria_msgs/lib/libauria_msgs__rosidl_generator_c.so\n'}
[3.410437] (auria_msgs) StdoutLine: {'line': b'-- Up-to-date: /home/auria/src/install/auria_msgs/include/auria_msgs\n'}
[3.410848] (auria_msgs) StdoutLine: {'line': b'-- Up-to-date: /home/auria/src/install/auria_msgs/include/auria_msgs/msg\n'}
[3.414993] (auria_msgs) StdoutLine: {'line': b'-- Up-to-date: /home/auria/src/install/auria_msgs/include/auria_msgs/msg/rosidl_typesupport_introspection_c__visibility_control.h\n'}
[3.415739] (auria_msgs) StdoutLine: {'line': b'-- Up-to-date: /home/auria/src/install/auria_msgs/include/auria_msgs/msg/detail\n'}
[3.416058] (auria_msgs) StdoutLine: {'line': b'-- Up-to-date: /home/auria/src/install/auria_msgs/include/auria_msgs/msg/detail/point_array__type_support.c\n'}
[3.417364] (auria_msgs) StdoutLine: {'line': b'-- Up-to-date: /home/auria/src/install/auria_msgs/include/auria_msgs/msg/detail/point_array__rosidl_typesupport_introspection_c.h\n'}
[3.420787] (auria_msgs) StdoutLine: {'line': b'-- Up-to-date: /home/auria/src/install/auria_msgs/lib/libauria_msgs__rosidl_typesupport_introspection_c.so\n'}
[3.423462] (auria_msgs) StdoutLine: {'line': b'-- Up-to-date: /home/auria/src/install/auria_msgs/lib/libauria_msgs__rosidl_typesupport_c.so\n'}
[3.426374] (auria_msgs) StdoutLine: {'line': b'-- Up-to-date: /home/auria/src/install/auria_msgs/include/auria_msgs\n'}
[3.427558] (auria_msgs) StdoutLine: {'line': b'-- Up-to-date: /home/auria/src/install/auria_msgs/include/auria_msgs/msg\n'}
[3.429070] (auria_msgs) StdoutLine: {'line': b'-- Up-to-date: /home/auria/src/install/auria_msgs/include/auria_msgs/msg/point_array.hpp\n'}
[3.430462] (auria_msgs) StdoutLine: {'line': b'-- Up-to-date: /home/auria/src/install/auria_msgs/include/auria_msgs/msg/detail\n'}
[3.432408] (auria_msgs) StdoutLine: {'line': b'-- Up-to-date: /home/auria/src/install/auria_msgs/include/auria_msgs/msg/detail/point_array__struct.hpp\n'}
[3.433253] (auria_msgs) StdoutLine: {'line': b'-- Up-to-date: /home/auria/src/install/auria_msgs/include/auria_msgs/msg/detail/point_array__builder.hpp\n'}
[3.434188] (auria_msgs) StdoutLine: {'line': b'-- Up-to-date: /home/auria/src/install/auria_msgs/include/auria_msgs/msg/detail/point_array__traits.hpp\n'}
[3.436379] (auria_msgs) StdoutLine: {'line': b'-- Up-to-date: /home/auria/src/install/auria_msgs/include/auria_msgs\n'}
[3.437703] (auria_msgs) StdoutLine: {'line': b'-- Up-to-date: /home/auria/src/install/auria_msgs/include/auria_msgs/msg\n'}
[3.438672] (auria_msgs) StdoutLine: {'line': b'-- Up-to-date: /home/auria/src/install/auria_msgs/include/auria_msgs/msg/detail\n'}
[3.439882] (auria_msgs) StdoutLine: {'line': b'-- Up-to-date: /home/auria/src/install/auria_msgs/include/auria_msgs/msg/detail/point_array__rosidl_typesupport_introspection_cpp.hpp\n'}
[3.442220] (auria_msgs) StdoutLine: {'line': b'-- Up-to-date: /home/auria/src/install/auria_msgs/include/auria_msgs/msg/detail/point_array__type_support.cpp\n'}
[3.445628] (auria_msgs) StdoutLine: {'line': b'-- Up-to-date: /home/auria/src/install/auria_msgs/lib/libauria_msgs__rosidl_typesupport_introspection_cpp.so\n'}
[3.446075] (-) TimerEvent: {}
[3.451736] (auria_msgs) StdoutLine: {'line': b'-- Up-to-date: /home/auria/src/install/auria_msgs/lib/libauria_msgs__rosidl_typesupport_cpp.so\n'}
[3.458575] (auria_msgs) StdoutLine: {'line': b'-- Up-to-date: /home/auria/src/install/auria_msgs/share/auria_msgs/environment/pythonpath.sh\n'}
[3.459053] (auria_msgs) StdoutLine: {'line': b'-- Up-to-date: /home/auria/src/install/auria_msgs/share/auria_msgs/environment/pythonpath.dsv\n'}
[3.459466] (auria_msgs) StdoutLine: {'line': b'-- Up-to-date: /home/auria/src/install/auria_msgs/lib/python3.8/site-packages/auria_msgs/__init__.py\n'}
[3.549025] (-) TimerEvent: {}
[3.650953] (-) TimerEvent: {}
[3.728425] (auria_msgs) StdoutLine: {'line': b'-- Up-to-date: /home/auria/src/install/auria_msgs/lib/python3.8/site-packages/auria_msgs/msg\n'}
[3.732086] (auria_msgs) StdoutLine: {'line': b'-- Up-to-date: /home/auria/src/install/auria_msgs/lib/python3.8/site-packages/auria_msgs/msg/_point_array_s.c\n'}
[3.736174] (auria_msgs) StdoutLine: {'line': b'-- Up-to-date: /home/auria/src/install/auria_msgs/lib/python3.8/site-packages/auria_msgs/msg/__init__.py\n'}
[3.736648] (auria_msgs) StdoutLine: {'line': b'-- Up-to-date: /home/auria/src/install/auria_msgs/lib/python3.8/site-packages/auria_msgs/msg/_point_array.py\n'}
[3.770083] (auria_msgs) StdoutLine: {'line': b'-- Up-to-date: /home/auria/src/install/auria_msgs/lib/python3.8/site-packages/auria_msgs/auria_msgs_s__rosidl_typesupport_introspection_c.cpython-38-x86_64-linux-gnu.so\n'}
[3.770622] (-) TimerEvent: {}
[3.779363] (auria_msgs) StdoutLine: {'line': b'-- Up-to-date: /home/auria/src/install/auria_msgs/lib/python3.8/site-packages/auria_msgs/auria_msgs_s__rosidl_typesupport_c.cpython-38-x86_64-linux-gnu.so\n'}
[3.788739] (auria_msgs) StdoutLine: {'line': b'-- Up-to-date: /home/auria/src/install/auria_msgs/lib/libauria_msgs__python.so\n'}
[3.794092] (auria_msgs) StdoutLine: {'line': b'-- Up-to-date: /home/auria/src/install/auria_msgs/share/auria_msgs/msg/PointArray.idl\n'}
[3.796002] (auria_msgs) StdoutLine: {'line': b'-- Up-to-date: /home/auria/src/install/auria_msgs/share/auria_msgs/msg/PointArray.msg\n'}
[3.801225] (auria_msgs) StdoutLine: {'line': b'-- Up-to-date: /home/auria/src/install/auria_msgs/share/ament_index/resource_index/package_run_dependencies/auria_msgs\n'}
[3.803226] (auria_msgs) StdoutLine: {'line': b'-- Up-to-date: /home/auria/src/install/auria_msgs/share/ament_index/resource_index/parent_prefix_path/auria_msgs\n'}
[3.805916] (auria_msgs) StdoutLine: {'line': b'-- Up-to-date: /home/auria/src/install/auria_msgs/share/auria_msgs/environment/ament_prefix_path.sh\n'}
[3.809060] (auria_msgs) StdoutLine: {'line': b'-- Up-to-date: /home/auria/src/install/auria_msgs/share/auria_msgs/environment/ament_prefix_path.dsv\n'}
[3.811193] (auria_msgs) StdoutLine: {'line': b'-- Up-to-date: /home/auria/src/install/auria_msgs/share/auria_msgs/environment/path.sh\n'}
[3.817019] (auria_msgs) StdoutLine: {'line': b'-- Up-to-date: /home/auria/src/install/auria_msgs/share/auria_msgs/environment/path.dsv\n'}
[3.817541] (auria_msgs) StdoutLine: {'line': b'-- Up-to-date: /home/auria/src/install/auria_msgs/share/auria_msgs/local_setup.bash\n'}
[3.817850] (auria_msgs) StdoutLine: {'line': b'-- Up-to-date: /home/auria/src/install/auria_msgs/share/auria_msgs/local_setup.sh\n'}
[3.818139] (auria_msgs) StdoutLine: {'line': b'-- Up-to-date: /home/auria/src/install/auria_msgs/share/auria_msgs/local_setup.zsh\n'}
[3.818427] (auria_msgs) StdoutLine: {'line': b'-- Up-to-date: /home/auria/src/install/auria_msgs/share/auria_msgs/local_setup.dsv\n'}
[3.818682] (auria_msgs) StdoutLine: {'line': b'-- Installing: /home/auria/src/install/auria_msgs/share/auria_msgs/package.dsv\n'}
[3.829342] (auria_msgs) StdoutLine: {'line': b'-- Up-to-date: /home/auria/src/install/auria_msgs/share/ament_index/resource_index/packages/auria_msgs\n'}
[3.829800] (auria_msgs) StdoutLine: {'line': b'-- Up-to-date: /home/auria/src/install/auria_msgs/share/auria_msgs/cmake/auria_msgs__rosidl_generator_cExport.cmake\n'}
[3.834454] (auria_msgs) StdoutLine: {'line': b'-- Up-to-date: /home/auria/src/install/auria_msgs/share/auria_msgs/cmake/auria_msgs__rosidl_generator_cExport-noconfig.cmake\n'}
[3.834895] (auria_msgs) StdoutLine: {'line': b'-- Up-to-date: /home/auria/src/install/auria_msgs/share/auria_msgs/cmake/auria_msgs__rosidl_typesupport_introspection_cExport.cmake\n'}
[3.835202] (auria_msgs) StdoutLine: {'line': b'-- Up-to-date: /home/auria/src/install/auria_msgs/share/auria_msgs/cmake/auria_msgs__rosidl_typesupport_introspection_cExport-noconfig.cmake\n'}
[3.839818] (auria_msgs) StdoutLine: {'line': b'-- Up-to-date: /home/auria/src/install/auria_msgs/share/auria_msgs/cmake/auria_msgs__rosidl_typesupport_cExport.cmake\n'}
[3.840295] (auria_msgs) StdoutLine: {'line': b'-- Up-to-date: /home/auria/src/install/auria_msgs/share/auria_msgs/cmake/auria_msgs__rosidl_typesupport_cExport-noconfig.cmake\n'}
[3.845059] (auria_msgs) StdoutLine: {'line': b'-- Up-to-date: /home/auria/src/install/auria_msgs/share/auria_msgs/cmake/auria_msgs__rosidl_generator_cppExport.cmake\n'}
[3.845712] (auria_msgs) StdoutLine: {'line': b'-- Up-to-date: /home/auria/src/install/auria_msgs/share/auria_msgs/cmake/auria_msgs__rosidl_typesupport_introspection_cppExport.cmake\n'}
[3.846795] (auria_msgs) StdoutLine: {'line': b'-- Up-to-date: /home/auria/src/install/auria_msgs/share/auria_msgs/cmake/auria_msgs__rosidl_typesupport_introspection_cppExport-noconfig.cmake\n'}
[3.848273] (auria_msgs) StdoutLine: {'line': b'-- Up-to-date: /home/auria/src/install/auria_msgs/share/auria_msgs/cmake/auria_msgs__rosidl_typesupport_cppExport.cmake\n'}
[3.851753] (auria_msgs) StdoutLine: {'line': b'-- Up-to-date: /home/auria/src/install/auria_msgs/share/auria_msgs/cmake/auria_msgs__rosidl_typesupport_cppExport-noconfig.cmake\n'}
[3.852756] (auria_msgs) StdoutLine: {'line': b'-- Up-to-date: /home/auria/src/install/auria_msgs/share/auria_msgs/cmake/rosidl_cmake-extras.cmake\n'}
[3.853739] (auria_msgs) StdoutLine: {'line': b'-- Up-to-date: /home/auria/src/install/auria_msgs/share/auria_msgs/cmake/ament_cmake_export_dependencies-extras.cmake\n'}
[3.854656] (auria_msgs) StdoutLine: {'line': b'-- Up-to-date: /home/auria/src/install/auria_msgs/share/auria_msgs/cmake/ament_cmake_export_libraries-extras.cmake\n'}
[3.855571] (auria_msgs) StdoutLine: {'line': b'-- Up-to-date: /home/auria/src/install/auria_msgs/share/auria_msgs/cmake/ament_cmake_export_targets-extras.cmake\n'}
[3.856909] (auria_msgs) StdoutLine: {'line': b'-- Up-to-date: /home/auria/src/install/auria_msgs/share/auria_msgs/cmake/ament_cmake_export_include_directories-extras.cmake\n'}
[3.859618] (auria_msgs) StdoutLine: {'line': b'-- Up-to-date: /home/auria/src/install/auria_msgs/share/auria_msgs/cmake/rosidl_cmake_export_typesupport_targets-extras.cmake\n'}
[3.860226] (auria_msgs) StdoutLine: {'line': b'-- Up-to-date: /home/auria/src/install/auria_msgs/share/auria_msgs/cmake/auria_msgsConfig.cmake\n'}
[3.861161] (auria_msgs) StdoutLine: {'line': b'-- Up-to-date: /home/auria/src/install/auria_msgs/share/auria_msgs/cmake/auria_msgsConfig-version.cmake\n'}
[3.867211] (auria_msgs) StdoutLine: {'line': b'-- Up-to-date: /home/auria/src/install/auria_msgs/share/auria_msgs/package.xml\n'}
[3.873195] (-) TimerEvent: {}
[3.890436] (auria_msgs) CommandEnded: {'returncode': 0}
[3.980170] (-) TimerEvent: {}
[4.090022] (-) TimerEvent: {}
[4.194600] (-) TimerEvent: {}
[4.296225] (-) TimerEvent: {}
[4.403248] (-) TimerEvent: {}
[4.504023] (-) TimerEvent: {}
[4.613318] (-) TimerEvent: {}
[4.751022] (-) TimerEvent: {}
[4.862034] (-) TimerEvent: {}
[4.919471] (auria_msgs) JobEnded: {'identifier': 'auria_msgs', 'rc': 0}
[4.923576] (environment) JobStarted: {'identifier': 'environment'}
[4.962394] (-) TimerEvent: {}
[5.063799] (-) TimerEvent: {}
[5.168598] (-) TimerEvent: {}
[5.276620] (-) TimerEvent: {}
[5.380234] (-) TimerEvent: {}
[5.486522] (-) TimerEvent: {}
[5.599073] (-) TimerEvent: {}
[5.703976] (-) TimerEvent: {}
[5.806192] (-) TimerEvent: {}
[5.908220] (-) TimerEvent: {}
[6.008887] (-) TimerEvent: {}
[6.109523] (-) TimerEvent: {}
[6.210165] (-) TimerEvent: {}
[6.313914] (-) TimerEvent: {}
[6.418771] (-) TimerEvent: {}
[6.525440] (-) TimerEvent: {}
[6.610707] (rl_driver) Command: {'cmd': ['/usr/bin/python3', 'setup.py', 'egg_info', '--egg-base', '../build/rl_driver', 'build', '--build-base', '/home/auria/src/build/rl_driver/build', 'install', '--record', '/home/auria/src/build/rl_driver/install.log', '--single-version-externally-managed'], 'cwd': '/home/auria/src/rl_driver', 'env': {'HOSTNAME': 'Ventupentu-portatil', 'SHLVL': '1', 'LIBGL_ALWAYS_SOFTWARE': '1', 'LD_LIBRARY_PATH': '/home/auria/src/install/auria_msgs/lib:/opt/ros/galactic/opt/yaml_cpp_vendor/lib:/opt/ros/galactic/lib/x86_64-linux-gnu:/opt/ros/galactic/lib', 'HOME': '/home/auria', 'OLDPWD': '/home/auria', 'ROS_PYTHON_VERSION': '3', 'QT_QPA_PLATFORM_PLUGIN_PATH': '/usr/lib/x86_64-linux-gnu/qt5/plugins/platforms', 'COLCON_PREFIX_PATH': '/home/auria/src/install', 'ROS_DISTRO': 'galactic', '_': '/usr/bin/colcon', 'ROS_VERSION': '2', 'TERM': 'xterm', 'ROS_LOCALHOST_ONLY': '0', 'QT_X11_NO_MITSHM': '1', 'PATH': '/opt/ros/galactic/bin:/usr/local/sbin:/usr/local/bin:/usr/sbin:/usr/bin:/sbin:/bin', 'DISPLAY': ':0', 'LANG': 'C.UTF-8', 'AMENT_PREFIX_PATH': '/home/auria/src/install/rl_driver:/home/auria/src/install/environment:/home/auria/src/install/auria_msgs:/opt/ros/galactic', 'PWD': '/home/auria/src/build/rl_driver', 'LC_ALL': 'C.UTF-8', 'PYTHONPATH': '/home/auria/src/build/rl_driver/prefix_override:/home/auria/src/install/rl_driver/lib/python3.8/site-packages:/home/auria/src/install/rl_driver/lib/python3.8/site-packages:/home/auria/src/install/environment/lib/python3.8/site-packages:/home/auria/src/install/auria_msgs/lib/python3.8/site-packages:/opt/ros/galactic/lib/python3.8/site-packages', 'COLCON': '1', 'CMAKE_PREFIX_PATH': '/home/auria/src/install/auria_msgs'}, 'shell': False}
[6.637735] (-) TimerEvent: {}
[6.741189] (-) TimerEvent: {}
[6.846791] (-) TimerEvent: {}
[6.949229] (-) TimerEvent: {}
[7.049932] (-) TimerEvent: {}
[7.150764] (-) TimerEvent: {}
[7.257347] (-) TimerEvent: {}
[7.358374] (-) TimerEvent: {}
[7.460167] (-) TimerEvent: {}
[7.561901] (-) TimerEvent: {}
[7.662554] (-) TimerEvent: {}
[7.763959] (-) TimerEvent: {}
[7.865193] (-) TimerEvent: {}
[7.967189] (-) TimerEvent: {}
[7.997328] (rl_driver) StdoutLine: {'line': b'running egg_info\n'}
[8.001801] (rl_driver) StdoutLine: {'line': b'writing ../build/rl_driver/rl_driver.egg-info/PKG-INFO\n'}
[8.007117] (rl_driver) StdoutLine: {'line': b'writing dependency_links to ../build/rl_driver/rl_driver.egg-info/dependency_links.txt\n'}
[8.007564] (rl_driver) StdoutLine: {'line': b'writing entry points to ../build/rl_driver/rl_driver.egg-info/entry_points.txt\n'}
[8.008463] (rl_driver) StdoutLine: {'line': b'writing requirements to ../build/rl_driver/rl_driver.egg-info/requires.txt\n'}
[8.008805] (rl_driver) StdoutLine: {'line': b'writing top-level names to ../build/rl_driver/rl_driver.egg-info/top_level.txt\n'}
[8.072684] (-) TimerEvent: {}
[8.145365] (rl_driver) StdoutLine: {'line': b"reading manifest file '../build/rl_driver/rl_driver.egg-info/SOURCES.txt'\n"}
[8.167242] (rl_driver) StdoutLine: {'line': b"writing manifest file '../build/rl_driver/rl_driver.egg-info/SOURCES.txt'\n"}
[8.167830] (rl_driver) StdoutLine: {'line': b'running build\n'}
[8.168255] (rl_driver) StdoutLine: {'line': b'running build_py\n'}
[8.169160] (rl_driver) StdoutLine: {'line': b'running install\n'}
[8.169503] (rl_driver) StdoutLine: {'line': b'running install_lib\n'}
[8.175214] (-) TimerEvent: {}
[8.186159] (rl_driver) StdoutLine: {'line': b'running install_data\n'}
[8.194166] (rl_driver) StdoutLine: {'line': b'running install_egg_info\n'}
[8.207974] (rl_driver) StdoutLine: {'line': b"removing '/home/auria/src/install/rl_driver/lib/python3.8/site-packages/rl_driver-0.0.0-py3.8.egg-info' (and everything under it)\n"}
[8.213413] (rl_driver) StdoutLine: {'line': b'Copying ../build/rl_driver/rl_driver.egg-info to /home/auria/src/install/rl_driver/lib/python3.8/site-packages/rl_driver-0.0.0-py3.8.egg-info\n'}
[8.222207] (rl_driver) StdoutLine: {'line': b'running install_scripts\n'}
[8.279750] (-) TimerEvent: {}
[8.311323] (rl_driver) StdoutLine: {'line': b'Installing rl_node script to /home/auria/src/install/rl_driver/lib/rl_driver\n'}
[8.312948] (rl_driver) StdoutLine: {'line': b'Installing train script to /home/auria/src/install/rl_driver/lib/rl_driver\n'}
[8.315767] (rl_driver) StdoutLine: {'line': b"writing list of installed files to '/home/auria/src/build/rl_driver/install.log'\n"}
[8.380227] (-) TimerEvent: {}
[8.485585] (-) TimerEvent: {}
[8.496899] (rl_driver) CommandEnded: {'returncode': 0}
[8.589981] (-) TimerEvent: {}
[8.644414] (rl_driver) JobEnded: {'identifier': 'rl_driver', 'rc': 0}
[8.693732] (-) TimerEvent: {}
[8.797408] (-) TimerEvent: {}
[8.897974] (-) TimerEvent: {}
[9.001643] (-) TimerEvent: {}
[9.104541] (-) TimerEvent: {}
[9.209601] (-) TimerEvent: {}
[9.313212] (-) TimerEvent: {}
[9.416024] (-) TimerEvent: {}
[9.450370] (environment) Command: {'cmd': ['/usr/bin/python3', 'setup.py', 'egg_info', '--egg-base', '../build/environment', 'build', '--build-base', '/home/auria/src/build/environment/build', 'install', '--record', '/home/auria/src/build/environment/install.log', '--single-version-externally-managed'], 'cwd': '/home/auria/src/environment', 'env': {'HOSTNAME': 'Ventupentu-portatil', 'SHLVL': '1', 'LIBGL_ALWAYS_SOFTWARE': '1', 'LD_LIBRARY_PATH': '/home/auria/src/install/auria_msgs/lib:/opt/ros/galactic/opt/yaml_cpp_vendor/lib:/opt/ros/galactic/lib/x86_64-linux-gnu:/opt/ros/galactic/lib', 'HOME': '/home/auria', 'OLDPWD': '/home/auria', 'ROS_PYTHON_VERSION': '3', 'QT_QPA_PLATFORM_PLUGIN_PATH': '/usr/lib/x86_64-linux-gnu/qt5/plugins/platforms', 'COLCON_PREFIX_PATH': '/home/auria/src/install', 'ROS_DISTRO': 'galactic', '_': '/usr/bin/colcon', 'ROS_VERSION': '2', 'TERM': 'xterm', 'ROS_LOCALHOST_ONLY': '0', 'QT_X11_NO_MITSHM': '1', 'PATH': '/opt/ros/galactic/bin:/usr/local/sbin:/usr/local/bin:/usr/sbin:/usr/bin:/sbin:/bin', 'DISPLAY': ':0', 'LANG': 'C.UTF-8', 'AMENT_PREFIX_PATH': '/home/auria/src/install/rl_driver:/home/auria/src/install/environment:/home/auria/src/install/auria_msgs:/opt/ros/galactic', 'PWD': '/home/auria/src/build/environment', 'LC_ALL': 'C.UTF-8', 'PYTHONPATH': '/home/auria/src/build/environment/prefix_override:/home/auria/src/install/environment/lib/python3.8/site-packages:/home/auria/src/install/auria_msgs/lib/python3.8/site-packages:/home/auria/src/install/rl_driver/lib/python3.8/site-packages:/home/auria/src/install/environment/lib/python3.8/site-packages:/opt/ros/galactic/lib/python3.8/site-packages', 'COLCON': '1', 'CMAKE_PREFIX_PATH': '/home/auria/src/install/auria_msgs'}, 'shell': False}
[9.516865] (-) TimerEvent: {}
[9.620701] (-) TimerEvent: {}
[9.722624] (-) TimerEvent: {}
[9.825391] (-) TimerEvent: {}
[9.926666] (-) TimerEvent: {}
[10.031545] (-) TimerEvent: {}
[10.137219] (-) TimerEvent: {}
[10.237794] (-) TimerEvent: {}
[10.339981] (-) TimerEvent: {}
[10.350713] (environment) StdoutLine: {'line': b'running egg_info\n'}
[10.355053] (environment) StdoutLine: {'line': b'writing ../build/environment/environment.egg-info/PKG-INFO\n'}
[10.355547] (environment) StdoutLine: {'line': b'writing dependency_links to ../build/environment/environment.egg-info/dependency_links.txt\n'}
[10.355850] (environment) StdoutLine: {'line': b'writing entry points to ../build/environment/environment.egg-info/entry_points.txt\n'}
[10.360227] (environment) StdoutLine: {'line': b'writing requirements to ../build/environment/environment.egg-info/requires.txt\n'}
[10.360717] (environment) StdoutLine: {'line': b'writing top-level names to ../build/environment/environment.egg-info/top_level.txt\n'}
[10.440185] (-) TimerEvent: {}
[10.493297] (environment) StdoutLine: {'line': b"reading manifest file '../build/environment/environment.egg-info/SOURCES.txt'\n"}
[10.498373] (environment) StdoutLine: {'line': b"writing manifest file '../build/environment/environment.egg-info/SOURCES.txt'\n"}
[10.500357] (environment) StdoutLine: {'line': b'running build\n'}
[10.501504] (environment) StdoutLine: {'line': b'running build_py\n'}
[10.501815] (environment) StdoutLine: {'line': b'running install\n'}
[10.507304] (environment) StdoutLine: {'line': b'running install_lib\n'}
[10.512224] (environment) StdoutLine: {'line': b'running install_data\n'}
[10.514807] (environment) StdoutLine: {'line': b'running install_egg_info\n'}
[10.521532] (environment) StdoutLine: {'line': b"removing '/home/auria/src/install/environment/lib/python3.8/site-packages/environment-0.1.0-py3.8.egg-info' (and everything under it)\n"}
[10.524998] (environment) StdoutLine: {'line': b'Copying ../build/environment/environment.egg-info to /home/auria/src/install/environment/lib/python3.8/site-packages/environment-0.1.0-py3.8.egg-info\n'}
[10.528768] (environment) StdoutLine: {'line': b'running install_scripts\n'}
[10.541056] (-) TimerEvent: {}
[10.596165] (environment) StdoutLine: {'line': b'Installing car script to /home/auria/src/install/environment/lib/environment\n'}
[10.598196] (environment) StdoutLine: {'line': b'Installing env script to /home/auria/src/install/environment/lib/environment\n'}
[10.599951] (environment) StdoutLine: {'line': b"writing list of installed files to '/home/auria/src/build/environment/install.log'\n"}
[10.641216] (-) TimerEvent: {}
[10.690272] (environment) CommandEnded: {'returncode': 0}
[10.742548] (-) TimerEvent: {}
[10.822295] (environment) JobEnded: {'identifier': 'environment', 'rc': 0}
[10.829639] (-) EventReactorShutdown: {}
