[0.000000] (-) TimerEvent: {}
[0.002491] (auria_msgs) JobQueued: {'identifier': 'auria_msgs', 'dependencies': OrderedDict()}
[0.002774] (rl_driver) JobQueued: {'identifier': 'rl_driver', 'dependencies': OrderedDict()}
[0.002900] (environment) JobQueued: {'identifier': 'environment', 'dependencies': OrderedDict([('auria_msgs', '/home/auria/install/auria_msgs')])}
[0.003005] (auria_msgs) JobStarted: {'identifier': 'auria_msgs'}
[0.039349] (rl_driver) JobStarted: {'identifier': 'rl_driver'}
[0.073238] (auria_msgs) JobProgress: {'identifier': 'auria_msgs', 'progress': 'cmake'}
[0.076357] (auria_msgs) Command: {'cmd': ['/usr/bin/cmake', '/home/auria/src/auria_msgs', '-DCMAKE_INSTALL_PREFIX=/home/auria/install/auria_msgs'], 'cwd': '/home/auria/build/auria_msgs', 'env': OrderedDict([('HOSTNAME', 'Ventupentu-portatil'), ('SHLVL', '1'), ('LIBGL_ALWAYS_SOFTWARE', '1'), ('HOME', '/home/auria'), ('QT_QPA_PLATFORM_PLUGIN_PATH', '/usr/lib/x86_64-linux-gnu/qt5/plugins/platforms'), ('ROS_DISTRO', 'galactic'), ('_', '/usr/bin/colcon'), ('TERM', 'xterm'), ('QT_X11_NO_MITSHM', '1'), ('PATH', '/usr/local/sbin:/usr/local/bin:/usr/sbin:/usr/bin:/sbin:/bin'), ('DISPLAY', ':0'), ('LANG', 'C.UTF-8'), ('PWD', '/home/auria/build/auria_msgs'), ('LC_ALL', 'C.UTF-8'), ('COLCON', '1')]), 'shell': False}
[0.102313] (-) TimerEvent: {}
[0.180264] (auria_msgs) StderrLine: {'line': b'CMake Error at CMakeLists.txt:4 (find_package):\n'}
[0.181363] (auria_msgs) StderrLine: {'line': b'  By not providing "Findament_cmake.cmake" in CMAKE_MODULE_PATH this project\n'}
[0.181662] (auria_msgs) StderrLine: {'line': b'  has asked CMake to find a package configuration file provided by\n'}
[0.181934] (auria_msgs) StderrLine: {'line': b'  "ament_cmake", but CMake did not find one.\n'}
[0.182200] (auria_msgs) StderrLine: {'line': b'\n'}
[0.182438] (auria_msgs) StderrLine: {'line': b'  Could not find a package configuration file provided by "ament_cmake" with\n'}
[0.182671] (auria_msgs) StderrLine: {'line': b'  any of the following names:\n'}
[0.182973] (auria_msgs) StderrLine: {'line': b'\n'}
[0.183235] (auria_msgs) StderrLine: {'line': b'    ament_cmakeConfig.cmake\n'}
[0.183462] (auria_msgs) StderrLine: {'line': b'    ament_cmake-config.cmake\n'}
[0.183686] (auria_msgs) StderrLine: {'line': b'\n'}
[0.183929] (auria_msgs) StderrLine: {'line': b'  Add the installation prefix of "ament_cmake" to CMAKE_PREFIX_PATH or set\n'}
[0.184181] (auria_msgs) StderrLine: {'line': b'  "ament_cmake_DIR" to a directory containing one of the above files.  If\n'}
[0.184403] (auria_msgs) StderrLine: {'line': b'  "ament_cmake" provides a separate development package or SDK, be sure it\n'}
[0.184623] (auria_msgs) StderrLine: {'line': b'  has been installed.\n'}
[0.184843] (auria_msgs) StderrLine: {'line': b'\n'}
[0.185933] (auria_msgs) StderrLine: {'line': b'\n'}
[0.186274] (auria_msgs) StdoutLine: {'line': b'-- Configuring incomplete, errors occurred!\n'}
[0.186640] (auria_msgs) StdoutLine: {'line': b'See also "/home/auria/build/auria_msgs/CMakeFiles/CMakeOutput.log".\n'}
[0.202055] (-) TimerEvent: {}
[0.302583] (-) TimerEvent: {}
[0.403175] (-) TimerEvent: {}
[0.503762] (-) TimerEvent: {}
[0.604370] (-) TimerEvent: {}
[0.704962] (-) TimerEvent: {}
[0.772241] (auria_msgs) CommandEnded: {'returncode': 1}
[0.805422] (-) TimerEvent: {}
[0.875625] (auria_msgs) JobEnded: {'identifier': 'auria_msgs', 'rc': 1}
[0.905435] (-) TimerEvent: {}
[1.006006] (-) TimerEvent: {}
[1.106574] (-) TimerEvent: {}
[1.207112] (-) TimerEvent: {}
[1.307677] (-) TimerEvent: {}
[1.408267] (-) TimerEvent: {}
[1.508850] (-) TimerEvent: {}
[1.609448] (-) TimerEvent: {}
[1.710012] (-) TimerEvent: {}
[1.810608] (-) TimerEvent: {}
[1.911173] (-) TimerEvent: {}
[1.913506] (rl_driver) JobEnded: {'identifier': 'rl_driver', 'rc': 'SIGINT'}
[1.925531] (environment) JobSkipped: {'identifier': 'environment'}
[1.925831] (-) EventReactorShutdown: {}
