[3.930s] Invoking command in '/home/auria/src/rl_driver': PYTHONPATH=/home/auria/src/build/rl_driver/prefix_override:/home/auria/src/install/rl_driver/lib/python3.8/site-packages:${PYTHONPATH} /usr/bin/python3 setup.py egg_info --egg-base ../build/rl_driver build --build-base /home/auria/src/build/rl_driver/build install --record /home/auria/src/build/rl_driver/install.log --single-version-externally-managed
[5.047s] running egg_info
[5.051s] writing ../build/rl_driver/rl_driver.egg-info/PKG-INFO
[5.051s] writing dependency_links to ../build/rl_driver/rl_driver.egg-info/dependency_links.txt
[5.054s] writing entry points to ../build/rl_driver/rl_driver.egg-info/entry_points.txt
[5.054s] writing requirements to ../build/rl_driver/rl_driver.egg-info/requires.txt
[5.055s] writing top-level names to ../build/rl_driver/rl_driver.egg-info/top_level.txt
[5.278s] reading manifest file '../build/rl_driver/rl_driver.egg-info/SOURCES.txt'
[5.284s] writing manifest file '../build/rl_driver/rl_driver.egg-info/SOURCES.txt'
[5.284s] running build
[5.288s] running build_py
[5.288s] copying rl_driver/rl_node.py -> /home/auria/src/build/rl_driver/build/lib/rl_driver
[5.289s] running install
[5.294s] running install_lib
[5.301s] copying /home/auria/src/build/rl_driver/build/lib/rl_driver/rl_node.py -> /home/auria/src/install/rl_driver/lib/python3.8/site-packages/rl_driver
[5.304s] byte-compiling /home/auria/src/install/rl_driver/lib/python3.8/site-packages/rl_driver/rl_node.py to rl_node.cpython-38.pyc
[5.319s] running install_data
[5.324s] running install_egg_info
[5.333s] removing '/home/auria/src/install/rl_driver/lib/python3.8/site-packages/rl_driver-0.0.0-py3.8.egg-info' (and everything under it)
[5.338s] Copying ../build/rl_driver/rl_driver.egg-info to /home/auria/src/install/rl_driver/lib/python3.8/site-packages/rl_driver-0.0.0-py3.8.egg-info
[5.344s] running install_scripts
[5.440s] Installing rl_node script to /home/auria/src/install/rl_driver/lib/rl_driver
[5.440s] Installing train script to /home/auria/src/install/rl_driver/lib/rl_driver
[5.441s] writing list of installed files to '/home/auria/src/build/rl_driver/install.log'
[5.552s] Invoked command in '/home/auria/src/rl_driver' returned '0': PYTHONPATH=/home/auria/src/build/rl_driver/prefix_override:/home/auria/src/install/rl_driver/lib/python3.8/site-packages:${PYTHONPATH} /usr/bin/python3 setup.py egg_info --egg-base ../build/rl_driver build --build-base /home/auria/src/build/rl_driver/build install --record /home/auria/src/build/rl_driver/install.log --single-version-externally-managed
