[2.298s] Invoking command in '/home/auria/src/rl_driver': PYTHONPATH=/home/auria/src/build/rl_driver/prefix_override:/home/auria/src/install/rl_driver/lib/python3.8/site-packages:${PYTHONPATH} /usr/bin/python3 setup.py egg_info --egg-base ../build/rl_driver build --build-base /home/auria/src/build/rl_driver/build install --record /home/auria/src/build/rl_driver/install.log --single-version-externally-managed
[3.091s] running egg_info
[3.093s] writing ../build/rl_driver/rl_driver.egg-info/PKG-INFO
[3.096s] writing dependency_links to ../build/rl_driver/rl_driver.egg-info/dependency_links.txt
[3.096s] writing entry points to ../build/rl_driver/rl_driver.egg-info/entry_points.txt
[3.097s] writing requirements to ../build/rl_driver/rl_driver.egg-info/requires.txt
[3.097s] writing top-level names to ../build/rl_driver/rl_driver.egg-info/top_level.txt
[3.233s] reading manifest file '../build/rl_driver/rl_driver.egg-info/SOURCES.txt'
[3.239s] writing manifest file '../build/rl_driver/rl_driver.egg-info/SOURCES.txt'
[3.240s] running build
[3.241s] running build_py
[3.241s] copying rl_driver/live_plot_callback.py -> /home/auria/src/build/rl_driver/build/lib/rl_driver
[3.248s] running install
[3.250s] running install_lib
[3.251s] copying /home/auria/src/build/rl_driver/build/lib/rl_driver/live_plot_callback.py -> /home/auria/src/install/rl_driver/lib/python3.8/site-packages/rl_driver
[3.255s] byte-compiling /home/auria/src/install/rl_driver/lib/python3.8/site-packages/rl_driver/live_plot_callback.py to live_plot_callback.cpython-38.pyc
[3.258s] running install_data
[3.263s] running install_egg_info
[3.268s] removing '/home/auria/src/install/rl_driver/lib/python3.8/site-packages/rl_driver-0.0.0-py3.8.egg-info' (and everything under it)
[3.269s] Copying ../build/rl_driver/rl_driver.egg-info to /home/auria/src/install/rl_driver/lib/python3.8/site-packages/rl_driver-0.0.0-py3.8.egg-info
[3.273s] running install_scripts
[3.353s] Installing rl_node script to /home/auria/src/install/rl_driver/lib/rl_driver
[3.354s] Installing train script to /home/auria/src/install/rl_driver/lib/rl_driver
[3.355s] writing list of installed files to '/home/auria/src/build/rl_driver/install.log'
[3.430s] Invoked command in '/home/auria/src/rl_driver' returned '0': PYTHONPATH=/home/auria/src/build/rl_driver/prefix_override:/home/auria/src/install/rl_driver/lib/python3.8/site-packages:${PYTHONPATH} /usr/bin/python3 setup.py egg_info --egg-base ../build/rl_driver build --build-base /home/auria/src/build/rl_driver/build install --record /home/auria/src/build/rl_driver/install.log --single-version-externally-managed
