[3.618s] Invoking command in '/home/auria/src/rl_driver': PYTHONPATH=/home/auria/src/build/rl_driver/prefix_override:/home/auria/src/install/rl_driver/lib/python3.8/site-packages:${PYTHONPATH} /usr/bin/python3 setup.py egg_info --egg-base ../build/rl_driver build --build-base /home/auria/src/build/rl_driver/build install --record /home/auria/src/build/rl_driver/install.log --single-version-externally-managed
[4.436s] running egg_info
[4.440s] writing ../build/rl_driver/rl_driver.egg-info/PKG-INFO
[4.441s] writing dependency_links to ../build/rl_driver/rl_driver.egg-info/dependency_links.txt
[4.442s] writing entry points to ../build/rl_driver/rl_driver.egg-info/entry_points.txt
[4.443s] writing requirements to ../build/rl_driver/rl_driver.egg-info/requires.txt
[4.443s] writing top-level names to ../build/rl_driver/rl_driver.egg-info/top_level.txt
[4.586s] reading manifest file '../build/rl_driver/rl_driver.egg-info/SOURCES.txt'
[4.595s] writing manifest file '../build/rl_driver/rl_driver.egg-info/SOURCES.txt'
[4.596s] running build
[4.596s] running build_py
[4.596s] copying rl_driver/train.py -> /home/auria/src/build/rl_driver/build/lib/rl_driver
[4.596s] running install
[4.599s] running install_lib
[4.601s] copying /home/auria/src/build/rl_driver/build/lib/rl_driver/train.py -> /home/auria/src/install/rl_driver/lib/python3.8/site-packages/rl_driver
[4.605s] byte-compiling /home/auria/src/install/rl_driver/lib/python3.8/site-packages/rl_driver/train.py to train.cpython-38.pyc
[4.610s] running install_data
[4.612s] running install_egg_info
[4.620s] removing '/home/auria/src/install/rl_driver/lib/python3.8/site-packages/rl_driver-0.0.0-py3.8.egg-info' (and everything under it)
[4.622s] Copying ../build/rl_driver/rl_driver.egg-info to /home/auria/src/install/rl_driver/lib/python3.8/site-packages/rl_driver-0.0.0-py3.8.egg-info
[4.631s] running install_scripts
[4.732s] Installing rl_node script to /home/auria/src/install/rl_driver/lib/rl_driver
[4.733s] Installing train script to /home/auria/src/install/rl_driver/lib/rl_driver
[4.733s] writing list of installed files to '/home/auria/src/build/rl_driver/install.log'
[4.840s] Invoked command in '/home/auria/src/rl_driver' returned '0': PYTHONPATH=/home/auria/src/build/rl_driver/prefix_override:/home/auria/src/install/rl_driver/lib/python3.8/site-packages:${PYTHONPATH} /usr/bin/python3 setup.py egg_info --egg-base ../build/rl_driver build --build-base /home/auria/src/build/rl_driver/build install --record /home/auria/src/build/rl_driver/install.log --single-version-externally-managed
