[0.000000] (-) TimerEvent: {}
[0.002101] (-) JobUnselected: {'identifier': 'auria_msgs'}
[0.003606] (-) JobUnselected: {'identifier': 'environment'}
[0.003777] (rl_driver) JobQueued: {'identifier': 'rl_driver', 'dependencies': OrderedDict()}
[0.003891] (rl_driver) JobStarted: {'identifier': 'rl_driver'}
[0.099493] (-) TimerEvent: {}
[0.201923] (-) TimerEvent: {}
[0.304624] (-) TimerEvent: {}
[0.407607] (-) TimerEvent: {}
[0.508653] (-) TimerEvent: {}
[0.609680] (-) TimerEvent: {}
[0.710860] (-) TimerEvent: {}
[0.811777] (-) TimerEvent: {}
[0.913283] (-) TimerEvent: {}
[1.019855] (-) TimerEvent: {}
[1.123188] (-) TimerEvent: {}
[1.228530] (-) TimerEvent: {}
[1.331609] (-) TimerEvent: {}
[1.432316] (-) TimerEvent: {}
[1.532951] (-) TimerEvent: {}
[1.634094] (-) TimerEvent: {}
[1.737605] (-) TimerEvent: {}
[1.838229] (-) TimerEvent: {}
[1.939732] (-) TimerEvent: {}
[2.040363] (-) TimerEvent: {}
[2.141010] (-) TimerEvent: {}
[2.244657] (-) TimerEvent: {}
[2.345265] (-) TimerEvent: {}
[2.445916] (-) TimerEvent: {}
[2.546574] (-) TimerEvent: {}
[2.647195] (-) TimerEvent: {}
[2.663791] (rl_driver) Command: {'cmd': ['/usr/bin/python3', 'setup.py', 'egg_info', '--egg-base', '../build/rl_driver', 'build', '--build-base', '/home/auria/src/build/rl_driver/build', 'install', '--record', '/home/auria/src/build/rl_driver/install.log', '--single-version-externally-managed'], 'cwd': '/home/auria/src/rl_driver', 'env': {'HOSTNAME': 'Ventupentu-portatil', 'SHLVL': '1', 'LIBGL_ALWAYS_SOFTWARE': '1', 'LD_LIBRARY_PATH': '/home/auria/src/install/auria_msgs/lib:/opt/ros/galactic/opt/yaml_cpp_vendor/lib:/opt/ros/galactic/lib/x86_64-linux-gnu:/opt/ros/galactic/lib', 'HOME': '/home/auria', 'OLDPWD': '/home/auria', 'ROS_PYTHON_VERSION': '3', 'QT_QPA_PLATFORM_PLUGIN_PATH': '/usr/lib/x86_64-linux-gnu/qt5/plugins/platforms', 'COLCON_PREFIX_PATH': '/home/auria/src/install', 'ROS_DISTRO': 'galactic', '_': '/usr/bin/colcon', 'ROS_VERSION': '2', 'TERM': 'xterm', 'ROS_LOCALHOST_ONLY': '0', 'QT_X11_NO_MITSHM': '1', 'PATH': '/opt/ros/galactic/bin:/usr/local/sbin:/usr/local/bin:/usr/sbin:/usr/bin:/sbin:/bin', 'DISPLAY': ':0', 'LANG': 'C.UTF-8', 'AMENT_PREFIX_PATH': '/home/auria/src/install/rl_driver:/home/auria/src/install/environment:/home/auria/src/install/auria_msgs:/opt/ros/galactic', 'PWD': '/home/auria/src/build/rl_driver', 'LC_ALL': 'C.UTF-8', 'PYTHONPATH': '/home/auria/src/build/rl_driver/prefix_override:/home/auria/src/install/rl_driver/lib/python3.8/site-packages:/home/auria/src/install/rl_driver/lib/python3.8/site-packages:/home/auria/src/install/environment/lib/python3.8/site-packages:/home/auria/src/install/auria_msgs/lib/python3.8/site-packages:/opt/ros/galactic/lib/python3.8/site-packages', 'COLCON': '1', 'CMAKE_PREFIX_PATH': '/home/auria/src/install/auria_msgs'}, 'shell': False}
[2.747600] (-) TimerEvent: {}
[2.850617] (-) TimerEvent: {}
[2.951245] (-) TimerEvent: {}
[3.053606] (-) TimerEvent: {}
[3.154244] (-) TimerEvent: {}
[3.254933] (-) TimerEvent: {}
[3.356608] (-) TimerEvent: {}
[3.457225] (-) TimerEvent: {}
[3.560706] (-) TimerEvent: {}
[3.622134] (rl_driver) StdoutLine: {'line': b'running egg_info\n'}
[3.626375] (rl_driver) StdoutLine: {'line': b'writing ../build/rl_driver/rl_driver.egg-info/PKG-INFO\n'}
[3.628225] (rl_driver) StdoutLine: {'line': b'writing dependency_links to ../build/rl_driver/rl_driver.egg-info/dependency_links.txt\n'}
[3.629662] (rl_driver) StdoutLine: {'line': b'writing entry points to ../build/rl_driver/rl_driver.egg-info/entry_points.txt\n'}
[3.630104] (rl_driver) StdoutLine: {'line': b'writing requirements to ../build/rl_driver/rl_driver.egg-info/requires.txt\n'}
[3.630420] (rl_driver) StdoutLine: {'line': b'writing top-level names to ../build/rl_driver/rl_driver.egg-info/top_level.txt\n'}
[3.660864] (-) TimerEvent: {}
[3.761999] (-) TimerEvent: {}
[3.780816] (rl_driver) StdoutLine: {'line': b"reading manifest file '../build/rl_driver/rl_driver.egg-info/SOURCES.txt'\n"}
[3.787544] (rl_driver) StdoutLine: {'line': b"writing manifest file '../build/rl_driver/rl_driver.egg-info/SOURCES.txt'\n"}
[3.788368] (rl_driver) StdoutLine: {'line': b'running build\n'}
[3.788787] (rl_driver) StdoutLine: {'line': b'running build_py\n'}
[3.789244] (rl_driver) StdoutLine: {'line': b'copying rl_driver/ros2_env.py -> /home/auria/src/build/rl_driver/build/lib/rl_driver\n'}
[3.790655] (rl_driver) StdoutLine: {'line': b'running install\n'}
[3.794307] (rl_driver) StdoutLine: {'line': b'running install_lib\n'}
[3.799490] (rl_driver) StdoutLine: {'line': b'copying /home/auria/src/build/rl_driver/build/lib/rl_driver/ros2_env.py -> /home/auria/src/install/rl_driver/lib/python3.8/site-packages/rl_driver\n'}
[3.802674] (rl_driver) StdoutLine: {'line': b'byte-compiling /home/auria/src/install/rl_driver/lib/python3.8/site-packages/rl_driver/ros2_env.py to ros2_env.cpython-38.pyc\n'}
[3.810925] (rl_driver) StdoutLine: {'line': b'running install_data\n'}
[3.812836] (rl_driver) StdoutLine: {'line': b'running install_egg_info\n'}
[3.819752] (rl_driver) StdoutLine: {'line': b"removing '/home/auria/src/install/rl_driver/lib/python3.8/site-packages/rl_driver-0.0.0-py3.8.egg-info' (and everything under it)\n"}
[3.821221] (rl_driver) StdoutLine: {'line': b'Copying ../build/rl_driver/rl_driver.egg-info to /home/auria/src/install/rl_driver/lib/python3.8/site-packages/rl_driver-0.0.0-py3.8.egg-info\n'}
[3.825836] (rl_driver) StdoutLine: {'line': b'running install_scripts\n'}
[3.862610] (-) TimerEvent: {}
[3.899333] (rl_driver) StdoutLine: {'line': b'Installing rl_node script to /home/auria/src/install/rl_driver/lib/rl_driver\n'}
[3.900728] (rl_driver) StdoutLine: {'line': b'Installing train script to /home/auria/src/install/rl_driver/lib/rl_driver\n'}
[3.902154] (rl_driver) StdoutLine: {'line': b"writing list of installed files to '/home/auria/src/build/rl_driver/install.log'\n"}
[3.965635] (-) TimerEvent: {}
[3.975845] (rl_driver) CommandEnded: {'returncode': 0}
[4.068401] (-) TimerEvent: {}
[4.080390] (rl_driver) JobEnded: {'identifier': 'rl_driver', 'rc': 0}
[4.083778] (-) EventReactorShutdown: {}
