[0.000000] (-) TimerEvent: {}
[0.001280] (-) JobUnselected: {'identifier': 'auria_msgs'}
[0.001466] (-) JobUnselected: {'identifier': 'environment'}
[0.001571] (rl_driver) JobQueued: {'identifier': 'rl_driver', 'dependencies': OrderedDict()}
[0.004112] (rl_driver) JobStarted: {'identifier': 'rl_driver'}
[0.100959] (-) TimerEvent: {}
[0.202423] (-) TimerEvent: {}
[0.303058] (-) TimerEvent: {}
[0.403857] (-) TimerEvent: {}
[0.505273] (-) TimerEvent: {}
[0.611868] (-) TimerEvent: {}
[0.712475] (-) TimerEvent: {}
[0.818161] (-) TimerEvent: {}
[0.919539] (-) TimerEvent: {}
[1.022004] (-) TimerEvent: {}
[1.124544] (-) TimerEvent: {}
[1.225606] (-) TimerEvent: {}
[1.326294] (-) TimerEvent: {}
[1.427477] (-) TimerEvent: {}
[1.532678] (-) TimerEvent: {}
[1.635244] (-) TimerEvent: {}
[1.738602] (-) TimerEvent: {}
[1.839877] (-) TimerEvent: {}
[1.942072] (-) TimerEvent: {}
[2.047923] (-) TimerEvent: {}
[2.151654] (-) TimerEvent: {}
[2.252617] (-) TimerEvent: {}
[2.284671] (rl_driver) Command: {'cmd': ['/usr/bin/python3', 'setup.py', 'egg_info', '--egg-base', '../build/rl_driver', 'build', '--build-base', '/home/auria/src/build/rl_driver/build', 'install', '--record', '/home/auria/src/build/rl_driver/install.log', '--single-version-externally-managed'], 'cwd': '/home/auria/src/rl_driver', 'env': {'HOSTNAME': 'Ventupentu-portatil', 'SHLVL': '1', 'LIBGL_ALWAYS_SOFTWARE': '1', 'LD_LIBRARY_PATH': '/home/auria/src/install/auria_msgs/lib:/opt/ros/galactic/opt/yaml_cpp_vendor/lib:/opt/ros/galactic/lib/x86_64-linux-gnu:/opt/ros/galactic/lib', 'HOME': '/home/auria', 'OLDPWD': '/home/auria', 'ROS_PYTHON_VERSION': '3', 'QT_QPA_PLATFORM_PLUGIN_PATH': '/usr/lib/x86_64-linux-gnu/qt5/plugins/platforms', 'COLCON_PREFIX_PATH': '/home/auria/src/install', 'ROS_DISTRO': 'galactic', '_': '/usr/bin/colcon', 'ROS_VERSION': '2', 'TERM': 'xterm', 'ROS_LOCALHOST_ONLY': '0', 'QT_X11_NO_MITSHM': '1', 'PATH': '/opt/ros/galactic/bin:/usr/local/sbin:/usr/local/bin:/usr/sbin:/usr/bin:/sbin:/bin', 'DISPLAY': ':0', 'LANG': 'C.UTF-8', 'AMENT_PREFIX_PATH': '/home/auria/src/install/rl_driver:/home/auria/src/install/environment:/home/auria/src/install/auria_msgs:/opt/ros/galactic', 'PWD': '/home/auria/src/build/rl_driver', 'LC_ALL': 'C.UTF-8', 'PYTHONPATH': '/home/auria/src/build/rl_driver/prefix_override:/home/auria/src/install/rl_driver/lib/python3.8/site-packages:/home/auria/src/install/rl_driver/lib/python3.8/site-packages:/home/auria/src/install/environment/lib/python3.8/site-packages:/home/auria/src/install/auria_msgs/lib/python3.8/site-packages:/opt/ros/galactic/lib/python3.8/site-packages', 'COLCON': '1', 'CMAKE_PREFIX_PATH': '/home/auria/src/install/auria_msgs'}, 'shell': False}
[2.355630] (-) TimerEvent: {}
[2.457339] (-) TimerEvent: {}
[2.558159] (-) TimerEvent: {}
[2.658777] (-) TimerEvent: {}
[2.761558] (-) TimerEvent: {}
[2.862334] (-) TimerEvent: {}
[2.963913] (-) TimerEvent: {}
[3.067458] (-) TimerEvent: {}
[3.105985] (rl_driver) StdoutLine: {'line': b'running egg_info\n'}
[3.108659] (rl_driver) StdoutLine: {'line': b'writing ../build/rl_driver/rl_driver.egg-info/PKG-INFO\n'}
[3.109075] (rl_driver) StdoutLine: {'line': b'writing dependency_links to ../build/rl_driver/rl_driver.egg-info/dependency_links.txt\n'}
[3.110815] (rl_driver) StdoutLine: {'line': b'writing entry points to ../build/rl_driver/rl_driver.egg-info/entry_points.txt\n'}
[3.114641] (rl_driver) StdoutLine: {'line': b'writing requirements to ../build/rl_driver/rl_driver.egg-info/requires.txt\n'}
[3.115126] (rl_driver) StdoutLine: {'line': b'writing top-level names to ../build/rl_driver/rl_driver.egg-info/top_level.txt\n'}
[3.167603] (-) TimerEvent: {}
[3.246058] (rl_driver) StdoutLine: {'line': b"reading manifest file '../build/rl_driver/rl_driver.egg-info/SOURCES.txt'\n"}
[3.251806] (rl_driver) StdoutLine: {'line': b"writing manifest file '../build/rl_driver/rl_driver.egg-info/SOURCES.txt'\n"}
[3.252935] (rl_driver) StdoutLine: {'line': b'running build\n'}
[3.253255] (rl_driver) StdoutLine: {'line': b'running build_py\n'}
[3.255002] (rl_driver) StdoutLine: {'line': b'copying rl_driver/ros2_env.py -> /home/auria/src/build/rl_driver/build/lib/rl_driver\n'}
[3.255730] (rl_driver) StdoutLine: {'line': b'running install\n'}
[3.258029] (rl_driver) StdoutLine: {'line': b'running install_lib\n'}
[3.262564] (rl_driver) StdoutLine: {'line': b'copying /home/auria/src/build/rl_driver/build/lib/rl_driver/ros2_env.py -> /home/auria/src/install/rl_driver/lib/python3.8/site-packages/rl_driver\n'}
[3.265710] (rl_driver) StdoutLine: {'line': b'byte-compiling /home/auria/src/install/rl_driver/lib/python3.8/site-packages/rl_driver/ros2_env.py to ros2_env.cpython-38.pyc\n'}
[3.267726] (-) TimerEvent: {}
[3.275051] (rl_driver) StdoutLine: {'line': b'running install_data\n'}
[3.277004] (rl_driver) StdoutLine: {'line': b'running install_egg_info\n'}
[3.282706] (rl_driver) StdoutLine: {'line': b"removing '/home/auria/src/install/rl_driver/lib/python3.8/site-packages/rl_driver-0.0.0-py3.8.egg-info' (and everything under it)\n"}
[3.283983] (rl_driver) StdoutLine: {'line': b'Copying ../build/rl_driver/rl_driver.egg-info to /home/auria/src/install/rl_driver/lib/python3.8/site-packages/rl_driver-0.0.0-py3.8.egg-info\n'}
[3.288488] (rl_driver) StdoutLine: {'line': b'running install_scripts\n'}
[3.356350] (rl_driver) StdoutLine: {'line': b'Installing rl_node script to /home/auria/src/install/rl_driver/lib/rl_driver\n'}
[3.360603] (rl_driver) StdoutLine: {'line': b'Installing train script to /home/auria/src/install/rl_driver/lib/rl_driver\n'}
[3.361099] (rl_driver) StdoutLine: {'line': b"writing list of installed files to '/home/auria/src/build/rl_driver/install.log'\n"}
[3.367906] (-) TimerEvent: {}
[3.449014] (rl_driver) CommandEnded: {'returncode': 0}
[3.469895] (-) TimerEvent: {}
[3.526866] (rl_driver) JobEnded: {'identifier': 'rl_driver', 'rc': 0}
[3.533152] (-) EventReactorShutdown: {}
