[0.000000] (-) TimerEvent: {}
[0.000414] (auria_msgs) JobQueued: {'identifier': 'auria_msgs', 'dependencies': OrderedDict()}
[0.000538] (rl_driver) JobQueued: {'identifier': 'rl_driver', 'dependencies': OrderedDict()}
[0.000625] (environment) JobQueued: {'identifier': 'environment', 'dependencies': OrderedDict([('auria_msgs', '/home/auria/src/install/auria_msgs')])}
[0.001748] (auria_msgs) JobStarted: {'identifier': 'auria_msgs'}
[0.056235] (rl_driver) JobStarted: {'identifier': 'rl_driver'}
[0.106009] (auria_msgs) JobProgress: {'identifier': 'auria_msgs', 'progress': 'cmake'}
[0.106381] (-) TimerEvent: {}
[0.115671] (auria_msgs) JobProgress: {'identifier': 'auria_msgs', 'progress': 'build'}
[0.115898] (auria_msgs) Command: {'cmd': ['/usr/bin/cmake', '--build', '/home/auria/src/build/auria_msgs', '--', '-j4', '-l4'], 'cwd': '/home/auria/src/build/auria_msgs', 'env': OrderedDict([('HOSTNAME', 'Ventupentu-portatil'), ('SHLVL', '1'), ('LIBGL_ALWAYS_SOFTWARE', '1'), ('LD_LIBRARY_PATH', '/home/auria/src/install/auria_msgs/lib:/opt/ros/galactic/opt/yaml_cpp_vendor/lib:/opt/ros/galactic/lib/x86_64-linux-gnu:/opt/ros/galactic/lib'), ('HOME', '/home/auria'), ('OLDPWD', '/home/auria'), ('ROS_PYTHON_VERSION', '3'), ('QT_QPA_PLATFORM_PLUGIN_PATH', '/usr/lib/x86_64-linux-gnu/qt5/plugins/platforms'), ('COLCON_PREFIX_PATH', '/home/auria/src/install'), ('ROS_DISTRO', 'galactic'), ('_', '/usr/bin/colcon'), ('ROS_VERSION', '2'), ('TERM', 'xterm'), ('ROS_LOCALHOST_ONLY', '0'), ('QT_X11_NO_MITSHM', '1'), ('PATH', '/opt/ros/galactic/bin:/usr/local/sbin:/usr/local/bin:/usr/sbin:/usr/bin:/sbin:/bin'), ('DISPLAY', ':0'), ('LANG', 'C.UTF-8'), ('AMENT_PREFIX_PATH', '/home/auria/src/install/rl_driver:/home/auria/src/install/environment:/home/auria/src/install/auria_msgs:/opt/ros/galactic'), ('PWD', '/home/auria/src/build/auria_msgs'), ('LC_ALL', 'C.UTF-8'), ('PYTHONPATH', '/home/auria/src/install/rl_driver/lib/python3.8/site-packages:/home/auria/src/install/environment/lib/python3.8/site-packages:/home/auria/src/install/auria_msgs/lib/python3.8/site-packages:/opt/ros/galactic/lib/python3.8/site-packages'), ('COLCON', '1'), ('CMAKE_PREFIX_PATH', '/home/auria/src/install/auria_msgs:/home/auria/src/install/rl_driver:/home/auria/src/install/environment:/opt/ros/galactic')]), 'shell': False}
[0.207006] (-) TimerEvent: {}
[0.318488] (-) TimerEvent: {}
[0.423490] (-) TimerEvent: {}
[0.535786] (-) TimerEvent: {}
[0.543430] (auria_msgs) StdoutLine: {'line': b'[  4%] Built target auria_msgs__cpp\n'}
[0.552219] (auria_msgs) StdoutLine: {'line': b'[ 17%] Built target auria_msgs__rosidl_generator_c\n'}
[0.638060] (-) TimerEvent: {}
[0.723736] (auria_msgs) StdoutLine: {'line': b'[ 30%] Built target auria_msgs__rosidl_typesupport_introspection_cpp\n'}
[0.738207] (-) TimerEvent: {}
[0.742972] (auria_msgs) StdoutLine: {'line': b'[ 43%] Built target auria_msgs__rosidl_typesupport_introspection_c\n'}
[0.839216] (-) TimerEvent: {}
[0.933043] (auria_msgs) StdoutLine: {'line': b'[ 56%] Built target auria_msgs__rosidl_typesupport_c\n'}
[0.939366] (-) TimerEvent: {}
[0.952964] (auria_msgs) StdoutLine: {'line': b'[ 69%] Built target auria_msgs__rosidl_typesupport_cpp\n'}
[1.039518] (-) TimerEvent: {}
[1.113313] (auria_msgs) StdoutLine: {'line': b'[ 69%] Built target auria_msgs\n'}
[1.139663] (-) TimerEvent: {}
[1.220044] (auria_msgs) StdoutLine: {'line': b'[ 73%] Built target auria_msgs__py\n'}
[1.239836] (-) TimerEvent: {}
[1.346637] (-) TimerEvent: {}
[1.358601] (auria_msgs) StdoutLine: {'line': b'[ 82%] Built target auria_msgs__python\n'}
[1.447259] (-) TimerEvent: {}
[1.551896] (-) TimerEvent: {}
[1.584146] (auria_msgs) StdoutLine: {'line': b'[ 91%] Built target auria_msgs__rosidl_typesupport_introspection_c__pyext\n'}
[1.588147] (auria_msgs) StdoutLine: {'line': b'[100%] Built target auria_msgs__rosidl_typesupport_c__pyext\n'}
[1.652070] (-) TimerEvent: {}
[1.679397] (auria_msgs) CommandEnded: {'returncode': 0}
[1.753985] (-) TimerEvent: {}
[1.856673] (-) TimerEvent: {}
[1.960992] (-) TimerEvent: {}
[1.998325] (auria_msgs) JobProgress: {'identifier': 'auria_msgs', 'progress': 'install'}
[2.053501] (auria_msgs) Command: {'cmd': ['/usr/bin/cmake', '--install', '/home/auria/src/build/auria_msgs'], 'cwd': '/home/auria/src/build/auria_msgs', 'env': OrderedDict([('HOSTNAME', 'Ventupentu-portatil'), ('SHLVL', '1'), ('LIBGL_ALWAYS_SOFTWARE', '1'), ('LD_LIBRARY_PATH', '/home/auria/src/install/auria_msgs/lib:/opt/ros/galactic/opt/yaml_cpp_vendor/lib:/opt/ros/galactic/lib/x86_64-linux-gnu:/opt/ros/galactic/lib'), ('HOME', '/home/auria'), ('OLDPWD', '/home/auria'), ('ROS_PYTHON_VERSION', '3'), ('QT_QPA_PLATFORM_PLUGIN_PATH', '/usr/lib/x86_64-linux-gnu/qt5/plugins/platforms'), ('COLCON_PREFIX_PATH', '/home/auria/src/install'), ('ROS_DISTRO', 'galactic'), ('_', '/usr/bin/colcon'), ('ROS_VERSION', '2'), ('TERM', 'xterm'), ('ROS_LOCALHOST_ONLY', '0'), ('QT_X11_NO_MITSHM', '1'), ('PATH', '/opt/ros/galactic/bin:/usr/local/sbin:/usr/local/bin:/usr/sbin:/usr/bin:/sbin:/bin'), ('DISPLAY', ':0'), ('LANG', 'C.UTF-8'), ('AMENT_PREFIX_PATH', '/home/auria/src/install/rl_driver:/home/auria/src/install/environment:/home/auria/src/install/auria_msgs:/opt/ros/galactic'), ('PWD', '/home/auria/src/build/auria_msgs'), ('LC_ALL', 'C.UTF-8'), ('PYTHONPATH', '/home/auria/src/install/rl_driver/lib/python3.8/site-packages:/home/auria/src/install/environment/lib/python3.8/site-packages:/home/auria/src/install/auria_msgs/lib/python3.8/site-packages:/opt/ros/galactic/lib/python3.8/site-packages'), ('COLCON', '1'), ('CMAKE_PREFIX_PATH', '/home/auria/src/install/auria_msgs:/home/auria/src/install/rl_driver:/home/auria/src/install/environment:/opt/ros/galactic')]), 'shell': False}
[2.064658] (-) TimerEvent: {}
[2.133338] (auria_msgs) StdoutLine: {'line': b'-- Install configuration: ""\n'}
[2.137881] (auria_msgs) StdoutLine: {'line': b'-- Up-to-date: /home/auria/src/install/auria_msgs/share/ament_index/resource_index/rosidl_interfaces/auria_msgs\n'}
[2.138316] (auria_msgs) StdoutLine: {'line': b'-- Up-to-date: /home/auria/src/install/auria_msgs/include/auria_msgs\n'}
[2.138612] (auria_msgs) StdoutLine: {'line': b'-- Up-to-date: /home/auria/src/install/auria_msgs/include/auria_msgs/msg\n'}
[2.146945] (auria_msgs) StdoutLine: {'line': b'-- Up-to-date: /home/auria/src/install/auria_msgs/include/auria_msgs/msg/point_array.h\n'}
[2.147424] (auria_msgs) StdoutLine: {'line': b'-- Up-to-date: /home/auria/src/install/auria_msgs/include/auria_msgs/msg/rosidl_generator_c__visibility_control.h\n'}
[2.147718] (auria_msgs) StdoutLine: {'line': b'-- Up-to-date: /home/auria/src/install/auria_msgs/include/auria_msgs/msg/detail\n'}
[2.148024] (auria_msgs) StdoutLine: {'line': b'-- Up-to-date: /home/auria/src/install/auria_msgs/include/auria_msgs/msg/detail/point_array__struct.h\n'}
[2.148302] (auria_msgs) StdoutLine: {'line': b'-- Up-to-date: /home/auria/src/install/auria_msgs/include/auria_msgs/msg/detail/point_array__type_support.h\n'}
[2.148562] (auria_msgs) StdoutLine: {'line': b'-- Up-to-date: /home/auria/src/install/auria_msgs/include/auria_msgs/msg/detail/point_array__functions.h\n'}
[2.148820] (auria_msgs) StdoutLine: {'line': b'-- Up-to-date: /home/auria/src/install/auria_msgs/include/auria_msgs/msg/detail/point_array__functions.c\n'}
[2.155273] (auria_msgs) StdoutLine: {'line': b'-- Up-to-date: /home/auria/src/install/auria_msgs/share/auria_msgs/environment/library_path.sh\n'}
[2.155587] (auria_msgs) StdoutLine: {'line': b'-- Up-to-date: /home/auria/src/install/auria_msgs/share/auria_msgs/environment/library_path.dsv\n'}
[2.156689] (auria_msgs) StdoutLine: {'line': b'-- Up-to-date: /home/auria/src/install/auria_msgs/lib/libauria_msgs__rosidl_generator_c.so\n'}
[2.157100] (auria_msgs) StdoutLine: {'line': b'-- Up-to-date: /home/auria/src/install/auria_msgs/include/auria_msgs\n'}
[2.157380] (auria_msgs) StdoutLine: {'line': b'-- Up-to-date: /home/auria/src/install/auria_msgs/include/auria_msgs/msg\n'}
[2.157640] (auria_msgs) StdoutLine: {'line': b'-- Up-to-date: /home/auria/src/install/auria_msgs/include/auria_msgs/msg/rosidl_typesupport_introspection_c__visibility_control.h\n'}
[2.159941] (auria_msgs) StdoutLine: {'line': b'-- Up-to-date: /home/auria/src/install/auria_msgs/include/auria_msgs/msg/detail\n'}
[2.160339] (auria_msgs) StdoutLine: {'line': b'-- Up-to-date: /home/auria/src/install/auria_msgs/include/auria_msgs/msg/detail/point_array__type_support.c\n'}
[2.161054] (auria_msgs) StdoutLine: {'line': b'-- Up-to-date: /home/auria/src/install/auria_msgs/include/auria_msgs/msg/detail/point_array__rosidl_typesupport_introspection_c.h\n'}
[2.164833] (-) TimerEvent: {}
[2.166259] (auria_msgs) StdoutLine: {'line': b'-- Up-to-date: /home/auria/src/install/auria_msgs/lib/libauria_msgs__rosidl_typesupport_introspection_c.so\n'}
[2.168279] (auria_msgs) StdoutLine: {'line': b'-- Up-to-date: /home/auria/src/install/auria_msgs/lib/libauria_msgs__rosidl_typesupport_c.so\n'}
[2.169537] (auria_msgs) StdoutLine: {'line': b'-- Up-to-date: /home/auria/src/install/auria_msgs/include/auria_msgs\n'}
[2.170140] (auria_msgs) StdoutLine: {'line': b'-- Up-to-date: /home/auria/src/install/auria_msgs/include/auria_msgs/msg\n'}
[2.170814] (auria_msgs) StdoutLine: {'line': b'-- Up-to-date: /home/auria/src/install/auria_msgs/include/auria_msgs/msg/point_array.hpp\n'}
[2.171293] (auria_msgs) StdoutLine: {'line': b'-- Up-to-date: /home/auria/src/install/auria_msgs/include/auria_msgs/msg/detail\n'}
[2.171581] (auria_msgs) StdoutLine: {'line': b'-- Up-to-date: /home/auria/src/install/auria_msgs/include/auria_msgs/msg/detail/point_array__struct.hpp\n'}
[2.171959] (auria_msgs) StdoutLine: {'line': b'-- Up-to-date: /home/auria/src/install/auria_msgs/include/auria_msgs/msg/detail/point_array__builder.hpp\n'}
[2.172396] (auria_msgs) StdoutLine: {'line': b'-- Up-to-date: /home/auria/src/install/auria_msgs/include/auria_msgs/msg/detail/point_array__traits.hpp\n'}
[2.172657] (auria_msgs) StdoutLine: {'line': b'-- Up-to-date: /home/auria/src/install/auria_msgs/include/auria_msgs\n'}
[2.172931] (auria_msgs) StdoutLine: {'line': b'-- Up-to-date: /home/auria/src/install/auria_msgs/include/auria_msgs/msg\n'}
[2.173208] (auria_msgs) StdoutLine: {'line': b'-- Up-to-date: /home/auria/src/install/auria_msgs/include/auria_msgs/msg/detail\n'}
[2.173614] (auria_msgs) StdoutLine: {'line': b'-- Up-to-date: /home/auria/src/install/auria_msgs/include/auria_msgs/msg/detail/point_array__rosidl_typesupport_introspection_cpp.hpp\n'}
[2.173899] (auria_msgs) StdoutLine: {'line': b'-- Up-to-date: /home/auria/src/install/auria_msgs/include/auria_msgs/msg/detail/point_array__type_support.cpp\n'}
[2.174179] (auria_msgs) StdoutLine: {'line': b'-- Up-to-date: /home/auria/src/install/auria_msgs/lib/libauria_msgs__rosidl_typesupport_introspection_cpp.so\n'}
[2.175777] (auria_msgs) StdoutLine: {'line': b'-- Up-to-date: /home/auria/src/install/auria_msgs/lib/libauria_msgs__rosidl_typesupport_cpp.so\n'}
[2.177102] (auria_msgs) StdoutLine: {'line': b'-- Up-to-date: /home/auria/src/install/auria_msgs/share/auria_msgs/environment/pythonpath.sh\n'}
[2.177668] (auria_msgs) StdoutLine: {'line': b'-- Up-to-date: /home/auria/src/install/auria_msgs/share/auria_msgs/environment/pythonpath.dsv\n'}
[2.178039] (auria_msgs) StdoutLine: {'line': b'-- Up-to-date: /home/auria/src/install/auria_msgs/lib/python3.8/site-packages/auria_msgs/__init__.py\n'}
[2.264988] (-) TimerEvent: {}
[2.324929] (auria_msgs) StdoutLine: {'line': b'-- Up-to-date: /home/auria/src/install/auria_msgs/lib/python3.8/site-packages/auria_msgs/msg\n'}
[2.328057] (auria_msgs) StdoutLine: {'line': b'-- Up-to-date: /home/auria/src/install/auria_msgs/lib/python3.8/site-packages/auria_msgs/msg/_point_array_s.c\n'}
[2.328510] (auria_msgs) StdoutLine: {'line': b'-- Up-to-date: /home/auria/src/install/auria_msgs/lib/python3.8/site-packages/auria_msgs/msg/__init__.py\n'}
[2.328831] (auria_msgs) StdoutLine: {'line': b'-- Up-to-date: /home/auria/src/install/auria_msgs/lib/python3.8/site-packages/auria_msgs/msg/_point_array.py\n'}
[2.332271] (auria_msgs) StdoutLine: {'line': b'-- Up-to-date: /home/auria/src/install/auria_msgs/lib/python3.8/site-packages/auria_msgs/auria_msgs_s__rosidl_typesupport_introspection_c.cpython-38-x86_64-linux-gnu.so\n'}
[2.335073] (auria_msgs) StdoutLine: {'line': b'-- Up-to-date: /home/auria/src/install/auria_msgs/lib/python3.8/site-packages/auria_msgs/auria_msgs_s__rosidl_typesupport_c.cpython-38-x86_64-linux-gnu.so\n'}
[2.338556] (auria_msgs) StdoutLine: {'line': b'-- Up-to-date: /home/auria/src/install/auria_msgs/lib/libauria_msgs__python.so\n'}
[2.344175] (auria_msgs) StdoutLine: {'line': b'-- Up-to-date: /home/auria/src/install/auria_msgs/share/auria_msgs/msg/PointArray.idl\n'}
[2.344627] (auria_msgs) StdoutLine: {'line': b'-- Up-to-date: /home/auria/src/install/auria_msgs/share/auria_msgs/msg/PointArray.msg\n'}
[2.345049] (auria_msgs) StdoutLine: {'line': b'-- Up-to-date: /home/auria/src/install/auria_msgs/share/ament_index/resource_index/package_run_dependencies/auria_msgs\n'}
[2.345583] (auria_msgs) StdoutLine: {'line': b'-- Up-to-date: /home/auria/src/install/auria_msgs/share/ament_index/resource_index/parent_prefix_path/auria_msgs\n'}
[2.346362] (auria_msgs) StdoutLine: {'line': b'-- Up-to-date: /home/auria/src/install/auria_msgs/share/auria_msgs/environment/ament_prefix_path.sh\n'}
[2.348536] (auria_msgs) StdoutLine: {'line': b'-- Up-to-date: /home/auria/src/install/auria_msgs/share/auria_msgs/environment/ament_prefix_path.dsv\n'}
[2.348856] (auria_msgs) StdoutLine: {'line': b'-- Up-to-date: /home/auria/src/install/auria_msgs/share/auria_msgs/environment/path.sh\n'}
[2.349164] (auria_msgs) StdoutLine: {'line': b'-- Up-to-date: /home/auria/src/install/auria_msgs/share/auria_msgs/environment/path.dsv\n'}
[2.351308] (auria_msgs) StdoutLine: {'line': b'-- Up-to-date: /home/auria/src/install/auria_msgs/share/auria_msgs/local_setup.bash\n'}
[2.351592] (auria_msgs) StdoutLine: {'line': b'-- Up-to-date: /home/auria/src/install/auria_msgs/share/auria_msgs/local_setup.sh\n'}
[2.351850] (auria_msgs) StdoutLine: {'line': b'-- Up-to-date: /home/auria/src/install/auria_msgs/share/auria_msgs/local_setup.zsh\n'}
[2.352736] (auria_msgs) StdoutLine: {'line': b'-- Up-to-date: /home/auria/src/install/auria_msgs/share/auria_msgs/local_setup.dsv\n'}
[2.353039] (auria_msgs) StdoutLine: {'line': b'-- Installing: /home/auria/src/install/auria_msgs/share/auria_msgs/package.dsv\n'}
[2.353312] (auria_msgs) StdoutLine: {'line': b'-- Up-to-date: /home/auria/src/install/auria_msgs/share/ament_index/resource_index/packages/auria_msgs\n'}
[2.354670] (auria_msgs) StdoutLine: {'line': b'-- Up-to-date: /home/auria/src/install/auria_msgs/share/auria_msgs/cmake/auria_msgs__rosidl_generator_cExport.cmake\n'}
[2.354973] (auria_msgs) StdoutLine: {'line': b'-- Up-to-date: /home/auria/src/install/auria_msgs/share/auria_msgs/cmake/auria_msgs__rosidl_generator_cExport-noconfig.cmake\n'}
[2.355251] (auria_msgs) StdoutLine: {'line': b'-- Up-to-date: /home/auria/src/install/auria_msgs/share/auria_msgs/cmake/auria_msgs__rosidl_typesupport_introspection_cExport.cmake\n'}
[2.355505] (auria_msgs) StdoutLine: {'line': b'-- Up-to-date: /home/auria/src/install/auria_msgs/share/auria_msgs/cmake/auria_msgs__rosidl_typesupport_introspection_cExport-noconfig.cmake\n'}
[2.357234] (auria_msgs) StdoutLine: {'line': b'-- Up-to-date: /home/auria/src/install/auria_msgs/share/auria_msgs/cmake/auria_msgs__rosidl_typesupport_cExport.cmake\n'}
[2.357527] (auria_msgs) StdoutLine: {'line': b'-- Up-to-date: /home/auria/src/install/auria_msgs/share/auria_msgs/cmake/auria_msgs__rosidl_typesupport_cExport-noconfig.cmake\n'}
[2.358716] (auria_msgs) StdoutLine: {'line': b'-- Up-to-date: /home/auria/src/install/auria_msgs/share/auria_msgs/cmake/auria_msgs__rosidl_generator_cppExport.cmake\n'}
[2.359325] (auria_msgs) StdoutLine: {'line': b'-- Up-to-date: /home/auria/src/install/auria_msgs/share/auria_msgs/cmake/auria_msgs__rosidl_typesupport_introspection_cppExport.cmake\n'}
[2.360066] (auria_msgs) StdoutLine: {'line': b'-- Up-to-date: /home/auria/src/install/auria_msgs/share/auria_msgs/cmake/auria_msgs__rosidl_typesupport_introspection_cppExport-noconfig.cmake\n'}
[2.360342] (auria_msgs) StdoutLine: {'line': b'-- Up-to-date: /home/auria/src/install/auria_msgs/share/auria_msgs/cmake/auria_msgs__rosidl_typesupport_cppExport.cmake\n'}
[2.360621] (auria_msgs) StdoutLine: {'line': b'-- Up-to-date: /home/auria/src/install/auria_msgs/share/auria_msgs/cmake/auria_msgs__rosidl_typesupport_cppExport-noconfig.cmake\n'}
[2.360897] (auria_msgs) StdoutLine: {'line': b'-- Up-to-date: /home/auria/src/install/auria_msgs/share/auria_msgs/cmake/rosidl_cmake-extras.cmake\n'}
[2.361185] (auria_msgs) StdoutLine: {'line': b'-- Up-to-date: /home/auria/src/install/auria_msgs/share/auria_msgs/cmake/ament_cmake_export_dependencies-extras.cmake\n'}
[2.361448] (auria_msgs) StdoutLine: {'line': b'-- Up-to-date: /home/auria/src/install/auria_msgs/share/auria_msgs/cmake/ament_cmake_export_libraries-extras.cmake\n'}
[2.361702] (auria_msgs) StdoutLine: {'line': b'-- Up-to-date: /home/auria/src/install/auria_msgs/share/auria_msgs/cmake/ament_cmake_export_targets-extras.cmake\n'}
[2.361982] (auria_msgs) StdoutLine: {'line': b'-- Up-to-date: /home/auria/src/install/auria_msgs/share/auria_msgs/cmake/ament_cmake_export_include_directories-extras.cmake\n'}
[2.366179] (-) TimerEvent: {}
[2.366541] (auria_msgs) StdoutLine: {'line': b'-- Up-to-date: /home/auria/src/install/auria_msgs/share/auria_msgs/cmake/rosidl_cmake_export_typesupport_targets-extras.cmake\n'}
[2.370657] (auria_msgs) StdoutLine: {'line': b'-- Up-to-date: /home/auria/src/install/auria_msgs/share/auria_msgs/cmake/auria_msgsConfig.cmake\n'}
[2.371044] (auria_msgs) StdoutLine: {'line': b'-- Up-to-date: /home/auria/src/install/auria_msgs/share/auria_msgs/cmake/auria_msgsConfig-version.cmake\n'}
[2.371324] (auria_msgs) StdoutLine: {'line': b'-- Up-to-date: /home/auria/src/install/auria_msgs/share/auria_msgs/package.xml\n'}
[2.379406] (auria_msgs) CommandEnded: {'returncode': 0}
[2.472316] (-) TimerEvent: {}
[2.574195] (-) TimerEvent: {}
[2.679041] (-) TimerEvent: {}
[2.779811] (-) TimerEvent: {}
[2.886990] (-) TimerEvent: {}
[2.971461] (auria_msgs) JobEnded: {'identifier': 'auria_msgs', 'rc': 0}
[2.974527] (environment) JobStarted: {'identifier': 'environment'}
[2.992443] (-) TimerEvent: {}
[3.097547] (-) TimerEvent: {}
[3.203235] (-) TimerEvent: {}
[3.304969] (-) TimerEvent: {}
[3.406333] (-) TimerEvent: {}
[3.508180] (-) TimerEvent: {}
[3.610913] (-) TimerEvent: {}
[3.712627] (-) TimerEvent: {}
[3.813251] (-) TimerEvent: {}
[3.914380] (-) TimerEvent: {}
[4.017529] (-) TimerEvent: {}
[4.033540] (rl_driver) Command: {'cmd': ['/usr/bin/python3', 'setup.py', 'egg_info', '--egg-base', '../build/rl_driver', 'build', '--build-base', '/home/auria/src/build/rl_driver/build', 'install', '--record', '/home/auria/src/build/rl_driver/install.log', '--single-version-externally-managed'], 'cwd': '/home/auria/src/rl_driver', 'env': {'HOSTNAME': 'Ventupentu-portatil', 'SHLVL': '1', 'LIBGL_ALWAYS_SOFTWARE': '1', 'LD_LIBRARY_PATH': '/home/auria/src/install/auria_msgs/lib:/opt/ros/galactic/opt/yaml_cpp_vendor/lib:/opt/ros/galactic/lib/x86_64-linux-gnu:/opt/ros/galactic/lib', 'HOME': '/home/auria', 'OLDPWD': '/home/auria', 'ROS_PYTHON_VERSION': '3', 'QT_QPA_PLATFORM_PLUGIN_PATH': '/usr/lib/x86_64-linux-gnu/qt5/plugins/platforms', 'COLCON_PREFIX_PATH': '/home/auria/src/install', 'ROS_DISTRO': 'galactic', '_': '/usr/bin/colcon', 'ROS_VERSION': '2', 'TERM': 'xterm', 'ROS_LOCALHOST_ONLY': '0', 'QT_X11_NO_MITSHM': '1', 'PATH': '/opt/ros/galactic/bin:/usr/local/sbin:/usr/local/bin:/usr/sbin:/usr/bin:/sbin:/bin', 'DISPLAY': ':0', 'LANG': 'C.UTF-8', 'AMENT_PREFIX_PATH': '/home/auria/src/install/rl_driver:/home/auria/src/install/environment:/home/auria/src/install/auria_msgs:/opt/ros/galactic', 'PWD': '/home/auria/src/build/rl_driver', 'LC_ALL': 'C.UTF-8', 'PYTHONPATH': '/home/auria/src/build/rl_driver/prefix_override:/home/auria/src/install/rl_driver/lib/python3.8/site-packages:/home/auria/src/install/rl_driver/lib/python3.8/site-packages:/home/auria/src/install/environment/lib/python3.8/site-packages:/home/auria/src/install/auria_msgs/lib/python3.8/site-packages:/opt/ros/galactic/lib/python3.8/site-packages', 'COLCON': '1', 'CMAKE_PREFIX_PATH': '/home/auria/src/install/auria_msgs'}, 'shell': False}
[4.117565] (-) TimerEvent: {}
[4.219373] (-) TimerEvent: {}
[4.321143] (-) TimerEvent: {}
[4.422307] (-) TimerEvent: {}
[4.523671] (-) TimerEvent: {}
[4.631253] (-) TimerEvent: {}
[4.738401] (-) TimerEvent: {}
[4.839338] (-) TimerEvent: {}
[4.942972] (-) TimerEvent: {}
[4.971654] (rl_driver) StdoutLine: {'line': b'running egg_info\n'}
[4.978964] (rl_driver) StdoutLine: {'line': b'writing ../build/rl_driver/rl_driver.egg-info/PKG-INFO\n'}
[4.979517] (rl_driver) StdoutLine: {'line': b'writing dependency_links to ../build/rl_driver/rl_driver.egg-info/dependency_links.txt\n'}
[4.979928] (rl_driver) StdoutLine: {'line': b'writing entry points to ../build/rl_driver/rl_driver.egg-info/entry_points.txt\n'}
[4.980307] (rl_driver) StdoutLine: {'line': b'writing requirements to ../build/rl_driver/rl_driver.egg-info/requires.txt\n'}
[4.981436] (rl_driver) StdoutLine: {'line': b'writing top-level names to ../build/rl_driver/rl_driver.egg-info/top_level.txt\n'}
[5.043568] (-) TimerEvent: {}
[5.139090] (rl_driver) StdoutLine: {'line': b"reading manifest file '../build/rl_driver/rl_driver.egg-info/SOURCES.txt'\n"}
[5.146476] (-) TimerEvent: {}
[5.148821] (rl_driver) StdoutLine: {'line': b"writing manifest file '../build/rl_driver/rl_driver.egg-info/SOURCES.txt'\n"}
[5.151506] (rl_driver) StdoutLine: {'line': b'running build\n'}
[5.151967] (rl_driver) StdoutLine: {'line': b'running build_py\n'}
[5.152310] (rl_driver) StdoutLine: {'line': b'copying rl_driver/gym_ros2_env.py -> /home/auria/src/build/rl_driver/build/lib/rl_driver\n'}
[5.155961] (rl_driver) StdoutLine: {'line': b'copying rl_driver/rl_node.py -> /home/auria/src/build/rl_driver/build/lib/rl_driver\n'}
[5.156357] (rl_driver) StdoutLine: {'line': b'running install\n'}
[5.162106] (rl_driver) StdoutLine: {'line': b'running install_lib\n'}
[5.165042] (rl_driver) StdoutLine: {'line': b'copying /home/auria/src/build/rl_driver/build/lib/rl_driver/gym_ros2_env.py -> /home/auria/src/install/rl_driver/lib/python3.8/site-packages/rl_driver\n'}
[5.171096] (rl_driver) StdoutLine: {'line': b'copying /home/auria/src/build/rl_driver/build/lib/rl_driver/rl_node.py -> /home/auria/src/install/rl_driver/lib/python3.8/site-packages/rl_driver\n'}
[5.181132] (rl_driver) StdoutLine: {'line': b'byte-compiling /home/auria/src/install/rl_driver/lib/python3.8/site-packages/rl_driver/gym_ros2_env.py to gym_ros2_env.cpython-38.pyc\n'}
[5.191593] (rl_driver) StdoutLine: {'line': b'byte-compiling /home/auria/src/install/rl_driver/lib/python3.8/site-packages/rl_driver/rl_node.py to rl_node.cpython-38.pyc\n'}
[5.196302] (rl_driver) StdoutLine: {'line': b'running install_data\n'}
[5.200983] (rl_driver) StdoutLine: {'line': b'running install_egg_info\n'}
[5.206951] (rl_driver) StdoutLine: {'line': b"removing '/home/auria/src/install/rl_driver/lib/python3.8/site-packages/rl_driver-0.0.0-py3.8.egg-info' (and everything under it)\n"}
[5.209277] (rl_driver) StdoutLine: {'line': b'Copying ../build/rl_driver/rl_driver.egg-info to /home/auria/src/install/rl_driver/lib/python3.8/site-packages/rl_driver-0.0.0-py3.8.egg-info\n'}
[5.214659] (rl_driver) StdoutLine: {'line': b'running install_scripts\n'}
[5.247978] (-) TimerEvent: {}
[5.290110] (rl_driver) StdoutLine: {'line': b'Installing rl_node script to /home/auria/src/install/rl_driver/lib/rl_driver\n'}
[5.290635] (rl_driver) StdoutLine: {'line': b'Installing train script to /home/auria/src/install/rl_driver/lib/rl_driver\n'}
[5.292047] (rl_driver) StdoutLine: {'line': b"writing list of installed files to '/home/auria/src/build/rl_driver/install.log'\n"}
[5.348983] (-) TimerEvent: {}
[5.382115] (rl_driver) CommandEnded: {'returncode': 0}
[5.449529] (-) TimerEvent: {}
[5.474135] (rl_driver) JobEnded: {'identifier': 'rl_driver', 'rc': 0}
[5.549693] (-) TimerEvent: {}
[5.624089] (environment) Command: {'cmd': ['/usr/bin/python3', 'setup.py', 'egg_info', '--egg-base', '../build/environment', 'build', '--build-base', '/home/auria/src/build/environment/build', 'install', '--record', '/home/auria/src/build/environment/install.log', '--single-version-externally-managed'], 'cwd': '/home/auria/src/environment', 'env': {'HOSTNAME': 'Ventupentu-portatil', 'SHLVL': '1', 'LIBGL_ALWAYS_SOFTWARE': '1', 'LD_LIBRARY_PATH': '/home/auria/src/install/auria_msgs/lib:/opt/ros/galactic/opt/yaml_cpp_vendor/lib:/opt/ros/galactic/lib/x86_64-linux-gnu:/opt/ros/galactic/lib', 'HOME': '/home/auria', 'OLDPWD': '/home/auria', 'ROS_PYTHON_VERSION': '3', 'QT_QPA_PLATFORM_PLUGIN_PATH': '/usr/lib/x86_64-linux-gnu/qt5/plugins/platforms', 'COLCON_PREFIX_PATH': '/home/auria/src/install', 'ROS_DISTRO': 'galactic', '_': '/usr/bin/colcon', 'ROS_VERSION': '2', 'TERM': 'xterm', 'ROS_LOCALHOST_ONLY': '0', 'QT_X11_NO_MITSHM': '1', 'PATH': '/opt/ros/galactic/bin:/usr/local/sbin:/usr/local/bin:/usr/sbin:/usr/bin:/sbin:/bin', 'DISPLAY': ':0', 'LANG': 'C.UTF-8', 'AMENT_PREFIX_PATH': '/home/auria/src/install/rl_driver:/home/auria/src/install/environment:/home/auria/src/install/auria_msgs:/opt/ros/galactic', 'PWD': '/home/auria/src/build/environment', 'LC_ALL': 'C.UTF-8', 'PYTHONPATH': '/home/auria/src/build/environment/prefix_override:/home/auria/src/install/environment/lib/python3.8/site-packages:/home/auria/src/install/auria_msgs/lib/python3.8/site-packages:/home/auria/src/install/rl_driver/lib/python3.8/site-packages:/home/auria/src/install/environment/lib/python3.8/site-packages:/opt/ros/galactic/lib/python3.8/site-packages', 'COLCON': '1', 'CMAKE_PREFIX_PATH': '/home/auria/src/install/auria_msgs'}, 'shell': False}
[5.651093] (-) TimerEvent: {}
[5.754856] (-) TimerEvent: {}
[5.855923] (-) TimerEvent: {}
[5.959571] (-) TimerEvent: {}
[6.060731] (-) TimerEvent: {}
[6.161841] (-) TimerEvent: {}
[6.264003] (-) TimerEvent: {}
[6.366826] (-) TimerEvent: {}
[6.470021] (-) TimerEvent: {}
[6.573688] (-) TimerEvent: {}
[6.642059] (environment) StdoutLine: {'line': b'running egg_info\n'}
[6.644188] (environment) StdoutLine: {'line': b'writing ../build/environment/environment.egg-info/PKG-INFO\n'}
[6.645144] (environment) StdoutLine: {'line': b'writing dependency_links to ../build/environment/environment.egg-info/dependency_links.txt\n'}
[6.645789] (environment) StdoutLine: {'line': b'writing entry points to ../build/environment/environment.egg-info/entry_points.txt\n'}
[6.646346] (environment) StdoutLine: {'line': b'writing requirements to ../build/environment/environment.egg-info/requires.txt\n'}
[6.647230] (environment) StdoutLine: {'line': b'writing top-level names to ../build/environment/environment.egg-info/top_level.txt\n'}
[6.673694] (-) TimerEvent: {}
[6.775211] (-) TimerEvent: {}
[6.797696] (environment) StdoutLine: {'line': b"reading manifest file '../build/environment/environment.egg-info/SOURCES.txt'\n"}
[6.807970] (environment) StdoutLine: {'line': b"writing manifest file '../build/environment/environment.egg-info/SOURCES.txt'\n"}
[6.808492] (environment) StdoutLine: {'line': b'running build\n'}
[6.808821] (environment) StdoutLine: {'line': b'running build_py\n'}
[6.811954] (environment) StdoutLine: {'line': b'running install\n'}
[6.817971] (environment) StdoutLine: {'line': b'running install_lib\n'}
[6.822112] (environment) StdoutLine: {'line': b'running install_data\n'}
[6.825356] (environment) StdoutLine: {'line': b'running install_egg_info\n'}
[6.835988] (environment) StdoutLine: {'line': b"removing '/home/auria/src/install/environment/lib/python3.8/site-packages/environment-0.1.0-py3.8.egg-info' (and everything under it)\n"}
[6.836543] (environment) StdoutLine: {'line': b'Copying ../build/environment/environment.egg-info to /home/auria/src/install/environment/lib/python3.8/site-packages/environment-0.1.0-py3.8.egg-info\n'}
[6.843615] (environment) StdoutLine: {'line': b'running install_scripts\n'}
[6.875378] (-) TimerEvent: {}
[6.926047] (environment) StdoutLine: {'line': b'Installing car script to /home/auria/src/install/environment/lib/environment\n'}
[6.929988] (environment) StdoutLine: {'line': b'Installing env script to /home/auria/src/install/environment/lib/environment\n'}
[6.930502] (environment) StdoutLine: {'line': b"writing list of installed files to '/home/auria/src/build/environment/install.log'\n"}
[6.975539] (-) TimerEvent: {}
[7.013102] (environment) CommandEnded: {'returncode': 0}
[7.063688] (environment) JobEnded: {'identifier': 'environment', 'rc': 0}
[7.177308] (-) TimerEvent: {}
[7.177748] (-) EventReactorShutdown: {}
