[0.000000] (-) TimerEvent: {}
[0.000409] (-) JobUnselected: {'identifier': 'auria_msgs'}
[0.002537] (-) JobUnselected: {'identifier': 'environment'}
[0.002682] (rl_driver) JobQueued: {'identifier': 'rl_driver', 'dependencies': OrderedDict()}
[0.002784] (rl_driver) JobStarted: {'identifier': 'rl_driver'}
[0.100359] (-) TimerEvent: {}
[0.203906] (-) TimerEvent: {}
[0.305255] (-) TimerEvent: {}
[0.406739] (-) TimerEvent: {}
[0.511926] (-) TimerEvent: {}
[0.614035] (-) TimerEvent: {}
[0.715237] (-) TimerEvent: {}
[0.815789] (-) TimerEvent: {}
[0.920525] (-) TimerEvent: {}
[1.021939] (-) TimerEvent: {}
[1.124509] (-) TimerEvent: {}
[1.228486] (-) TimerEvent: {}
[1.329602] (-) TimerEvent: {}
[1.432995] (-) TimerEvent: {}
[1.533549] (-) TimerEvent: {}
[1.634126] (-) TimerEvent: {}
[1.734720] (-) TimerEvent: {}
[1.835290] (-) TimerEvent: {}
[1.935921] (-) TimerEvent: {}
[2.038313] (-) TimerEvent: {}
[2.139782] (-) TimerEvent: {}
[2.242422] (-) TimerEvent: {}
[2.264039] (rl_driver) Command: {'cmd': ['/usr/bin/python3', 'setup.py', 'egg_info', '--egg-base', '../build/rl_driver', 'build', '--build-base', '/home/auria/src/build/rl_driver/build', 'install', '--record', '/home/auria/src/build/rl_driver/install.log', '--single-version-externally-managed'], 'cwd': '/home/auria/src/rl_driver', 'env': {'HOSTNAME': 'Ventupentu-portatil', 'SHLVL': '1', 'LIBGL_ALWAYS_SOFTWARE': '1', 'LD_LIBRARY_PATH': '/home/auria/src/install/auria_msgs/lib:/opt/ros/galactic/opt/yaml_cpp_vendor/lib:/opt/ros/galactic/lib/x86_64-linux-gnu:/opt/ros/galactic/lib', 'HOME': '/home/auria', 'OLDPWD': '/home/auria', 'ROS_PYTHON_VERSION': '3', 'QT_QPA_PLATFORM_PLUGIN_PATH': '/usr/lib/x86_64-linux-gnu/qt5/plugins/platforms', 'COLCON_PREFIX_PATH': '/home/auria/src/install', 'ROS_DISTRO': 'galactic', '_': '/usr/bin/colcon', 'ROS_VERSION': '2', 'TERM': 'xterm', 'ROS_LOCALHOST_ONLY': '0', 'QT_X11_NO_MITSHM': '1', 'PATH': '/opt/ros/galactic/bin:/usr/local/sbin:/usr/local/bin:/usr/sbin:/usr/bin:/sbin:/bin', 'DISPLAY': ':0', 'LANG': 'C.UTF-8', 'AMENT_PREFIX_PATH': '/home/auria/src/install/rl_driver:/home/auria/src/install/environment:/home/auria/src/install/auria_msgs:/opt/ros/galactic', 'PWD': '/home/auria/src/build/rl_driver', 'LC_ALL': 'C.UTF-8', 'PYTHONPATH': '/home/auria/src/build/rl_driver/prefix_override:/home/auria/src/install/rl_driver/lib/python3.8/site-packages:/home/auria/src/install/rl_driver/lib/python3.8/site-packages:/home/auria/src/install/environment/lib/python3.8/site-packages:/home/auria/src/install/auria_msgs/lib/python3.8/site-packages:/opt/ros/galactic/lib/python3.8/site-packages', 'COLCON': '1', 'CMAKE_PREFIX_PATH': '/home/auria/src/install/auria_msgs'}, 'shell': False}
[2.343005] (-) TimerEvent: {}
[2.444048] (-) TimerEvent: {}
[2.544660] (-) TimerEvent: {}
[2.645572] (-) TimerEvent: {}
[2.751414] (-) TimerEvent: {}
[2.852018] (-) TimerEvent: {}
[2.952748] (-) TimerEvent: {}
[3.053340] (-) TimerEvent: {}
[3.071439] (rl_driver) StdoutLine: {'line': b'running egg_info\n'}
[3.074631] (rl_driver) StdoutLine: {'line': b'writing ../build/rl_driver/rl_driver.egg-info/PKG-INFO\n'}
[3.080616] (rl_driver) StdoutLine: {'line': b'writing dependency_links to ../build/rl_driver/rl_driver.egg-info/dependency_links.txt\n'}
[3.083404] (rl_driver) StdoutLine: {'line': b'writing entry points to ../build/rl_driver/rl_driver.egg-info/entry_points.txt\n'}
[3.083726] (rl_driver) StdoutLine: {'line': b'writing requirements to ../build/rl_driver/rl_driver.egg-info/requires.txt\n'}
[3.086378] (rl_driver) StdoutLine: {'line': b'writing top-level names to ../build/rl_driver/rl_driver.egg-info/top_level.txt\n'}
[3.153524] (-) TimerEvent: {}
[3.211375] (rl_driver) StdoutLine: {'line': b"reading manifest file '../build/rl_driver/rl_driver.egg-info/SOURCES.txt'\n"}
[3.219579] (rl_driver) StdoutLine: {'line': b"writing manifest file '../build/rl_driver/rl_driver.egg-info/SOURCES.txt'\n"}
[3.220593] (rl_driver) StdoutLine: {'line': b'running build\n'}
[3.221065] (rl_driver) StdoutLine: {'line': b'running build_py\n'}
[3.222963] (rl_driver) StdoutLine: {'line': b'copying rl_driver/ros2_env.py -> /home/auria/src/build/rl_driver/build/lib/rl_driver\n'}
[3.223349] (rl_driver) StdoutLine: {'line': b'running install\n'}
[3.225368] (rl_driver) StdoutLine: {'line': b'running install_lib\n'}
[3.229733] (rl_driver) StdoutLine: {'line': b'copying /home/auria/src/build/rl_driver/build/lib/rl_driver/ros2_env.py -> /home/auria/src/install/rl_driver/lib/python3.8/site-packages/rl_driver\n'}
[3.233095] (rl_driver) StdoutLine: {'line': b'byte-compiling /home/auria/src/install/rl_driver/lib/python3.8/site-packages/rl_driver/ros2_env.py to ros2_env.cpython-38.pyc\n'}
[3.241894] (rl_driver) StdoutLine: {'line': b'running install_data\n'}
[3.243630] (rl_driver) StdoutLine: {'line': b'running install_egg_info\n'}
[3.249097] (rl_driver) StdoutLine: {'line': b"removing '/home/auria/src/install/rl_driver/lib/python3.8/site-packages/rl_driver-0.0.0-py3.8.egg-info' (and everything under it)\n"}
[3.251117] (rl_driver) StdoutLine: {'line': b'Copying ../build/rl_driver/rl_driver.egg-info to /home/auria/src/install/rl_driver/lib/python3.8/site-packages/rl_driver-0.0.0-py3.8.egg-info\n'}
[3.254318] (-) TimerEvent: {}
[3.257110] (rl_driver) StdoutLine: {'line': b'running install_scripts\n'}
[3.326718] (rl_driver) StdoutLine: {'line': b'Installing rl_node script to /home/auria/src/install/rl_driver/lib/rl_driver\n'}
[3.327917] (rl_driver) StdoutLine: {'line': b'Installing train script to /home/auria/src/install/rl_driver/lib/rl_driver\n'}
[3.328926] (rl_driver) StdoutLine: {'line': b"writing list of installed files to '/home/auria/src/build/rl_driver/install.log'\n"}
[3.354510] (-) TimerEvent: {}
[3.410413] (rl_driver) CommandEnded: {'returncode': 0}
[3.455694] (-) TimerEvent: {}
[3.515600] (rl_driver) JobEnded: {'identifier': 'rl_driver', 'rc': 0}
[3.522607] (-) EventReactorShutdown: {}
