[0.000000] (-) TimerEvent: {}
[0.000412] (-) JobUnselected: {'identifier': 'auria_msgs'}
[0.000567] (-) JobUnselected: {'identifier': 'environment'}
[0.000667] (rl_driver) JobQueued: {'identifier': 'rl_driver', 'dependencies': OrderedDict()}
[0.003486] (rl_driver) JobStarted: {'identifier': 'rl_driver'}
[0.100901] (-) TimerEvent: {}
[0.202222] (-) TimerEvent: {}
[0.303534] (-) TimerEvent: {}
[0.404088] (-) TimerEvent: {}
[0.504862] (-) TimerEvent: {}
[0.605642] (-) TimerEvent: {}
[0.706667] (-) TimerEvent: {}
[0.807387] (-) TimerEvent: {}
[0.911437] (-) TimerEvent: {}
[1.013661] (-) TimerEvent: {}
[1.117711] (-) TimerEvent: {}
[1.220353] (-) TimerEvent: {}
[1.322852] (-) TimerEvent: {}
[1.424621] (-) TimerEvent: {}
[1.525205] (-) TimerEvent: {}
[1.626531] (-) TimerEvent: {}
[1.727423] (-) TimerEvent: {}
[1.828877] (-) TimerEvent: {}
[1.930865] (-) TimerEvent: {}
[2.032498] (-) TimerEvent: {}
[2.133641] (-) TimerEvent: {}
[2.208864] (rl_driver) Command: {'cmd': ['/usr/bin/python3', 'setup.py', 'egg_info', '--egg-base', '../build/rl_driver', 'build', '--build-base', '/home/auria/src/build/rl_driver/build', 'install', '--record', '/home/auria/src/build/rl_driver/install.log', '--single-version-externally-managed'], 'cwd': '/home/auria/src/rl_driver', 'env': {'HOSTNAME': 'Ventupentu-portatil', 'SHLVL': '1', 'LIBGL_ALWAYS_SOFTWARE': '1', 'LD_LIBRARY_PATH': '/home/auria/src/install/auria_msgs/lib:/opt/ros/galactic/opt/yaml_cpp_vendor/lib:/opt/ros/galactic/lib/x86_64-linux-gnu:/opt/ros/galactic/lib', 'HOME': '/home/auria', 'OLDPWD': '/home/auria', 'ROS_PYTHON_VERSION': '3', 'QT_QPA_PLATFORM_PLUGIN_PATH': '/usr/lib/x86_64-linux-gnu/qt5/plugins/platforms', 'COLCON_PREFIX_PATH': '/home/auria/src/install', 'ROS_DISTRO': 'galactic', '_': '/usr/bin/colcon', 'ROS_VERSION': '2', 'TERM': 'xterm', 'ROS_LOCALHOST_ONLY': '0', 'QT_X11_NO_MITSHM': '1', 'PATH': '/opt/ros/galactic/bin:/usr/local/sbin:/usr/local/bin:/usr/sbin:/usr/bin:/sbin:/bin', 'DISPLAY': ':0', 'LANG': 'C.UTF-8', 'AMENT_PREFIX_PATH': '/home/auria/src/install/rl_driver:/home/auria/src/install/environment:/home/auria/src/install/auria_msgs:/opt/ros/galactic', 'PWD': '/home/auria/src/build/rl_driver', 'LC_ALL': 'C.UTF-8', 'PYTHONPATH': '/home/auria/src/build/rl_driver/prefix_override:/home/auria/src/install/rl_driver/lib/python3.8/site-packages:/home/auria/src/install/rl_driver/lib/python3.8/site-packages:/home/auria/src/install/environment/lib/python3.8/site-packages:/home/auria/src/install/auria_msgs/lib/python3.8/site-packages:/opt/ros/galactic/lib/python3.8/site-packages', 'COLCON': '1', 'CMAKE_PREFIX_PATH': '/home/auria/src/install/auria_msgs'}, 'shell': False}
[2.237051] (-) TimerEvent: {}
[2.338586] (-) TimerEvent: {}
[2.439791] (-) TimerEvent: {}
[2.541167] (-) TimerEvent: {}
[2.643356] (-) TimerEvent: {}
[2.744622] (-) TimerEvent: {}
[2.845181] (-) TimerEvent: {}
[2.947127] (-) TimerEvent: {}
[3.051076] (-) TimerEvent: {}
[3.082883] (rl_driver) StdoutLine: {'line': b'running egg_info\n'}
[3.086543] (rl_driver) StdoutLine: {'line': b'writing ../build/rl_driver/rl_driver.egg-info/PKG-INFO\n'}
[3.087692] (rl_driver) StdoutLine: {'line': b'writing dependency_links to ../build/rl_driver/rl_driver.egg-info/dependency_links.txt\n'}
[3.088142] (rl_driver) StdoutLine: {'line': b'writing entry points to ../build/rl_driver/rl_driver.egg-info/entry_points.txt\n'}
[3.089505] (rl_driver) StdoutLine: {'line': b'writing requirements to ../build/rl_driver/rl_driver.egg-info/requires.txt\n'}
[3.089811] (rl_driver) StdoutLine: {'line': b'writing top-level names to ../build/rl_driver/rl_driver.egg-info/top_level.txt\n'}
[3.151821] (-) TimerEvent: {}
[3.232179] (rl_driver) StdoutLine: {'line': b"reading manifest file '../build/rl_driver/rl_driver.egg-info/SOURCES.txt'\n"}
[3.236787] (rl_driver) StdoutLine: {'line': b"writing manifest file '../build/rl_driver/rl_driver.egg-info/SOURCES.txt'\n"}
[3.237985] (rl_driver) StdoutLine: {'line': b'running build\n'}
[3.238691] (rl_driver) StdoutLine: {'line': b'running build_py\n'}
[3.240250] (rl_driver) StdoutLine: {'line': b'copying rl_driver/ros2_env.py -> /home/auria/src/build/rl_driver/build/lib/rl_driver\n'}
[3.240796] (rl_driver) StdoutLine: {'line': b'running install\n'}
[3.243352] (rl_driver) StdoutLine: {'line': b'running install_lib\n'}
[3.247432] (rl_driver) StdoutLine: {'line': b'copying /home/auria/src/build/rl_driver/build/lib/rl_driver/ros2_env.py -> /home/auria/src/install/rl_driver/lib/python3.8/site-packages/rl_driver\n'}
[3.250393] (rl_driver) StdoutLine: {'line': b'byte-compiling /home/auria/src/install/rl_driver/lib/python3.8/site-packages/rl_driver/ros2_env.py to ros2_env.cpython-38.pyc\n'}
[3.251940] (-) TimerEvent: {}
[3.264554] (rl_driver) StdoutLine: {'line': b'running install_data\n'}
[3.266244] (rl_driver) StdoutLine: {'line': b'running install_egg_info\n'}
[3.277512] (rl_driver) StdoutLine: {'line': b"removing '/home/auria/src/install/rl_driver/lib/python3.8/site-packages/rl_driver-0.0.0-py3.8.egg-info' (and everything under it)\n"}
[3.278636] (rl_driver) StdoutLine: {'line': b'Copying ../build/rl_driver/rl_driver.egg-info to /home/auria/src/install/rl_driver/lib/python3.8/site-packages/rl_driver-0.0.0-py3.8.egg-info\n'}
[3.283811] (rl_driver) StdoutLine: {'line': b'running install_scripts\n'}
[3.347854] (rl_driver) StdoutLine: {'line': b'Installing rl_node script to /home/auria/src/install/rl_driver/lib/rl_driver\n'}
[3.348517] (rl_driver) StdoutLine: {'line': b'Installing train script to /home/auria/src/install/rl_driver/lib/rl_driver\n'}
[3.350639] (rl_driver) StdoutLine: {'line': b"writing list of installed files to '/home/auria/src/build/rl_driver/install.log'\n"}
[3.352060] (-) TimerEvent: {}
[3.439560] (rl_driver) CommandEnded: {'returncode': 0}
[3.453924] (-) TimerEvent: {}
[3.528612] (rl_driver) JobEnded: {'identifier': 'rl_driver', 'rc': 0}
[3.532348] (-) EventReactorShutdown: {}
