[0.074s] Invoking command in '/home/auria/build/auria_msgs': /usr/bin/cmake /home/auria/src/auria_msgs -DCMAKE_INSTALL_PREFIX=/home/auria/install/auria_msgs
[0.170s] CMake Error at CMakeLists.txt:4 (find_package):
[0.170s]   By not providing "Findament_cmake.cmake" in CMAKE_MODULE_PATH this project
[0.171s]   has asked CMake to find a package configuration file provided by
[0.171s]   "ament_cmake", but CMake did not find one.
[0.171s] 
[0.171s]   Could not find a package configuration file provided by "ament_cmake" with
[0.171s]   any of the following names:
[0.172s] 
[0.172s]     ament_cmakeConfig.cmake
[0.172s]     ament_cmake-config.cmake
[0.172s] 
[0.173s]   Add the installation prefix of "ament_cmake" to CMAKE_PREFIX_PATH or set
[0.173s]   "ament_cmake_DIR" to a directory containing one of the above files.  If
[0.173s]   "ament_cmake" provides a separate development package or SDK, be sure it
[0.173s]   has been installed.
[0.174s] 
[0.174s] 
[0.175s] -- Configuring incomplete, errors occurred!
[0.175s] See also "/home/auria/build/auria_msgs/CMakeFiles/CMakeOutput.log".
[0.758s] Invoked command in '/home/auria/build/auria_msgs' returned '1': /usr/bin/cmake /home/auria/src/auria_msgs -DCMAKE_INSTALL_PREFIX=/home/auria/install/auria_msgs
