[0.000000] (-) TimerEvent: {}
[0.001297] (-) JobUnselected: {'identifier': 'auria_msgs'}
[0.001513] (-) JobUnselected: {'identifier': 'environment'}
[0.001634] (rl_driver) JobQueued: {'identifier': 'rl_driver', 'dependencies': OrderedDict()}
[0.001745] (rl_driver) JobStarted: {'identifier': 'rl_driver'}
[0.099125] (-) TimerEvent: {}
[0.202711] (-) TimerEvent: {}
[0.305404] (-) TimerEvent: {}
[0.406078] (-) TimerEvent: {}
[0.510142] (-) TimerEvent: {}
[0.610755] (-) TimerEvent: {}
[0.711385] (-) TimerEvent: {}
[0.812275] (-) TimerEvent: {}
[0.912860] (-) TimerEvent: {}
[1.014735] (-) TimerEvent: {}
[1.118400] (-) TimerEvent: {}
[1.219092] (-) TimerEvent: {}
[1.320286] (-) TimerEvent: {}
[1.421421] (-) TimerEvent: {}
[1.524373] (-) TimerEvent: {}
[1.627865] (-) TimerEvent: {}
[1.731504] (-) TimerEvent: {}
[1.833418] (-) TimerEvent: {}
[1.938013] (-) TimerEvent: {}
[2.044298] (-) TimerEvent: {}
[2.151440] (-) TimerEvent: {}
[2.252023] (-) TimerEvent: {}
[2.313743] (rl_driver) Command: {'cmd': ['/usr/bin/python3', 'setup.py', 'egg_info', '--egg-base', '../build/rl_driver', 'build', '--build-base', '/home/auria/src/build/rl_driver/build', 'install', '--record', '/home/auria/src/build/rl_driver/install.log', '--single-version-externally-managed'], 'cwd': '/home/auria/src/rl_driver', 'env': {'HOSTNAME': 'Ventupentu-portatil', 'SHLVL': '1', 'LIBGL_ALWAYS_SOFTWARE': '1', 'LD_LIBRARY_PATH': '/home/auria/src/install/auria_msgs/lib:/opt/ros/galactic/opt/yaml_cpp_vendor/lib:/opt/ros/galactic/lib/x86_64-linux-gnu:/opt/ros/galactic/lib', 'HOME': '/home/auria', 'OLDPWD': '/home/auria', 'ROS_PYTHON_VERSION': '3', 'QT_QPA_PLATFORM_PLUGIN_PATH': '/usr/lib/x86_64-linux-gnu/qt5/plugins/platforms', 'COLCON_PREFIX_PATH': '/home/auria/src/install', 'ROS_DISTRO': 'galactic', '_': '/usr/bin/colcon', 'ROS_VERSION': '2', 'TERM': 'xterm', 'ROS_LOCALHOST_ONLY': '0', 'QT_X11_NO_MITSHM': '1', 'PATH': '/opt/ros/galactic/bin:/usr/local/sbin:/usr/local/bin:/usr/sbin:/usr/bin:/sbin:/bin', 'DISPLAY': ':0', 'LANG': 'C.UTF-8', 'AMENT_PREFIX_PATH': '/home/auria/src/install/rl_driver:/home/auria/src/install/environment:/home/auria/src/install/auria_msgs:/opt/ros/galactic', 'PWD': '/home/auria/src/build/rl_driver', 'LC_ALL': 'C.UTF-8', 'PYTHONPATH': '/home/auria/src/build/rl_driver/prefix_override:/home/auria/src/install/rl_driver/lib/python3.8/site-packages:/home/auria/src/install/rl_driver/lib/python3.8/site-packages:/home/auria/src/install/environment/lib/python3.8/site-packages:/home/auria/src/install/auria_msgs/lib/python3.8/site-packages:/opt/ros/galactic/lib/python3.8/site-packages', 'COLCON': '1', 'CMAKE_PREFIX_PATH': '/home/auria/src/install/auria_msgs'}, 'shell': False}
[2.353009] (-) TimerEvent: {}
[2.455513] (-) TimerEvent: {}
[2.556829] (-) TimerEvent: {}
[2.657862] (-) TimerEvent: {}
[2.758508] (-) TimerEvent: {}
[2.859521] (-) TimerEvent: {}
[2.960788] (-) TimerEvent: {}
[3.062618] (-) TimerEvent: {}
[3.165986] (-) TimerEvent: {}
[3.170171] (rl_driver) StdoutLine: {'line': b'running egg_info\n'}
[3.171135] (rl_driver) StdoutLine: {'line': b'writing ../build/rl_driver/rl_driver.egg-info/PKG-INFO\n'}
[3.171492] (rl_driver) StdoutLine: {'line': b'writing dependency_links to ../build/rl_driver/rl_driver.egg-info/dependency_links.txt\n'}
[3.171787] (rl_driver) StdoutLine: {'line': b'writing entry points to ../build/rl_driver/rl_driver.egg-info/entry_points.txt\n'}
[3.172051] (rl_driver) StdoutLine: {'line': b'writing requirements to ../build/rl_driver/rl_driver.egg-info/requires.txt\n'}
[3.172308] (rl_driver) StdoutLine: {'line': b'writing top-level names to ../build/rl_driver/rl_driver.egg-info/top_level.txt\n'}
[3.266142] (-) TimerEvent: {}
[3.303488] (rl_driver) StdoutLine: {'line': b"reading manifest file '../build/rl_driver/rl_driver.egg-info/SOURCES.txt'\n"}
[3.312416] (rl_driver) StdoutLine: {'line': b"writing manifest file '../build/rl_driver/rl_driver.egg-info/SOURCES.txt'\n"}
[3.315393] (rl_driver) StdoutLine: {'line': b'running build\n'}
[3.315904] (rl_driver) StdoutLine: {'line': b'running build_py\n'}
[3.321545] (rl_driver) StdoutLine: {'line': b'copying rl_driver/ros2_env.py -> /home/auria/src/build/rl_driver/build/lib/rl_driver\n'}
[3.322116] (rl_driver) StdoutLine: {'line': b'running install\n'}
[3.328430] (rl_driver) StdoutLine: {'line': b'running install_lib\n'}
[3.331741] (rl_driver) StdoutLine: {'line': b'copying /home/auria/src/build/rl_driver/build/lib/rl_driver/ros2_env.py -> /home/auria/src/install/rl_driver/lib/python3.8/site-packages/rl_driver\n'}
[3.336726] (rl_driver) StdoutLine: {'line': b'byte-compiling /home/auria/src/install/rl_driver/lib/python3.8/site-packages/rl_driver/ros2_env.py to ros2_env.cpython-38.pyc\n'}
[3.349683] (rl_driver) StdoutLine: {'line': b'running install_data\n'}
[3.352196] (rl_driver) StdoutLine: {'line': b'running install_egg_info\n'}
[3.359677] (rl_driver) StdoutLine: {'line': b"removing '/home/auria/src/install/rl_driver/lib/python3.8/site-packages/rl_driver-0.0.0-py3.8.egg-info' (and everything under it)\n"}
[3.363209] (rl_driver) StdoutLine: {'line': b'Copying ../build/rl_driver/rl_driver.egg-info to /home/auria/src/install/rl_driver/lib/python3.8/site-packages/rl_driver-0.0.0-py3.8.egg-info\n'}
[3.367430] (-) TimerEvent: {}
[3.368958] (rl_driver) StdoutLine: {'line': b'running install_scripts\n'}
[3.438080] (rl_driver) StdoutLine: {'line': b'Installing rl_node script to /home/auria/src/install/rl_driver/lib/rl_driver\n'}
[3.438967] (rl_driver) StdoutLine: {'line': b'Installing train script to /home/auria/src/install/rl_driver/lib/rl_driver\n'}
[3.444429] (rl_driver) StdoutLine: {'line': b"writing list of installed files to '/home/auria/src/build/rl_driver/install.log'\n"}
[3.468250] (-) TimerEvent: {}
[3.526638] (rl_driver) CommandEnded: {'returncode': 0}
[3.575292] (-) TimerEvent: {}
[3.613102] (rl_driver) JobEnded: {'identifier': 'rl_driver', 'rc': 0}
[3.616709] (-) EventReactorShutdown: {}
