[0.000000] (-) TimerEvent: {}
[0.000446] (auria_msgs) JobQueued: {'identifier': 'auria_msgs', 'dependencies': OrderedDict()}
[0.000568] (rl_driver) JobQueued: {'identifier': 'rl_driver', 'dependencies': OrderedDict()}
[0.000663] (environment) JobQueued: {'identifier': 'environment', 'dependencies': OrderedDict([('auria_msgs', '/home/auria/install/auria_msgs')])}
[0.000749] (auria_msgs) JobStarted: {'identifier': 'auria_msgs'}
[0.050301] (rl_driver) JobStarted: {'identifier': 'rl_driver'}
[0.081514] (auria_msgs) JobProgress: {'identifier': 'auria_msgs', 'progress': 'cmake'}
[0.083556] (auria_msgs) Command: {'cmd': ['/usr/bin/cmake', '/home/auria/src/auria_msgs', '-DCMAKE_INSTALL_PREFIX=/home/auria/install/auria_msgs'], 'cwd': '/home/auria/build/auria_msgs', 'env': OrderedDict([('HOSTNAME', 'Ventupentu-portatil'), ('SHLVL', '1'), ('LIBGL_ALWAYS_SOFTWARE', '1'), ('HOME', '/home/auria'), ('QT_QPA_PLATFORM_PLUGIN_PATH', '/usr/lib/x86_64-linux-gnu/qt5/plugins/platforms'), ('ROS_DISTRO', 'galactic'), ('_', '/usr/bin/colcon'), ('TERM', 'xterm'), ('QT_X11_NO_MITSHM', '1'), ('PATH', '/usr/local/sbin:/usr/local/bin:/usr/sbin:/usr/bin:/sbin:/bin'), ('DISPLAY', ':0'), ('LANG', 'C.UTF-8'), ('PWD', '/home/auria/build/auria_msgs'), ('LC_ALL', 'C.UTF-8'), ('COLCON', '1')]), 'shell': False}
[0.099287] (-) TimerEvent: {}
[0.201244] (-) TimerEvent: {}
[0.303226] (-) TimerEvent: {}
[0.406186] (-) TimerEvent: {}
[0.506809] (-) TimerEvent: {}
[0.607963] (-) TimerEvent: {}
[0.708574] (-) TimerEvent: {}
[0.811788] (-) TimerEvent: {}
[0.820100] (auria_msgs) StdoutLine: {'line': b'-- The C compiler identification is GNU 9.4.0\n'}
[0.914451] (-) TimerEvent: {}
[1.015729] (-) TimerEvent: {}
[1.058494] (auria_msgs) StdoutLine: {'line': b'-- The CXX compiler identification is GNU 9.4.0\n'}
[1.114221] (auria_msgs) StdoutLine: {'line': b'-- Check for working C compiler: /usr/bin/cc\n'}
[1.117186] (-) TimerEvent: {}
[1.223473] (-) TimerEvent: {}
[1.324430] (-) TimerEvent: {}
[1.426944] (-) TimerEvent: {}
[1.527541] (-) TimerEvent: {}
[1.534696] (auria_msgs) StdoutLine: {'line': b'-- Check for working C compiler: /usr/bin/cc -- works\n'}
[1.550298] (auria_msgs) StdoutLine: {'line': b'-- Detecting C compiler ABI info\n'}
[1.627680] (-) TimerEvent: {}
[1.735188] (-) TimerEvent: {}
[1.835900] (-) TimerEvent: {}
[1.898766] (auria_msgs) StdoutLine: {'line': b'-- Detecting C compiler ABI info - done\n'}
[1.936047] (-) TimerEvent: {}
[1.958274] (auria_msgs) StdoutLine: {'line': b'-- Detecting C compile features\n'}
[1.964800] (auria_msgs) StdoutLine: {'line': b'-- Detecting C compile features - done\n'}
[1.977253] (auria_msgs) StdoutLine: {'line': b'-- Check for working CXX compiler: /usr/bin/c++\n'}
[2.036183] (-) TimerEvent: {}
[2.138371] (-) TimerEvent: {}
[2.242329] (-) TimerEvent: {}
[2.342885] (-) TimerEvent: {}
[2.371563] (rl_driver) Command: {'cmd': ['/usr/bin/python3', 'setup.py', 'egg_info', '--egg-base', '../../build/rl_driver', 'build', '--build-base', '/home/auria/build/rl_driver/build', 'install', '--record', '/home/auria/build/rl_driver/install.log', '--single-version-externally-managed'], 'cwd': '/home/auria/src/rl_driver', 'env': {'HOSTNAME': 'Ventupentu-portatil', 'SHLVL': '1', 'LIBGL_ALWAYS_SOFTWARE': '1', 'HOME': '/home/auria', 'QT_QPA_PLATFORM_PLUGIN_PATH': '/usr/lib/x86_64-linux-gnu/qt5/plugins/platforms', 'ROS_DISTRO': 'galactic', '_': '/usr/bin/colcon', 'TERM': 'xterm', 'QT_X11_NO_MITSHM': '1', 'PATH': '/usr/local/sbin:/usr/local/bin:/usr/sbin:/usr/bin:/sbin:/bin', 'DISPLAY': ':0', 'LANG': 'C.UTF-8', 'PWD': '/home/auria/build/rl_driver', 'LC_ALL': 'C.UTF-8', 'COLCON': '1', 'PYTHONPATH': '/home/auria/build/rl_driver/prefix_override:/home/auria/install/rl_driver/lib/python3.8/site-packages:'}, 'shell': False}
[2.384170] (auria_msgs) StdoutLine: {'line': b'-- Check for working CXX compiler: /usr/bin/c++ -- works\n'}
[2.393297] (auria_msgs) StdoutLine: {'line': b'-- Detecting CXX compiler ABI info\n'}
[2.443007] (-) TimerEvent: {}
[2.549183] (-) TimerEvent: {}
[2.649758] (-) TimerEvent: {}
[2.753176] (-) TimerEvent: {}
[2.813863] (auria_msgs) StdoutLine: {'line': b'-- Detecting CXX compiler ABI info - done\n'}
[2.853339] (-) TimerEvent: {}
[2.903643] (auria_msgs) StdoutLine: {'line': b'-- Detecting CXX compile features\n'}
[2.905780] (auria_msgs) StdoutLine: {'line': b'-- Detecting CXX compile features - done\n'}
[2.951031] (auria_msgs) StderrLine: {'line': b'CMake Error at CMakeLists.txt:4 (find_package):\n'}
[2.953429] (auria_msgs) StderrLine: {'line': b'  By not providing "Findament_cmake.cmake" in CMAKE_MODULE_PATH this project\n'}
[2.953816] (-) TimerEvent: {}
[2.956619] (auria_msgs) StderrLine: {'line': b'  has asked CMake to find a package configuration file provided by\n'}
[2.957044] (auria_msgs) StderrLine: {'line': b'  "ament_cmake", but CMake did not find one.\n'}
[2.960701] (auria_msgs) StderrLine: {'line': b'\n'}
[2.960968] (auria_msgs) StderrLine: {'line': b'  Could not find a package configuration file provided by "ament_cmake" with\n'}
[2.961253] (auria_msgs) StderrLine: {'line': b'  any of the following names:\n'}
[2.961484] (auria_msgs) StderrLine: {'line': b'\n'}
[2.961698] (auria_msgs) StderrLine: {'line': b'    ament_cmakeConfig.cmake\n'}
[2.961915] (auria_msgs) StderrLine: {'line': b'    ament_cmake-config.cmake\n'}
[2.969312] (auria_msgs) StderrLine: {'line': b'\n'}
[2.969752] (auria_msgs) StderrLine: {'line': b'  Add the installation prefix of "ament_cmake" to CMAKE_PREFIX_PATH or set\n'}
[2.970011] (auria_msgs) StderrLine: {'line': b'  "ament_cmake_DIR" to a directory containing one of the above files.  If\n'}
[2.971008] (auria_msgs) StderrLine: {'line': b'  "ament_cmake" provides a separate development package or SDK, be sure it\n'}
[2.971373] (auria_msgs) StderrLine: {'line': b'  has been installed.\n'}
[2.971621] (auria_msgs) StderrLine: {'line': b'\n'}
[2.971846] (auria_msgs) StderrLine: {'line': b'\n'}
[2.972062] (auria_msgs) StdoutLine: {'line': b'-- Configuring incomplete, errors occurred!\n'}
[2.972334] (auria_msgs) StdoutLine: {'line': b'See also "/home/auria/build/auria_msgs/CMakeFiles/CMakeOutput.log".\n'}
[2.978269] (auria_msgs) CommandEnded: {'returncode': 1}
[3.041480] (rl_driver) StdoutLine: {'line': b'running egg_info\n'}
[3.046502] (rl_driver) StdoutLine: {'line': b'creating ../../build/rl_driver/rl_driver.egg-info\n'}
[3.046866] (rl_driver) StdoutLine: {'line': b'writing ../../build/rl_driver/rl_driver.egg-info/PKG-INFO\n'}
[3.052761] (rl_driver) StdoutLine: {'line': b'writing dependency_links to ../../build/rl_driver/rl_driver.egg-info/dependency_links.txt\n'}
[3.053167] (rl_driver) StdoutLine: {'line': b'writing entry points to ../../build/rl_driver/rl_driver.egg-info/entry_points.txt\n'}
[3.053678] (rl_driver) StdoutLine: {'line': b'writing requirements to ../../build/rl_driver/rl_driver.egg-info/requires.txt\n'}
[3.054017] (-) TimerEvent: {}
[3.054563] (rl_driver) StdoutLine: {'line': b'writing top-level names to ../../build/rl_driver/rl_driver.egg-info/top_level.txt\n'}
[3.054892] (rl_driver) StdoutLine: {'line': b"writing manifest file '../../build/rl_driver/rl_driver.egg-info/SOURCES.txt'\n"}
[3.110977] (auria_msgs) JobEnded: {'identifier': 'auria_msgs', 'rc': 1}
[3.154214] (-) TimerEvent: {}
[3.187509] (rl_driver) StdoutLine: {'line': b"reading manifest file '../../build/rl_driver/rl_driver.egg-info/SOURCES.txt'\n"}
[3.191454] (rl_driver) StdoutLine: {'line': b"writing manifest file '../../build/rl_driver/rl_driver.egg-info/SOURCES.txt'\n"}
[3.192043] (rl_driver) StdoutLine: {'line': b'running build\n'}
[3.192397] (rl_driver) StdoutLine: {'line': b'running build_py\n'}
[3.193491] (rl_driver) StdoutLine: {'line': b'creating /home/auria/build/rl_driver/build\n'}
[3.193827] (rl_driver) StdoutLine: {'line': b'creating /home/auria/build/rl_driver/build/lib\n'}
[3.194086] (rl_driver) StdoutLine: {'line': b'creating /home/auria/build/rl_driver/build/lib/rl_driver\n'}
[3.194343] (rl_driver) StdoutLine: {'line': b'copying rl_driver/train.py -> /home/auria/build/rl_driver/build/lib/rl_driver\n'}
[3.197335] (rl_driver) StdoutLine: {'line': b'copying rl_driver/__init__.py -> /home/auria/build/rl_driver/build/lib/rl_driver\n'}
[3.197682] (rl_driver) StdoutLine: {'line': b'copying rl_driver/gym_ros2_env.py -> /home/auria/build/rl_driver/build/lib/rl_driver\n'}
[3.197931] (rl_driver) StdoutLine: {'line': b'copying rl_driver/rl_node.py -> /home/auria/build/rl_driver/build/lib/rl_driver\n'}
[3.199302] (rl_driver) StdoutLine: {'line': b'running install\n'}
[3.200841] (rl_driver) StdoutLine: {'line': b'running install_lib\n'}
[3.201396] (rl_driver) StdoutLine: {'line': b'creating /home/auria/install/rl_driver/lib/python3.8/site-packages/rl_driver\n'}
[3.202296] (rl_driver) StdoutLine: {'line': b'copying /home/auria/build/rl_driver/build/lib/rl_driver/train.py -> /home/auria/install/rl_driver/lib/python3.8/site-packages/rl_driver\n'}
[3.203090] (rl_driver) StdoutLine: {'line': b'copying /home/auria/build/rl_driver/build/lib/rl_driver/__init__.py -> /home/auria/install/rl_driver/lib/python3.8/site-packages/rl_driver\n'}
[3.203373] (rl_driver) StdoutLine: {'line': b'copying /home/auria/build/rl_driver/build/lib/rl_driver/gym_ros2_env.py -> /home/auria/install/rl_driver/lib/python3.8/site-packages/rl_driver\n'}
[3.204767] (rl_driver) StdoutLine: {'line': b'copying /home/auria/build/rl_driver/build/lib/rl_driver/rl_node.py -> /home/auria/install/rl_driver/lib/python3.8/site-packages/rl_driver\n'}
[3.205667] (rl_driver) StdoutLine: {'line': b'byte-compiling /home/auria/install/rl_driver/lib/python3.8/site-packages/rl_driver/train.py to train.cpython-38.pyc\n'}
[3.209658] (rl_driver) StdoutLine: {'line': b'byte-compiling /home/auria/install/rl_driver/lib/python3.8/site-packages/rl_driver/__init__.py to __init__.cpython-38.pyc\n'}
[3.210202] (rl_driver) StdoutLine: {'line': b'byte-compiling /home/auria/install/rl_driver/lib/python3.8/site-packages/rl_driver/gym_ros2_env.py to gym_ros2_env.cpython-38.pyc\n'}
[3.212557] (rl_driver) StdoutLine: {'line': b'byte-compiling /home/auria/install/rl_driver/lib/python3.8/site-packages/rl_driver/rl_node.py to rl_node.cpython-38.pyc\n'}
[3.214378] (rl_driver) StdoutLine: {'line': b'running install_data\n'}
[3.215702] (rl_driver) StdoutLine: {'line': b'creating /home/auria/install/rl_driver/share/ament_index\n'}
[3.216216] (rl_driver) StdoutLine: {'line': b'creating /home/auria/install/rl_driver/share/ament_index/resource_index\n'}
[3.216583] (rl_driver) StdoutLine: {'line': b'creating /home/auria/install/rl_driver/share/ament_index/resource_index/packages\n'}
[3.217812] (rl_driver) StdoutLine: {'line': b'copying resource/rl_driver -> /home/auria/install/rl_driver/share/ament_index/resource_index/packages\n'}
[3.218135] (rl_driver) StdoutLine: {'line': b'copying package.xml -> /home/auria/install/rl_driver/share/rl_driver\n'}
[3.218397] (rl_driver) StdoutLine: {'line': b'running install_egg_info\n'}
[3.223740] (rl_driver) StdoutLine: {'line': b'Copying ../../build/rl_driver/rl_driver.egg-info to /home/auria/install/rl_driver/lib/python3.8/site-packages/rl_driver-0.0.0-py3.8.egg-info\n'}
[3.227441] (rl_driver) StdoutLine: {'line': b'running install_scripts\n'}
[3.254407] (-) TimerEvent: {}
[3.296332] (rl_driver) StdoutLine: {'line': b'Installing rl_node script to /home/auria/install/rl_driver/lib/rl_driver\n'}
[3.296785] (rl_driver) StdoutLine: {'line': b"writing list of installed files to '/home/auria/build/rl_driver/install.log'\n"}
[3.355907] (-) TimerEvent: {}
[3.360243] (rl_driver) JobEnded: {'identifier': 'rl_driver', 'rc': 'SIGINT'}
[3.373111] (environment) JobSkipped: {'identifier': 'environment'}
[3.373263] (-) EventReactorShutdown: {}
