[0.000000] (-) TimerEvent: {}
[0.001092] (-) JobUnselected: {'identifier': 'auria_msgs'}
[0.001252] (-) JobUnselected: {'identifier': 'environment'}
[0.002939] (rl_driver) JobQueued: {'identifier': 'rl_driver', 'dependencies': OrderedDict()}
[0.003116] (rl_driver) JobStarted: {'identifier': 'rl_driver'}
[0.098897] (-) TimerEvent: {}
[0.200227] (-) TimerEvent: {}
[0.300930] (-) TimerEvent: {}
[0.403276] (-) TimerEvent: {}
[0.504514] (-) TimerEvent: {}
[0.608046] (-) TimerEvent: {}
[0.708635] (-) TimerEvent: {}
[0.810385] (-) TimerEvent: {}
[0.911204] (-) TimerEvent: {}
[1.012589] (-) TimerEvent: {}
[1.114153] (-) TimerEvent: {}
[1.214751] (-) TimerEvent: {}
[1.315958] (-) TimerEvent: {}
[1.416742] (-) TimerEvent: {}
[1.517663] (-) TimerEvent: {}
[1.621080] (-) TimerEvent: {}
[1.724450] (-) TimerEvent: {}
[1.826126] (-) TimerEvent: {}
[1.927500] (-) TimerEvent: {}
[2.028244] (-) TimerEvent: {}
[2.129060] (-) TimerEvent: {}
[2.231657] (-) TimerEvent: {}
[2.278185] (rl_driver) Command: {'cmd': ['/usr/bin/python3', 'setup.py', 'egg_info', '--egg-base', '../build/rl_driver', 'build', '--build-base', '/home/auria/src/build/rl_driver/build', 'install', '--record', '/home/auria/src/build/rl_driver/install.log', '--single-version-externally-managed'], 'cwd': '/home/auria/src/rl_driver', 'env': {'HOSTNAME': 'Ventupentu-portatil', 'SHLVL': '1', 'LIBGL_ALWAYS_SOFTWARE': '1', 'LD_LIBRARY_PATH': '/home/auria/src/install/auria_msgs/lib:/opt/ros/galactic/opt/yaml_cpp_vendor/lib:/opt/ros/galactic/lib/x86_64-linux-gnu:/opt/ros/galactic/lib', 'HOME': '/home/auria', 'OLDPWD': '/home/auria', 'ROS_PYTHON_VERSION': '3', 'QT_QPA_PLATFORM_PLUGIN_PATH': '/usr/lib/x86_64-linux-gnu/qt5/plugins/platforms', 'COLCON_PREFIX_PATH': '/home/auria/src/install', 'ROS_DISTRO': 'galactic', '_': '/usr/bin/colcon', 'ROS_VERSION': '2', 'TERM': 'xterm', 'ROS_LOCALHOST_ONLY': '0', 'QT_X11_NO_MITSHM': '1', 'PATH': '/opt/ros/galactic/bin:/usr/local/sbin:/usr/local/bin:/usr/sbin:/usr/bin:/sbin:/bin', 'DISPLAY': ':0', 'LANG': 'C.UTF-8', 'AMENT_PREFIX_PATH': '/home/auria/src/install/rl_driver:/home/auria/src/install/environment:/home/auria/src/install/auria_msgs:/opt/ros/galactic', 'PWD': '/home/auria/src/build/rl_driver', 'LC_ALL': 'C.UTF-8', 'PYTHONPATH': '/home/auria/src/build/rl_driver/prefix_override:/home/auria/src/install/rl_driver/lib/python3.8/site-packages:/home/auria/src/install/rl_driver/lib/python3.8/site-packages:/home/auria/src/install/environment/lib/python3.8/site-packages:/home/auria/src/install/auria_msgs/lib/python3.8/site-packages:/opt/ros/galactic/lib/python3.8/site-packages', 'COLCON': '1', 'CMAKE_PREFIX_PATH': '/home/auria/src/install/auria_msgs'}, 'shell': False}
[2.333217] (-) TimerEvent: {}
[2.438925] (-) TimerEvent: {}
[2.540287] (-) TimerEvent: {}
[2.642083] (-) TimerEvent: {}
[2.743532] (-) TimerEvent: {}
[2.845540] (-) TimerEvent: {}
[2.947663] (-) TimerEvent: {}
[3.048660] (-) TimerEvent: {}
[3.150593] (-) TimerEvent: {}
[3.169991] (rl_driver) StdoutLine: {'line': b'running egg_info\n'}
[3.177360] (rl_driver) StdoutLine: {'line': b'writing ../build/rl_driver/rl_driver.egg-info/PKG-INFO\n'}
[3.177894] (rl_driver) StdoutLine: {'line': b'writing dependency_links to ../build/rl_driver/rl_driver.egg-info/dependency_links.txt\n'}
[3.178271] (rl_driver) StdoutLine: {'line': b'writing entry points to ../build/rl_driver/rl_driver.egg-info/entry_points.txt\n'}
[3.180183] (rl_driver) StdoutLine: {'line': b'writing requirements to ../build/rl_driver/rl_driver.egg-info/requires.txt\n'}
[3.180647] (rl_driver) StdoutLine: {'line': b'writing top-level names to ../build/rl_driver/rl_driver.egg-info/top_level.txt\n'}
[3.250766] (-) TimerEvent: {}
[3.326612] (rl_driver) StdoutLine: {'line': b"reading manifest file '../build/rl_driver/rl_driver.egg-info/SOURCES.txt'\n"}
[3.336039] (rl_driver) StdoutLine: {'line': b"writing manifest file '../build/rl_driver/rl_driver.egg-info/SOURCES.txt'\n"}
[3.336563] (rl_driver) StdoutLine: {'line': b'running build\n'}
[3.336895] (rl_driver) StdoutLine: {'line': b'running build_py\n'}
[3.337262] (rl_driver) StdoutLine: {'line': b'copying rl_driver/ros2_env.py -> /home/auria/src/build/rl_driver/build/lib/rl_driver\n'}
[3.337603] (rl_driver) StdoutLine: {'line': b'running install\n'}
[3.343980] (rl_driver) StdoutLine: {'line': b'running install_lib\n'}
[3.344634] (rl_driver) StdoutLine: {'line': b'copying /home/auria/src/build/rl_driver/build/lib/rl_driver/ros2_env.py -> /home/auria/src/install/rl_driver/lib/python3.8/site-packages/rl_driver\n'}
[3.350070] (rl_driver) StdoutLine: {'line': b'byte-compiling /home/auria/src/install/rl_driver/lib/python3.8/site-packages/rl_driver/ros2_env.py to ros2_env.cpython-38.pyc\n'}
[3.350880] (-) TimerEvent: {}
[3.358426] (rl_driver) StdoutLine: {'line': b'running install_data\n'}
[3.360576] (rl_driver) StdoutLine: {'line': b'running install_egg_info\n'}
[3.367335] (rl_driver) StdoutLine: {'line': b"removing '/home/auria/src/install/rl_driver/lib/python3.8/site-packages/rl_driver-0.0.0-py3.8.egg-info' (and everything under it)\n"}
[3.369213] (rl_driver) StdoutLine: {'line': b'Copying ../build/rl_driver/rl_driver.egg-info to /home/auria/src/install/rl_driver/lib/python3.8/site-packages/rl_driver-0.0.0-py3.8.egg-info\n'}
[3.373361] (rl_driver) StdoutLine: {'line': b'running install_scripts\n'}
[3.447063] (rl_driver) StdoutLine: {'line': b'Installing rl_node script to /home/auria/src/install/rl_driver/lib/rl_driver\n'}
[3.447577] (rl_driver) StdoutLine: {'line': b'Installing train script to /home/auria/src/install/rl_driver/lib/rl_driver\n'}
[3.448136] (rl_driver) StdoutLine: {'line': b"writing list of installed files to '/home/auria/src/build/rl_driver/install.log'\n"}
[3.451034] (-) TimerEvent: {}
[3.526624] (rl_driver) CommandEnded: {'returncode': 0}
[3.551360] (-) TimerEvent: {}
[3.627065] (rl_driver) JobEnded: {'identifier': 'rl_driver', 'rc': 0}
[3.630989] (-) EventReactorShutdown: {}
