[0.000000] (-) TimerEvent: {}
[0.002903] (-) JobUnselected: {'identifier': 'auria_msgs'}
[0.003102] (-) JobUnselected: {'identifier': 'environment'}
[0.003219] (rl_driver) JobQueued: {'identifier': 'rl_driver', 'dependencies': OrderedDict()}
[0.003330] (rl_driver) JobStarted: {'identifier': 'rl_driver'}
[0.099544] (-) TimerEvent: {}
[0.201185] (-) TimerEvent: {}
[0.304128] (-) TimerEvent: {}
[0.404688] (-) TimerEvent: {}
[0.506558] (-) TimerEvent: {}
[0.608512] (-) TimerEvent: {}
[0.709128] (-) TimerEvent: {}
[0.810698] (-) TimerEvent: {}
[0.912856] (-) TimerEvent: {}
[1.015596] (-) TimerEvent: {}
[1.117509] (-) TimerEvent: {}
[1.218947] (-) TimerEvent: {}
[1.320136] (-) TimerEvent: {}
[1.421649] (-) TimerEvent: {}
[1.522195] (-) TimerEvent: {}
[1.622908] (-) TimerEvent: {}
[1.727487] (-) TimerEvent: {}
[1.829602] (-) TimerEvent: {}
[1.933521] (-) TimerEvent: {}
[2.035951] (-) TimerEvent: {}
[2.141143] (-) TimerEvent: {}
[2.248259] (-) TimerEvent: {}
[2.320127] (rl_driver) Command: {'cmd': ['/usr/bin/python3', 'setup.py', 'egg_info', '--egg-base', '../build/rl_driver', 'build', '--build-base', '/home/auria/src/build/rl_driver/build', 'install', '--record', '/home/auria/src/build/rl_driver/install.log', '--single-version-externally-managed'], 'cwd': '/home/auria/src/rl_driver', 'env': {'HOSTNAME': 'Ventupentu-portatil', 'SHLVL': '1', 'LIBGL_ALWAYS_SOFTWARE': '1', 'LD_LIBRARY_PATH': '/home/auria/src/install/auria_msgs/lib:/opt/ros/galactic/opt/yaml_cpp_vendor/lib:/opt/ros/galactic/lib/x86_64-linux-gnu:/opt/ros/galactic/lib', 'HOME': '/home/auria', 'OLDPWD': '/home/auria', 'ROS_PYTHON_VERSION': '3', 'QT_QPA_PLATFORM_PLUGIN_PATH': '/usr/lib/x86_64-linux-gnu/qt5/plugins/platforms', 'COLCON_PREFIX_PATH': '/home/auria/src/install', 'ROS_DISTRO': 'galactic', '_': '/usr/bin/colcon', 'ROS_VERSION': '2', 'TERM': 'xterm', 'ROS_LOCALHOST_ONLY': '0', 'QT_X11_NO_MITSHM': '1', 'PATH': '/opt/ros/galactic/bin:/usr/local/sbin:/usr/local/bin:/usr/sbin:/usr/bin:/sbin:/bin', 'DISPLAY': ':0', 'LANG': 'C.UTF-8', 'AMENT_PREFIX_PATH': '/home/auria/src/install/rl_driver:/home/auria/src/install/environment:/home/auria/src/install/auria_msgs:/opt/ros/galactic', 'PWD': '/home/auria/src/build/rl_driver', 'LC_ALL': 'C.UTF-8', 'PYTHONPATH': '/home/auria/src/build/rl_driver/prefix_override:/home/auria/src/install/rl_driver/lib/python3.8/site-packages:/home/auria/src/install/rl_driver/lib/python3.8/site-packages:/home/auria/src/install/environment/lib/python3.8/site-packages:/home/auria/src/install/auria_msgs/lib/python3.8/site-packages:/opt/ros/galactic/lib/python3.8/site-packages', 'COLCON': '1', 'CMAKE_PREFIX_PATH': '/home/auria/src/install/auria_msgs'}, 'shell': False}
[2.348828] (-) TimerEvent: {}
[2.462909] (-) TimerEvent: {}
[2.563464] (-) TimerEvent: {}
[2.665108] (-) TimerEvent: {}
[2.765656] (-) TimerEvent: {}
[2.866219] (-) TimerEvent: {}
[2.966777] (-) TimerEvent: {}
[3.067352] (-) TimerEvent: {}
[3.169127] (-) TimerEvent: {}
[3.204525] (rl_driver) StdoutLine: {'line': b'running egg_info\n'}
[3.205535] (rl_driver) StdoutLine: {'line': b'writing ../build/rl_driver/rl_driver.egg-info/PKG-INFO\n'}
[3.205852] (rl_driver) StdoutLine: {'line': b'writing dependency_links to ../build/rl_driver/rl_driver.egg-info/dependency_links.txt\n'}
[3.206166] (rl_driver) StdoutLine: {'line': b'writing entry points to ../build/rl_driver/rl_driver.egg-info/entry_points.txt\n'}
[3.208728] (rl_driver) StdoutLine: {'line': b'writing requirements to ../build/rl_driver/rl_driver.egg-info/requires.txt\n'}
[3.209598] (rl_driver) StdoutLine: {'line': b'writing top-level names to ../build/rl_driver/rl_driver.egg-info/top_level.txt\n'}
[3.269730] (-) TimerEvent: {}
[3.338408] (rl_driver) StdoutLine: {'line': b"reading manifest file '../build/rl_driver/rl_driver.egg-info/SOURCES.txt'\n"}
[3.342943] (rl_driver) StdoutLine: {'line': b"writing manifest file '../build/rl_driver/rl_driver.egg-info/SOURCES.txt'\n"}
[3.343848] (rl_driver) StdoutLine: {'line': b'running build\n'}
[3.347121] (rl_driver) StdoutLine: {'line': b'running build_py\n'}
[3.349307] (rl_driver) StdoutLine: {'line': b'copying rl_driver/ros2_env.py -> /home/auria/src/build/rl_driver/build/lib/rl_driver\n'}
[3.350678] (rl_driver) StdoutLine: {'line': b'running install\n'}
[3.350986] (rl_driver) StdoutLine: {'line': b'running install_lib\n'}
[3.356876] (rl_driver) StdoutLine: {'line': b'copying /home/auria/src/build/rl_driver/build/lib/rl_driver/ros2_env.py -> /home/auria/src/install/rl_driver/lib/python3.8/site-packages/rl_driver\n'}
[3.359407] (rl_driver) StdoutLine: {'line': b'byte-compiling /home/auria/src/install/rl_driver/lib/python3.8/site-packages/rl_driver/ros2_env.py to ros2_env.cpython-38.pyc\n'}
[3.367538] (rl_driver) StdoutLine: {'line': b'running install_data\n'}
[3.368064] (rl_driver) StdoutLine: {'line': b'running install_egg_info\n'}
[3.370000] (-) TimerEvent: {}
[3.374071] (rl_driver) StdoutLine: {'line': b"removing '/home/auria/src/install/rl_driver/lib/python3.8/site-packages/rl_driver-0.0.0-py3.8.egg-info' (and everything under it)\n"}
[3.375277] (rl_driver) StdoutLine: {'line': b'Copying ../build/rl_driver/rl_driver.egg-info to /home/auria/src/install/rl_driver/lib/python3.8/site-packages/rl_driver-0.0.0-py3.8.egg-info\n'}
[3.379506] (rl_driver) StdoutLine: {'line': b'running install_scripts\n'}
[3.445837] (rl_driver) StdoutLine: {'line': b'Installing rl_node script to /home/auria/src/install/rl_driver/lib/rl_driver\n'}
[3.447966] (rl_driver) StdoutLine: {'line': b'Installing train script to /home/auria/src/install/rl_driver/lib/rl_driver\n'}
[3.448622] (rl_driver) StdoutLine: {'line': b"writing list of installed files to '/home/auria/src/build/rl_driver/install.log'\n"}
[3.470132] (-) TimerEvent: {}
[3.521322] (rl_driver) CommandEnded: {'returncode': 0}
[3.574072] (-) TimerEvent: {}
[3.604671] (rl_driver) JobEnded: {'identifier': 'rl_driver', 'rc': 0}
[3.608661] (-) EventReactorShutdown: {}
