[0.000000] (-) TimerEvent: {}
[0.001514] (-) JobUnselected: {'identifier': 'auria_msgs'}
[0.004791] (-) JobUnselected: {'identifier': 'environment'}
[0.004941] (rl_driver) JobQueued: {'identifier': 'rl_driver', 'dependencies': OrderedDict()}
[0.005048] (rl_driver) JobStarted: {'identifier': 'rl_driver'}
[0.099173] (-) TimerEvent: {}
[0.202246] (-) TimerEvent: {}
[0.304250] (-) TimerEvent: {}
[0.404787] (-) TimerEvent: {}
[0.505383] (-) TimerEvent: {}
[0.607243] (-) TimerEvent: {}
[0.707804] (-) TimerEvent: {}
[0.808637] (-) TimerEvent: {}
[0.918358] (-) TimerEvent: {}
[1.019112] (-) TimerEvent: {}
[1.120883] (-) TimerEvent: {}
[1.221835] (-) TimerEvent: {}
[1.324198] (-) TimerEvent: {}
[1.425808] (-) TimerEvent: {}
[1.527119] (-) TimerEvent: {}
[1.630257] (-) TimerEvent: {}
[1.733808] (-) TimerEvent: {}
[1.834514] (-) TimerEvent: {}
[1.936177] (-) TimerEvent: {}
[2.037777] (-) TimerEvent: {}
[2.138684] (-) TimerEvent: {}
[2.239274] (-) TimerEvent: {}
[2.331254] (rl_driver) Command: {'cmd': ['/usr/bin/python3', 'setup.py', 'egg_info', '--egg-base', '../build/rl_driver', 'build', '--build-base', '/home/auria/src/build/rl_driver/build', 'install', '--record', '/home/auria/src/build/rl_driver/install.log', '--single-version-externally-managed'], 'cwd': '/home/auria/src/rl_driver', 'env': {'HOSTNAME': 'Ventupentu-portatil', 'SHLVL': '1', 'LIBGL_ALWAYS_SOFTWARE': '1', 'LD_LIBRARY_PATH': '/home/auria/src/install/auria_msgs/lib:/opt/ros/galactic/opt/yaml_cpp_vendor/lib:/opt/ros/galactic/lib/x86_64-linux-gnu:/opt/ros/galactic/lib', 'HOME': '/home/auria', 'OLDPWD': '/home/auria', 'ROS_PYTHON_VERSION': '3', 'QT_QPA_PLATFORM_PLUGIN_PATH': '/usr/lib/x86_64-linux-gnu/qt5/plugins/platforms', 'COLCON_PREFIX_PATH': '/home/auria/src/install', 'ROS_DISTRO': 'galactic', '_': '/usr/bin/colcon', 'ROS_VERSION': '2', 'TERM': 'xterm', 'ROS_LOCALHOST_ONLY': '0', 'QT_X11_NO_MITSHM': '1', 'PATH': '/opt/ros/galactic/bin:/usr/local/sbin:/usr/local/bin:/usr/sbin:/usr/bin:/sbin:/bin', 'DISPLAY': ':0', 'LANG': 'C.UTF-8', 'AMENT_PREFIX_PATH': '/home/auria/src/install/rl_driver:/home/auria/src/install/environment:/home/auria/src/install/auria_msgs:/opt/ros/galactic', 'PWD': '/home/auria/src/build/rl_driver', 'LC_ALL': 'C.UTF-8', 'PYTHONPATH': '/home/auria/src/build/rl_driver/prefix_override:/home/auria/src/install/rl_driver/lib/python3.8/site-packages:/home/auria/src/install/rl_driver/lib/python3.8/site-packages:/home/auria/src/install/environment/lib/python3.8/site-packages:/home/auria/src/install/auria_msgs/lib/python3.8/site-packages:/opt/ros/galactic/lib/python3.8/site-packages', 'COLCON': '1', 'CMAKE_PREFIX_PATH': '/home/auria/src/install/auria_msgs'}, 'shell': False}
[2.347733] (-) TimerEvent: {}
[2.449005] (-) TimerEvent: {}
[2.553511] (-) TimerEvent: {}
[2.654810] (-) TimerEvent: {}
[2.757216] (-) TimerEvent: {}
[2.861232] (-) TimerEvent: {}
[2.963078] (-) TimerEvent: {}
[3.063983] (-) TimerEvent: {}
[3.164915] (-) TimerEvent: {}
[3.251907] (rl_driver) StdoutLine: {'line': b'running egg_info\n'}
[3.256271] (rl_driver) StdoutLine: {'line': b'writing ../build/rl_driver/rl_driver.egg-info/PKG-INFO\n'}
[3.256775] (rl_driver) StdoutLine: {'line': b'writing dependency_links to ../build/rl_driver/rl_driver.egg-info/dependency_links.txt\n'}
[3.257121] (rl_driver) StdoutLine: {'line': b'writing entry points to ../build/rl_driver/rl_driver.egg-info/entry_points.txt\n'}
[3.257462] (rl_driver) StdoutLine: {'line': b'writing requirements to ../build/rl_driver/rl_driver.egg-info/requires.txt\n'}
[3.260384] (rl_driver) StdoutLine: {'line': b'writing top-level names to ../build/rl_driver/rl_driver.egg-info/top_level.txt\n'}
[3.265332] (-) TimerEvent: {}
[3.365884] (-) TimerEvent: {}
[3.414686] (rl_driver) StdoutLine: {'line': b"reading manifest file '../build/rl_driver/rl_driver.egg-info/SOURCES.txt'\n"}
[3.419174] (rl_driver) StdoutLine: {'line': b"writing manifest file '../build/rl_driver/rl_driver.egg-info/SOURCES.txt'\n"}
[3.419650] (rl_driver) StdoutLine: {'line': b'running build\n'}
[3.419963] (rl_driver) StdoutLine: {'line': b'running build_py\n'}
[3.422308] (rl_driver) StdoutLine: {'line': b'copying rl_driver/ros2_env.py -> /home/auria/src/build/rl_driver/build/lib/rl_driver\n'}
[3.422695] (rl_driver) StdoutLine: {'line': b'running install\n'}
[3.424319] (rl_driver) StdoutLine: {'line': b'running install_lib\n'}
[3.428428] (rl_driver) StdoutLine: {'line': b'copying /home/auria/src/build/rl_driver/build/lib/rl_driver/ros2_env.py -> /home/auria/src/install/rl_driver/lib/python3.8/site-packages/rl_driver\n'}
[3.431216] (rl_driver) StdoutLine: {'line': b'byte-compiling /home/auria/src/install/rl_driver/lib/python3.8/site-packages/rl_driver/ros2_env.py to ros2_env.cpython-38.pyc\n'}
[3.438501] (rl_driver) StdoutLine: {'line': b'running install_data\n'}
[3.440187] (rl_driver) StdoutLine: {'line': b'running install_egg_info\n'}
[3.446321] (rl_driver) StdoutLine: {'line': b"removing '/home/auria/src/install/rl_driver/lib/python3.8/site-packages/rl_driver-0.0.0-py3.8.egg-info' (and everything under it)\n"}
[3.447583] (rl_driver) StdoutLine: {'line': b'Copying ../build/rl_driver/rl_driver.egg-info to /home/auria/src/install/rl_driver/lib/python3.8/site-packages/rl_driver-0.0.0-py3.8.egg-info\n'}
[3.451711] (rl_driver) StdoutLine: {'line': b'running install_scripts\n'}
[3.466264] (-) TimerEvent: {}
[3.524952] (rl_driver) StdoutLine: {'line': b'Installing rl_node script to /home/auria/src/install/rl_driver/lib/rl_driver\n'}
[3.526706] (rl_driver) StdoutLine: {'line': b'Installing train script to /home/auria/src/install/rl_driver/lib/rl_driver\n'}
[3.527994] (rl_driver) StdoutLine: {'line': b"writing list of installed files to '/home/auria/src/build/rl_driver/install.log'\n"}
[3.567412] (-) TimerEvent: {}
[3.599924] (rl_driver) CommandEnded: {'returncode': 0}
[3.667690] (-) TimerEvent: {}
[3.677384] (rl_driver) JobEnded: {'identifier': 'rl_driver', 'rc': 0}
[3.680178] (-) EventReactorShutdown: {}
