[2.709s] Invoking command in '/home/auria/src/environment': PYTHONPATH=/home/auria/src/build/environment/prefix_override:/home/auria/src/install/environment/lib/python3.8/site-packages:/home/auria/src/install/auria_msgs/lib/python3.8/site-packages:/home/auria/src/install/rl_driver/lib/python3.8/site-packages:/home/auria/src/install/environment/lib/python3.8/site-packages:/opt/ros/galactic/lib/python3.8/site-packages /usr/bin/python3 setup.py egg_info --egg-base ../build/environment build --build-base /home/auria/src/build/environment/build install --record /home/auria/src/build/environment/install.log --single-version-externally-managed
[3.547s] running egg_info
[3.548s] writing ../build/environment/environment.egg-info/PKG-INFO
[3.552s] writing dependency_links to ../build/environment/environment.egg-info/dependency_links.txt
[3.552s] writing entry points to ../build/environment/environment.egg-info/entry_points.txt
[3.553s] writing requirements to ../build/environment/environment.egg-info/requires.txt
[3.557s] writing top-level names to ../build/environment/environment.egg-info/top_level.txt
[3.689s] reading manifest file '../build/environment/environment.egg-info/SOURCES.txt'
[3.698s] writing manifest file '../build/environment/environment.egg-info/SOURCES.txt'
[3.698s] running build
[3.702s] running build_py
[3.702s] running install
[3.702s] running install_lib
[3.711s] running install_data
[3.714s] running install_egg_info
[3.720s] removing '/home/auria/src/install/environment/lib/python3.8/site-packages/environment-0.1.0-py3.8.egg-info' (and everything under it)
[3.721s] Copying ../build/environment/environment.egg-info to /home/auria/src/install/environment/lib/python3.8/site-packages/environment-0.1.0-py3.8.egg-info
[3.728s] running install_scripts
[3.803s] Installing car script to /home/auria/src/install/environment/lib/environment
[3.804s] Installing env script to /home/auria/src/install/environment/lib/environment
[3.805s] writing list of installed files to '/home/auria/src/build/environment/install.log'
[3.900s] Invoked command in '/home/auria/src/environment' returned '0': PYTHONPATH=/home/auria/src/build/environment/prefix_override:/home/auria/src/install/environment/lib/python3.8/site-packages:/home/auria/src/install/auria_msgs/lib/python3.8/site-packages:/home/auria/src/install/rl_driver/lib/python3.8/site-packages:/home/auria/src/install/environment/lib/python3.8/site-packages:/opt/ros/galactic/lib/python3.8/site-packages /usr/bin/python3 setup.py egg_info --egg-base ../build/environment build --build-base /home/auria/src/build/environment/build install --record /home/auria/src/build/environment/install.log --single-version-externally-managed
