running egg_info
writing ../build/environment/environment.egg-info/PKG-INFO
writing dependency_links to ../build/environment/environment.egg-info/dependency_links.txt
writing entry points to ../build/environment/environment.egg-info/entry_points.txt
writing requirements to ../build/environment/environment.egg-info/requires.txt
writing top-level names to ../build/environment/environment.egg-info/top_level.txt
reading manifest file '../build/environment/environment.egg-info/SOURCES.txt'
writing manifest file '../build/environment/environment.egg-info/SOURCES.txt'
running build
running build_py
copying environment/car.py -> /home/auria/src/build/environment/build/lib/environment
running install
running install_lib
copying /home/auria/src/build/environment/build/lib/environment/car.py -> /home/auria/src/install/environment/lib/python3.8/site-packages/environment
byte-compiling /home/auria/src/install/environment/lib/python3.8/site-packages/environment/car.py to car.cpython-38.pyc
running install_data
running install_egg_info
removing '/home/auria/src/install/environment/lib/python3.8/site-packages/environment-0.1.0-py3.8.egg-info' (and everything under it)
Copying ../build/environment/environment.egg-info to /home/auria/src/install/environment/lib/python3.8/site-packages/environment-0.1.0-py3.8.egg-info
running install_scripts
Installing car script to /home/auria/src/install/environment/lib/environment
Installing env script to /home/auria/src/install/environment/lib/environment
writing list of installed files to '/home/auria/src/build/environment/install.log'
