[5.638s] Invoking command in '/home/auria/src/rl_driver': PYTHONPATH=/home/auria/src/build/rl_driver/prefix_override:/home/auria/src/install/rl_driver/lib/python3.8/site-packages:${PYTHONPATH} /usr/bin/python3 setup.py egg_info --egg-base ../build/rl_driver build --build-base /home/auria/src/build/rl_driver/build install --record /home/auria/src/build/rl_driver/install.log --single-version-externally-managed
[6.667s] running egg_info
[6.672s] writing ../build/rl_driver/rl_driver.egg-info/PKG-INFO
[6.673s] writing dependency_links to ../build/rl_driver/rl_driver.egg-info/dependency_links.txt
[6.674s] writing entry points to ../build/rl_driver/rl_driver.egg-info/entry_points.txt
[6.678s] writing requirements to ../build/rl_driver/rl_driver.egg-info/requires.txt
[6.678s] writing top-level names to ../build/rl_driver/rl_driver.egg-info/top_level.txt
[6.866s] reading manifest file '../build/rl_driver/rl_driver.egg-info/SOURCES.txt'
[6.873s] writing manifest file '../build/rl_driver/rl_driver.egg-info/SOURCES.txt'
[6.875s] running build
[6.876s] running build_py
[6.876s] copying rl_driver/gym_compat_wrapper.py -> /home/auria/src/build/rl_driver/build/lib/rl_driver
[6.876s] copying rl_driver/train.py -> /home/auria/src/build/rl_driver/build/lib/rl_driver
[6.878s] running install
[6.880s] running install_lib
[6.885s] copying /home/auria/src/build/rl_driver/build/lib/rl_driver/gym_compat_wrapper.py -> /home/auria/src/install/rl_driver/lib/python3.8/site-packages/rl_driver
[6.887s] copying /home/auria/src/build/rl_driver/build/lib/rl_driver/train.py -> /home/auria/src/install/rl_driver/lib/python3.8/site-packages/rl_driver
[6.893s] byte-compiling /home/auria/src/install/rl_driver/lib/python3.8/site-packages/rl_driver/gym_compat_wrapper.py to gym_compat_wrapper.cpython-38.pyc
[6.897s] byte-compiling /home/auria/src/install/rl_driver/lib/python3.8/site-packages/rl_driver/train.py to train.cpython-38.pyc
[6.898s] running install_data
[6.901s] running install_egg_info
[6.911s] removing '/home/auria/src/install/rl_driver/lib/python3.8/site-packages/rl_driver-0.0.0-py3.8.egg-info' (and everything under it)
[6.911s] Copying ../build/rl_driver/rl_driver.egg-info to /home/auria/src/install/rl_driver/lib/python3.8/site-packages/rl_driver-0.0.0-py3.8.egg-info
[6.916s] running install_scripts
[6.994s] Installing rl_node script to /home/auria/src/install/rl_driver/lib/rl_driver
[6.994s] Installing train script to /home/auria/src/install/rl_driver/lib/rl_driver
[6.997s] writing list of installed files to '/home/auria/src/build/rl_driver/install.log'
[7.085s] Invoked command in '/home/auria/src/rl_driver' returned '0': PYTHONPATH=/home/auria/src/build/rl_driver/prefix_override:/home/auria/src/install/rl_driver/lib/python3.8/site-packages:${PYTHONPATH} /usr/bin/python3 setup.py egg_info --egg-base ../build/rl_driver build --build-base /home/auria/src/build/rl_driver/build install --record /home/auria/src/build/rl_driver/install.log --single-version-externally-managed
