[4.296s] Invoking command in '/home/auria/src/rl_driver': PYTHONPATH=/home/auria/src/build/rl_driver/prefix_override:/home/auria/src/install/rl_driver/lib/python3.8/site-packages:${PYTHONPATH} /usr/bin/python3 setup.py egg_info --egg-base ../build/rl_driver build --build-base /home/auria/src/build/rl_driver/build install --record /home/auria/src/build/rl_driver/install.log --single-version-externally-managed
[5.507s] running egg_info
[5.511s] writing ../build/rl_driver/rl_driver.egg-info/PKG-INFO
[5.512s] writing dependency_links to ../build/rl_driver/rl_driver.egg-info/dependency_links.txt
[5.516s] writing entry points to ../build/rl_driver/rl_driver.egg-info/entry_points.txt
[5.517s] writing requirements to ../build/rl_driver/rl_driver.egg-info/requires.txt
[5.517s] writing top-level names to ../build/rl_driver/rl_driver.egg-info/top_level.txt
[5.754s] reading manifest file '../build/rl_driver/rl_driver.egg-info/SOURCES.txt'
[5.762s] writing manifest file '../build/rl_driver/rl_driver.egg-info/SOURCES.txt'
[5.766s] running build
[5.767s] running build_py
[5.769s] copying rl_driver/train.py -> /home/auria/src/build/rl_driver/build/lib/rl_driver
[5.774s] running install
[5.786s] running install_lib
[5.798s] copying /home/auria/src/build/rl_driver/build/lib/rl_driver/train.py -> /home/auria/src/install/rl_driver/lib/python3.8/site-packages/rl_driver
[5.809s] byte-compiling /home/auria/src/install/rl_driver/lib/python3.8/site-packages/rl_driver/train.py to train.cpython-38.pyc
[5.824s] running install_data
[5.847s] running install_egg_info
[5.848s] removing '/home/auria/src/install/rl_driver/lib/python3.8/site-packages/rl_driver-0.0.0-py3.8.egg-info' (and everything under it)
[5.848s] Copying ../build/rl_driver/rl_driver.egg-info to /home/auria/src/install/rl_driver/lib/python3.8/site-packages/rl_driver-0.0.0-py3.8.egg-info
[5.853s] running install_scripts
[6.107s] Installing rl_node script to /home/auria/src/install/rl_driver/lib/rl_driver
[6.107s] Installing train script to /home/auria/src/install/rl_driver/lib/rl_driver
[6.107s] writing list of installed files to '/home/auria/src/build/rl_driver/install.log'
[6.348s] Invoked command in '/home/auria/src/rl_driver' returned '0': PYTHONPATH=/home/auria/src/build/rl_driver/prefix_override:/home/auria/src/install/rl_driver/lib/python3.8/site-packages:${PYTHONPATH} /usr/bin/python3 setup.py egg_info --egg-base ../build/rl_driver build --build-base /home/auria/src/build/rl_driver/build install --record /home/auria/src/build/rl_driver/install.log --single-version-externally-managed
