[0.141s] Invoking command in '/home/auria/src/build/auria_msgs': CMAKE_PREFIX_PATH=${CMAKE_PREFIX_PATH}:/home/auria/src/install/rl_driver:/home/auria/src/install/environment:/opt/ros/galactic /usr/bin/cmake --build /home/auria/src/build/auria_msgs -- -j4 -l4
[0.518s] [  4%] Built target auria_msgs__cpp
[0.539s] [ 17%] Built target auria_msgs__rosidl_generator_c
[0.666s] [ 30%] Built target auria_msgs__rosidl_typesupport_introspection_c
[0.742s] [ 43%] Built target auria_msgs__rosidl_typesupport_introspection_cpp
[0.802s] [ 56%] Built target auria_msgs__rosidl_typesupport_c
[0.902s] [ 69%] Built target auria_msgs__rosidl_typesupport_cpp
[1.010s] [ 69%] Built target auria_msgs
[1.115s] [ 73%] Built target auria_msgs__py
[1.261s] [ 82%] Built target auria_msgs__python
[1.396s] [ 91%] Built target auria_msgs__rosidl_typesupport_introspection_c__pyext
[1.433s] [100%] Built target auria_msgs__rosidl_typesupport_c__pyext
[1.506s] Invoked command in '/home/auria/src/build/auria_msgs' returned '0': CMAKE_PREFIX_PATH=${CMAKE_PREFIX_PATH}:/home/auria/src/install/rl_driver:/home/auria/src/install/environment:/opt/ros/galactic /usr/bin/cmake --build /home/auria/src/build/auria_msgs -- -j4 -l4
[1.894s] Invoking command in '/home/auria/src/build/auria_msgs': CMAKE_PREFIX_PATH=${CMAKE_PREFIX_PATH}:/home/auria/src/install/rl_driver:/home/auria/src/install/environment:/opt/ros/galactic /usr/bin/cmake --install /home/auria/src/build/auria_msgs
[1.940s] -- Install configuration: ""
[1.941s] -- Up-to-date: /home/auria/src/install/auria_msgs/share/ament_index/resource_index/rosidl_interfaces/auria_msgs
[1.942s] -- Up-to-date: /home/auria/src/install/auria_msgs/include/auria_msgs
[1.944s] -- Up-to-date: /home/auria/src/install/auria_msgs/include/auria_msgs/msg
[1.944s] -- Up-to-date: /home/auria/src/install/auria_msgs/include/auria_msgs/msg/point_array.h
[1.945s] -- Up-to-date: /home/auria/src/install/auria_msgs/include/auria_msgs/msg/rosidl_generator_c__visibility_control.h
[1.945s] -- Up-to-date: /home/auria/src/install/auria_msgs/include/auria_msgs/msg/detail
[1.947s] -- Up-to-date: /home/auria/src/install/auria_msgs/include/auria_msgs/msg/detail/point_array__struct.h
[1.949s] -- Up-to-date: /home/auria/src/install/auria_msgs/include/auria_msgs/msg/detail/point_array__type_support.h
[1.949s] -- Up-to-date: /home/auria/src/install/auria_msgs/include/auria_msgs/msg/detail/point_array__functions.h
[1.949s] -- Up-to-date: /home/auria/src/install/auria_msgs/include/auria_msgs/msg/detail/point_array__functions.c
[1.949s] -- Up-to-date: /home/auria/src/install/auria_msgs/share/auria_msgs/environment/library_path.sh
[1.950s] -- Up-to-date: /home/auria/src/install/auria_msgs/share/auria_msgs/environment/library_path.dsv
[1.950s] -- Up-to-date: /home/auria/src/install/auria_msgs/lib/libauria_msgs__rosidl_generator_c.so
[1.950s] -- Up-to-date: /home/auria/src/install/auria_msgs/include/auria_msgs
[1.951s] -- Up-to-date: /home/auria/src/install/auria_msgs/include/auria_msgs/msg
[1.952s] -- Up-to-date: /home/auria/src/install/auria_msgs/include/auria_msgs/msg/rosidl_typesupport_introspection_c__visibility_control.h
[1.954s] -- Up-to-date: /home/auria/src/install/auria_msgs/include/auria_msgs/msg/detail
[1.954s] -- Up-to-date: /home/auria/src/install/auria_msgs/include/auria_msgs/msg/detail/point_array__type_support.c
[1.955s] -- Up-to-date: /home/auria/src/install/auria_msgs/include/auria_msgs/msg/detail/point_array__rosidl_typesupport_introspection_c.h
[1.957s] -- Up-to-date: /home/auria/src/install/auria_msgs/lib/libauria_msgs__rosidl_typesupport_introspection_c.so
[1.958s] -- Up-to-date: /home/auria/src/install/auria_msgs/lib/libauria_msgs__rosidl_typesupport_c.so
[1.958s] -- Up-to-date: /home/auria/src/install/auria_msgs/include/auria_msgs
[1.958s] -- Up-to-date: /home/auria/src/install/auria_msgs/include/auria_msgs/msg
[1.959s] -- Up-to-date: /home/auria/src/install/auria_msgs/include/auria_msgs/msg/point_array.hpp
[1.959s] -- Up-to-date: /home/auria/src/install/auria_msgs/include/auria_msgs/msg/detail
[1.959s] -- Up-to-date: /home/auria/src/install/auria_msgs/include/auria_msgs/msg/detail/point_array__struct.hpp
[1.961s] -- Up-to-date: /home/auria/src/install/auria_msgs/include/auria_msgs/msg/detail/point_array__builder.hpp
[1.963s] -- Up-to-date: /home/auria/src/install/auria_msgs/include/auria_msgs/msg/detail/point_array__traits.hpp
[1.964s] -- Up-to-date: /home/auria/src/install/auria_msgs/include/auria_msgs
[1.964s] -- Up-to-date: /home/auria/src/install/auria_msgs/include/auria_msgs/msg
[1.964s] -- Up-to-date: /home/auria/src/install/auria_msgs/include/auria_msgs/msg/detail
[1.965s] -- Up-to-date: /home/auria/src/install/auria_msgs/include/auria_msgs/msg/detail/point_array__rosidl_typesupport_introspection_cpp.hpp
[1.965s] -- Up-to-date: /home/auria/src/install/auria_msgs/include/auria_msgs/msg/detail/point_array__type_support.cpp
[1.965s] -- Up-to-date: /home/auria/src/install/auria_msgs/lib/libauria_msgs__rosidl_typesupport_introspection_cpp.so
[1.965s] -- Up-to-date: /home/auria/src/install/auria_msgs/lib/libauria_msgs__rosidl_typesupport_cpp.so
[1.966s] -- Up-to-date: /home/auria/src/install/auria_msgs/share/auria_msgs/environment/pythonpath.sh
[1.991s] -- Up-to-date: /home/auria/src/install/auria_msgs/share/auria_msgs/environment/pythonpath.dsv
[1.992s] -- Up-to-date: /home/auria/src/install/auria_msgs/lib/python3.8/site-packages/auria_msgs/__init__.py
[2.133s] -- Up-to-date: /home/auria/src/install/auria_msgs/lib/python3.8/site-packages/auria_msgs/msg
[2.134s] -- Up-to-date: /home/auria/src/install/auria_msgs/lib/python3.8/site-packages/auria_msgs/msg/_point_array_s.c
[2.135s] -- Up-to-date: /home/auria/src/install/auria_msgs/lib/python3.8/site-packages/auria_msgs/msg/__init__.py
[2.136s] -- Up-to-date: /home/auria/src/install/auria_msgs/lib/python3.8/site-packages/auria_msgs/msg/_point_array.py
[2.139s] -- Up-to-date: /home/auria/src/install/auria_msgs/lib/python3.8/site-packages/auria_msgs/auria_msgs_s__rosidl_typesupport_introspection_c.cpython-38-x86_64-linux-gnu.so
[2.145s] -- Up-to-date: /home/auria/src/install/auria_msgs/lib/python3.8/site-packages/auria_msgs/auria_msgs_s__rosidl_typesupport_c.cpython-38-x86_64-linux-gnu.so
[2.152s] -- Up-to-date: /home/auria/src/install/auria_msgs/lib/libauria_msgs__python.so
[2.153s] -- Up-to-date: /home/auria/src/install/auria_msgs/share/auria_msgs/msg/PointArray.idl
[2.155s] -- Up-to-date: /home/auria/src/install/auria_msgs/share/auria_msgs/msg/PointArray.msg
[2.156s] -- Up-to-date: /home/auria/src/install/auria_msgs/share/ament_index/resource_index/package_run_dependencies/auria_msgs
[2.158s] -- Up-to-date: /home/auria/src/install/auria_msgs/share/ament_index/resource_index/parent_prefix_path/auria_msgs
[2.161s] -- Up-to-date: /home/auria/src/install/auria_msgs/share/auria_msgs/environment/ament_prefix_path.sh
[2.162s] -- Up-to-date: /home/auria/src/install/auria_msgs/share/auria_msgs/environment/ament_prefix_path.dsv
[2.162s] -- Up-to-date: /home/auria/src/install/auria_msgs/share/auria_msgs/environment/path.sh
[2.164s] -- Up-to-date: /home/auria/src/install/auria_msgs/share/auria_msgs/environment/path.dsv
[2.164s] -- Up-to-date: /home/auria/src/install/auria_msgs/share/auria_msgs/local_setup.bash
[2.165s] -- Up-to-date: /home/auria/src/install/auria_msgs/share/auria_msgs/local_setup.sh
[2.167s] -- Up-to-date: /home/auria/src/install/auria_msgs/share/auria_msgs/local_setup.zsh
[2.170s] -- Up-to-date: /home/auria/src/install/auria_msgs/share/auria_msgs/local_setup.dsv
[2.171s] -- Installing: /home/auria/src/install/auria_msgs/share/auria_msgs/package.dsv
[2.172s] -- Up-to-date: /home/auria/src/install/auria_msgs/share/ament_index/resource_index/packages/auria_msgs
[2.173s] -- Up-to-date: /home/auria/src/install/auria_msgs/share/auria_msgs/cmake/auria_msgs__rosidl_generator_cExport.cmake
[2.173s] -- Up-to-date: /home/auria/src/install/auria_msgs/share/auria_msgs/cmake/auria_msgs__rosidl_generator_cExport-noconfig.cmake
[2.174s] -- Up-to-date: /home/auria/src/install/auria_msgs/share/auria_msgs/cmake/auria_msgs__rosidl_typesupport_introspection_cExport.cmake
[2.174s] -- Up-to-date: /home/auria/src/install/auria_msgs/share/auria_msgs/cmake/auria_msgs__rosidl_typesupport_introspection_cExport-noconfig.cmake
[2.175s] -- Up-to-date: /home/auria/src/install/auria_msgs/share/auria_msgs/cmake/auria_msgs__rosidl_typesupport_cExport.cmake
[2.176s] -- Up-to-date: /home/auria/src/install/auria_msgs/share/auria_msgs/cmake/auria_msgs__rosidl_typesupport_cExport-noconfig.cmake
[2.176s] -- Up-to-date: /home/auria/src/install/auria_msgs/share/auria_msgs/cmake/auria_msgs__rosidl_generator_cppExport.cmake
[2.178s] -- Up-to-date: /home/auria/src/install/auria_msgs/share/auria_msgs/cmake/auria_msgs__rosidl_typesupport_introspection_cppExport.cmake
[2.178s] -- Up-to-date: /home/auria/src/install/auria_msgs/share/auria_msgs/cmake/auria_msgs__rosidl_typesupport_introspection_cppExport-noconfig.cmake
[2.179s] -- Up-to-date: /home/auria/src/install/auria_msgs/share/auria_msgs/cmake/auria_msgs__rosidl_typesupport_cppExport.cmake
[2.180s] -- Up-to-date: /home/auria/src/install/auria_msgs/share/auria_msgs/cmake/auria_msgs__rosidl_typesupport_cppExport-noconfig.cmake
[2.181s] -- Up-to-date: /home/auria/src/install/auria_msgs/share/auria_msgs/cmake/rosidl_cmake-extras.cmake
[2.182s] -- Up-to-date: /home/auria/src/install/auria_msgs/share/auria_msgs/cmake/ament_cmake_export_dependencies-extras.cmake
[2.182s] -- Up-to-date: /home/auria/src/install/auria_msgs/share/auria_msgs/cmake/ament_cmake_export_libraries-extras.cmake
[2.182s] -- Up-to-date: /home/auria/src/install/auria_msgs/share/auria_msgs/cmake/ament_cmake_export_targets-extras.cmake
[2.183s] -- Up-to-date: /home/auria/src/install/auria_msgs/share/auria_msgs/cmake/ament_cmake_export_include_directories-extras.cmake
[2.184s] -- Up-to-date: /home/auria/src/install/auria_msgs/share/auria_msgs/cmake/rosidl_cmake_export_typesupport_targets-extras.cmake
[2.184s] -- Up-to-date: /home/auria/src/install/auria_msgs/share/auria_msgs/cmake/auria_msgsConfig.cmake
[2.185s] -- Up-to-date: /home/auria/src/install/auria_msgs/share/auria_msgs/cmake/auria_msgsConfig-version.cmake
[2.185s] -- Up-to-date: /home/auria/src/install/auria_msgs/share/auria_msgs/package.xml
[2.198s] Invoked command in '/home/auria/src/build/auria_msgs' returned '0': CMAKE_PREFIX_PATH=${CMAKE_PREFIX_PATH}:/home/auria/src/install/rl_driver:/home/auria/src/install/environment:/opt/ros/galactic /usr/bin/cmake --install /home/auria/src/build/auria_msgs
