[0.000000] (-) TimerEvent: {}
[0.001361] (-) JobUnselected: {'identifier': 'auria_msgs'}
[0.001701] (-) JobUnselected: {'identifier': 'environment'}
[0.001835] (rl_driver) JobQueued: {'identifier': 'rl_driver', 'dependencies': OrderedDict()}
[0.003794] (rl_driver) JobStarted: {'identifier': 'rl_driver'}
[0.100104] (-) TimerEvent: {}
[0.206717] (-) TimerEvent: {}
[0.307405] (-) TimerEvent: {}
[0.408018] (-) TimerEvent: {}
[0.509219] (-) TimerEvent: {}
[0.610295] (-) TimerEvent: {}
[0.711450] (-) TimerEvent: {}
[0.813735] (-) TimerEvent: {}
[0.916538] (-) TimerEvent: {}
[1.027957] (-) TimerEvent: {}
[1.129594] (-) TimerEvent: {}
[1.230755] (-) TimerEvent: {}
[1.331334] (-) TimerEvent: {}
[1.432219] (-) TimerEvent: {}
[1.532838] (-) TimerEvent: {}
[1.634531] (-) TimerEvent: {}
[1.735153] (-) TimerEvent: {}
[1.835749] (-) TimerEvent: {}
[1.936861] (-) TimerEvent: {}
[2.038684] (-) TimerEvent: {}
[2.146668] (-) TimerEvent: {}
[2.252654] (-) TimerEvent: {}
[2.353282] (-) TimerEvent: {}
[2.390756] (rl_driver) Command: {'cmd': ['/usr/bin/python3', 'setup.py', 'egg_info', '--egg-base', '../build/rl_driver', 'build', '--build-base', '/home/auria/src/build/rl_driver/build', 'install', '--record', '/home/auria/src/build/rl_driver/install.log', '--single-version-externally-managed'], 'cwd': '/home/auria/src/rl_driver', 'env': {'HOSTNAME': 'Ventupentu-portatil', 'SHLVL': '1', 'LIBGL_ALWAYS_SOFTWARE': '1', 'LD_LIBRARY_PATH': '/home/auria/src/install/auria_msgs/lib:/opt/ros/galactic/opt/yaml_cpp_vendor/lib:/opt/ros/galactic/lib/x86_64-linux-gnu:/opt/ros/galactic/lib', 'HOME': '/home/auria', 'OLDPWD': '/home/auria', 'ROS_PYTHON_VERSION': '3', 'QT_QPA_PLATFORM_PLUGIN_PATH': '/usr/lib/x86_64-linux-gnu/qt5/plugins/platforms', 'COLCON_PREFIX_PATH': '/home/auria/src/install', 'ROS_DISTRO': 'galactic', '_': '/usr/bin/colcon', 'ROS_VERSION': '2', 'TERM': 'xterm', 'ROS_LOCALHOST_ONLY': '0', 'QT_X11_NO_MITSHM': '1', 'PATH': '/opt/ros/galactic/bin:/usr/local/sbin:/usr/local/bin:/usr/sbin:/usr/bin:/sbin:/bin', 'DISPLAY': ':0', 'LANG': 'C.UTF-8', 'AMENT_PREFIX_PATH': '/home/auria/src/install/rl_driver:/home/auria/src/install/environment:/home/auria/src/install/auria_msgs:/opt/ros/galactic', 'PWD': '/home/auria/src/build/rl_driver', 'LC_ALL': 'C.UTF-8', 'PYTHONPATH': '/home/auria/src/build/rl_driver/prefix_override:/home/auria/src/install/rl_driver/lib/python3.8/site-packages:/home/auria/src/install/rl_driver/lib/python3.8/site-packages:/home/auria/src/install/environment/lib/python3.8/site-packages:/home/auria/src/install/auria_msgs/lib/python3.8/site-packages:/opt/ros/galactic/lib/python3.8/site-packages', 'COLCON': '1', 'CMAKE_PREFIX_PATH': '/home/auria/src/install/auria_msgs'}, 'shell': False}
[2.453608] (-) TimerEvent: {}
[2.556650] (-) TimerEvent: {}
[2.657217] (-) TimerEvent: {}
[2.758987] (-) TimerEvent: {}
[2.859610] (-) TimerEvent: {}
[2.960272] (-) TimerEvent: {}
[3.060829] (-) TimerEvent: {}
[3.162680] (-) TimerEvent: {}
[3.222808] (rl_driver) StdoutLine: {'line': b'running egg_info\n'}
[3.224778] (rl_driver) StdoutLine: {'line': b'writing ../build/rl_driver/rl_driver.egg-info/PKG-INFO\n'}
[3.225569] (rl_driver) StdoutLine: {'line': b'writing dependency_links to ../build/rl_driver/rl_driver.egg-info/dependency_links.txt\n'}
[3.226702] (rl_driver) StdoutLine: {'line': b'writing entry points to ../build/rl_driver/rl_driver.egg-info/entry_points.txt\n'}
[3.227204] (rl_driver) StdoutLine: {'line': b'writing requirements to ../build/rl_driver/rl_driver.egg-info/requires.txt\n'}
[3.227688] (rl_driver) StdoutLine: {'line': b'writing top-level names to ../build/rl_driver/rl_driver.egg-info/top_level.txt\n'}
[3.262859] (-) TimerEvent: {}
[3.358019] (rl_driver) StdoutLine: {'line': b"reading manifest file '../build/rl_driver/rl_driver.egg-info/SOURCES.txt'\n"}
[3.363090] (rl_driver) StdoutLine: {'line': b"writing manifest file '../build/rl_driver/rl_driver.egg-info/SOURCES.txt'\n"}
[3.363583] (-) TimerEvent: {}
[3.364582] (rl_driver) StdoutLine: {'line': b'running build\n'}
[3.365026] (rl_driver) StdoutLine: {'line': b'running build_py\n'}
[3.366868] (rl_driver) StdoutLine: {'line': b'copying rl_driver/train.py -> /home/auria/src/build/rl_driver/build/lib/rl_driver\n'}
[3.367262] (rl_driver) StdoutLine: {'line': b'copying rl_driver/ros2_env.py -> /home/auria/src/build/rl_driver/build/lib/rl_driver\n'}
[3.367546] (rl_driver) StdoutLine: {'line': b'copying rl_driver/rl_node.py -> /home/auria/src/build/rl_driver/build/lib/rl_driver\n'}
[3.370811] (rl_driver) StdoutLine: {'line': b'running install\n'}
[3.371540] (rl_driver) StdoutLine: {'line': b'running install_lib\n'}
[3.376465] (rl_driver) StdoutLine: {'line': b'copying /home/auria/src/build/rl_driver/build/lib/rl_driver/train.py -> /home/auria/src/install/rl_driver/lib/python3.8/site-packages/rl_driver\n'}
[3.377529] (rl_driver) StdoutLine: {'line': b'copying /home/auria/src/build/rl_driver/build/lib/rl_driver/ros2_env.py -> /home/auria/src/install/rl_driver/lib/python3.8/site-packages/rl_driver\n'}
[3.378375] (rl_driver) StdoutLine: {'line': b'copying /home/auria/src/build/rl_driver/build/lib/rl_driver/rl_node.py -> /home/auria/src/install/rl_driver/lib/python3.8/site-packages/rl_driver\n'}
[3.381623] (rl_driver) StdoutLine: {'line': b'byte-compiling /home/auria/src/install/rl_driver/lib/python3.8/site-packages/rl_driver/train.py to train.cpython-38.pyc\n'}
[3.397653] (rl_driver) StdoutLine: {'line': b'byte-compiling /home/auria/src/install/rl_driver/lib/python3.8/site-packages/rl_driver/ros2_env.py to ros2_env.cpython-38.pyc\n'}
[3.408664] (rl_driver) StdoutLine: {'line': b'byte-compiling /home/auria/src/install/rl_driver/lib/python3.8/site-packages/rl_driver/rl_node.py to rl_node.cpython-38.pyc\n'}
[3.409142] (rl_driver) StdoutLine: {'line': b'running install_data\n'}
[3.411109] (rl_driver) StdoutLine: {'line': b'running install_egg_info\n'}
[3.417926] (rl_driver) StdoutLine: {'line': b"removing '/home/auria/src/install/rl_driver/lib/python3.8/site-packages/rl_driver-0.0.0-py3.8.egg-info' (and everything under it)\n"}
[3.419993] (rl_driver) StdoutLine: {'line': b'Copying ../build/rl_driver/rl_driver.egg-info to /home/auria/src/install/rl_driver/lib/python3.8/site-packages/rl_driver-0.0.0-py3.8.egg-info\n'}
[3.430392] (rl_driver) StdoutLine: {'line': b'running install_scripts\n'}
[3.465659] (-) TimerEvent: {}
[3.499885] (rl_driver) StdoutLine: {'line': b'Installing rl_node script to /home/auria/src/install/rl_driver/lib/rl_driver\n'}
[3.500749] (rl_driver) StdoutLine: {'line': b'Installing train script to /home/auria/src/install/rl_driver/lib/rl_driver\n'}
[3.502551] (rl_driver) StdoutLine: {'line': b"writing list of installed files to '/home/auria/src/build/rl_driver/install.log'\n"}
[3.565835] (-) TimerEvent: {}
[3.579846] (rl_driver) CommandEnded: {'returncode': 0}
[3.653965] (rl_driver) JobEnded: {'identifier': 'rl_driver', 'rc': 0}
[3.655418] (-) EventReactorShutdown: {}
