/home/auria/install/environment/lib/python3.8/site-packages/environment/__init__.py
/home/auria/install/environment/lib/python3.8/site-packages/environment/environment.py
/home/auria/install/environment/lib/python3.8/site-packages/environment/car.py
/home/auria/install/environment/lib/python3.8/site-packages/environment/__pycache__/__init__.cpython-38.pyc
/home/auria/install/environment/lib/python3.8/site-packages/environment/__pycache__/environment.cpython-38.pyc
/home/auria/install/environment/lib/python3.8/site-packages/environment/__pycache__/car.cpython-38.pyc
/home/auria/install/environment/share/ament_index/resource_index/packages/environment
/home/auria/install/environment/share/environment/package.xml
/home/auria/install/environment/share/environment/tracks/circular.csv
/home/auria/install/environment/share/environment/tracks/acceleration.csv
/home/auria/install/environment/share/environment/tracks/small_track.csv
/home/auria/install/environment/share/environment/launch/launch_env.py
/home/auria/install/environment/lib/python3.8/site-packages/environment-0.1.0-py3.8.egg-info/entry_points.txt
/home/auria/install/environment/lib/python3.8/site-packages/environment-0.1.0-py3.8.egg-info/requires.txt
/home/auria/install/environment/lib/python3.8/site-packages/environment-0.1.0-py3.8.egg-info/top_level.txt
/home/auria/install/environment/lib/python3.8/site-packages/environment-0.1.0-py3.8.egg-info/dependency_links.txt
/home/auria/install/environment/lib/python3.8/site-packages/environment-0.1.0-py3.8.egg-info/zip-safe
/home/auria/install/environment/lib/python3.8/site-packages/environment-0.1.0-py3.8.egg-info/SOURCES.txt
/home/auria/install/environment/lib/python3.8/site-packages/environment-0.1.0-py3.8.egg-info/PKG-INFO
/home/auria/install/environment/lib/environment/car
/home/auria/install/environment/lib/environment/env
