[2.054s] Invoking command in '/home/auria/src/rl_driver': PYTHONPATH=/home/auria/src/build/rl_driver/prefix_override:/home/auria/src/install/rl_driver/lib/python3.8/site-packages: /usr/bin/python3 setup.py egg_info --egg-base ../build/rl_driver build --build-base /home/auria/src/build/rl_driver/build install --record /home/auria/src/build/rl_driver/install.log --single-version-externally-managed
[2.714s] running egg_info
[2.716s] writing ../build/rl_driver/rl_driver.egg-info/PKG-INFO
[2.717s] writing dependency_links to ../build/rl_driver/rl_driver.egg-info/dependency_links.txt
[2.720s] writing entry points to ../build/rl_driver/rl_driver.egg-info/entry_points.txt
[2.720s] writing requirements to ../build/rl_driver/rl_driver.egg-info/requires.txt
[2.720s] writing top-level names to ../build/rl_driver/rl_driver.egg-info/top_level.txt
[2.871s] reading manifest file '../build/rl_driver/rl_driver.egg-info/SOURCES.txt'
[2.871s] writing manifest file '../build/rl_driver/rl_driver.egg-info/SOURCES.txt'
[2.872s] running build
[2.872s] running build_py
[2.884s] running install
[2.884s] running install_lib
[2.890s] running install_data
[2.895s] running install_egg_info
[2.904s] removing '/home/auria/src/install/rl_driver/lib/python3.8/site-packages/rl_driver-0.0.0-py3.8.egg-info' (and everything under it)
[2.905s] Copying ../build/rl_driver/rl_driver.egg-info to /home/auria/src/install/rl_driver/lib/python3.8/site-packages/rl_driver-0.0.0-py3.8.egg-info
[2.920s] running install_scripts
[3.073s] Installing rl_node script to /home/auria/src/install/rl_driver/lib/rl_driver
[3.075s] writing list of installed files to '/home/auria/src/build/rl_driver/install.log'
[3.162s] Invoked command in '/home/auria/src/rl_driver' returned '0': PYTHONPATH=/home/auria/src/build/rl_driver/prefix_override:/home/auria/src/install/rl_driver/lib/python3.8/site-packages: /usr/bin/python3 setup.py egg_info --egg-base ../build/rl_driver build --build-base /home/auria/src/build/rl_driver/build install --record /home/auria/src/build/rl_driver/install.log --single-version-externally-managed
