[2.309s] Invoking command in '/home/auria/src/rl_driver': PYTHONPATH=/home/auria/src/build/rl_driver/prefix_override:/home/auria/src/install/rl_driver/lib/python3.8/site-packages:${PYTHONPATH} /usr/bin/python3 setup.py egg_info --egg-base ../build/rl_driver build --build-base /home/auria/src/build/rl_driver/build install --record /home/auria/src/build/rl_driver/install.log --single-version-externally-managed
[3.127s] running egg_info
[3.131s] writing ../build/rl_driver/rl_driver.egg-info/PKG-INFO
[3.132s] writing dependency_links to ../build/rl_driver/rl_driver.egg-info/dependency_links.txt
[3.132s] writing entry points to ../build/rl_driver/rl_driver.egg-info/entry_points.txt
[3.134s] writing requirements to ../build/rl_driver/rl_driver.egg-info/requires.txt
[3.134s] writing top-level names to ../build/rl_driver/rl_driver.egg-info/top_level.txt
[3.268s] reading manifest file '../build/rl_driver/rl_driver.egg-info/SOURCES.txt'
[3.271s] writing manifest file '../build/rl_driver/rl_driver.egg-info/SOURCES.txt'
[3.271s] running build
[3.271s] running build_py
[3.272s] copying rl_driver/ros2_env.py -> /home/auria/src/build/rl_driver/build/lib/rl_driver
[3.273s] running install
[3.284s] running install_lib
[3.284s] copying /home/auria/src/build/rl_driver/build/lib/rl_driver/ros2_env.py -> /home/auria/src/install/rl_driver/lib/python3.8/site-packages/rl_driver
[3.289s] byte-compiling /home/auria/src/install/rl_driver/lib/python3.8/site-packages/rl_driver/ros2_env.py to ros2_env.cpython-38.pyc
[3.298s] running install_data
[3.299s] running install_egg_info
[3.305s] removing '/home/auria/src/install/rl_driver/lib/python3.8/site-packages/rl_driver-0.0.0-py3.8.egg-info' (and everything under it)
[3.307s] Copying ../build/rl_driver/rl_driver.egg-info to /home/auria/src/install/rl_driver/lib/python3.8/site-packages/rl_driver-0.0.0-py3.8.egg-info
[3.311s] running install_scripts
[3.376s] Installing rl_node script to /home/auria/src/install/rl_driver/lib/rl_driver
[3.378s] Installing train script to /home/auria/src/install/rl_driver/lib/rl_driver
[3.380s] writing list of installed files to '/home/auria/src/build/rl_driver/install.log'
[3.460s] Invoked command in '/home/auria/src/rl_driver' returned '0': PYTHONPATH=/home/auria/src/build/rl_driver/prefix_override:/home/auria/src/install/rl_driver/lib/python3.8/site-packages:${PYTHONPATH} /usr/bin/python3 setup.py egg_info --egg-base ../build/rl_driver build --build-base /home/auria/src/build/rl_driver/build install --record /home/auria/src/build/rl_driver/install.log --single-version-externally-managed
