[2.325s] Invoking command in '/home/auria/src/rl_driver': PYTHONPATH=/home/auria/build/rl_driver/prefix_override:/home/auria/install/rl_driver/lib/python3.8/site-packages: /usr/bin/python3 setup.py egg_info --egg-base ../../build/rl_driver build --build-base /home/auria/build/rl_driver/build install --record /home/auria/build/rl_driver/install.log --single-version-externally-managed
[2.994s] running egg_info
[2.996s] creating ../../build/rl_driver/rl_driver.egg-info
[3.002s] writing ../../build/rl_driver/rl_driver.egg-info/PKG-INFO
[3.003s] writing dependency_links to ../../build/rl_driver/rl_driver.egg-info/dependency_links.txt
[3.003s] writing entry points to ../../build/rl_driver/rl_driver.egg-info/entry_points.txt
[3.004s] writing requirements to ../../build/rl_driver/rl_driver.egg-info/requires.txt
[3.004s] writing top-level names to ../../build/rl_driver/rl_driver.egg-info/top_level.txt
[3.005s] writing manifest file '../../build/rl_driver/rl_driver.egg-info/SOURCES.txt'
[3.139s] reading manifest file '../../build/rl_driver/rl_driver.egg-info/SOURCES.txt'
[3.141s] writing manifest file '../../build/rl_driver/rl_driver.egg-info/SOURCES.txt'
[3.142s] running build
[3.142s] running build_py
[3.143s] creating /home/auria/build/rl_driver/build
[3.144s] creating /home/auria/build/rl_driver/build/lib
[3.144s] creating /home/auria/build/rl_driver/build/lib/rl_driver
[3.144s] copying rl_driver/train.py -> /home/auria/build/rl_driver/build/lib/rl_driver
[3.147s] copying rl_driver/__init__.py -> /home/auria/build/rl_driver/build/lib/rl_driver
[3.147s] copying rl_driver/gym_ros2_env.py -> /home/auria/build/rl_driver/build/lib/rl_driver
[3.149s] copying rl_driver/rl_node.py -> /home/auria/build/rl_driver/build/lib/rl_driver
[3.149s] running install
[3.151s] running install_lib
[3.151s] creating /home/auria/install/rl_driver/lib/python3.8/site-packages/rl_driver
[3.152s] copying /home/auria/build/rl_driver/build/lib/rl_driver/train.py -> /home/auria/install/rl_driver/lib/python3.8/site-packages/rl_driver
[3.153s] copying /home/auria/build/rl_driver/build/lib/rl_driver/__init__.py -> /home/auria/install/rl_driver/lib/python3.8/site-packages/rl_driver
[3.153s] copying /home/auria/build/rl_driver/build/lib/rl_driver/gym_ros2_env.py -> /home/auria/install/rl_driver/lib/python3.8/site-packages/rl_driver
[3.155s] copying /home/auria/build/rl_driver/build/lib/rl_driver/rl_node.py -> /home/auria/install/rl_driver/lib/python3.8/site-packages/rl_driver
[3.155s] byte-compiling /home/auria/install/rl_driver/lib/python3.8/site-packages/rl_driver/train.py to train.cpython-38.pyc
[3.160s] byte-compiling /home/auria/install/rl_driver/lib/python3.8/site-packages/rl_driver/__init__.py to __init__.cpython-38.pyc
[3.160s] byte-compiling /home/auria/install/rl_driver/lib/python3.8/site-packages/rl_driver/gym_ros2_env.py to gym_ros2_env.cpython-38.pyc
[3.162s] byte-compiling /home/auria/install/rl_driver/lib/python3.8/site-packages/rl_driver/rl_node.py to rl_node.cpython-38.pyc
[3.164s] running install_data
[3.166s] creating /home/auria/install/rl_driver/share/ament_index
[3.166s] creating /home/auria/install/rl_driver/share/ament_index/resource_index
[3.167s] creating /home/auria/install/rl_driver/share/ament_index/resource_index/packages
[3.168s] copying resource/rl_driver -> /home/auria/install/rl_driver/share/ament_index/resource_index/packages
[3.168s] copying package.xml -> /home/auria/install/rl_driver/share/rl_driver
[3.168s] running install_egg_info
[3.174s] Copying ../../build/rl_driver/rl_driver.egg-info to /home/auria/install/rl_driver/lib/python3.8/site-packages/rl_driver-0.0.0-py3.8.egg-info
[3.177s] running install_scripts
[3.246s] Installing rl_node script to /home/auria/install/rl_driver/lib/rl_driver
[3.247s] writing list of installed files to '/home/auria/build/rl_driver/install.log'
