[2.299s] Invoking command in '/home/auria/src/rl_driver': PYTHONPATH=/home/auria/src/build/rl_driver/prefix_override:/home/auria/src/install/rl_driver/lib/python3.8/site-packages:${PYTHONPATH} /usr/bin/python3 setup.py egg_info --egg-base ../build/rl_driver build --build-base /home/auria/src/build/rl_driver/build install --record /home/auria/src/build/rl_driver/install.log --single-version-externally-managed
[3.127s] running egg_info
[3.133s] writing ../build/rl_driver/rl_driver.egg-info/PKG-INFO
[3.134s] writing dependency_links to ../build/rl_driver/rl_driver.egg-info/dependency_links.txt
[3.134s] writing entry points to ../build/rl_driver/rl_driver.egg-info/entry_points.txt
[3.134s] writing requirements to ../build/rl_driver/rl_driver.egg-info/requires.txt
[3.134s] writing top-level names to ../build/rl_driver/rl_driver.egg-info/top_level.txt
[3.275s] reading manifest file '../build/rl_driver/rl_driver.egg-info/SOURCES.txt'
[3.278s] writing manifest file '../build/rl_driver/rl_driver.egg-info/SOURCES.txt'
[3.279s] running build
[3.279s] running build_py
[3.280s] running install
[3.283s] running install_lib
[3.291s] running install_data
[3.294s] running install_egg_info
[3.298s] removing '/home/auria/src/install/rl_driver/lib/python3.8/site-packages/rl_driver-0.0.0-py3.8.egg-info' (and everything under it)
[3.299s] Copying ../build/rl_driver/rl_driver.egg-info to /home/auria/src/install/rl_driver/lib/python3.8/site-packages/rl_driver-0.0.0-py3.8.egg-info
[3.305s] running install_scripts
[3.387s] Installing rl_node script to /home/auria/src/install/rl_driver/lib/rl_driver
[3.390s] Installing train script to /home/auria/src/install/rl_driver/lib/rl_driver
[3.396s] writing list of installed files to '/home/auria/src/build/rl_driver/install.log'
[3.462s] Invoked command in '/home/auria/src/rl_driver' returned '0': PYTHONPATH=/home/auria/src/build/rl_driver/prefix_override:/home/auria/src/install/rl_driver/lib/python3.8/site-packages:${PYTHONPATH} /usr/bin/python3 setup.py egg_info --egg-base ../build/rl_driver build --build-base /home/auria/src/build/rl_driver/build install --record /home/auria/src/build/rl_driver/install.log --single-version-externally-managed
