[0.000000] (-) TimerEvent: {}
[0.003415] (-) JobUnselected: {'identifier': 'auria_msgs'}
[0.003568] (-) JobUnselected: {'identifier': 'environment'}
[0.003662] (rl_driver) JobQueued: {'identifier': 'rl_driver', 'dependencies': OrderedDict()}
[0.003746] (rl_driver) JobStarted: {'identifier': 'rl_driver'}
[0.100484] (-) TimerEvent: {}
[0.207133] (-) TimerEvent: {}
[0.307751] (-) TimerEvent: {}
[0.408457] (-) TimerEvent: {}
[0.510093] (-) TimerEvent: {}
[0.614789] (-) TimerEvent: {}
[0.717974] (-) TimerEvent: {}
[0.820325] (-) TimerEvent: {}
[0.925968] (-) TimerEvent: {}
[1.028223] (-) TimerEvent: {}
[1.131245] (-) TimerEvent: {}
[1.237282] (-) TimerEvent: {}
[1.342004] (-) TimerEvent: {}
[1.449203] (-) TimerEvent: {}
[1.550801] (-) TimerEvent: {}
[1.651485] (-) TimerEvent: {}
[1.754034] (-) TimerEvent: {}
[1.857668] (-) TimerEvent: {}
[1.961905] (-) TimerEvent: {}
[2.062963] (-) TimerEvent: {}
[2.164519] (-) TimerEvent: {}
[2.269910] (-) TimerEvent: {}
[2.372974] (-) TimerEvent: {}
[2.474553] (-) TimerEvent: {}
[2.576648] (-) TimerEvent: {}
[2.672193] (rl_driver) Command: {'cmd': ['/usr/bin/python3', 'setup.py', 'egg_info', '--egg-base', '../build/rl_driver', 'build', '--build-base', '/home/auria/src/build/rl_driver/build', 'install', '--record', '/home/auria/src/build/rl_driver/install.log', '--single-version-externally-managed'], 'cwd': '/home/auria/src/rl_driver', 'env': {'HOSTNAME': 'Ventupentu-portatil', 'SHLVL': '1', 'LIBGL_ALWAYS_SOFTWARE': '1', 'LD_LIBRARY_PATH': '/home/auria/src/install/auria_msgs/lib:/opt/ros/galactic/opt/yaml_cpp_vendor/lib:/opt/ros/galactic/lib/x86_64-linux-gnu:/opt/ros/galactic/lib', 'HOME': '/home/auria', 'OLDPWD': '/home/auria', 'ROS_PYTHON_VERSION': '3', 'QT_QPA_PLATFORM_PLUGIN_PATH': '/usr/lib/x86_64-linux-gnu/qt5/plugins/platforms', 'COLCON_PREFIX_PATH': '/home/auria/src/install', 'ROS_DISTRO': 'galactic', '_': '/usr/bin/colcon', 'ROS_VERSION': '2', 'TERM': 'xterm', 'ROS_LOCALHOST_ONLY': '0', 'QT_X11_NO_MITSHM': '1', 'PATH': '/opt/ros/galactic/bin:/usr/local/sbin:/usr/local/bin:/usr/sbin:/usr/bin:/sbin:/bin', 'DISPLAY': ':0', 'LANG': 'C.UTF-8', 'AMENT_PREFIX_PATH': '/home/auria/src/install/rl_driver:/home/auria/src/install/environment:/home/auria/src/install/auria_msgs:/opt/ros/galactic', 'PWD': '/home/auria/src/build/rl_driver', 'LC_ALL': 'C.UTF-8', 'PYTHONPATH': '/home/auria/src/build/rl_driver/prefix_override:/home/auria/src/install/rl_driver/lib/python3.8/site-packages:/home/auria/src/install/rl_driver/lib/python3.8/site-packages:/home/auria/src/install/environment/lib/python3.8/site-packages:/home/auria/src/install/auria_msgs/lib/python3.8/site-packages:/opt/ros/galactic/lib/python3.8/site-packages', 'COLCON': '1', 'CMAKE_PREFIX_PATH': '/home/auria/src/install/auria_msgs'}, 'shell': False}
[2.681997] (-) TimerEvent: {}
[2.783444] (-) TimerEvent: {}
[2.884989] (-) TimerEvent: {}
[2.988973] (-) TimerEvent: {}
[3.090923] (-) TimerEvent: {}
[3.192780] (-) TimerEvent: {}
[3.295963] (-) TimerEvent: {}
[3.396521] (-) TimerEvent: {}
[3.497113] (-) TimerEvent: {}
[3.594996] (rl_driver) StdoutLine: {'line': b'running egg_info\n'}
[3.597111] (rl_driver) StdoutLine: {'line': b'writing ../build/rl_driver/rl_driver.egg-info/PKG-INFO\n'}
[3.597487] (-) TimerEvent: {}
[3.598952] (rl_driver) StdoutLine: {'line': b'writing dependency_links to ../build/rl_driver/rl_driver.egg-info/dependency_links.txt\n'}
[3.601101] (rl_driver) StdoutLine: {'line': b'writing entry points to ../build/rl_driver/rl_driver.egg-info/entry_points.txt\n'}
[3.603490] (rl_driver) StdoutLine: {'line': b'writing requirements to ../build/rl_driver/rl_driver.egg-info/requires.txt\n'}
[3.604035] (rl_driver) StdoutLine: {'line': b'writing top-level names to ../build/rl_driver/rl_driver.egg-info/top_level.txt\n'}
[3.697672] (-) TimerEvent: {}
[3.760465] (rl_driver) StdoutLine: {'line': b"reading manifest file '../build/rl_driver/rl_driver.egg-info/SOURCES.txt'\n"}
[3.765499] (rl_driver) StdoutLine: {'line': b"writing manifest file '../build/rl_driver/rl_driver.egg-info/SOURCES.txt'\n"}
[3.767396] (rl_driver) StdoutLine: {'line': b'running build\n'}
[3.767871] (rl_driver) StdoutLine: {'line': b'running build_py\n'}
[3.768370] (rl_driver) StdoutLine: {'line': b'copying rl_driver/train.py -> /home/auria/src/build/rl_driver/build/lib/rl_driver\n'}
[3.770734] (rl_driver) StdoutLine: {'line': b'running install\n'}
[3.777999] (rl_driver) StdoutLine: {'line': b'running install_lib\n'}
[3.780289] (rl_driver) StdoutLine: {'line': b'copying /home/auria/src/build/rl_driver/build/lib/rl_driver/train.py -> /home/auria/src/install/rl_driver/lib/python3.8/site-packages/rl_driver\n'}
[3.784537] (rl_driver) StdoutLine: {'line': b'byte-compiling /home/auria/src/install/rl_driver/lib/python3.8/site-packages/rl_driver/train.py to train.cpython-38.pyc\n'}
[3.791084] (rl_driver) StdoutLine: {'line': b'running install_data\n'}
[3.795047] (rl_driver) StdoutLine: {'line': b'running install_egg_info\n'}
[3.797957] (-) TimerEvent: {}
[3.805292] (rl_driver) StdoutLine: {'line': b"removing '/home/auria/src/install/rl_driver/lib/python3.8/site-packages/rl_driver-0.0.0-py3.8.egg-info' (and everything under it)\n"}
[3.808480] (rl_driver) StdoutLine: {'line': b'Copying ../build/rl_driver/rl_driver.egg-info to /home/auria/src/install/rl_driver/lib/python3.8/site-packages/rl_driver-0.0.0-py3.8.egg-info\n'}
[3.820856] (rl_driver) StdoutLine: {'line': b'running install_scripts\n'}
[3.895468] (rl_driver) StdoutLine: {'line': b'Installing rl_node script to /home/auria/src/install/rl_driver/lib/rl_driver\n'}
[3.896430] (rl_driver) StdoutLine: {'line': b'Installing train script to /home/auria/src/install/rl_driver/lib/rl_driver\n'}
[3.898236] (-) TimerEvent: {}
[3.900234] (rl_driver) StdoutLine: {'line': b"writing list of installed files to '/home/auria/src/build/rl_driver/install.log'\n"}
[3.982981] (rl_driver) CommandEnded: {'returncode': 0}
[4.002091] (-) TimerEvent: {}
[4.079902] (rl_driver) JobEnded: {'identifier': 'rl_driver', 'rc': 0}
[4.088499] (-) EventReactorShutdown: {}
