[0.000000] (-) TimerEvent: {}
[0.000454] (-) JobUnselected: {'identifier': 'auria_msgs'}
[0.000614] (-) JobUnselected: {'identifier': 'environment'}
[0.000725] (rl_driver) JobQueued: {'identifier': 'rl_driver', 'dependencies': OrderedDict()}
[0.000809] (rl_driver) JobStarted: {'identifier': 'rl_driver'}
[0.097106] (-) TimerEvent: {}
[0.199644] (-) TimerEvent: {}
[0.301639] (-) TimerEvent: {}
[0.404399] (-) TimerEvent: {}
[0.505027] (-) TimerEvent: {}
[0.606583] (-) TimerEvent: {}
[0.708090] (-) TimerEvent: {}
[0.808656] (-) TimerEvent: {}
[0.909332] (-) TimerEvent: {}
[1.011649] (-) TimerEvent: {}
[1.119308] (-) TimerEvent: {}
[1.221732] (-) TimerEvent: {}
[1.324161] (-) TimerEvent: {}
[1.430789] (-) TimerEvent: {}
[1.534735] (-) TimerEvent: {}
[1.636473] (-) TimerEvent: {}
[1.738021] (-) TimerEvent: {}
[1.839076] (-) TimerEvent: {}
[1.939637] (-) TimerEvent: {}
[2.040277] (-) TimerEvent: {}
[2.142097] (-) TimerEvent: {}
[2.243093] (-) TimerEvent: {}
[2.314168] (rl_driver) Command: {'cmd': ['/usr/bin/python3', 'setup.py', 'egg_info', '--egg-base', '../build/rl_driver', 'build', '--build-base', '/home/auria/src/build/rl_driver/build', 'install', '--record', '/home/auria/src/build/rl_driver/install.log', '--single-version-externally-managed'], 'cwd': '/home/auria/src/rl_driver', 'env': {'HOSTNAME': 'Ventupentu-portatil', 'SHLVL': '1', 'LIBGL_ALWAYS_SOFTWARE': '1', 'LD_LIBRARY_PATH': '/home/auria/src/install/auria_msgs/lib:/opt/ros/galactic/opt/yaml_cpp_vendor/lib:/opt/ros/galactic/lib/x86_64-linux-gnu:/opt/ros/galactic/lib', 'HOME': '/home/auria', 'OLDPWD': '/home/auria', 'ROS_PYTHON_VERSION': '3', 'QT_QPA_PLATFORM_PLUGIN_PATH': '/usr/lib/x86_64-linux-gnu/qt5/plugins/platforms', 'COLCON_PREFIX_PATH': '/home/auria/src/install', 'ROS_DISTRO': 'galactic', '_': '/usr/bin/colcon', 'ROS_VERSION': '2', 'TERM': 'xterm', 'ROS_LOCALHOST_ONLY': '0', 'QT_X11_NO_MITSHM': '1', 'PATH': '/opt/ros/galactic/bin:/usr/local/sbin:/usr/local/bin:/usr/sbin:/usr/bin:/sbin:/bin', 'DISPLAY': ':0', 'LANG': 'C.UTF-8', 'AMENT_PREFIX_PATH': '/home/auria/src/install/rl_driver:/home/auria/src/install/environment:/home/auria/src/install/auria_msgs:/opt/ros/galactic', 'PWD': '/home/auria/src/build/rl_driver', 'LC_ALL': 'C.UTF-8', 'PYTHONPATH': '/home/auria/src/build/rl_driver/prefix_override:/home/auria/src/install/rl_driver/lib/python3.8/site-packages:/home/auria/src/install/rl_driver/lib/python3.8/site-packages:/home/auria/src/install/environment/lib/python3.8/site-packages:/home/auria/src/install/auria_msgs/lib/python3.8/site-packages:/opt/ros/galactic/lib/python3.8/site-packages', 'COLCON': '1', 'CMAKE_PREFIX_PATH': '/home/auria/src/install/auria_msgs'}, 'shell': False}
[2.345048] (-) TimerEvent: {}
[2.446976] (-) TimerEvent: {}
[2.551238] (-) TimerEvent: {}
[2.651868] (-) TimerEvent: {}
[2.752694] (-) TimerEvent: {}
[2.853778] (-) TimerEvent: {}
[2.954329] (-) TimerEvent: {}
[3.055353] (-) TimerEvent: {}
[3.155105] (rl_driver) StdoutLine: {'line': b'running egg_info\n'}
[3.156123] (-) TimerEvent: {}
[3.157018] (rl_driver) StdoutLine: {'line': b'writing ../build/rl_driver/rl_driver.egg-info/PKG-INFO\n'}
[3.159207] (rl_driver) StdoutLine: {'line': b'writing dependency_links to ../build/rl_driver/rl_driver.egg-info/dependency_links.txt\n'}
[3.161252] (rl_driver) StdoutLine: {'line': b'writing entry points to ../build/rl_driver/rl_driver.egg-info/entry_points.txt\n'}
[3.161671] (rl_driver) StdoutLine: {'line': b'writing requirements to ../build/rl_driver/rl_driver.egg-info/requires.txt\n'}
[3.161991] (rl_driver) StdoutLine: {'line': b'writing top-level names to ../build/rl_driver/rl_driver.egg-info/top_level.txt\n'}
[3.256307] (-) TimerEvent: {}
[3.299994] (rl_driver) StdoutLine: {'line': b"reading manifest file '../build/rl_driver/rl_driver.egg-info/SOURCES.txt'\n"}
[3.304354] (rl_driver) StdoutLine: {'line': b"writing manifest file '../build/rl_driver/rl_driver.egg-info/SOURCES.txt'\n"}
[3.304987] (rl_driver) StdoutLine: {'line': b'running build\n'}
[3.305301] (rl_driver) StdoutLine: {'line': b'running build_py\n'}
[3.305880] (rl_driver) StdoutLine: {'line': b'copying rl_driver/ros2_env.py -> /home/auria/src/build/rl_driver/build/lib/rl_driver\n'}
[3.310429] (rl_driver) StdoutLine: {'line': b'running install\n'}
[3.315191] (rl_driver) StdoutLine: {'line': b'running install_lib\n'}
[3.319013] (rl_driver) StdoutLine: {'line': b'copying /home/auria/src/build/rl_driver/build/lib/rl_driver/ros2_env.py -> /home/auria/src/install/rl_driver/lib/python3.8/site-packages/rl_driver\n'}
[3.322100] (rl_driver) StdoutLine: {'line': b'byte-compiling /home/auria/src/install/rl_driver/lib/python3.8/site-packages/rl_driver/ros2_env.py to ros2_env.cpython-38.pyc\n'}
[3.332599] (rl_driver) StdoutLine: {'line': b'running install_data\n'}
[3.333117] (rl_driver) StdoutLine: {'line': b'running install_egg_info\n'}
[3.342128] (rl_driver) StdoutLine: {'line': b"removing '/home/auria/src/install/rl_driver/lib/python3.8/site-packages/rl_driver-0.0.0-py3.8.egg-info' (and everything under it)\n"}
[3.342576] (rl_driver) StdoutLine: {'line': b'Copying ../build/rl_driver/rl_driver.egg-info to /home/auria/src/install/rl_driver/lib/python3.8/site-packages/rl_driver-0.0.0-py3.8.egg-info\n'}
[3.346227] (rl_driver) StdoutLine: {'line': b'running install_scripts\n'}
[3.356488] (-) TimerEvent: {}
[3.422222] (rl_driver) StdoutLine: {'line': b'Installing rl_node script to /home/auria/src/install/rl_driver/lib/rl_driver\n'}
[3.426013] (rl_driver) StdoutLine: {'line': b'Installing train script to /home/auria/src/install/rl_driver/lib/rl_driver\n'}
[3.427155] (rl_driver) StdoutLine: {'line': b"writing list of installed files to '/home/auria/src/build/rl_driver/install.log'\n"}
[3.458671] (-) TimerEvent: {}
[3.508897] (rl_driver) CommandEnded: {'returncode': 0}
[3.562276] (-) TimerEvent: {}
[3.594787] (rl_driver) JobEnded: {'identifier': 'rl_driver', 'rc': 0}
[3.596585] (-) EventReactorShutdown: {}
