[0.000000] (-) TimerEvent: {}
[0.000479] (auria_msgs) JobQueued: {'identifier': 'auria_msgs', 'dependencies': OrderedDict()}
[0.000635] (rl_driver) JobQueued: {'identifier': 'rl_driver', 'dependencies': OrderedDict()}
[0.000738] (environment) JobQueued: {'identifier': 'environment', 'dependencies': OrderedDict([('auria_msgs', '/home/auria/src/install/auria_msgs')])}
[0.000842] (auria_msgs) JobStarted: {'identifier': 'auria_msgs'}
[0.043903] (rl_driver) JobStarted: {'identifier': 'rl_driver'}
[0.100915] (-) TimerEvent: {}
[0.103013] (auria_msgs) JobProgress: {'identifier': 'auria_msgs', 'progress': 'cmake'}
[0.107144] (auria_msgs) JobProgress: {'identifier': 'auria_msgs', 'progress': 'build'}
[0.110851] (auria_msgs) Command: {'cmd': ['/usr/bin/cmake', '--build', '/home/auria/src/build/auria_msgs', '--', '-j4', '-l4'], 'cwd': '/home/auria/src/build/auria_msgs', 'env': OrderedDict([('HOSTNAME', 'Ventupentu-portatil'), ('SHLVL', '1'), ('LIBGL_ALWAYS_SOFTWARE', '1'), ('LD_LIBRARY_PATH', '/home/auria/src/install/auria_msgs/lib:/opt/ros/galactic/opt/yaml_cpp_vendor/lib:/opt/ros/galactic/lib/x86_64-linux-gnu:/opt/ros/galactic/lib'), ('HOME', '/home/auria'), ('OLDPWD', '/home/auria'), ('ROS_PYTHON_VERSION', '3'), ('QT_QPA_PLATFORM_PLUGIN_PATH', '/usr/lib/x86_64-linux-gnu/qt5/plugins/platforms'), ('COLCON_PREFIX_PATH', '/home/auria/src/install'), ('ROS_DISTRO', 'galactic'), ('_', '/usr/bin/colcon'), ('ROS_VERSION', '2'), ('TERM', 'xterm'), ('ROS_LOCALHOST_ONLY', '0'), ('QT_X11_NO_MITSHM', '1'), ('PATH', '/opt/ros/galactic/bin:/usr/local/sbin:/usr/local/bin:/usr/sbin:/usr/bin:/sbin:/bin'), ('DISPLAY', ':0'), ('LANG', 'C.UTF-8'), ('AMENT_PREFIX_PATH', '/home/auria/src/install/rl_driver:/home/auria/src/install/environment:/home/auria/src/install/auria_msgs:/opt/ros/galactic'), ('PWD', '/home/auria/src/build/auria_msgs'), ('LC_ALL', 'C.UTF-8'), ('PYTHONPATH', '/home/auria/src/install/rl_driver/lib/python3.8/site-packages:/home/auria/src/install/environment/lib/python3.8/site-packages:/home/auria/src/install/auria_msgs/lib/python3.8/site-packages:/opt/ros/galactic/lib/python3.8/site-packages'), ('COLCON', '1'), ('CMAKE_PREFIX_PATH', '/home/auria/src/install/auria_msgs:/home/auria/src/install/rl_driver:/home/auria/src/install/environment:/opt/ros/galactic')]), 'shell': False}
[0.204982] (-) TimerEvent: {}
[0.310191] (-) TimerEvent: {}
[0.412313] (-) TimerEvent: {}
[0.513586] (-) TimerEvent: {}
[0.620420] (-) TimerEvent: {}
[0.723194] (-) TimerEvent: {}
[0.827487] (-) TimerEvent: {}
[0.933186] (-) TimerEvent: {}
[1.038184] (-) TimerEvent: {}
[1.140825] (-) TimerEvent: {}
[1.241437] (-) TimerEvent: {}
[1.344294] (-) TimerEvent: {}
[1.449020] (-) TimerEvent: {}
[1.489750] (auria_msgs) StdoutLine: {'line': b'[  4%] Built target auria_msgs__cpp\n'}
[1.491231] (auria_msgs) StdoutLine: {'line': b'[ 17%] Built target auria_msgs__rosidl_generator_c\n'}
[1.493195] (auria_msgs) StdoutLine: {'line': b'[ 30%] Built target auria_msgs__rosidl_typesupport_introspection_cpp\n'}
[1.493556] (auria_msgs) StdoutLine: {'line': b'[ 43%] Built target auria_msgs__rosidl_typesupport_introspection_c\n'}
[1.493842] (auria_msgs) StdoutLine: {'line': b'[ 56%] Built target auria_msgs__rosidl_typesupport_cpp\n'}
[1.494363] (auria_msgs) StdoutLine: {'line': b'[ 69%] Built target auria_msgs__rosidl_typesupport_c\n'}
[1.494788] (auria_msgs) StdoutLine: {'line': b'[ 69%] Built target auria_msgs\n'}
[1.495058] (auria_msgs) StdoutLine: {'line': b'[ 73%] Built target auria_msgs__py\n'}
[1.495379] (auria_msgs) StdoutLine: {'line': b'[ 82%] Built target auria_msgs__python\n'}
[1.539347] (auria_msgs) StdoutLine: {'line': b'[ 91%] Built target auria_msgs__rosidl_typesupport_c__pyext\n'}
[1.551215] (-) TimerEvent: {}
[1.554217] (auria_msgs) StdoutLine: {'line': b'[100%] Built target auria_msgs__rosidl_typesupport_introspection_c__pyext\n'}
[1.627188] (auria_msgs) CommandEnded: {'returncode': 0}
[1.653511] (-) TimerEvent: {}
[1.754773] (-) TimerEvent: {}
[1.856749] (-) TimerEvent: {}
[1.859968] (auria_msgs) JobProgress: {'identifier': 'auria_msgs', 'progress': 'install'}
[1.918801] (auria_msgs) Command: {'cmd': ['/usr/bin/cmake', '--install', '/home/auria/src/build/auria_msgs'], 'cwd': '/home/auria/src/build/auria_msgs', 'env': OrderedDict([('HOSTNAME', 'Ventupentu-portatil'), ('SHLVL', '1'), ('LIBGL_ALWAYS_SOFTWARE', '1'), ('LD_LIBRARY_PATH', '/home/auria/src/install/auria_msgs/lib:/opt/ros/galactic/opt/yaml_cpp_vendor/lib:/opt/ros/galactic/lib/x86_64-linux-gnu:/opt/ros/galactic/lib'), ('HOME', '/home/auria'), ('OLDPWD', '/home/auria'), ('ROS_PYTHON_VERSION', '3'), ('QT_QPA_PLATFORM_PLUGIN_PATH', '/usr/lib/x86_64-linux-gnu/qt5/plugins/platforms'), ('COLCON_PREFIX_PATH', '/home/auria/src/install'), ('ROS_DISTRO', 'galactic'), ('_', '/usr/bin/colcon'), ('ROS_VERSION', '2'), ('TERM', 'xterm'), ('ROS_LOCALHOST_ONLY', '0'), ('QT_X11_NO_MITSHM', '1'), ('PATH', '/opt/ros/galactic/bin:/usr/local/sbin:/usr/local/bin:/usr/sbin:/usr/bin:/sbin:/bin'), ('DISPLAY', ':0'), ('LANG', 'C.UTF-8'), ('AMENT_PREFIX_PATH', '/home/auria/src/install/rl_driver:/home/auria/src/install/environment:/home/auria/src/install/auria_msgs:/opt/ros/galactic'), ('PWD', '/home/auria/src/build/auria_msgs'), ('LC_ALL', 'C.UTF-8'), ('PYTHONPATH', '/home/auria/src/install/rl_driver/lib/python3.8/site-packages:/home/auria/src/install/environment/lib/python3.8/site-packages:/home/auria/src/install/auria_msgs/lib/python3.8/site-packages:/opt/ros/galactic/lib/python3.8/site-packages'), ('COLCON', '1'), ('CMAKE_PREFIX_PATH', '/home/auria/src/install/auria_msgs:/home/auria/src/install/rl_driver:/home/auria/src/install/environment:/opt/ros/galactic')]), 'shell': False}
[1.956969] (-) TimerEvent: {}
[1.958709] (auria_msgs) StdoutLine: {'line': b'-- Install configuration: ""\n'}
[1.962651] (auria_msgs) StdoutLine: {'line': b'-- Up-to-date: /home/auria/src/install/auria_msgs/share/ament_index/resource_index/rosidl_interfaces/auria_msgs\n'}
[1.963143] (auria_msgs) StdoutLine: {'line': b'-- Up-to-date: /home/auria/src/install/auria_msgs/include/auria_msgs\n'}
[1.963464] (auria_msgs) StdoutLine: {'line': b'-- Up-to-date: /home/auria/src/install/auria_msgs/include/auria_msgs/msg\n'}
[1.963741] (auria_msgs) StdoutLine: {'line': b'-- Up-to-date: /home/auria/src/install/auria_msgs/include/auria_msgs/msg/point_array.h\n'}
[1.964004] (auria_msgs) StdoutLine: {'line': b'-- Up-to-date: /home/auria/src/install/auria_msgs/include/auria_msgs/msg/rosidl_generator_c__visibility_control.h\n'}
[1.964301] (auria_msgs) StdoutLine: {'line': b'-- Up-to-date: /home/auria/src/install/auria_msgs/include/auria_msgs/msg/detail\n'}
[1.964562] (auria_msgs) StdoutLine: {'line': b'-- Up-to-date: /home/auria/src/install/auria_msgs/include/auria_msgs/msg/detail/point_array__struct.h\n'}
[1.964814] (auria_msgs) StdoutLine: {'line': b'-- Up-to-date: /home/auria/src/install/auria_msgs/include/auria_msgs/msg/detail/point_array__type_support.h\n'}
[1.980377] (auria_msgs) StdoutLine: {'line': b'-- Up-to-date: /home/auria/src/install/auria_msgs/include/auria_msgs/msg/detail/point_array__functions.h\n'}
[1.992580] (auria_msgs) StdoutLine: {'line': b'-- Up-to-date: /home/auria/src/install/auria_msgs/include/auria_msgs/msg/detail/point_array__functions.c\n'}
[1.992931] (auria_msgs) StdoutLine: {'line': b'-- Up-to-date: /home/auria/src/install/auria_msgs/share/auria_msgs/environment/library_path.sh\n'}
[1.993253] (auria_msgs) StdoutLine: {'line': b'-- Up-to-date: /home/auria/src/install/auria_msgs/share/auria_msgs/environment/library_path.dsv\n'}
[1.993535] (auria_msgs) StdoutLine: {'line': b'-- Up-to-date: /home/auria/src/install/auria_msgs/lib/libauria_msgs__rosidl_generator_c.so\n'}
[1.993796] (auria_msgs) StdoutLine: {'line': b'-- Up-to-date: /home/auria/src/install/auria_msgs/include/auria_msgs\n'}
[1.994052] (auria_msgs) StdoutLine: {'line': b'-- Up-to-date: /home/auria/src/install/auria_msgs/include/auria_msgs/msg\n'}
[2.000495] (auria_msgs) StdoutLine: {'line': b'-- Up-to-date: /home/auria/src/install/auria_msgs/include/auria_msgs/msg/rosidl_typesupport_introspection_c__visibility_control.h\n'}
[2.000825] (auria_msgs) StdoutLine: {'line': b'-- Up-to-date: /home/auria/src/install/auria_msgs/include/auria_msgs/msg/detail\n'}
[2.001153] (auria_msgs) StdoutLine: {'line': b'-- Up-to-date: /home/auria/src/install/auria_msgs/include/auria_msgs/msg/detail/point_array__type_support.c\n'}
[2.001449] (auria_msgs) StdoutLine: {'line': b'-- Up-to-date: /home/auria/src/install/auria_msgs/include/auria_msgs/msg/detail/point_array__rosidl_typesupport_introspection_c.h\n'}
[2.001710] (auria_msgs) StdoutLine: {'line': b'-- Up-to-date: /home/auria/src/install/auria_msgs/lib/libauria_msgs__rosidl_typesupport_introspection_c.so\n'}
[2.001966] (auria_msgs) StdoutLine: {'line': b'-- Up-to-date: /home/auria/src/install/auria_msgs/lib/libauria_msgs__rosidl_typesupport_c.so\n'}
[2.002249] (auria_msgs) StdoutLine: {'line': b'-- Up-to-date: /home/auria/src/install/auria_msgs/include/auria_msgs\n'}
[2.002509] (auria_msgs) StdoutLine: {'line': b'-- Up-to-date: /home/auria/src/install/auria_msgs/include/auria_msgs/msg\n'}
[2.002759] (auria_msgs) StdoutLine: {'line': b'-- Up-to-date: /home/auria/src/install/auria_msgs/include/auria_msgs/msg/point_array.hpp\n'}
[2.003008] (auria_msgs) StdoutLine: {'line': b'-- Up-to-date: /home/auria/src/install/auria_msgs/include/auria_msgs/msg/detail\n'}
[2.016651] (auria_msgs) StdoutLine: {'line': b'-- Up-to-date: /home/auria/src/install/auria_msgs/include/auria_msgs/msg/detail/point_array__struct.hpp\n'}
[2.017014] (auria_msgs) StdoutLine: {'line': b'-- Up-to-date: /home/auria/src/install/auria_msgs/include/auria_msgs/msg/detail/point_array__builder.hpp\n'}
[2.026784] (auria_msgs) StdoutLine: {'line': b'-- Up-to-date: /home/auria/src/install/auria_msgs/include/auria_msgs/msg/detail/point_array__traits.hpp\n'}
[2.027262] (auria_msgs) StdoutLine: {'line': b'-- Up-to-date: /home/auria/src/install/auria_msgs/include/auria_msgs\n'}
[2.027634] (auria_msgs) StdoutLine: {'line': b'-- Up-to-date: /home/auria/src/install/auria_msgs/include/auria_msgs/msg\n'}
[2.027914] (auria_msgs) StdoutLine: {'line': b'-- Up-to-date: /home/auria/src/install/auria_msgs/include/auria_msgs/msg/detail\n'}
[2.028207] (auria_msgs) StdoutLine: {'line': b'-- Up-to-date: /home/auria/src/install/auria_msgs/include/auria_msgs/msg/detail/point_array__rosidl_typesupport_introspection_cpp.hpp\n'}
[2.028483] (auria_msgs) StdoutLine: {'line': b'-- Up-to-date: /home/auria/src/install/auria_msgs/include/auria_msgs/msg/detail/point_array__type_support.cpp\n'}
[2.028737] (auria_msgs) StdoutLine: {'line': b'-- Up-to-date: /home/auria/src/install/auria_msgs/lib/libauria_msgs__rosidl_typesupport_introspection_cpp.so\n'}
[2.028985] (auria_msgs) StdoutLine: {'line': b'-- Up-to-date: /home/auria/src/install/auria_msgs/lib/libauria_msgs__rosidl_typesupport_cpp.so\n'}
[2.029281] (auria_msgs) StdoutLine: {'line': b'-- Up-to-date: /home/auria/src/install/auria_msgs/share/auria_msgs/environment/pythonpath.sh\n'}
[2.029537] (auria_msgs) StdoutLine: {'line': b'-- Up-to-date: /home/auria/src/install/auria_msgs/share/auria_msgs/environment/pythonpath.dsv\n'}
[2.029832] (auria_msgs) StdoutLine: {'line': b'-- Up-to-date: /home/auria/src/install/auria_msgs/lib/python3.8/site-packages/auria_msgs/__init__.py\n'}
[2.057165] (-) TimerEvent: {}
[2.133312] (auria_msgs) StdoutLine: {'line': b'-- Up-to-date: /home/auria/src/install/auria_msgs/lib/python3.8/site-packages/auria_msgs/msg\n'}
[2.133818] (auria_msgs) StdoutLine: {'line': b'-- Up-to-date: /home/auria/src/install/auria_msgs/lib/python3.8/site-packages/auria_msgs/msg/_point_array_s.c\n'}
[2.142304] (auria_msgs) StdoutLine: {'line': b'-- Up-to-date: /home/auria/src/install/auria_msgs/lib/python3.8/site-packages/auria_msgs/msg/__init__.py\n'}
[2.142794] (auria_msgs) StdoutLine: {'line': b'-- Up-to-date: /home/auria/src/install/auria_msgs/lib/python3.8/site-packages/auria_msgs/msg/_point_array.py\n'}
[2.144976] (auria_msgs) StdoutLine: {'line': b'-- Up-to-date: /home/auria/src/install/auria_msgs/lib/python3.8/site-packages/auria_msgs/auria_msgs_s__rosidl_typesupport_introspection_c.cpython-38-x86_64-linux-gnu.so\n'}
[2.149389] (auria_msgs) StdoutLine: {'line': b'-- Up-to-date: /home/auria/src/install/auria_msgs/lib/python3.8/site-packages/auria_msgs/auria_msgs_s__rosidl_typesupport_c.cpython-38-x86_64-linux-gnu.so\n'}
[2.152887] (auria_msgs) StdoutLine: {'line': b'-- Up-to-date: /home/auria/src/install/auria_msgs/lib/libauria_msgs__python.so\n'}
[2.154983] (auria_msgs) StdoutLine: {'line': b'-- Up-to-date: /home/auria/src/install/auria_msgs/share/auria_msgs/msg/PointArray.idl\n'}
[2.157332] (auria_msgs) StdoutLine: {'line': b'-- Up-to-date: /home/auria/src/install/auria_msgs/share/auria_msgs/msg/PointArray.msg\n'}
[2.157719] (-) TimerEvent: {}
[2.160295] (auria_msgs) StdoutLine: {'line': b'-- Up-to-date: /home/auria/src/install/auria_msgs/share/ament_index/resource_index/package_run_dependencies/auria_msgs\n'}
[2.161558] (auria_msgs) StdoutLine: {'line': b'-- Up-to-date: /home/auria/src/install/auria_msgs/share/ament_index/resource_index/parent_prefix_path/auria_msgs\n'}
[2.161867] (auria_msgs) StdoutLine: {'line': b'-- Up-to-date: /home/auria/src/install/auria_msgs/share/auria_msgs/environment/ament_prefix_path.sh\n'}
[2.162157] (auria_msgs) StdoutLine: {'line': b'-- Up-to-date: /home/auria/src/install/auria_msgs/share/auria_msgs/environment/ament_prefix_path.dsv\n'}
[2.162442] (auria_msgs) StdoutLine: {'line': b'-- Up-to-date: /home/auria/src/install/auria_msgs/share/auria_msgs/environment/path.sh\n'}
[2.165743] (auria_msgs) StdoutLine: {'line': b'-- Up-to-date: /home/auria/src/install/auria_msgs/share/auria_msgs/environment/path.dsv\n'}
[2.168329] (auria_msgs) StdoutLine: {'line': b'-- Up-to-date: /home/auria/src/install/auria_msgs/share/auria_msgs/local_setup.bash\n'}
[2.169859] (auria_msgs) StdoutLine: {'line': b'-- Up-to-date: /home/auria/src/install/auria_msgs/share/auria_msgs/local_setup.sh\n'}
[2.170277] (auria_msgs) StdoutLine: {'line': b'-- Up-to-date: /home/auria/src/install/auria_msgs/share/auria_msgs/local_setup.zsh\n'}
[2.170577] (auria_msgs) StdoutLine: {'line': b'-- Up-to-date: /home/auria/src/install/auria_msgs/share/auria_msgs/local_setup.dsv\n'}
[2.174495] (auria_msgs) StdoutLine: {'line': b'-- Installing: /home/auria/src/install/auria_msgs/share/auria_msgs/package.dsv\n'}
[2.176337] (auria_msgs) StdoutLine: {'line': b'-- Up-to-date: /home/auria/src/install/auria_msgs/share/ament_index/resource_index/packages/auria_msgs\n'}
[2.180145] (auria_msgs) StdoutLine: {'line': b'-- Up-to-date: /home/auria/src/install/auria_msgs/share/auria_msgs/cmake/auria_msgs__rosidl_generator_cExport.cmake\n'}
[2.183498] (auria_msgs) StdoutLine: {'line': b'-- Up-to-date: /home/auria/src/install/auria_msgs/share/auria_msgs/cmake/auria_msgs__rosidl_generator_cExport-noconfig.cmake\n'}
[2.186257] (auria_msgs) StdoutLine: {'line': b'-- Up-to-date: /home/auria/src/install/auria_msgs/share/auria_msgs/cmake/auria_msgs__rosidl_typesupport_introspection_cExport.cmake\n'}
[2.194599] (auria_msgs) StdoutLine: {'line': b'-- Up-to-date: /home/auria/src/install/auria_msgs/share/auria_msgs/cmake/auria_msgs__rosidl_typesupport_introspection_cExport-noconfig.cmake\n'}
[2.199580] (auria_msgs) StdoutLine: {'line': b'-- Up-to-date: /home/auria/src/install/auria_msgs/share/auria_msgs/cmake/auria_msgs__rosidl_typesupport_cExport.cmake\n'}
[2.200068] (auria_msgs) StdoutLine: {'line': b'-- Up-to-date: /home/auria/src/install/auria_msgs/share/auria_msgs/cmake/auria_msgs__rosidl_typesupport_cExport-noconfig.cmake\n'}
[2.201292] (auria_msgs) StdoutLine: {'line': b'-- Up-to-date: /home/auria/src/install/auria_msgs/share/auria_msgs/cmake/auria_msgs__rosidl_generator_cppExport.cmake\n'}
[2.205286] (auria_msgs) StdoutLine: {'line': b'-- Up-to-date: /home/auria/src/install/auria_msgs/share/auria_msgs/cmake/auria_msgs__rosidl_typesupport_introspection_cppExport.cmake\n'}
[2.205733] (auria_msgs) StdoutLine: {'line': b'-- Up-to-date: /home/auria/src/install/auria_msgs/share/auria_msgs/cmake/auria_msgs__rosidl_typesupport_introspection_cppExport-noconfig.cmake\n'}
[2.206021] (auria_msgs) StdoutLine: {'line': b'-- Up-to-date: /home/auria/src/install/auria_msgs/share/auria_msgs/cmake/auria_msgs__rosidl_typesupport_cppExport.cmake\n'}
[2.206604] (auria_msgs) StdoutLine: {'line': b'-- Up-to-date: /home/auria/src/install/auria_msgs/share/auria_msgs/cmake/auria_msgs__rosidl_typesupport_cppExport-noconfig.cmake\n'}
[2.207609] (auria_msgs) StdoutLine: {'line': b'-- Up-to-date: /home/auria/src/install/auria_msgs/share/auria_msgs/cmake/rosidl_cmake-extras.cmake\n'}
[2.208619] (auria_msgs) StdoutLine: {'line': b'-- Up-to-date: /home/auria/src/install/auria_msgs/share/auria_msgs/cmake/ament_cmake_export_dependencies-extras.cmake\n'}
[2.209611] (auria_msgs) StdoutLine: {'line': b'-- Up-to-date: /home/auria/src/install/auria_msgs/share/auria_msgs/cmake/ament_cmake_export_libraries-extras.cmake\n'}
[2.210598] (auria_msgs) StdoutLine: {'line': b'-- Up-to-date: /home/auria/src/install/auria_msgs/share/auria_msgs/cmake/ament_cmake_export_targets-extras.cmake\n'}
[2.211581] (auria_msgs) StdoutLine: {'line': b'-- Up-to-date: /home/auria/src/install/auria_msgs/share/auria_msgs/cmake/ament_cmake_export_include_directories-extras.cmake\n'}
[2.212986] (auria_msgs) StdoutLine: {'line': b'-- Up-to-date: /home/auria/src/install/auria_msgs/share/auria_msgs/cmake/rosidl_cmake_export_typesupport_targets-extras.cmake\n'}
[2.216212] (auria_msgs) StdoutLine: {'line': b'-- Up-to-date: /home/auria/src/install/auria_msgs/share/auria_msgs/cmake/auria_msgsConfig.cmake\n'}
[2.216816] (auria_msgs) StdoutLine: {'line': b'-- Up-to-date: /home/auria/src/install/auria_msgs/share/auria_msgs/cmake/auria_msgsConfig-version.cmake\n'}
[2.217156] (auria_msgs) StdoutLine: {'line': b'-- Up-to-date: /home/auria/src/install/auria_msgs/share/auria_msgs/package.xml\n'}
[2.225776] (auria_msgs) CommandEnded: {'returncode': 0}
[2.257918] (-) TimerEvent: {}
[2.364638] (-) TimerEvent: {}
[2.478533] (-) TimerEvent: {}
[2.579158] (-) TimerEvent: {}
[2.686053] (-) TimerEvent: {}
[2.702744] (auria_msgs) JobEnded: {'identifier': 'auria_msgs', 'rc': 0}
[2.707738] (environment) JobStarted: {'identifier': 'environment'}
[2.790780] (-) TimerEvent: {}
[2.895563] (-) TimerEvent: {}
[2.996938] (-) TimerEvent: {}
[3.097627] (-) TimerEvent: {}
[3.198284] (-) TimerEvent: {}
[3.298897] (-) TimerEvent: {}
[3.399535] (-) TimerEvent: {}
[3.500151] (-) TimerEvent: {}
[3.602815] (-) TimerEvent: {}
[3.651057] (rl_driver) Command: {'cmd': ['/usr/bin/python3', 'setup.py', 'egg_info', '--egg-base', '../build/rl_driver', 'build', '--build-base', '/home/auria/src/build/rl_driver/build', 'install', '--record', '/home/auria/src/build/rl_driver/install.log', '--single-version-externally-managed'], 'cwd': '/home/auria/src/rl_driver', 'env': {'HOSTNAME': 'Ventupentu-portatil', 'SHLVL': '1', 'LIBGL_ALWAYS_SOFTWARE': '1', 'LD_LIBRARY_PATH': '/home/auria/src/install/auria_msgs/lib:/opt/ros/galactic/opt/yaml_cpp_vendor/lib:/opt/ros/galactic/lib/x86_64-linux-gnu:/opt/ros/galactic/lib', 'HOME': '/home/auria', 'OLDPWD': '/home/auria', 'ROS_PYTHON_VERSION': '3', 'QT_QPA_PLATFORM_PLUGIN_PATH': '/usr/lib/x86_64-linux-gnu/qt5/plugins/platforms', 'COLCON_PREFIX_PATH': '/home/auria/src/install', 'ROS_DISTRO': 'galactic', '_': '/usr/bin/colcon', 'ROS_VERSION': '2', 'TERM': 'xterm', 'ROS_LOCALHOST_ONLY': '0', 'QT_X11_NO_MITSHM': '1', 'PATH': '/opt/ros/galactic/bin:/usr/local/sbin:/usr/local/bin:/usr/sbin:/usr/bin:/sbin:/bin', 'DISPLAY': ':0', 'LANG': 'C.UTF-8', 'AMENT_PREFIX_PATH': '/home/auria/src/install/rl_driver:/home/auria/src/install/environment:/home/auria/src/install/auria_msgs:/opt/ros/galactic', 'PWD': '/home/auria/src/build/rl_driver', 'LC_ALL': 'C.UTF-8', 'PYTHONPATH': '/home/auria/src/build/rl_driver/prefix_override:/home/auria/src/install/rl_driver/lib/python3.8/site-packages:/home/auria/src/install/rl_driver/lib/python3.8/site-packages:/home/auria/src/install/environment/lib/python3.8/site-packages:/home/auria/src/install/auria_msgs/lib/python3.8/site-packages:/opt/ros/galactic/lib/python3.8/site-packages', 'COLCON': '1', 'CMAKE_PREFIX_PATH': '/home/auria/src/install/auria_msgs'}, 'shell': False}
[3.703285] (-) TimerEvent: {}
[3.806174] (-) TimerEvent: {}
[3.907516] (-) TimerEvent: {}
[4.008399] (-) TimerEvent: {}
[4.109136] (-) TimerEvent: {}
[4.209729] (-) TimerEvent: {}
[4.310823] (-) TimerEvent: {}
[4.412042] (-) TimerEvent: {}
[4.480477] (rl_driver) StdoutLine: {'line': b'running egg_info\n'}
[4.485176] (rl_driver) StdoutLine: {'line': b'writing ../build/rl_driver/rl_driver.egg-info/PKG-INFO\n'}
[4.486364] (rl_driver) StdoutLine: {'line': b'writing dependency_links to ../build/rl_driver/rl_driver.egg-info/dependency_links.txt\n'}
[4.486766] (rl_driver) StdoutLine: {'line': b'writing entry points to ../build/rl_driver/rl_driver.egg-info/entry_points.txt\n'}
[4.488050] (rl_driver) StdoutLine: {'line': b'writing requirements to ../build/rl_driver/rl_driver.egg-info/requires.txt\n'}
[4.488507] (rl_driver) StdoutLine: {'line': b'writing top-level names to ../build/rl_driver/rl_driver.egg-info/top_level.txt\n'}
[4.514858] (-) TimerEvent: {}
[4.615612] (-) TimerEvent: {}
[4.631156] (rl_driver) StdoutLine: {'line': b"reading manifest file '../build/rl_driver/rl_driver.egg-info/SOURCES.txt'\n"}
[4.640184] (rl_driver) StdoutLine: {'line': b"writing manifest file '../build/rl_driver/rl_driver.egg-info/SOURCES.txt'\n"}
[4.640685] (rl_driver) StdoutLine: {'line': b'running build\n'}
[4.641007] (rl_driver) StdoutLine: {'line': b'running build_py\n'}
[4.641348] (rl_driver) StdoutLine: {'line': b'copying rl_driver/train.py -> /home/auria/src/build/rl_driver/build/lib/rl_driver\n'}
[4.641650] (rl_driver) StdoutLine: {'line': b'running install\n'}
[4.644243] (rl_driver) StdoutLine: {'line': b'running install_lib\n'}
[4.646551] (rl_driver) StdoutLine: {'line': b'copying /home/auria/src/build/rl_driver/build/lib/rl_driver/train.py -> /home/auria/src/install/rl_driver/lib/python3.8/site-packages/rl_driver\n'}
[4.650357] (rl_driver) StdoutLine: {'line': b'byte-compiling /home/auria/src/install/rl_driver/lib/python3.8/site-packages/rl_driver/train.py to train.cpython-38.pyc\n'}
[4.655372] (rl_driver) StdoutLine: {'line': b'running install_data\n'}
[4.657390] (rl_driver) StdoutLine: {'line': b'running install_egg_info\n'}
[4.664552] (rl_driver) StdoutLine: {'line': b"removing '/home/auria/src/install/rl_driver/lib/python3.8/site-packages/rl_driver-0.0.0-py3.8.egg-info' (and everything under it)\n"}
[4.667337] (rl_driver) StdoutLine: {'line': b'Copying ../build/rl_driver/rl_driver.egg-info to /home/auria/src/install/rl_driver/lib/python3.8/site-packages/rl_driver-0.0.0-py3.8.egg-info\n'}
[4.676239] (rl_driver) StdoutLine: {'line': b'running install_scripts\n'}
[4.716231] (-) TimerEvent: {}
[4.777259] (rl_driver) StdoutLine: {'line': b'Installing rl_node script to /home/auria/src/install/rl_driver/lib/rl_driver\n'}
[4.777833] (rl_driver) StdoutLine: {'line': b'Installing train script to /home/auria/src/install/rl_driver/lib/rl_driver\n'}
[4.778197] (rl_driver) StdoutLine: {'line': b"writing list of installed files to '/home/auria/src/build/rl_driver/install.log'\n"}
[4.816934] (-) TimerEvent: {}
[4.884351] (rl_driver) CommandEnded: {'returncode': 0}
[4.923748] (-) TimerEvent: {}
[4.963537] (rl_driver) JobEnded: {'identifier': 'rl_driver', 'rc': 0}
[5.024019] (-) TimerEvent: {}
[5.125205] (-) TimerEvent: {}
[5.225873] (-) TimerEvent: {}
[5.267665] (environment) Command: {'cmd': ['/usr/bin/python3', 'setup.py', 'egg_info', '--egg-base', '../build/environment', 'build', '--build-base', '/home/auria/src/build/environment/build', 'install', '--record', '/home/auria/src/build/environment/install.log', '--single-version-externally-managed'], 'cwd': '/home/auria/src/environment', 'env': {'HOSTNAME': 'Ventupentu-portatil', 'SHLVL': '1', 'LIBGL_ALWAYS_SOFTWARE': '1', 'LD_LIBRARY_PATH': '/home/auria/src/install/auria_msgs/lib:/opt/ros/galactic/opt/yaml_cpp_vendor/lib:/opt/ros/galactic/lib/x86_64-linux-gnu:/opt/ros/galactic/lib', 'HOME': '/home/auria', 'OLDPWD': '/home/auria', 'ROS_PYTHON_VERSION': '3', 'QT_QPA_PLATFORM_PLUGIN_PATH': '/usr/lib/x86_64-linux-gnu/qt5/plugins/platforms', 'COLCON_PREFIX_PATH': '/home/auria/src/install', 'ROS_DISTRO': 'galactic', '_': '/usr/bin/colcon', 'ROS_VERSION': '2', 'TERM': 'xterm', 'ROS_LOCALHOST_ONLY': '0', 'QT_X11_NO_MITSHM': '1', 'PATH': '/opt/ros/galactic/bin:/usr/local/sbin:/usr/local/bin:/usr/sbin:/usr/bin:/sbin:/bin', 'DISPLAY': ':0', 'LANG': 'C.UTF-8', 'AMENT_PREFIX_PATH': '/home/auria/src/install/rl_driver:/home/auria/src/install/environment:/home/auria/src/install/auria_msgs:/opt/ros/galactic', 'PWD': '/home/auria/src/build/environment', 'LC_ALL': 'C.UTF-8', 'PYTHONPATH': '/home/auria/src/build/environment/prefix_override:/home/auria/src/install/environment/lib/python3.8/site-packages:/home/auria/src/install/auria_msgs/lib/python3.8/site-packages:/home/auria/src/install/rl_driver/lib/python3.8/site-packages:/home/auria/src/install/environment/lib/python3.8/site-packages:/opt/ros/galactic/lib/python3.8/site-packages', 'COLCON': '1', 'CMAKE_PREFIX_PATH': '/home/auria/src/install/auria_msgs'}, 'shell': False}
[5.326099] (-) TimerEvent: {}
[5.429579] (-) TimerEvent: {}
[5.532543] (-) TimerEvent: {}
[5.634216] (-) TimerEvent: {}
[5.734890] (-) TimerEvent: {}
[5.835560] (-) TimerEvent: {}
[5.936224] (-) TimerEvent: {}
[6.036834] (-) TimerEvent: {}
[6.137447] (-) TimerEvent: {}
[6.186656] (environment) StdoutLine: {'line': b'running egg_info\n'}
[6.190029] (environment) StdoutLine: {'line': b'writing ../build/environment/environment.egg-info/PKG-INFO\n'}
[6.193389] (environment) StdoutLine: {'line': b'writing dependency_links to ../build/environment/environment.egg-info/dependency_links.txt\n'}
[6.193855] (environment) StdoutLine: {'line': b'writing entry points to ../build/environment/environment.egg-info/entry_points.txt\n'}
[6.194189] (environment) StdoutLine: {'line': b'writing requirements to ../build/environment/environment.egg-info/requires.txt\n'}
[6.194482] (environment) StdoutLine: {'line': b'writing top-level names to ../build/environment/environment.egg-info/top_level.txt\n'}
[6.240168] (-) TimerEvent: {}
[6.331409] (environment) StdoutLine: {'line': b"reading manifest file '../build/environment/environment.egg-info/SOURCES.txt'\n"}
[6.340303] (-) TimerEvent: {}
[6.344059] (environment) StdoutLine: {'line': b"writing manifest file '../build/environment/environment.egg-info/SOURCES.txt'\n"}
[6.345808] (environment) StdoutLine: {'line': b'running build\n'}
[6.347865] (environment) StdoutLine: {'line': b'running build_py\n'}
[6.350748] (environment) StdoutLine: {'line': b'running install\n'}
[6.353924] (environment) StdoutLine: {'line': b'running install_lib\n'}
[6.366128] (environment) StdoutLine: {'line': b'running install_data\n'}
[6.368244] (environment) StdoutLine: {'line': b'running install_egg_info\n'}
[6.377904] (environment) StdoutLine: {'line': b"removing '/home/auria/src/install/environment/lib/python3.8/site-packages/environment-0.1.0-py3.8.egg-info' (and everything under it)\n"}
[6.382660] (environment) StdoutLine: {'line': b'Copying ../build/environment/environment.egg-info to /home/auria/src/install/environment/lib/python3.8/site-packages/environment-0.1.0-py3.8.egg-info\n'}
[6.390292] (environment) StdoutLine: {'line': b'running install_scripts\n'}
[6.440440] (-) TimerEvent: {}
[6.486354] (environment) StdoutLine: {'line': b'Installing car script to /home/auria/src/install/environment/lib/environment\n'}
[6.486984] (environment) StdoutLine: {'line': b'Installing env script to /home/auria/src/install/environment/lib/environment\n'}
[6.489150] (environment) StdoutLine: {'line': b"writing list of installed files to '/home/auria/src/build/environment/install.log'\n"}
[6.541773] (-) TimerEvent: {}
[6.602258] (environment) CommandEnded: {'returncode': 0}
[6.642250] (-) TimerEvent: {}
[6.657320] (environment) JobEnded: {'identifier': 'environment', 'rc': 0}
[6.663687] (-) EventReactorShutdown: {}
