[0.678s] DEBUG:colcon:Command line arguments: ['/usr/bin/colcon', 'build']
[0.678s] DEBUG:colcon:Parsed command line arguments: Namespace(allow_overriding=[], ament_cmake_args=None, base_paths=['.'], build_base='build', catkin_cmake_args=None, catkin_skip_building_tests=False, cmake_args=None, cmake_clean_cache=False, cmake_clean_first=False, cmake_force_configure=False, cmake_target=None, cmake_target_skip_unavailable=False, continue_on_error=False, event_handlers=None, executor='parallel', ignore_user_meta=False, install_base='install', log_base=None, log_level=None, main=<bound method BuildVerb.main of <colcon_core.verb.build.BuildVerb object at 0x7fd1ffba7b80>>, merge_install=False, metas=['./colcon.meta'], packages_above=None, packages_above_and_dependencies=None, packages_above_depth=None, packages_end=None, packages_ignore=None, packages_ignore_regex=None, packages_select=None, packages_select_build_failed=False, packages_select_by_dep=None, packages_select_regex=None, packages_select_test_failures=False, packages_skip=None, packages_skip_build_finished=False, packages_skip_by_dep=None, packages_skip_regex=None, packages_skip_test_passed=False, packages_skip_up_to=None, packages_start=None, packages_up_to=None, packages_up_to_regex=None, parallel_workers=4, paths=None, symlink_install=False, test_result_base=None, verb_extension=<colcon_core.verb.build.BuildVerb object at 0x7fd1ffba7b80>, verb_name='build', verb_parser=<colcon_defaults.argument_parser.defaults.DefaultArgumentsDecorator object at 0x7fd1ffb33130>)
[0.787s] Level 1:colcon.colcon_core.package_discovery:discover_packages(colcon_meta) check parameters
[0.787s] Level 1:colcon.colcon_core.package_discovery:discover_packages(recursive) check parameters
[0.787s] Level 1:colcon.colcon_core.package_discovery:discover_packages(ignore) check parameters
[0.788s] Level 1:colcon.colcon_core.package_discovery:discover_packages(path) check parameters
[0.788s] Level 1:colcon.colcon_core.package_discovery:discover_packages(colcon_meta) discover
[0.788s] Level 1:colcon.colcon_core.package_discovery:discover_packages(recursive) discover
[0.788s] INFO:colcon.colcon_core.package_discovery:Crawling recursively for packages in '/home/auria/src'
[0.789s] Level 1:colcon.colcon_core.package_identification:_identify(.) by extensions ['ignore', 'ignore_ament_install']
[0.789s] Level 1:colcon.colcon_core.package_identification:_identify(.) by extension 'ignore'
[0.789s] Level 1:colcon.colcon_core.package_identification:_identify(.) by extension 'ignore_ament_install'
[0.790s] Level 1:colcon.colcon_core.package_identification:_identify(.) by extensions ['colcon_pkg']
[0.790s] Level 1:colcon.colcon_core.package_identification:_identify(.) by extension 'colcon_pkg'
[0.790s] Level 1:colcon.colcon_core.package_identification:_identify(.) by extensions ['colcon_meta']
[0.790s] Level 1:colcon.colcon_core.package_identification:_identify(.) by extension 'colcon_meta'
[0.790s] Level 1:colcon.colcon_core.package_identification:_identify(.) by extensions ['ros']
[0.790s] Level 1:colcon.colcon_core.package_identification:_identify(.) by extension 'ros'
[0.837s] Level 1:colcon.colcon_core.package_identification:_identify(.) by extensions ['cmake', 'python']
[0.837s] Level 1:colcon.colcon_core.package_identification:_identify(.) by extension 'cmake'
[0.837s] Level 1:colcon.colcon_core.package_identification:_identify(.) by extension 'python'
[0.837s] Level 1:colcon.colcon_core.package_identification:_identify(.) by extensions ['python_setup_py']
[0.838s] Level 1:colcon.colcon_core.package_identification:_identify(.) by extension 'python_setup_py'
[0.838s] Level 1:colcon.colcon_core.package_identification:_identify(auria_msgs) by extensions ['ignore', 'ignore_ament_install']
[0.838s] Level 1:colcon.colcon_core.package_identification:_identify(auria_msgs) by extension 'ignore'
[0.839s] Level 1:colcon.colcon_core.package_identification:_identify(auria_msgs) by extension 'ignore_ament_install'
[0.839s] Level 1:colcon.colcon_core.package_identification:_identify(auria_msgs) by extensions ['colcon_pkg']
[0.839s] Level 1:colcon.colcon_core.package_identification:_identify(auria_msgs) by extension 'colcon_pkg'
[0.839s] Level 1:colcon.colcon_core.package_identification:_identify(auria_msgs) by extensions ['colcon_meta']
[0.839s] Level 1:colcon.colcon_core.package_identification:_identify(auria_msgs) by extension 'colcon_meta'
[0.840s] Level 1:colcon.colcon_core.package_identification:_identify(auria_msgs) by extensions ['ros']
[0.840s] Level 1:colcon.colcon_core.package_identification:_identify(auria_msgs) by extension 'ros'
[0.849s] DEBUG:colcon.colcon_core.package_identification:Package 'auria_msgs' with type 'ros.ament_cmake' and name 'auria_msgs'
[0.849s] Level 1:colcon.colcon_core.package_identification:_identify(build) by extensions ['ignore', 'ignore_ament_install']
[0.850s] Level 1:colcon.colcon_core.package_identification:_identify(build) by extension 'ignore'
[0.850s] Level 1:colcon.colcon_core.package_identification:_identify(build) ignored
[0.850s] Level 1:colcon.colcon_core.package_identification:_identify(environment) by extensions ['ignore', 'ignore_ament_install']
[0.851s] Level 1:colcon.colcon_core.package_identification:_identify(environment) by extension 'ignore'
[0.851s] Level 1:colcon.colcon_core.package_identification:_identify(environment) by extension 'ignore_ament_install'
[0.851s] Level 1:colcon.colcon_core.package_identification:_identify(environment) by extensions ['colcon_pkg']
[0.851s] Level 1:colcon.colcon_core.package_identification:_identify(environment) by extension 'colcon_pkg'
[0.852s] Level 1:colcon.colcon_core.package_identification:_identify(environment) by extensions ['colcon_meta']
[0.852s] Level 1:colcon.colcon_core.package_identification:_identify(environment) by extension 'colcon_meta'
[0.852s] Level 1:colcon.colcon_core.package_identification:_identify(environment) by extensions ['ros']
[0.852s] Level 1:colcon.colcon_core.package_identification:_identify(environment) by extension 'ros'
[0.857s] DEBUG:colcon.colcon_core.package_identification:Package 'environment' with type 'ros.ament_python' and name 'environment'
[0.857s] Level 1:colcon.colcon_core.package_identification:_identify(install) by extensions ['ignore', 'ignore_ament_install']
[0.858s] Level 1:colcon.colcon_core.package_identification:_identify(install) by extension 'ignore'
[0.858s] Level 1:colcon.colcon_core.package_identification:_identify(install) ignored
[0.859s] Level 1:colcon.colcon_core.package_identification:_identify(log) by extensions ['ignore', 'ignore_ament_install']
[0.859s] Level 1:colcon.colcon_core.package_identification:_identify(log) by extension 'ignore'
[0.860s] Level 1:colcon.colcon_core.package_identification:_identify(log) ignored
[0.860s] Level 1:colcon.colcon_core.package_identification:_identify(rl_driver) by extensions ['ignore', 'ignore_ament_install']
[0.861s] Level 1:colcon.colcon_core.package_identification:_identify(rl_driver) by extension 'ignore'
[0.861s] Level 1:colcon.colcon_core.package_identification:_identify(rl_driver) by extension 'ignore_ament_install'
[0.861s] Level 1:colcon.colcon_core.package_identification:_identify(rl_driver) by extensions ['colcon_pkg']
[0.861s] Level 1:colcon.colcon_core.package_identification:_identify(rl_driver) by extension 'colcon_pkg'
[0.861s] Level 1:colcon.colcon_core.package_identification:_identify(rl_driver) by extensions ['colcon_meta']
[0.861s] Level 1:colcon.colcon_core.package_identification:_identify(rl_driver) by extension 'colcon_meta'
[0.862s] Level 1:colcon.colcon_core.package_identification:_identify(rl_driver) by extensions ['ros']
[0.862s] Level 1:colcon.colcon_core.package_identification:_identify(rl_driver) by extension 'ros'
[0.864s] DEBUG:colcon.colcon_core.package_identification:Package 'rl_driver' with type 'ros.ament_python' and name 'rl_driver'
[0.865s] Level 1:colcon.colcon_core.package_discovery:discover_packages(recursive) using defaults
[0.865s] Level 1:colcon.colcon_core.package_discovery:discover_packages(ignore) discover
[0.865s] Level 1:colcon.colcon_core.package_discovery:discover_packages(ignore) using defaults
[0.865s] Level 1:colcon.colcon_core.package_discovery:discover_packages(path) discover
[0.865s] Level 1:colcon.colcon_core.package_discovery:discover_packages(path) using defaults
[0.965s] Level 1:colcon.colcon_core.package_discovery:discover_packages(prefix_path) check parameters
[0.965s] Level 1:colcon.colcon_core.package_discovery:discover_packages(prefix_path) discover
[0.977s] DEBUG:colcon.colcon_installed_package_information.package_discovery:Found 3 installed packages in /home/auria/src/install
[0.984s] DEBUG:colcon.colcon_installed_package_information.package_discovery:Found 182 installed packages in /opt/ros/galactic
[0.987s] Level 1:colcon.colcon_core.package_discovery:discover_packages(prefix_path) using defaults
[1.242s] Level 5:colcon.colcon_core.verb:set package 'auria_msgs' build argument 'cmake_args' from command line to 'None'
[1.243s] Level 5:colcon.colcon_core.verb:set package 'auria_msgs' build argument 'cmake_target' from command line to 'None'
[1.243s] Level 5:colcon.colcon_core.verb:set package 'auria_msgs' build argument 'cmake_target_skip_unavailable' from command line to 'False'
[1.243s] Level 5:colcon.colcon_core.verb:set package 'auria_msgs' build argument 'cmake_clean_cache' from command line to 'False'
[1.243s] Level 5:colcon.colcon_core.verb:set package 'auria_msgs' build argument 'cmake_clean_first' from command line to 'False'
[1.243s] Level 5:colcon.colcon_core.verb:set package 'auria_msgs' build argument 'cmake_force_configure' from command line to 'False'
[1.243s] Level 5:colcon.colcon_core.verb:set package 'auria_msgs' build argument 'ament_cmake_args' from command line to 'None'
[1.243s] Level 5:colcon.colcon_core.verb:set package 'auria_msgs' build argument 'catkin_cmake_args' from command line to 'None'
[1.244s] Level 5:colcon.colcon_core.verb:set package 'auria_msgs' build argument 'catkin_skip_building_tests' from command line to 'False'
[1.244s] DEBUG:colcon.colcon_core.verb:Building package 'auria_msgs' with the following arguments: {'ament_cmake_args': None, 'build_base': '/home/auria/src/build/auria_msgs', 'catkin_cmake_args': None, 'catkin_skip_building_tests': False, 'cmake_args': None, 'cmake_clean_cache': False, 'cmake_clean_first': False, 'cmake_force_configure': False, 'cmake_target': None, 'cmake_target_skip_unavailable': False, 'install_base': '/home/auria/src/install/auria_msgs', 'merge_install': False, 'path': '/home/auria/src/auria_msgs', 'symlink_install': False, 'test_result_base': None}
[1.247s] Level 5:colcon.colcon_core.verb:set package 'rl_driver' build argument 'cmake_args' from command line to 'None'
[1.248s] Level 5:colcon.colcon_core.verb:set package 'rl_driver' build argument 'cmake_target' from command line to 'None'
[1.248s] Level 5:colcon.colcon_core.verb:set package 'rl_driver' build argument 'cmake_target_skip_unavailable' from command line to 'False'
[1.248s] Level 5:colcon.colcon_core.verb:set package 'rl_driver' build argument 'cmake_clean_cache' from command line to 'False'
[1.248s] Level 5:colcon.colcon_core.verb:set package 'rl_driver' build argument 'cmake_clean_first' from command line to 'False'
[1.248s] Level 5:colcon.colcon_core.verb:set package 'rl_driver' build argument 'cmake_force_configure' from command line to 'False'
[1.248s] Level 5:colcon.colcon_core.verb:set package 'rl_driver' build argument 'ament_cmake_args' from command line to 'None'
[1.248s] Level 5:colcon.colcon_core.verb:set package 'rl_driver' build argument 'catkin_cmake_args' from command line to 'None'
[1.248s] Level 5:colcon.colcon_core.verb:set package 'rl_driver' build argument 'catkin_skip_building_tests' from command line to 'False'
[1.249s] DEBUG:colcon.colcon_core.verb:Building package 'rl_driver' with the following arguments: {'ament_cmake_args': None, 'build_base': '/home/auria/src/build/rl_driver', 'catkin_cmake_args': None, 'catkin_skip_building_tests': False, 'cmake_args': None, 'cmake_clean_cache': False, 'cmake_clean_first': False, 'cmake_force_configure': False, 'cmake_target': None, 'cmake_target_skip_unavailable': False, 'install_base': '/home/auria/src/install/rl_driver', 'merge_install': False, 'path': '/home/auria/src/rl_driver', 'symlink_install': False, 'test_result_base': None}
[1.252s] Level 5:colcon.colcon_core.verb:set package 'environment' build argument 'cmake_args' from command line to 'None'
[1.252s] Level 5:colcon.colcon_core.verb:set package 'environment' build argument 'cmake_target' from command line to 'None'
[1.252s] Level 5:colcon.colcon_core.verb:set package 'environment' build argument 'cmake_target_skip_unavailable' from command line to 'False'
[1.253s] Level 5:colcon.colcon_core.verb:set package 'environment' build argument 'cmake_clean_cache' from command line to 'False'
[1.253s] Level 5:colcon.colcon_core.verb:set package 'environment' build argument 'cmake_clean_first' from command line to 'False'
[1.253s] Level 5:colcon.colcon_core.verb:set package 'environment' build argument 'cmake_force_configure' from command line to 'False'
[1.253s] Level 5:colcon.colcon_core.verb:set package 'environment' build argument 'ament_cmake_args' from command line to 'None'
[1.253s] Level 5:colcon.colcon_core.verb:set package 'environment' build argument 'catkin_cmake_args' from command line to 'None'
[1.253s] Level 5:colcon.colcon_core.verb:set package 'environment' build argument 'catkin_skip_building_tests' from command line to 'False'
[1.253s] DEBUG:colcon.colcon_core.verb:Building package 'environment' with the following arguments: {'ament_cmake_args': None, 'build_base': '/home/auria/src/build/environment', 'catkin_cmake_args': None, 'catkin_skip_building_tests': False, 'cmake_args': None, 'cmake_clean_cache': False, 'cmake_clean_first': False, 'cmake_force_configure': False, 'cmake_target': None, 'cmake_target_skip_unavailable': False, 'install_base': '/home/auria/src/install/environment', 'merge_install': False, 'path': '/home/auria/src/environment', 'symlink_install': False, 'test_result_base': None}
[1.256s] INFO:colcon.colcon_core.executor:Executing jobs using 'parallel' executor
[1.271s] DEBUG:colcon.colcon_parallel_executor.executor.parallel:run_until_complete
[1.271s] INFO:colcon.colcon_ros.task.ament_cmake.build:Building ROS package in '/home/auria/src/auria_msgs' with build type 'ament_cmake'
[1.272s] INFO:colcon.colcon_cmake.task.cmake.build:Building CMake package in '/home/auria/src/auria_msgs'
[1.291s] INFO:colcon.colcon_core.plugin_system:Skipping extension 'colcon_core.shell.bat': Not used on non-Windows systems
[1.292s] INFO:colcon.colcon_core.shell:Skip shell extension 'powershell' for command environment: Not usable outside of PowerShell
[1.292s] DEBUG:colcon.colcon_core.shell:Skip shell extension 'dsv' for command environment
[1.316s] INFO:colcon.colcon_ros.task.ament_python.build:Building ROS package in '/home/auria/src/rl_driver' with build type 'ament_python'
[1.318s] Level 1:colcon.colcon_core.shell:create_environment_hook('rl_driver', 'ament_prefix_path')
[1.326s] INFO:colcon.colcon_core.shell:Creating environment hook '/home/auria/src/install/rl_driver/share/rl_driver/hook/ament_prefix_path.ps1'
[1.329s] INFO:colcon.colcon_core.shell:Creating environment descriptor '/home/auria/src/install/rl_driver/share/rl_driver/hook/ament_prefix_path.dsv'
[1.331s] INFO:colcon.colcon_core.shell:Creating environment hook '/home/auria/src/install/rl_driver/share/rl_driver/hook/ament_prefix_path.sh'
[1.337s] INFO:colcon.colcon_core.shell:Skip shell extension 'powershell' for command environment: Not usable outside of PowerShell
[1.338s] DEBUG:colcon.colcon_core.shell:Skip shell extension 'dsv' for command environment
[1.389s] DEBUG:colcon.colcon_core.event_handler.log_command:Invoking command in '/home/auria/src/build/auria_msgs': CMAKE_PREFIX_PATH=${CMAKE_PREFIX_PATH}:/home/auria/src/install/rl_driver:/home/auria/src/install/environment:/opt/ros/galactic /usr/bin/cmake --build /home/auria/src/build/auria_msgs -- -j4 -l4
[2.708s] INFO:colcon.colcon_core.task.python.build:Building Python package in '/home/auria/src/rl_driver'
[2.716s] INFO:colcon.colcon_core.shell:Skip shell extension 'powershell' for command environment: Not usable outside of PowerShell
[2.716s] DEBUG:colcon.colcon_core.shell:Skip shell extension 'dsv' for command environment
[2.902s] DEBUG:colcon.colcon_core.event_handler.log_command:Invoked command in '/home/auria/src/build/auria_msgs' returned '0': CMAKE_PREFIX_PATH=${CMAKE_PREFIX_PATH}:/home/auria/src/install/rl_driver:/home/auria/src/install/environment:/opt/ros/galactic /usr/bin/cmake --build /home/auria/src/build/auria_msgs -- -j4 -l4
[3.196s] DEBUG:colcon.colcon_core.event_handler.log_command:Invoking command in '/home/auria/src/build/auria_msgs': CMAKE_PREFIX_PATH=${CMAKE_PREFIX_PATH}:/home/auria/src/install/rl_driver:/home/auria/src/install/environment:/opt/ros/galactic /usr/bin/cmake --install /home/auria/src/build/auria_msgs
[3.498s] Level 1:colcon.colcon_core.environment:create_environment_scripts_only(auria_msgs)
[3.499s] DEBUG:colcon.colcon_core.event_handler.log_command:Invoked command in '/home/auria/src/build/auria_msgs' returned '0': CMAKE_PREFIX_PATH=${CMAKE_PREFIX_PATH}:/home/auria/src/install/rl_driver:/home/auria/src/install/environment:/opt/ros/galactic /usr/bin/cmake --install /home/auria/src/build/auria_msgs
[3.525s] Level 1:colcon.colcon_core.environment:checking '/home/auria/src/install/auria_msgs' for CMake module files
[3.529s] Level 1:colcon.colcon_core.environment:checking '/home/auria/src/install/auria_msgs' for CMake config files
[3.532s] Level 1:colcon.colcon_core.shell:create_environment_hook('auria_msgs', 'cmake_prefix_path')
[3.540s] INFO:colcon.colcon_core.shell:Creating environment hook '/home/auria/src/install/auria_msgs/share/auria_msgs/hook/cmake_prefix_path.ps1'
[3.545s] INFO:colcon.colcon_core.shell:Creating environment descriptor '/home/auria/src/install/auria_msgs/share/auria_msgs/hook/cmake_prefix_path.dsv'
[3.550s] INFO:colcon.colcon_core.shell:Creating environment hook '/home/auria/src/install/auria_msgs/share/auria_msgs/hook/cmake_prefix_path.sh'
[3.555s] Level 1:colcon.colcon_core.environment:checking '/home/auria/src/install/auria_msgs/lib'
[3.559s] Level 1:colcon.colcon_core.shell:create_environment_hook('auria_msgs', 'ld_library_path_lib')
[3.568s] INFO:colcon.colcon_core.shell:Creating environment hook '/home/auria/src/install/auria_msgs/share/auria_msgs/hook/ld_library_path_lib.ps1'
[3.571s] INFO:colcon.colcon_core.shell:Creating environment descriptor '/home/auria/src/install/auria_msgs/share/auria_msgs/hook/ld_library_path_lib.dsv'
[3.573s] INFO:colcon.colcon_core.shell:Creating environment hook '/home/auria/src/install/auria_msgs/share/auria_msgs/hook/ld_library_path_lib.sh'
[3.574s] Level 1:colcon.colcon_core.environment:checking '/home/auria/src/install/auria_msgs/bin'
[3.575s] Level 1:colcon.colcon_core.environment:checking '/home/auria/src/install/auria_msgs/lib/pkgconfig/auria_msgs.pc'
[3.576s] Level 1:colcon.colcon_core.environment:checking '/home/auria/src/install/auria_msgs/lib/python3.8/site-packages'
[3.579s] Level 1:colcon.colcon_core.shell:create_environment_hook('auria_msgs', 'pythonpath')
[3.586s] INFO:colcon.colcon_core.shell:Creating environment hook '/home/auria/src/install/auria_msgs/share/auria_msgs/hook/pythonpath.ps1'
[3.598s] INFO:colcon.colcon_core.shell:Creating environment descriptor '/home/auria/src/install/auria_msgs/share/auria_msgs/hook/pythonpath.dsv'
[3.601s] INFO:colcon.colcon_core.shell:Creating environment hook '/home/auria/src/install/auria_msgs/share/auria_msgs/hook/pythonpath.sh'
[3.604s] Level 1:colcon.colcon_core.environment:checking '/home/auria/src/install/auria_msgs/bin'
[3.611s] INFO:colcon.colcon_core.shell:Creating package script '/home/auria/src/install/auria_msgs/share/auria_msgs/package.ps1'
[3.614s] INFO:colcon.colcon_core.shell:Creating package descriptor '/home/auria/src/install/auria_msgs/share/auria_msgs/package.dsv'
[3.617s] INFO:colcon.colcon_core.shell:Creating package script '/home/auria/src/install/auria_msgs/share/auria_msgs/package.sh'
[3.620s] INFO:colcon.colcon_core.shell:Creating package script '/home/auria/src/install/auria_msgs/share/auria_msgs/package.bash'
[3.624s] INFO:colcon.colcon_core.shell:Creating package script '/home/auria/src/install/auria_msgs/share/auria_msgs/package.zsh'
[3.627s] Level 1:colcon.colcon_core.environment:create_file_with_runtime_dependencies(/home/auria/src/install/auria_msgs/share/colcon-core/packages/auria_msgs)
[3.909s] Level 1:colcon.colcon_core.environment:create_environment_scripts_only(auria_msgs)
[3.916s] Level 1:colcon.colcon_core.environment:checking '/home/auria/src/install/auria_msgs' for CMake module files
[3.919s] Level 1:colcon.colcon_core.environment:checking '/home/auria/src/install/auria_msgs' for CMake config files
[3.921s] Level 1:colcon.colcon_core.shell:create_environment_hook('auria_msgs', 'cmake_prefix_path')
[3.926s] INFO:colcon.colcon_core.shell:Creating environment hook '/home/auria/src/install/auria_msgs/share/auria_msgs/hook/cmake_prefix_path.ps1'
[3.928s] INFO:colcon.colcon_core.shell:Creating environment descriptor '/home/auria/src/install/auria_msgs/share/auria_msgs/hook/cmake_prefix_path.dsv'
[3.929s] INFO:colcon.colcon_core.shell:Creating environment hook '/home/auria/src/install/auria_msgs/share/auria_msgs/hook/cmake_prefix_path.sh'
[3.932s] Level 1:colcon.colcon_core.environment:checking '/home/auria/src/install/auria_msgs/lib'
[3.932s] Level 1:colcon.colcon_core.shell:create_environment_hook('auria_msgs', 'ld_library_path_lib')
[3.937s] INFO:colcon.colcon_core.shell:Creating environment hook '/home/auria/src/install/auria_msgs/share/auria_msgs/hook/ld_library_path_lib.ps1'
[3.939s] INFO:colcon.colcon_core.shell:Creating environment descriptor '/home/auria/src/install/auria_msgs/share/auria_msgs/hook/ld_library_path_lib.dsv'
[3.940s] INFO:colcon.colcon_core.shell:Creating environment hook '/home/auria/src/install/auria_msgs/share/auria_msgs/hook/ld_library_path_lib.sh'
[3.941s] Level 1:colcon.colcon_core.environment:checking '/home/auria/src/install/auria_msgs/bin'
[3.942s] Level 1:colcon.colcon_core.environment:checking '/home/auria/src/install/auria_msgs/lib/pkgconfig/auria_msgs.pc'
[3.943s] Level 1:colcon.colcon_core.environment:checking '/home/auria/src/install/auria_msgs/lib/python3.8/site-packages'
[3.943s] Level 1:colcon.colcon_core.shell:create_environment_hook('auria_msgs', 'pythonpath')
[3.948s] INFO:colcon.colcon_core.shell:Creating environment hook '/home/auria/src/install/auria_msgs/share/auria_msgs/hook/pythonpath.ps1'
[3.950s] INFO:colcon.colcon_core.shell:Creating environment descriptor '/home/auria/src/install/auria_msgs/share/auria_msgs/hook/pythonpath.dsv'
[3.951s] INFO:colcon.colcon_core.shell:Creating environment hook '/home/auria/src/install/auria_msgs/share/auria_msgs/hook/pythonpath.sh'
[3.953s] Level 1:colcon.colcon_core.environment:checking '/home/auria/src/install/auria_msgs/bin'
[3.958s] INFO:colcon.colcon_core.shell:Creating package script '/home/auria/src/install/auria_msgs/share/auria_msgs/package.ps1'
[3.961s] INFO:colcon.colcon_core.shell:Creating package descriptor '/home/auria/src/install/auria_msgs/share/auria_msgs/package.dsv'
[3.963s] INFO:colcon.colcon_core.shell:Creating package script '/home/auria/src/install/auria_msgs/share/auria_msgs/package.sh'
[3.965s] INFO:colcon.colcon_core.shell:Creating package script '/home/auria/src/install/auria_msgs/share/auria_msgs/package.bash'
[3.967s] INFO:colcon.colcon_core.shell:Creating package script '/home/auria/src/install/auria_msgs/share/auria_msgs/package.zsh'
[3.968s] Level 1:colcon.colcon_core.environment:create_file_with_runtime_dependencies(/home/auria/src/install/auria_msgs/share/colcon-core/packages/auria_msgs)
[3.970s] INFO:colcon.colcon_ros.task.ament_python.build:Building ROS package in '/home/auria/src/environment' with build type 'ament_python'
[3.970s] Level 1:colcon.colcon_core.shell:create_environment_hook('environment', 'ament_prefix_path')
[3.975s] INFO:colcon.colcon_core.shell:Creating environment hook '/home/auria/src/install/environment/share/environment/hook/ament_prefix_path.ps1'
[3.978s] INFO:colcon.colcon_core.shell:Creating environment descriptor '/home/auria/src/install/environment/share/environment/hook/ament_prefix_path.dsv'
[3.980s] INFO:colcon.colcon_core.shell:Creating environment hook '/home/auria/src/install/environment/share/environment/hook/ament_prefix_path.sh'
[3.987s] INFO:colcon.colcon_core.shell:Skip shell extension 'powershell' for command environment: Not usable outside of PowerShell
[3.987s] DEBUG:colcon.colcon_core.shell:Skip shell extension 'dsv' for command environment
[4.875s] INFO:colcon.colcon_core.task.python.build:Building Python package in '/home/auria/src/environment'
[4.883s] INFO:colcon.colcon_core.shell:Skip shell extension 'powershell' for command environment: Not usable outside of PowerShell
[4.884s] DEBUG:colcon.colcon_core.shell:Skip shell extension 'dsv' for command environment
[4.937s] DEBUG:colcon.colcon_core.event_handler.log_command:Invoking command in '/home/auria/src/rl_driver': PYTHONPATH=/home/auria/src/build/rl_driver/prefix_override:/home/auria/src/install/rl_driver/lib/python3.8/site-packages:${PYTHONPATH} /usr/bin/python3 setup.py egg_info --egg-base ../build/rl_driver build --build-base /home/auria/src/build/rl_driver/build install --record /home/auria/src/build/rl_driver/install.log --single-version-externally-managed
[6.158s] DEBUG:colcon.colcon_core.event_handler.log_command:Invoked command in '/home/auria/src/rl_driver' returned '0': PYTHONPATH=/home/auria/src/build/rl_driver/prefix_override:/home/auria/src/install/rl_driver/lib/python3.8/site-packages:${PYTHONPATH} /usr/bin/python3 setup.py egg_info --egg-base ../build/rl_driver build --build-base /home/auria/src/build/rl_driver/build install --record /home/auria/src/build/rl_driver/install.log --single-version-externally-managed
[6.173s] Level 1:colcon.colcon_core.environment:checking '/home/auria/src/install/rl_driver' for CMake module files
[6.175s] Level 1:colcon.colcon_core.environment:checking '/home/auria/src/install/rl_driver' for CMake config files
[6.180s] Level 1:colcon.colcon_core.environment:checking '/home/auria/src/install/rl_driver/lib'
[6.182s] Level 1:colcon.colcon_core.environment:checking '/home/auria/src/install/rl_driver/bin'
[6.183s] Level 1:colcon.colcon_core.environment:checking '/home/auria/src/install/rl_driver/lib/pkgconfig/rl_driver.pc'
[6.184s] Level 1:colcon.colcon_core.environment:checking '/home/auria/src/install/rl_driver/lib/python3.8/site-packages'
[6.184s] Level 1:colcon.colcon_core.shell:create_environment_hook('rl_driver', 'pythonpath')
[6.196s] INFO:colcon.colcon_core.shell:Creating environment hook '/home/auria/src/install/rl_driver/share/rl_driver/hook/pythonpath.ps1'
[6.199s] INFO:colcon.colcon_core.shell:Creating environment descriptor '/home/auria/src/install/rl_driver/share/rl_driver/hook/pythonpath.dsv'
[6.202s] INFO:colcon.colcon_core.shell:Creating environment hook '/home/auria/src/install/rl_driver/share/rl_driver/hook/pythonpath.sh'
[6.206s] Level 1:colcon.colcon_core.environment:checking '/home/auria/src/install/rl_driver/bin'
[6.207s] Level 1:colcon.colcon_core.environment:create_environment_scripts_only(rl_driver)
[6.216s] INFO:colcon.colcon_core.shell:Creating package script '/home/auria/src/install/rl_driver/share/rl_driver/package.ps1'
[6.222s] INFO:colcon.colcon_core.shell:Creating package descriptor '/home/auria/src/install/rl_driver/share/rl_driver/package.dsv'
[6.224s] INFO:colcon.colcon_core.shell:Creating package script '/home/auria/src/install/rl_driver/share/rl_driver/package.sh'
[6.228s] INFO:colcon.colcon_core.shell:Creating package script '/home/auria/src/install/rl_driver/share/rl_driver/package.bash'
[6.230s] INFO:colcon.colcon_core.shell:Creating package script '/home/auria/src/install/rl_driver/share/rl_driver/package.zsh'
[6.234s] Level 1:colcon.colcon_core.environment:create_file_with_runtime_dependencies(/home/auria/src/install/rl_driver/share/colcon-core/packages/rl_driver)
[6.570s] DEBUG:colcon.colcon_core.event_handler.log_command:Invoking command in '/home/auria/src/environment': PYTHONPATH=/home/auria/src/build/environment/prefix_override:/home/auria/src/install/environment/lib/python3.8/site-packages:/home/auria/src/install/auria_msgs/lib/python3.8/site-packages:/home/auria/src/install/rl_driver/lib/python3.8/site-packages:/home/auria/src/install/environment/lib/python3.8/site-packages:/opt/ros/galactic/lib/python3.8/site-packages /usr/bin/python3 setup.py egg_info --egg-base ../build/environment build --build-base /home/auria/src/build/environment/build install --record /home/auria/src/build/environment/install.log --single-version-externally-managed
[7.876s] DEBUG:colcon.colcon_core.event_handler.log_command:Invoked command in '/home/auria/src/environment' returned '0': PYTHONPATH=/home/auria/src/build/environment/prefix_override:/home/auria/src/install/environment/lib/python3.8/site-packages:/home/auria/src/install/auria_msgs/lib/python3.8/site-packages:/home/auria/src/install/rl_driver/lib/python3.8/site-packages:/home/auria/src/install/environment/lib/python3.8/site-packages:/opt/ros/galactic/lib/python3.8/site-packages /usr/bin/python3 setup.py egg_info --egg-base ../build/environment build --build-base /home/auria/src/build/environment/build install --record /home/auria/src/build/environment/install.log --single-version-externally-managed
[7.880s] Level 1:colcon.colcon_core.environment:checking '/home/auria/src/install/environment' for CMake module files
[7.883s] Level 1:colcon.colcon_core.environment:checking '/home/auria/src/install/environment' for CMake config files
[7.887s] Level 1:colcon.colcon_core.environment:checking '/home/auria/src/install/environment/lib'
[7.887s] Level 1:colcon.colcon_core.environment:checking '/home/auria/src/install/environment/bin'
[7.887s] Level 1:colcon.colcon_core.environment:checking '/home/auria/src/install/environment/lib/pkgconfig/environment.pc'
[7.891s] Level 1:colcon.colcon_core.environment:checking '/home/auria/src/install/environment/lib/python3.8/site-packages'
[7.892s] Level 1:colcon.colcon_core.shell:create_environment_hook('environment', 'pythonpath')
[7.897s] INFO:colcon.colcon_core.shell:Creating environment hook '/home/auria/src/install/environment/share/environment/hook/pythonpath.ps1'
[7.899s] INFO:colcon.colcon_core.shell:Creating environment descriptor '/home/auria/src/install/environment/share/environment/hook/pythonpath.dsv'
[7.902s] INFO:colcon.colcon_core.shell:Creating environment hook '/home/auria/src/install/environment/share/environment/hook/pythonpath.sh'
[7.905s] Level 1:colcon.colcon_core.environment:checking '/home/auria/src/install/environment/bin'
[7.905s] Level 1:colcon.colcon_core.environment:create_environment_scripts_only(environment)
[7.912s] INFO:colcon.colcon_core.shell:Creating package script '/home/auria/src/install/environment/share/environment/package.ps1'
[7.917s] INFO:colcon.colcon_core.shell:Creating package descriptor '/home/auria/src/install/environment/share/environment/package.dsv'
[7.921s] INFO:colcon.colcon_core.shell:Creating package script '/home/auria/src/install/environment/share/environment/package.sh'
[7.924s] INFO:colcon.colcon_core.shell:Creating package script '/home/auria/src/install/environment/share/environment/package.bash'
[7.926s] INFO:colcon.colcon_core.shell:Creating package script '/home/auria/src/install/environment/share/environment/package.zsh'
[7.929s] Level 1:colcon.colcon_core.environment:create_file_with_runtime_dependencies(/home/auria/src/install/environment/share/colcon-core/packages/environment)
[7.931s] DEBUG:colcon.colcon_parallel_executor.executor.parallel:closing loop
[7.934s] DEBUG:colcon.colcon_parallel_executor.executor.parallel:loop closed
[7.935s] DEBUG:colcon.colcon_parallel_executor.executor.parallel:run_until_complete finished with '0'
[7.936s] DEBUG:colcon.colcon_core.event_reactor:joining thread
[7.974s] INFO:colcon.colcon_core.plugin_system:Skipping extension 'colcon_notification.desktop_notification.notify_send': Could not find 'notify-send'
[7.975s] INFO:colcon.colcon_core.plugin_system:Skipping extension 'colcon_notification.desktop_notification.terminal_notifier': Not used on non-Darwin systems
[7.975s] INFO:colcon.colcon_core.plugin_system:Skipping extension 'colcon_notification.desktop_notification.win32': Not used on non-Windows systems
[7.975s] INFO:colcon.colcon_notification.desktop_notification:Sending desktop notification using 'notify2'
[7.985s] DEBUG:colcon.colcon_notification.desktop_notification.notify2:Failed to initialize notify2: org.freedesktop.DBus.Error.Spawn.ExecFailed: /usr/bin/dbus-launch terminated abnormally without any error message
[7.987s] DEBUG:colcon.colcon_core.event_reactor:joined thread
[7.996s] INFO:colcon.colcon_core.shell:Creating prefix script '/home/auria/src/install/local_setup.ps1'
[8.002s] INFO:colcon.colcon_core.shell:Creating prefix util module '/home/auria/src/install/_local_setup_util_ps1.py'
[8.008s] INFO:colcon.colcon_core.shell:Creating prefix chain script '/home/auria/src/install/setup.ps1'
[8.016s] INFO:colcon.colcon_core.shell:Creating prefix script '/home/auria/src/install/local_setup.sh'
[8.019s] INFO:colcon.colcon_core.shell:Creating prefix util module '/home/auria/src/install/_local_setup_util_sh.py'
[8.022s] INFO:colcon.colcon_core.shell:Creating prefix chain script '/home/auria/src/install/setup.sh'
[8.029s] INFO:colcon.colcon_core.shell:Creating prefix script '/home/auria/src/install/local_setup.bash'
[8.032s] INFO:colcon.colcon_core.shell:Creating prefix chain script '/home/auria/src/install/setup.bash'
[8.039s] INFO:colcon.colcon_core.shell:Creating prefix script '/home/auria/src/install/local_setup.zsh'
[8.042s] INFO:colcon.colcon_core.shell:Creating prefix chain script '/home/auria/src/install/setup.zsh'
