[3.988s] Invoking command in '/home/auria/src/rl_driver': PYTHONPATH=/home/auria/src/build/rl_driver/prefix_override:/home/auria/src/install/rl_driver/lib/python3.8/site-packages:${PYTHONPATH} /usr/bin/python3 setup.py egg_info --egg-base ../build/rl_driver build --build-base /home/auria/src/build/rl_driver/build install --record /home/auria/src/build/rl_driver/install.log --single-version-externally-managed
[5.148s] running egg_info
[5.152s] writing ../build/rl_driver/rl_driver.egg-info/PKG-INFO
[5.154s] writing dependency_links to ../build/rl_driver/rl_driver.egg-info/dependency_links.txt
[5.155s] writing entry points to ../build/rl_driver/rl_driver.egg-info/entry_points.txt
[5.155s] writing requirements to ../build/rl_driver/rl_driver.egg-info/requires.txt
[5.155s] writing top-level names to ../build/rl_driver/rl_driver.egg-info/top_level.txt
[5.332s] reading manifest file '../build/rl_driver/rl_driver.egg-info/SOURCES.txt'
[5.340s] writing manifest file '../build/rl_driver/rl_driver.egg-info/SOURCES.txt'
[5.341s] running build
[5.342s] running build_py
[5.342s] copying rl_driver/gym_ros2_env.py -> /home/auria/src/build/rl_driver/build/lib/rl_driver
[5.344s] running install
[5.348s] running install_lib
[5.355s] copying /home/auria/src/build/rl_driver/build/lib/rl_driver/gym_ros2_env.py -> /home/auria/src/install/rl_driver/lib/python3.8/site-packages/rl_driver
[5.358s] byte-compiling /home/auria/src/install/rl_driver/lib/python3.8/site-packages/rl_driver/gym_ros2_env.py to gym_ros2_env.cpython-38.pyc
[5.367s] running install_data
[5.372s] running install_egg_info
[5.377s] removing '/home/auria/src/install/rl_driver/lib/python3.8/site-packages/rl_driver-0.0.0-py3.8.egg-info' (and everything under it)
[5.378s] Copying ../build/rl_driver/rl_driver.egg-info to /home/auria/src/install/rl_driver/lib/python3.8/site-packages/rl_driver-0.0.0-py3.8.egg-info
[5.385s] running install_scripts
[5.492s] Installing rl_node script to /home/auria/src/install/rl_driver/lib/rl_driver
[5.492s] Installing train script to /home/auria/src/install/rl_driver/lib/rl_driver
[5.493s] writing list of installed files to '/home/auria/src/build/rl_driver/install.log'
[5.617s] Invoked command in '/home/auria/src/rl_driver' returned '0': PYTHONPATH=/home/auria/src/build/rl_driver/prefix_override:/home/auria/src/install/rl_driver/lib/python3.8/site-packages:${PYTHONPATH} /usr/bin/python3 setup.py egg_info --egg-base ../build/rl_driver build --build-base /home/auria/src/build/rl_driver/build install --record /home/auria/src/build/rl_driver/install.log --single-version-externally-managed
