[3.324s] Invoking command in '/home/auria/src/environment': PYTHONPATH=/home/auria/src/build/environment/prefix_override:/home/auria/src/install/environment/lib/python3.8/site-packages:/home/auria/src/install/auria_msgs/lib/python3.8/site-packages:/home/auria/src/install/rl_driver/lib/python3.8/site-packages:/home/auria/src/install/environment/lib/python3.8/site-packages:/opt/ros/galactic/lib/python3.8/site-packages /usr/bin/python3 setup.py egg_info --egg-base ../build/environment build --build-base /home/auria/src/build/environment/build install --record /home/auria/src/build/environment/install.log --single-version-externally-managed
[4.164s] running egg_info
[4.164s] writing ../build/environment/environment.egg-info/PKG-INFO
[4.164s] writing dependency_links to ../build/environment/environment.egg-info/dependency_links.txt
[4.165s] writing entry points to ../build/environment/environment.egg-info/entry_points.txt
[4.165s] writing requirements to ../build/environment/environment.egg-info/requires.txt
[4.165s] writing top-level names to ../build/environment/environment.egg-info/top_level.txt
[4.308s] reading manifest file '../build/environment/environment.egg-info/SOURCES.txt'
[4.314s] writing manifest file '../build/environment/environment.egg-info/SOURCES.txt'
[4.315s] running build
[4.315s] running build_py
[4.315s] running install
[4.318s] running install_lib
[4.327s] running install_data
[4.328s] running install_egg_info
[4.335s] removing '/home/auria/src/install/environment/lib/python3.8/site-packages/environment-0.1.0-py3.8.egg-info' (and everything under it)
[4.337s] Copying ../build/environment/environment.egg-info to /home/auria/src/install/environment/lib/python3.8/site-packages/environment-0.1.0-py3.8.egg-info
[4.345s] running install_scripts
[4.446s] Installing car script to /home/auria/src/install/environment/lib/environment
[4.448s] Installing env script to /home/auria/src/install/environment/lib/environment
[4.449s] writing list of installed files to '/home/auria/src/build/environment/install.log'
[4.549s] Invoked command in '/home/auria/src/environment' returned '0': PYTHONPATH=/home/auria/src/build/environment/prefix_override:/home/auria/src/install/environment/lib/python3.8/site-packages:/home/auria/src/install/auria_msgs/lib/python3.8/site-packages:/home/auria/src/install/rl_driver/lib/python3.8/site-packages:/home/auria/src/install/environment/lib/python3.8/site-packages:/opt/ros/galactic/lib/python3.8/site-packages /usr/bin/python3 setup.py egg_info --egg-base ../build/environment build --build-base /home/auria/src/build/environment/build install --record /home/auria/src/build/environment/install.log --single-version-externally-managed
