[0.107s] Invoking command in '/home/auria/src/build/auria_msgs': /usr/bin/cmake --build /home/auria/src/build/auria_msgs -- -j4 -l4
[0.408s] [  4%] Built target auria_msgs__cpp
[0.411s] [ 17%] Built target auria_msgs__rosidl_generator_c
[0.568s] [ 30%] Built target auria_msgs__rosidl_typesupport_introspection_cpp
[0.618s] [ 43%] Built target auria_msgs__rosidl_typesupport_introspection_c
[0.687s] [ 56%] Built target auria_msgs__rosidl_typesupport_cpp
[0.780s] [ 69%] Built target auria_msgs__rosidl_typesupport_c
[0.886s] [ 69%] Built target auria_msgs
[1.019s] [ 73%] Built target auria_msgs__py
[1.144s] [ 82%] Built target auria_msgs__python
[1.306s] [ 91%] Built target auria_msgs__rosidl_typesupport_c__pyext
[1.344s] [100%] Built target auria_msgs__rosidl_typesupport_introspection_c__pyext
[1.424s] Invoked command in '/home/auria/src/build/auria_msgs' returned '0': /usr/bin/cmake --build /home/auria/src/build/auria_msgs -- -j4 -l4
[1.708s] Invoking command in '/home/auria/src/build/auria_msgs': /usr/bin/cmake --install /home/auria/src/build/auria_msgs
[1.751s] -- Install configuration: ""
[1.753s] -- Up-to-date: /home/auria/src/install/auria_msgs/share/ament_index/resource_index/rosidl_interfaces/auria_msgs
[1.756s] -- Up-to-date: /home/auria/src/install/auria_msgs/include/auria_msgs
[1.757s] -- Up-to-date: /home/auria/src/install/auria_msgs/include/auria_msgs/msg
[1.757s] -- Up-to-date: /home/auria/src/install/auria_msgs/include/auria_msgs/msg/point_array.h
[1.758s] -- Up-to-date: /home/auria/src/install/auria_msgs/include/auria_msgs/msg/rosidl_generator_c__visibility_control.h
[1.758s] -- Up-to-date: /home/auria/src/install/auria_msgs/include/auria_msgs/msg/detail
[1.762s] -- Up-to-date: /home/auria/src/install/auria_msgs/include/auria_msgs/msg/detail/point_array__struct.h
[1.765s] -- Up-to-date: /home/auria/src/install/auria_msgs/include/auria_msgs/msg/detail/point_array__type_support.h
[1.765s] -- Up-to-date: /home/auria/src/install/auria_msgs/include/auria_msgs/msg/detail/point_array__functions.h
[1.765s] -- Up-to-date: /home/auria/src/install/auria_msgs/include/auria_msgs/msg/detail/point_array__functions.c
[1.768s] -- Up-to-date: /home/auria/src/install/auria_msgs/share/auria_msgs/environment/library_path.sh
[1.769s] -- Up-to-date: /home/auria/src/install/auria_msgs/share/auria_msgs/environment/library_path.dsv
[1.772s] -- Up-to-date: /home/auria/src/install/auria_msgs/lib/libauria_msgs__rosidl_generator_c.so
[1.773s] -- Up-to-date: /home/auria/src/install/auria_msgs/include/auria_msgs
[1.773s] -- Up-to-date: /home/auria/src/install/auria_msgs/include/auria_msgs/msg
[1.773s] -- Up-to-date: /home/auria/src/install/auria_msgs/include/auria_msgs/msg/rosidl_typesupport_introspection_c__visibility_control.h
[1.773s] -- Up-to-date: /home/auria/src/install/auria_msgs/include/auria_msgs/msg/detail
[1.777s] -- Up-to-date: /home/auria/src/install/auria_msgs/include/auria_msgs/msg/detail/point_array__type_support.c
[1.777s] -- Up-to-date: /home/auria/src/install/auria_msgs/include/auria_msgs/msg/detail/point_array__rosidl_typesupport_introspection_c.h
[1.779s] -- Up-to-date: /home/auria/src/install/auria_msgs/lib/libauria_msgs__rosidl_typesupport_introspection_c.so
[1.779s] -- Up-to-date: /home/auria/src/install/auria_msgs/lib/libauria_msgs__rosidl_typesupport_c.so
[1.779s] -- Up-to-date: /home/auria/src/install/auria_msgs/include/auria_msgs
[1.780s] -- Up-to-date: /home/auria/src/install/auria_msgs/include/auria_msgs/msg
[1.780s] -- Up-to-date: /home/auria/src/install/auria_msgs/include/auria_msgs/msg/point_array.hpp
[1.780s] -- Up-to-date: /home/auria/src/install/auria_msgs/include/auria_msgs/msg/detail
[1.780s] -- Up-to-date: /home/auria/src/install/auria_msgs/include/auria_msgs/msg/detail/point_array__struct.hpp
[1.787s] -- Up-to-date: /home/auria/src/install/auria_msgs/include/auria_msgs/msg/detail/point_array__builder.hpp
[1.787s] -- Up-to-date: /home/auria/src/install/auria_msgs/include/auria_msgs/msg/detail/point_array__traits.hpp
[1.788s] -- Up-to-date: /home/auria/src/install/auria_msgs/include/auria_msgs
[1.788s] -- Up-to-date: /home/auria/src/install/auria_msgs/include/auria_msgs/msg
[1.788s] -- Up-to-date: /home/auria/src/install/auria_msgs/include/auria_msgs/msg/detail
[1.789s] -- Up-to-date: /home/auria/src/install/auria_msgs/include/auria_msgs/msg/detail/point_array__rosidl_typesupport_introspection_cpp.hpp
[1.789s] -- Up-to-date: /home/auria/src/install/auria_msgs/include/auria_msgs/msg/detail/point_array__type_support.cpp
[1.789s] -- Up-to-date: /home/auria/src/install/auria_msgs/lib/libauria_msgs__rosidl_typesupport_introspection_cpp.so
[1.789s] -- Up-to-date: /home/auria/src/install/auria_msgs/lib/libauria_msgs__rosidl_typesupport_cpp.so
[1.797s] -- Up-to-date: /home/auria/src/install/auria_msgs/share/auria_msgs/environment/pythonpath.sh
[1.797s] -- Up-to-date: /home/auria/src/install/auria_msgs/share/auria_msgs/environment/pythonpath.dsv
[1.798s] -- Up-to-date: /home/auria/src/install/auria_msgs/lib/python3.8/site-packages/auria_msgs/__init__.py
[1.916s] -- Up-to-date: /home/auria/src/install/auria_msgs/lib/python3.8/site-packages/auria_msgs/msg
[1.919s] -- Up-to-date: /home/auria/src/install/auria_msgs/lib/python3.8/site-packages/auria_msgs/msg/_point_array_s.c
[1.920s] -- Up-to-date: /home/auria/src/install/auria_msgs/lib/python3.8/site-packages/auria_msgs/msg/__init__.py
[1.924s] -- Up-to-date: /home/auria/src/install/auria_msgs/lib/python3.8/site-packages/auria_msgs/msg/_point_array.py
[1.928s] -- Up-to-date: /home/auria/src/install/auria_msgs/lib/python3.8/site-packages/auria_msgs/auria_msgs_s__rosidl_typesupport_introspection_c.cpython-38-x86_64-linux-gnu.so
[1.933s] -- Up-to-date: /home/auria/src/install/auria_msgs/lib/python3.8/site-packages/auria_msgs/auria_msgs_s__rosidl_typesupport_c.cpython-38-x86_64-linux-gnu.so
[1.935s] -- Up-to-date: /home/auria/src/install/auria_msgs/lib/libauria_msgs__python.so
[1.937s] -- Up-to-date: /home/auria/src/install/auria_msgs/share/auria_msgs/msg/PointArray.idl
[1.939s] -- Up-to-date: /home/auria/src/install/auria_msgs/share/auria_msgs/msg/PointArray.msg
[1.939s] -- Up-to-date: /home/auria/src/install/auria_msgs/share/ament_index/resource_index/package_run_dependencies/auria_msgs
[1.942s] -- Up-to-date: /home/auria/src/install/auria_msgs/share/ament_index/resource_index/parent_prefix_path/auria_msgs
[1.943s] -- Up-to-date: /home/auria/src/install/auria_msgs/share/auria_msgs/environment/ament_prefix_path.sh
[1.944s] -- Up-to-date: /home/auria/src/install/auria_msgs/share/auria_msgs/environment/ament_prefix_path.dsv
[1.945s] -- Up-to-date: /home/auria/src/install/auria_msgs/share/auria_msgs/environment/path.sh
[1.945s] -- Up-to-date: /home/auria/src/install/auria_msgs/share/auria_msgs/environment/path.dsv
[1.946s] -- Up-to-date: /home/auria/src/install/auria_msgs/share/auria_msgs/local_setup.bash
[1.949s] -- Up-to-date: /home/auria/src/install/auria_msgs/share/auria_msgs/local_setup.sh
[1.949s] -- Up-to-date: /home/auria/src/install/auria_msgs/share/auria_msgs/local_setup.zsh
[1.951s] -- Up-to-date: /home/auria/src/install/auria_msgs/share/auria_msgs/local_setup.dsv
[1.953s] -- Installing: /home/auria/src/install/auria_msgs/share/auria_msgs/package.dsv
[1.956s] -- Up-to-date: /home/auria/src/install/auria_msgs/share/ament_index/resource_index/packages/auria_msgs
[1.957s] -- Up-to-date: /home/auria/src/install/auria_msgs/share/auria_msgs/cmake/auria_msgs__rosidl_generator_cExport.cmake
[1.958s] -- Up-to-date: /home/auria/src/install/auria_msgs/share/auria_msgs/cmake/auria_msgs__rosidl_generator_cExport-noconfig.cmake
[1.964s] -- Up-to-date: /home/auria/src/install/auria_msgs/share/auria_msgs/cmake/auria_msgs__rosidl_typesupport_introspection_cExport.cmake
[1.964s] -- Up-to-date: /home/auria/src/install/auria_msgs/share/auria_msgs/cmake/auria_msgs__rosidl_typesupport_introspection_cExport-noconfig.cmake
[1.966s] -- Up-to-date: /home/auria/src/install/auria_msgs/share/auria_msgs/cmake/auria_msgs__rosidl_typesupport_cExport.cmake
[1.966s] -- Up-to-date: /home/auria/src/install/auria_msgs/share/auria_msgs/cmake/auria_msgs__rosidl_typesupport_cExport-noconfig.cmake
[1.969s] -- Up-to-date: /home/auria/src/install/auria_msgs/share/auria_msgs/cmake/auria_msgs__rosidl_generator_cppExport.cmake
[1.970s] -- Up-to-date: /home/auria/src/install/auria_msgs/share/auria_msgs/cmake/auria_msgs__rosidl_typesupport_introspection_cppExport.cmake
[1.971s] -- Up-to-date: /home/auria/src/install/auria_msgs/share/auria_msgs/cmake/auria_msgs__rosidl_typesupport_introspection_cppExport-noconfig.cmake
[1.973s] -- Up-to-date: /home/auria/src/install/auria_msgs/share/auria_msgs/cmake/auria_msgs__rosidl_typesupport_cppExport.cmake
[1.974s] -- Up-to-date: /home/auria/src/install/auria_msgs/share/auria_msgs/cmake/auria_msgs__rosidl_typesupport_cppExport-noconfig.cmake
[1.975s] -- Up-to-date: /home/auria/src/install/auria_msgs/share/auria_msgs/cmake/rosidl_cmake-extras.cmake
[1.978s] -- Up-to-date: /home/auria/src/install/auria_msgs/share/auria_msgs/cmake/ament_cmake_export_dependencies-extras.cmake
[1.979s] -- Up-to-date: /home/auria/src/install/auria_msgs/share/auria_msgs/cmake/ament_cmake_export_libraries-extras.cmake
[1.980s] -- Up-to-date: /home/auria/src/install/auria_msgs/share/auria_msgs/cmake/ament_cmake_export_targets-extras.cmake
[1.981s] -- Up-to-date: /home/auria/src/install/auria_msgs/share/auria_msgs/cmake/ament_cmake_export_include_directories-extras.cmake
[1.982s] -- Up-to-date: /home/auria/src/install/auria_msgs/share/auria_msgs/cmake/rosidl_cmake_export_typesupport_targets-extras.cmake
[1.982s] -- Up-to-date: /home/auria/src/install/auria_msgs/share/auria_msgs/cmake/auria_msgsConfig.cmake
[1.983s] -- Up-to-date: /home/auria/src/install/auria_msgs/share/auria_msgs/cmake/auria_msgsConfig-version.cmake
[1.984s] -- Up-to-date: /home/auria/src/install/auria_msgs/share/auria_msgs/package.xml
[1.996s] Invoked command in '/home/auria/src/build/auria_msgs' returned '0': /usr/bin/cmake --install /home/auria/src/build/auria_msgs
