[0.000000] (-) TimerEvent: {}
[0.000523] (-) JobUnselected: {'identifier': 'auria_msgs'}
[0.000703] (-) JobUnselected: {'identifier': 'environment'}
[0.000802] (rl_driver) JobQueued: {'identifier': 'rl_driver', 'dependencies': OrderedDict()}
[0.000885] (rl_driver) JobStarted: {'identifier': 'rl_driver'}
[0.099947] (-) TimerEvent: {}
[0.201297] (-) TimerEvent: {}
[0.301915] (-) TimerEvent: {}
[0.402482] (-) TimerEvent: {}
[0.503097] (-) TimerEvent: {}
[0.604407] (-) TimerEvent: {}
[0.706339] (-) TimerEvent: {}
[0.808498] (-) TimerEvent: {}
[0.909076] (-) TimerEvent: {}
[1.010707] (-) TimerEvent: {}
[1.118102] (-) TimerEvent: {}
[1.218770] (-) TimerEvent: {}
[1.321012] (-) TimerEvent: {}
[1.425508] (-) TimerEvent: {}
[1.533605] (-) TimerEvent: {}
[1.634203] (-) TimerEvent: {}
[1.739641] (-) TimerEvent: {}
[1.840479] (-) TimerEvent: {}
[1.946101] (-) TimerEvent: {}
[2.051495] (-) TimerEvent: {}
[2.155848] (-) TimerEvent: {}
[2.256820] (-) TimerEvent: {}
[2.324457] (rl_driver) Command: {'cmd': ['/usr/bin/python3', 'setup.py', 'egg_info', '--egg-base', '../build/rl_driver', 'build', '--build-base', '/home/auria/src/build/rl_driver/build', 'install', '--record', '/home/auria/src/build/rl_driver/install.log', '--single-version-externally-managed'], 'cwd': '/home/auria/src/rl_driver', 'env': {'HOSTNAME': 'Ventupentu-portatil', 'SHLVL': '1', 'LIBGL_ALWAYS_SOFTWARE': '1', 'LD_LIBRARY_PATH': '/home/auria/src/install/auria_msgs/lib:/opt/ros/galactic/opt/yaml_cpp_vendor/lib:/opt/ros/galactic/lib/x86_64-linux-gnu:/opt/ros/galactic/lib', 'HOME': '/home/auria', 'OLDPWD': '/home/auria', 'ROS_PYTHON_VERSION': '3', 'QT_QPA_PLATFORM_PLUGIN_PATH': '/usr/lib/x86_64-linux-gnu/qt5/plugins/platforms', 'COLCON_PREFIX_PATH': '/home/auria/src/install', 'ROS_DISTRO': 'galactic', '_': '/usr/bin/colcon', 'ROS_VERSION': '2', 'TERM': 'xterm', 'ROS_LOCALHOST_ONLY': '0', 'QT_X11_NO_MITSHM': '1', 'PATH': '/opt/ros/galactic/bin:/usr/local/sbin:/usr/local/bin:/usr/sbin:/usr/bin:/sbin:/bin', 'DISPLAY': ':0', 'LANG': 'C.UTF-8', 'AMENT_PREFIX_PATH': '/home/auria/src/install/rl_driver:/home/auria/src/install/environment:/home/auria/src/install/auria_msgs:/opt/ros/galactic', 'PWD': '/home/auria/src/build/rl_driver', 'LC_ALL': 'C.UTF-8', 'PYTHONPATH': '/home/auria/src/build/rl_driver/prefix_override:/home/auria/src/install/rl_driver/lib/python3.8/site-packages:/home/auria/src/install/rl_driver/lib/python3.8/site-packages:/home/auria/src/install/environment/lib/python3.8/site-packages:/home/auria/src/install/auria_msgs/lib/python3.8/site-packages:/opt/ros/galactic/lib/python3.8/site-packages', 'COLCON': '1', 'CMAKE_PREFIX_PATH': '/home/auria/src/install/auria_msgs'}, 'shell': False}
[2.358761] (-) TimerEvent: {}
[2.462256] (-) TimerEvent: {}
[2.562901] (-) TimerEvent: {}
[2.663673] (-) TimerEvent: {}
[2.764261] (-) TimerEvent: {}
[2.865724] (-) TimerEvent: {}
[2.968726] (-) TimerEvent: {}
[3.069282] (-) TimerEvent: {}
[3.125347] (rl_driver) StdoutLine: {'line': b'running egg_info\n'}
[3.129835] (rl_driver) StdoutLine: {'line': b'writing ../build/rl_driver/rl_driver.egg-info/PKG-INFO\n'}
[3.130270] (rl_driver) StdoutLine: {'line': b'writing dependency_links to ../build/rl_driver/rl_driver.egg-info/dependency_links.txt\n'}
[3.134011] (rl_driver) StdoutLine: {'line': b'writing entry points to ../build/rl_driver/rl_driver.egg-info/entry_points.txt\n'}
[3.134364] (rl_driver) StdoutLine: {'line': b'writing requirements to ../build/rl_driver/rl_driver.egg-info/requires.txt\n'}
[3.136359] (rl_driver) StdoutLine: {'line': b'writing top-level names to ../build/rl_driver/rl_driver.egg-info/top_level.txt\n'}
[3.169496] (-) TimerEvent: {}
[3.260550] (rl_driver) StdoutLine: {'line': b"reading manifest file '../build/rl_driver/rl_driver.egg-info/SOURCES.txt'\n"}
[3.264504] (rl_driver) StdoutLine: {'line': b"writing manifest file '../build/rl_driver/rl_driver.egg-info/SOURCES.txt'\n"}
[3.265194] (rl_driver) StdoutLine: {'line': b'running build\n'}
[3.265528] (rl_driver) StdoutLine: {'line': b'running build_py\n'}
[3.266577] (rl_driver) StdoutLine: {'line': b'running install\n'}
[3.269329] (rl_driver) StdoutLine: {'line': b'running install_lib\n'}
[3.269755] (-) TimerEvent: {}
[3.275924] (rl_driver) StdoutLine: {'line': b'running install_data\n'}
[3.277556] (rl_driver) StdoutLine: {'line': b'running install_egg_info\n'}
[3.283842] (rl_driver) StdoutLine: {'line': b"removing '/home/auria/src/install/rl_driver/lib/python3.8/site-packages/rl_driver-0.0.0-py3.8.egg-info' (and everything under it)\n"}
[3.285345] (rl_driver) StdoutLine: {'line': b'Copying ../build/rl_driver/rl_driver.egg-info to /home/auria/src/install/rl_driver/lib/python3.8/site-packages/rl_driver-0.0.0-py3.8.egg-info\n'}
[3.289169] (rl_driver) StdoutLine: {'line': b'running install_scripts\n'}
[3.352918] (rl_driver) StdoutLine: {'line': b'Installing rl_node script to /home/auria/src/install/rl_driver/lib/rl_driver\n'}
[3.354215] (rl_driver) StdoutLine: {'line': b'Installing train script to /home/auria/src/install/rl_driver/lib/rl_driver\n'}
[3.356101] (rl_driver) StdoutLine: {'line': b"writing list of installed files to '/home/auria/src/build/rl_driver/install.log'\n"}
[3.370920] (-) TimerEvent: {}
[3.433573] (rl_driver) CommandEnded: {'returncode': 0}
[3.475656] (-) TimerEvent: {}
[3.505994] (rl_driver) JobEnded: {'identifier': 'rl_driver', 'rc': 0}
[3.508940] (-) EventReactorShutdown: {}
