[3.040s] Invoking command in '/home/auria/src/environment': PYTHONPATH=/home/auria/src/build/environment/prefix_override:/home/auria/src/install/environment/lib/python3.8/site-packages:/home/auria/src/install/auria_msgs/lib/python3.8/site-packages:/home/auria/src/install/rl_driver/lib/python3.8/site-packages:/home/auria/src/install/environment/lib/python3.8/site-packages:/opt/ros/galactic/lib/python3.8/site-packages /usr/bin/python3 setup.py egg_info --egg-base ../build/environment build --build-base /home/auria/src/build/environment/build install --record /home/auria/src/build/environment/install.log --single-version-externally-managed
[3.933s] running egg_info
[3.934s] writing ../build/environment/environment.egg-info/PKG-INFO
[3.937s] writing dependency_links to ../build/environment/environment.egg-info/dependency_links.txt
[3.938s] writing entry points to ../build/environment/environment.egg-info/entry_points.txt
[3.938s] writing requirements to ../build/environment/environment.egg-info/requires.txt
[3.942s] writing top-level names to ../build/environment/environment.egg-info/top_level.txt
[4.081s] reading manifest file '../build/environment/environment.egg-info/SOURCES.txt'
[4.085s] writing manifest file '../build/environment/environment.egg-info/SOURCES.txt'
[4.089s] running build
[4.090s] running build_py
[4.090s] running install
[4.092s] running install_lib
[4.098s] running install_data
[4.103s] running install_egg_info
[4.110s] removing '/home/auria/src/install/environment/lib/python3.8/site-packages/environment-0.1.0-py3.8.egg-info' (and everything under it)
[4.113s] Copying ../build/environment/environment.egg-info to /home/auria/src/install/environment/lib/python3.8/site-packages/environment-0.1.0-py3.8.egg-info
[4.116s] running install_scripts
[4.199s] Installing car script to /home/auria/src/install/environment/lib/environment
[4.199s] Installing env script to /home/auria/src/install/environment/lib/environment
[4.204s] writing list of installed files to '/home/auria/src/build/environment/install.log'
[4.281s] Invoked command in '/home/auria/src/environment' returned '0': PYTHONPATH=/home/auria/src/build/environment/prefix_override:/home/auria/src/install/environment/lib/python3.8/site-packages:/home/auria/src/install/auria_msgs/lib/python3.8/site-packages:/home/auria/src/install/rl_driver/lib/python3.8/site-packages:/home/auria/src/install/environment/lib/python3.8/site-packages:/opt/ros/galactic/lib/python3.8/site-packages /usr/bin/python3 setup.py egg_info --egg-base ../build/environment build --build-base /home/auria/src/build/environment/build install --record /home/auria/src/build/environment/install.log --single-version-externally-managed
