[2.258s] Invoking command in '/home/auria/src/rl_driver': PYTHONPATH=/home/auria/src/build/rl_driver/prefix_override:/home/auria/src/install/rl_driver/lib/python3.8/site-packages:${PYTHONPATH} /usr/bin/python3 setup.py egg_info --egg-base ../build/rl_driver build --build-base /home/auria/src/build/rl_driver/build install --record /home/auria/src/build/rl_driver/install.log --single-version-externally-managed
[3.049s] running egg_info
[3.052s] writing ../build/rl_driver/rl_driver.egg-info/PKG-INFO
[3.052s] writing dependency_links to ../build/rl_driver/rl_driver.egg-info/dependency_links.txt
[3.053s] writing entry points to ../build/rl_driver/rl_driver.egg-info/entry_points.txt
[3.054s] writing requirements to ../build/rl_driver/rl_driver.egg-info/requires.txt
[3.055s] writing top-level names to ../build/rl_driver/rl_driver.egg-info/top_level.txt
[3.191s] reading manifest file '../build/rl_driver/rl_driver.egg-info/SOURCES.txt'
[3.195s] writing manifest file '../build/rl_driver/rl_driver.egg-info/SOURCES.txt'
[3.196s] running build
[3.196s] running build_py
[3.198s] copying rl_driver/ros2_env.py -> /home/auria/src/build/rl_driver/build/lib/rl_driver
[3.198s] running install
[3.203s] running install_lib
[3.207s] copying /home/auria/src/build/rl_driver/build/lib/rl_driver/ros2_env.py -> /home/auria/src/install/rl_driver/lib/python3.8/site-packages/rl_driver
[3.207s] byte-compiling /home/auria/src/install/rl_driver/lib/python3.8/site-packages/rl_driver/ros2_env.py to ros2_env.cpython-38.pyc
[3.217s] running install_data
[3.221s] running install_egg_info
[3.224s] removing '/home/auria/src/install/rl_driver/lib/python3.8/site-packages/rl_driver-0.0.0-py3.8.egg-info' (and everything under it)
[3.225s] Copying ../build/rl_driver/rl_driver.egg-info to /home/auria/src/install/rl_driver/lib/python3.8/site-packages/rl_driver-0.0.0-py3.8.egg-info
[3.229s] running install_scripts
[3.296s] Installing rl_node script to /home/auria/src/install/rl_driver/lib/rl_driver
[3.297s] Installing train script to /home/auria/src/install/rl_driver/lib/rl_driver
[3.299s] writing list of installed files to '/home/auria/src/build/rl_driver/install.log'
[3.368s] Invoked command in '/home/auria/src/rl_driver' returned '0': PYTHONPATH=/home/auria/src/build/rl_driver/prefix_override:/home/auria/src/install/rl_driver/lib/python3.8/site-packages:${PYTHONPATH} /usr/bin/python3 setup.py egg_info --egg-base ../build/rl_driver build --build-base /home/auria/src/build/rl_driver/build install --record /home/auria/src/build/rl_driver/install.log --single-version-externally-managed
