[0.000000] (-) TimerEvent: {}
[0.002769] (-) JobUnselected: {'identifier': 'auria_msgs'}
[0.002955] (-) JobUnselected: {'identifier': 'environment'}
[0.003059] (rl_driver) JobQueued: {'identifier': 'rl_driver', 'dependencies': OrderedDict()}
[0.003150] (rl_driver) JobStarted: {'identifier': 'rl_driver'}
[0.100212] (-) TimerEvent: {}
[0.201869] (-) TimerEvent: {}
[0.303201] (-) TimerEvent: {}
[0.403797] (-) TimerEvent: {}
[0.504616] (-) TimerEvent: {}
[0.605302] (-) TimerEvent: {}
[0.705890] (-) TimerEvent: {}
[0.806508] (-) TimerEvent: {}
[0.907141] (-) TimerEvent: {}
[1.014687] (-) TimerEvent: {}
[1.117073] (-) TimerEvent: {}
[1.217831] (-) TimerEvent: {}
[1.319536] (-) TimerEvent: {}
[1.420110] (-) TimerEvent: {}
[1.521200] (-) TimerEvent: {}
[1.622449] (-) TimerEvent: {}
[1.725964] (-) TimerEvent: {}
[1.829046] (-) TimerEvent: {}
[1.931701] (-) TimerEvent: {}
[2.033307] (-) TimerEvent: {}
[2.136038] (-) TimerEvent: {}
[2.237267] (-) TimerEvent: {}
[2.260697] (rl_driver) Command: {'cmd': ['/usr/bin/python3', 'setup.py', 'egg_info', '--egg-base', '../build/rl_driver', 'build', '--build-base', '/home/auria/src/build/rl_driver/build', 'install', '--record', '/home/auria/src/build/rl_driver/install.log', '--single-version-externally-managed'], 'cwd': '/home/auria/src/rl_driver', 'env': {'HOSTNAME': 'Ventupentu-portatil', 'SHLVL': '1', 'LIBGL_ALWAYS_SOFTWARE': '1', 'LD_LIBRARY_PATH': '/home/auria/src/install/auria_msgs/lib:/opt/ros/galactic/opt/yaml_cpp_vendor/lib:/opt/ros/galactic/lib/x86_64-linux-gnu:/opt/ros/galactic/lib', 'HOME': '/home/auria', 'OLDPWD': '/home/auria', 'ROS_PYTHON_VERSION': '3', 'QT_QPA_PLATFORM_PLUGIN_PATH': '/usr/lib/x86_64-linux-gnu/qt5/plugins/platforms', 'COLCON_PREFIX_PATH': '/home/auria/src/install', 'ROS_DISTRO': 'galactic', '_': '/usr/bin/colcon', 'ROS_VERSION': '2', 'TERM': 'xterm', 'ROS_LOCALHOST_ONLY': '0', 'QT_X11_NO_MITSHM': '1', 'PATH': '/opt/ros/galactic/bin:/usr/local/sbin:/usr/local/bin:/usr/sbin:/usr/bin:/sbin:/bin', 'DISPLAY': ':0', 'LANG': 'C.UTF-8', 'AMENT_PREFIX_PATH': '/home/auria/src/install/rl_driver:/home/auria/src/install/environment:/home/auria/src/install/auria_msgs:/opt/ros/galactic', 'PWD': '/home/auria/src/build/rl_driver', 'LC_ALL': 'C.UTF-8', 'PYTHONPATH': '/home/auria/src/build/rl_driver/prefix_override:/home/auria/src/install/rl_driver/lib/python3.8/site-packages:/home/auria/src/install/rl_driver/lib/python3.8/site-packages:/home/auria/src/install/environment/lib/python3.8/site-packages:/home/auria/src/install/auria_msgs/lib/python3.8/site-packages:/opt/ros/galactic/lib/python3.8/site-packages', 'COLCON': '1', 'CMAKE_PREFIX_PATH': '/home/auria/src/install/auria_msgs'}, 'shell': False}
[2.339832] (-) TimerEvent: {}
[2.441196] (-) TimerEvent: {}
[2.542138] (-) TimerEvent: {}
[2.644681] (-) TimerEvent: {}
[2.745688] (-) TimerEvent: {}
[2.846240] (-) TimerEvent: {}
[2.949681] (-) TimerEvent: {}
[3.050627] (-) TimerEvent: {}
[3.147437] (rl_driver) StdoutLine: {'line': b'running egg_info\n'}
[3.152048] (-) TimerEvent: {}
[3.153754] (rl_driver) StdoutLine: {'line': b'writing ../build/rl_driver/rl_driver.egg-info/PKG-INFO\n'}
[3.154394] (rl_driver) StdoutLine: {'line': b'writing dependency_links to ../build/rl_driver/rl_driver.egg-info/dependency_links.txt\n'}
[3.157177] (rl_driver) StdoutLine: {'line': b'writing entry points to ../build/rl_driver/rl_driver.egg-info/entry_points.txt\n'}
[3.162142] (rl_driver) StdoutLine: {'line': b'writing requirements to ../build/rl_driver/rl_driver.egg-info/requires.txt\n'}
[3.163242] (rl_driver) StdoutLine: {'line': b'writing top-level names to ../build/rl_driver/rl_driver.egg-info/top_level.txt\n'}
[3.252214] (-) TimerEvent: {}
[3.284692] (rl_driver) StdoutLine: {'line': b"reading manifest file '../build/rl_driver/rl_driver.egg-info/SOURCES.txt'\n"}
[3.302879] (rl_driver) StdoutLine: {'line': b"writing manifest file '../build/rl_driver/rl_driver.egg-info/SOURCES.txt'\n"}
[3.303347] (rl_driver) StdoutLine: {'line': b'running build\n'}
[3.303670] (rl_driver) StdoutLine: {'line': b'running build_py\n'}
[3.303963] (rl_driver) StdoutLine: {'line': b'copying rl_driver/train.py -> /home/auria/src/build/rl_driver/build/lib/rl_driver\n'}
[3.305113] (rl_driver) StdoutLine: {'line': b'copying rl_driver/ros2_env.py -> /home/auria/src/build/rl_driver/build/lib/rl_driver\n'}
[3.306986] (rl_driver) StdoutLine: {'line': b'running install\n'}
[3.310568] (rl_driver) StdoutLine: {'line': b'running install_lib\n'}
[3.318280] (rl_driver) StdoutLine: {'line': b'copying /home/auria/src/build/rl_driver/build/lib/rl_driver/train.py -> /home/auria/src/install/rl_driver/lib/python3.8/site-packages/rl_driver\n'}
[3.320136] (rl_driver) StdoutLine: {'line': b'copying /home/auria/src/build/rl_driver/build/lib/rl_driver/ros2_env.py -> /home/auria/src/install/rl_driver/lib/python3.8/site-packages/rl_driver\n'}
[3.323506] (rl_driver) StdoutLine: {'line': b'byte-compiling /home/auria/src/install/rl_driver/lib/python3.8/site-packages/rl_driver/train.py to train.cpython-38.pyc\n'}
[3.331938] (rl_driver) StdoutLine: {'line': b'byte-compiling /home/auria/src/install/rl_driver/lib/python3.8/site-packages/rl_driver/ros2_env.py to ros2_env.cpython-38.pyc\n'}
[3.341249] (rl_driver) StdoutLine: {'line': b'running install_data\n'}
[3.342987] (rl_driver) StdoutLine: {'line': b'running install_egg_info\n'}
[3.352375] (-) TimerEvent: {}
[3.358202] (rl_driver) StdoutLine: {'line': b"removing '/home/auria/src/install/rl_driver/lib/python3.8/site-packages/rl_driver-0.0.0-py3.8.egg-info' (and everything under it)\n"}
[3.360320] (rl_driver) StdoutLine: {'line': b'Copying ../build/rl_driver/rl_driver.egg-info to /home/auria/src/install/rl_driver/lib/python3.8/site-packages/rl_driver-0.0.0-py3.8.egg-info\n'}
[3.368714] (rl_driver) StdoutLine: {'line': b'running install_scripts\n'}
[3.452522] (-) TimerEvent: {}
[3.490410] (rl_driver) StdoutLine: {'line': b'Installing rl_node script to /home/auria/src/install/rl_driver/lib/rl_driver\n'}
[3.490957] (rl_driver) StdoutLine: {'line': b'Installing train script to /home/auria/src/install/rl_driver/lib/rl_driver\n'}
[3.492678] (rl_driver) StdoutLine: {'line': b"writing list of installed files to '/home/auria/src/build/rl_driver/install.log'\n"}
[3.552692] (-) TimerEvent: {}
[3.622772] (rl_driver) CommandEnded: {'returncode': 0}
[3.654703] (-) TimerEvent: {}
[3.743828] (rl_driver) JobEnded: {'identifier': 'rl_driver', 'rc': 0}
[3.748437] (-) EventReactorShutdown: {}
