[0.000000] (-) TimerEvent: {}
[0.001488] (-) JobUnselected: {'identifier': 'auria_msgs'}
[0.001641] (-) JobUnselected: {'identifier': 'environment'}
[0.001758] (rl_driver) JobQueued: {'identifier': 'rl_driver', 'dependencies': OrderedDict()}
[0.001864] (rl_driver) JobStarted: {'identifier': 'rl_driver'}
[0.099123] (-) TimerEvent: {}
[0.201753] (-) TimerEvent: {}
[0.303433] (-) TimerEvent: {}
[0.404933] (-) TimerEvent: {}
[0.505495] (-) TimerEvent: {}
[0.606117] (-) TimerEvent: {}
[0.706896] (-) TimerEvent: {}
[0.807891] (-) TimerEvent: {}
[0.908825] (-) TimerEvent: {}
[1.011556] (-) TimerEvent: {}
[1.115948] (-) TimerEvent: {}
[1.218365] (-) TimerEvent: {}
[1.326606] (-) TimerEvent: {}
[1.428667] (-) TimerEvent: {}
[1.529963] (-) TimerEvent: {}
[1.631577] (-) TimerEvent: {}
[1.734903] (-) TimerEvent: {}
[1.838377] (-) TimerEvent: {}
[1.943932] (-) TimerEvent: {}
[2.044739] (-) TimerEvent: {}
[2.145376] (-) TimerEvent: {}
[2.248156] (-) TimerEvent: {}
[2.352612] (-) TimerEvent: {}
[2.422077] (rl_driver) Command: {'cmd': ['/usr/bin/python3', 'setup.py', 'egg_info', '--egg-base', '../build/rl_driver', 'build', '--build-base', '/home/auria/src/build/rl_driver/build', 'install', '--record', '/home/auria/src/build/rl_driver/install.log', '--single-version-externally-managed'], 'cwd': '/home/auria/src/rl_driver', 'env': {'HOSTNAME': 'Ventupentu-portatil', 'SHLVL': '1', 'LIBGL_ALWAYS_SOFTWARE': '1', 'LD_LIBRARY_PATH': '/home/auria/src/install/auria_msgs/lib:/opt/ros/galactic/opt/yaml_cpp_vendor/lib:/opt/ros/galactic/lib/x86_64-linux-gnu:/opt/ros/galactic/lib', 'HOME': '/home/auria', 'OLDPWD': '/home/auria', 'ROS_PYTHON_VERSION': '3', 'QT_QPA_PLATFORM_PLUGIN_PATH': '/usr/lib/x86_64-linux-gnu/qt5/plugins/platforms', 'COLCON_PREFIX_PATH': '/home/auria/src/install', 'ROS_DISTRO': 'galactic', '_': '/usr/bin/colcon', 'ROS_VERSION': '2', 'TERM': 'xterm', 'ROS_LOCALHOST_ONLY': '0', 'QT_X11_NO_MITSHM': '1', 'PATH': '/opt/ros/galactic/bin:/usr/local/sbin:/usr/local/bin:/usr/sbin:/usr/bin:/sbin:/bin', 'DISPLAY': ':0', 'LANG': 'C.UTF-8', 'AMENT_PREFIX_PATH': '/home/auria/src/install/rl_driver:/home/auria/src/install/environment:/home/auria/src/install/auria_msgs:/opt/ros/galactic', 'PWD': '/home/auria/src/build/rl_driver', 'LC_ALL': 'C.UTF-8', 'PYTHONPATH': '/home/auria/src/build/rl_driver/prefix_override:/home/auria/src/install/rl_driver/lib/python3.8/site-packages:/home/auria/src/install/rl_driver/lib/python3.8/site-packages:/home/auria/src/install/environment/lib/python3.8/site-packages:/home/auria/src/install/auria_msgs/lib/python3.8/site-packages:/opt/ros/galactic/lib/python3.8/site-packages', 'COLCON': '1', 'CMAKE_PREFIX_PATH': '/home/auria/src/install/auria_msgs'}, 'shell': False}
[2.452991] (-) TimerEvent: {}
[2.556244] (-) TimerEvent: {}
[2.658295] (-) TimerEvent: {}
[2.758948] (-) TimerEvent: {}
[2.859590] (-) TimerEvent: {}
[2.960939] (-) TimerEvent: {}
[3.061929] (-) TimerEvent: {}
[3.162810] (-) TimerEvent: {}
[3.264532] (-) TimerEvent: {}
[3.290672] (rl_driver) StdoutLine: {'line': b'running egg_info\n'}
[3.294412] (rl_driver) StdoutLine: {'line': b'writing ../build/rl_driver/rl_driver.egg-info/PKG-INFO\n'}
[3.294931] (rl_driver) StdoutLine: {'line': b'writing dependency_links to ../build/rl_driver/rl_driver.egg-info/dependency_links.txt\n'}
[3.297184] (rl_driver) StdoutLine: {'line': b'writing entry points to ../build/rl_driver/rl_driver.egg-info/entry_points.txt\n'}
[3.297579] (rl_driver) StdoutLine: {'line': b'writing requirements to ../build/rl_driver/rl_driver.egg-info/requires.txt\n'}
[3.297877] (rl_driver) StdoutLine: {'line': b'writing top-level names to ../build/rl_driver/rl_driver.egg-info/top_level.txt\n'}
[3.364694] (-) TimerEvent: {}
[3.425164] (rl_driver) StdoutLine: {'line': b"reading manifest file '../build/rl_driver/rl_driver.egg-info/SOURCES.txt'\n"}
[3.435425] (rl_driver) StdoutLine: {'line': b"writing manifest file '../build/rl_driver/rl_driver.egg-info/SOURCES.txt'\n"}
[3.437182] (rl_driver) StdoutLine: {'line': b'running build\n'}
[3.439109] (rl_driver) StdoutLine: {'line': b'running build_py\n'}
[3.439516] (rl_driver) StdoutLine: {'line': b'copying rl_driver/train.py -> /home/auria/src/build/rl_driver/build/lib/rl_driver\n'}
[3.439864] (rl_driver) StdoutLine: {'line': b'copying rl_driver/ros2_env.py -> /home/auria/src/build/rl_driver/build/lib/rl_driver\n'}
[3.444916] (rl_driver) StdoutLine: {'line': b'running install\n'}
[3.445525] (rl_driver) StdoutLine: {'line': b'running install_lib\n'}
[3.449449] (rl_driver) StdoutLine: {'line': b'copying /home/auria/src/build/rl_driver/build/lib/rl_driver/train.py -> /home/auria/src/install/rl_driver/lib/python3.8/site-packages/rl_driver\n'}
[3.450479] (rl_driver) StdoutLine: {'line': b'copying /home/auria/src/build/rl_driver/build/lib/rl_driver/ros2_env.py -> /home/auria/src/install/rl_driver/lib/python3.8/site-packages/rl_driver\n'}
[3.453186] (rl_driver) StdoutLine: {'line': b'byte-compiling /home/auria/src/install/rl_driver/lib/python3.8/site-packages/rl_driver/train.py to train.cpython-38.pyc\n'}
[3.458717] (rl_driver) StdoutLine: {'line': b'byte-compiling /home/auria/src/install/rl_driver/lib/python3.8/site-packages/rl_driver/ros2_env.py to ros2_env.cpython-38.pyc\n'}
[3.464798] (rl_driver) StdoutLine: {'line': b'running install_data\n'}
[3.465299] (-) TimerEvent: {}
[3.466564] (rl_driver) StdoutLine: {'line': b'running install_egg_info\n'}
[3.472993] (rl_driver) StdoutLine: {'line': b"removing '/home/auria/src/install/rl_driver/lib/python3.8/site-packages/rl_driver-0.0.0-py3.8.egg-info' (and everything under it)\n"}
[3.474723] (rl_driver) StdoutLine: {'line': b'Copying ../build/rl_driver/rl_driver.egg-info to /home/auria/src/install/rl_driver/lib/python3.8/site-packages/rl_driver-0.0.0-py3.8.egg-info\n'}
[3.478925] (rl_driver) StdoutLine: {'line': b'running install_scripts\n'}
[3.546707] (rl_driver) StdoutLine: {'line': b'Installing rl_node script to /home/auria/src/install/rl_driver/lib/rl_driver\n'}
[3.547650] (rl_driver) StdoutLine: {'line': b'Installing train script to /home/auria/src/install/rl_driver/lib/rl_driver\n'}
[3.553943] (rl_driver) StdoutLine: {'line': b"writing list of installed files to '/home/auria/src/build/rl_driver/install.log'\n"}
[3.566987] (-) TimerEvent: {}
[3.625113] (rl_driver) CommandEnded: {'returncode': 0}
[3.669288] (-) TimerEvent: {}
[3.692545] (rl_driver) JobEnded: {'identifier': 'rl_driver', 'rc': 0}
[3.698590] (-) EventReactorShutdown: {}
