running egg_info
creating ../build/rl_driver/rl_driver.egg-info
writing ../build/rl_driver/rl_driver.egg-info/PKG-INFO
writing dependency_links to ../build/rl_driver/rl_driver.egg-info/dependency_links.txt
writing entry points to ../build/rl_driver/rl_driver.egg-info/entry_points.txt
writing requirements to ../build/rl_driver/rl_driver.egg-info/requires.txt
writing top-level names to ../build/rl_driver/rl_driver.egg-info/top_level.txt
writing manifest file '../build/rl_driver/rl_driver.egg-info/SOURCES.txt'
reading manifest file '../build/rl_driver/rl_driver.egg-info/SOURCES.txt'
writing manifest file '../build/rl_driver/rl_driver.egg-info/SOURCES.txt'
running build
running build_py
creating /home/auria/src/build/rl_driver/build
creating /home/auria/src/build/rl_driver/build/lib
creating /home/auria/src/build/rl_driver/build/lib/rl_driver
copying rl_driver/__init__.py -> /home/auria/src/build/rl_driver/build/lib/rl_driver
copying rl_driver/gym_ros2_env.py -> /home/auria/src/build/rl_driver/build/lib/rl_driver
copying rl_driver/rl_node.py -> /home/auria/src/build/rl_driver/build/lib/rl_driver
running install
running install_lib
creating /home/auria/src/install/rl_driver/lib/python3.8/site-packages/rl_driver
copying /home/auria/src/build/rl_driver/build/lib/rl_driver/__init__.py -> /home/auria/src/install/rl_driver/lib/python3.8/site-packages/rl_driver
copying /home/auria/src/build/rl_driver/build/lib/rl_driver/gym_ros2_env.py -> /home/auria/src/install/rl_driver/lib/python3.8/site-packages/rl_driver
copying /home/auria/src/build/rl_driver/build/lib/rl_driver/rl_node.py -> /home/auria/src/install/rl_driver/lib/python3.8/site-packages/rl_driver
byte-compiling /home/auria/src/install/rl_driver/lib/python3.8/site-packages/rl_driver/__init__.py to __init__.cpython-38.pyc
byte-compiling /home/auria/src/install/rl_driver/lib/python3.8/site-packages/rl_driver/gym_ros2_env.py to gym_ros2_env.cpython-38.pyc
byte-compiling /home/auria/src/install/rl_driver/lib/python3.8/site-packages/rl_driver/rl_node.py to rl_node.cpython-38.pyc
running install_data
creating /home/auria/src/install/rl_driver/share/ament_index
creating /home/auria/src/install/rl_driver/share/ament_index/resource_index
creating /home/auria/src/install/rl_driver/share/ament_index/resource_index/packages
copying resource/rl_driver -> /home/auria/src/install/rl_driver/share/ament_index/resource_index/packages
copying package.xml -> /home/auria/src/install/rl_driver/share/rl_driver
running install_egg_info
Copying ../build/rl_driver/rl_driver.egg-info to /home/auria/src/install/rl_driver/lib/python3.8/site-packages/rl_driver-0.0.0-py3.8.egg-info
running install_scripts
Installing rl_node script to /home/auria/src/install/rl_driver/lib/rl_driver
writing list of installed files to '/home/auria/src/build/rl_driver/install.log'
