[0.000000] (-) TimerEvent: {}
[0.000491] (-) JobUnselected: {'identifier': 'auria_msgs'}
[0.000639] (-) JobUnselected: {'identifier': 'environment'}
[0.000740] (rl_driver) JobQueued: {'identifier': 'rl_driver', 'dependencies': OrderedDict()}
[0.000837] (rl_driver) JobStarted: {'identifier': 'rl_driver'}
[0.096543] (-) TimerEvent: {}
[0.198454] (-) TimerEvent: {}
[0.299136] (-) TimerEvent: {}
[0.401899] (-) TimerEvent: {}
[0.502937] (-) TimerEvent: {}
[0.603593] (-) TimerEvent: {}
[0.705773] (-) TimerEvent: {}
[0.807471] (-) TimerEvent: {}
[0.909256] (-) TimerEvent: {}
[1.010635] (-) TimerEvent: {}
[1.114461] (-) TimerEvent: {}
[1.218650] (-) TimerEvent: {}
[1.320402] (-) TimerEvent: {}
[1.422023] (-) TimerEvent: {}
[1.527056] (-) TimerEvent: {}
[1.628112] (-) TimerEvent: {}
[1.729165] (-) TimerEvent: {}
[1.832160] (-) TimerEvent: {}
[1.932901] (-) TimerEvent: {}
[2.035981] (-) TimerEvent: {}
[2.137978] (-) TimerEvent: {}
[2.239137] (-) TimerEvent: {}
[2.340448] (-) TimerEvent: {}
[2.441243] (-) TimerEvent: {}
[2.545642] (-) TimerEvent: {}
[2.583962] (rl_driver) Command: {'cmd': ['/usr/bin/python3', 'setup.py', 'egg_info', '--egg-base', '../build/rl_driver', 'build', '--build-base', '/home/auria/src/build/rl_driver/build', 'install', '--record', '/home/auria/src/build/rl_driver/install.log', '--single-version-externally-managed'], 'cwd': '/home/auria/src/rl_driver', 'env': {'HOSTNAME': 'Ventupentu-portatil', 'SHLVL': '1', 'LIBGL_ALWAYS_SOFTWARE': '1', 'LD_LIBRARY_PATH': '/home/auria/src/install/auria_msgs/lib:/opt/ros/galactic/opt/yaml_cpp_vendor/lib:/opt/ros/galactic/lib/x86_64-linux-gnu:/opt/ros/galactic/lib', 'HOME': '/home/auria', 'OLDPWD': '/home/auria', 'ROS_PYTHON_VERSION': '3', 'QT_QPA_PLATFORM_PLUGIN_PATH': '/usr/lib/x86_64-linux-gnu/qt5/plugins/platforms', 'COLCON_PREFIX_PATH': '/home/auria/src/install', 'ROS_DISTRO': 'galactic', '_': '/usr/bin/colcon', 'ROS_VERSION': '2', 'TERM': 'xterm', 'ROS_LOCALHOST_ONLY': '0', 'QT_X11_NO_MITSHM': '1', 'PATH': '/opt/ros/galactic/bin:/usr/local/sbin:/usr/local/bin:/usr/sbin:/usr/bin:/sbin:/bin', 'DISPLAY': ':0', 'LANG': 'C.UTF-8', 'AMENT_PREFIX_PATH': '/home/auria/src/install/rl_driver:/home/auria/src/install/environment:/home/auria/src/install/auria_msgs:/opt/ros/galactic', 'PWD': '/home/auria/src/build/rl_driver', 'LC_ALL': 'C.UTF-8', 'PYTHONPATH': '/home/auria/src/build/rl_driver/prefix_override:/home/auria/src/install/rl_driver/lib/python3.8/site-packages:/home/auria/src/install/rl_driver/lib/python3.8/site-packages:/home/auria/src/install/environment/lib/python3.8/site-packages:/home/auria/src/install/auria_msgs/lib/python3.8/site-packages:/opt/ros/galactic/lib/python3.8/site-packages', 'COLCON': '1', 'CMAKE_PREFIX_PATH': '/home/auria/src/install/auria_msgs'}, 'shell': False}
[2.650009] (-) TimerEvent: {}
[2.752759] (-) TimerEvent: {}
[2.854970] (-) TimerEvent: {}
[2.955549] (-) TimerEvent: {}
[3.062219] (-) TimerEvent: {}
[3.162809] (-) TimerEvent: {}
[3.267739] (-) TimerEvent: {}
[3.372125] (-) TimerEvent: {}
[3.474725] (-) TimerEvent: {}
[3.514069] (rl_driver) StdoutLine: {'line': b'running egg_info\n'}
[3.516244] (rl_driver) StdoutLine: {'line': b'writing ../build/rl_driver/rl_driver.egg-info/PKG-INFO\n'}
[3.518280] (rl_driver) StdoutLine: {'line': b'writing dependency_links to ../build/rl_driver/rl_driver.egg-info/dependency_links.txt\n'}
[3.520228] (rl_driver) StdoutLine: {'line': b'writing entry points to ../build/rl_driver/rl_driver.egg-info/entry_points.txt\n'}
[3.520616] (rl_driver) StdoutLine: {'line': b'writing requirements to ../build/rl_driver/rl_driver.egg-info/requires.txt\n'}
[3.520961] (rl_driver) StdoutLine: {'line': b'writing top-level names to ../build/rl_driver/rl_driver.egg-info/top_level.txt\n'}
[3.579306] (-) TimerEvent: {}
[3.662768] (rl_driver) StdoutLine: {'line': b"reading manifest file '../build/rl_driver/rl_driver.egg-info/SOURCES.txt'\n"}
[3.670367] (rl_driver) StdoutLine: {'line': b"writing manifest file '../build/rl_driver/rl_driver.egg-info/SOURCES.txt'\n"}
[3.670860] (rl_driver) StdoutLine: {'line': b'running build\n'}
[3.671204] (rl_driver) StdoutLine: {'line': b'running build_py\n'}
[3.673264] (rl_driver) StdoutLine: {'line': b'copying rl_driver/rl_node.py -> /home/auria/src/build/rl_driver/build/lib/rl_driver\n'}
[3.673557] (rl_driver) StdoutLine: {'line': b'running install\n'}
[3.676973] (rl_driver) StdoutLine: {'line': b'running install_lib\n'}
[3.680179] (rl_driver) StdoutLine: {'line': b'copying /home/auria/src/build/rl_driver/build/lib/rl_driver/rl_node.py -> /home/auria/src/install/rl_driver/lib/python3.8/site-packages/rl_driver\n'}
[3.680631] (-) TimerEvent: {}
[3.682891] (rl_driver) StdoutLine: {'line': b'byte-compiling /home/auria/src/install/rl_driver/lib/python3.8/site-packages/rl_driver/rl_node.py to rl_node.cpython-38.pyc\n'}
[3.687676] (rl_driver) StdoutLine: {'line': b'running install_data\n'}
[3.690797] (rl_driver) StdoutLine: {'line': b'running install_egg_info\n'}
[3.696379] (rl_driver) StdoutLine: {'line': b"removing '/home/auria/src/install/rl_driver/lib/python3.8/site-packages/rl_driver-0.0.0-py3.8.egg-info' (and everything under it)\n"}
[3.697954] (rl_driver) StdoutLine: {'line': b'Copying ../build/rl_driver/rl_driver.egg-info to /home/auria/src/install/rl_driver/lib/python3.8/site-packages/rl_driver-0.0.0-py3.8.egg-info\n'}
[3.701851] (rl_driver) StdoutLine: {'line': b'running install_scripts\n'}
[3.780140] (rl_driver) StdoutLine: {'line': b'Installing rl_node script to /home/auria/src/install/rl_driver/lib/rl_driver\n'}
[3.780661] (-) TimerEvent: {}
[3.781027] (rl_driver) StdoutLine: {'line': b'Installing train script to /home/auria/src/install/rl_driver/lib/rl_driver\n'}
[3.782298] (rl_driver) StdoutLine: {'line': b"writing list of installed files to '/home/auria/src/build/rl_driver/install.log'\n"}
[3.853510] (rl_driver) CommandEnded: {'returncode': 0}
[3.882389] (-) TimerEvent: {}
[3.931511] (rl_driver) JobEnded: {'identifier': 'rl_driver', 'rc': 0}
[3.936223] (-) EventReactorShutdown: {}
