[0.000000] (-) TimerEvent: {}
[0.000780] (auria_msgs) JobQueued: {'identifier': 'auria_msgs', 'dependencies': OrderedDict()}
[0.001500] (rl_driver) JobQueued: {'identifier': 'rl_driver', 'dependencies': OrderedDict()}
[0.001631] (environment) JobQueued: {'identifier': 'environment', 'dependencies': OrderedDict([('auria_msgs', '/home/auria/install/auria_msgs')])}
[0.001727] (auria_msgs) JobStarted: {'identifier': 'auria_msgs'}
[0.055350] (rl_driver) JobStarted: {'identifier': 'rl_driver'}
[0.098043] (-) TimerEvent: {}
[0.105464] (auria_msgs) JobProgress: {'identifier': 'auria_msgs', 'progress': 'cmake'}
[0.110338] (auria_msgs) Command: {'cmd': ['/usr/bin/cmake', '/home/auria/src/auria_msgs', '-DCMAKE_INSTALL_PREFIX=/home/auria/install/auria_msgs'], 'cwd': '/home/auria/build/auria_msgs', 'env': OrderedDict([('HOSTNAME', 'Ventupentu-portatil'), ('SHLVL', '1'), ('LIBGL_ALWAYS_SOFTWARE', '1'), ('HOME', '/home/auria'), ('OLDPWD', '/home/auria/src'), ('QT_QPA_PLATFORM_PLUGIN_PATH', '/usr/lib/x86_64-linux-gnu/qt5/plugins/platforms'), ('COLCON_PREFIX_PATH', '/home/auria/install'), ('ROS_DISTRO', 'galactic'), ('_', '/usr/bin/colcon'), ('TERM', 'xterm'), ('QT_X11_NO_MITSHM', '1'), ('PATH', '/usr/local/sbin:/usr/local/bin:/usr/sbin:/usr/bin:/sbin:/bin'), ('DISPLAY', ':0'), ('LANG', 'C.UTF-8'), ('PWD', '/home/auria/build/auria_msgs'), ('LC_ALL', 'C.UTF-8'), ('COLCON', '1')]), 'shell': False}
[0.201409] (-) TimerEvent: {}
[0.302860] (-) TimerEvent: {}
[0.403436] (-) TimerEvent: {}
[0.504408] (-) TimerEvent: {}
[0.606030] (-) TimerEvent: {}
[0.707574] (-) TimerEvent: {}
[0.808609] (-) TimerEvent: {}
[0.831451] (auria_msgs) StdoutLine: {'line': b'-- Configuring incomplete, errors occurred!\n'}
[0.833298] (auria_msgs) StdoutLine: {'line': b'See also "/home/auria/build/auria_msgs/CMakeFiles/CMakeOutput.log".\n'}
[0.838829] (auria_msgs) StderrLine: {'line': b'CMake Error at CMakeLists.txt:4 (find_package):\n'}
[0.839297] (auria_msgs) StderrLine: {'line': b'  By not providing "Findament_cmake.cmake" in CMAKE_MODULE_PATH this project\n'}
[0.839568] (auria_msgs) StderrLine: {'line': b'  has asked CMake to find a package configuration file provided by\n'}
[0.839808] (auria_msgs) StderrLine: {'line': b'  "ament_cmake", but CMake did not find one.\n'}
[0.840091] (auria_msgs) StderrLine: {'line': b'\n'}
[0.840329] (auria_msgs) StderrLine: {'line': b'  Could not find a package configuration file provided by "ament_cmake" with\n'}
[0.840560] (auria_msgs) StderrLine: {'line': b'  any of the following names:\n'}
[0.840786] (auria_msgs) StderrLine: {'line': b'\n'}
[0.856795] (auria_msgs) StderrLine: {'line': b'    ament_cmakeConfig.cmake\n'}
[0.857754] (auria_msgs) StderrLine: {'line': b'    ament_cmake-config.cmake\n'}
[0.858078] (auria_msgs) StderrLine: {'line': b'\n'}
[0.858336] (auria_msgs) StderrLine: {'line': b'  Add the installation prefix of "ament_cmake" to CMAKE_PREFIX_PATH or set\n'}
[0.858585] (auria_msgs) StderrLine: {'line': b'  "ament_cmake_DIR" to a directory containing one of the above files.  If\n'}
[0.858829] (auria_msgs) StderrLine: {'line': b'  "ament_cmake" provides a separate development package or SDK, be sure it\n'}
[0.870128] (auria_msgs) StderrLine: {'line': b'  has been installed.\n'}
[0.870453] (auria_msgs) StderrLine: {'line': b'\n'}
[0.870707] (auria_msgs) StderrLine: {'line': b'\n'}
[0.881808] (auria_msgs) CommandEnded: {'returncode': 1}
[0.913206] (-) TimerEvent: {}
[0.954555] (auria_msgs) JobEnded: {'identifier': 'auria_msgs', 'rc': 1}
[1.013352] (-) TimerEvent: {}
[1.115021] (-) TimerEvent: {}
[1.216079] (-) TimerEvent: {}
[1.317424] (-) TimerEvent: {}
[1.418985] (-) TimerEvent: {}
[1.521773] (-) TimerEvent: {}
[1.623499] (-) TimerEvent: {}
[1.725161] (-) TimerEvent: {}
[1.826201] (-) TimerEvent: {}
[1.927137] (-) TimerEvent: {}
[2.018021] (rl_driver) JobEnded: {'identifier': 'rl_driver', 'rc': 'SIGINT'}
[2.027314] (-) TimerEvent: {}
[2.030353] (environment) JobSkipped: {'identifier': 'environment'}
[2.030556] (-) EventReactorShutdown: {}
