[2.389s] Invoking command in '/home/auria/src/rl_driver': PYTHONPATH=/home/auria/src/build/rl_driver/prefix_override:/home/auria/src/install/rl_driver/lib/python3.8/site-packages:${PYTHONPATH} /usr/bin/python3 setup.py egg_info --egg-base ../build/rl_driver build --build-base /home/auria/src/build/rl_driver/build install --record /home/auria/src/build/rl_driver/install.log --single-version-externally-managed
[3.220s] running egg_info
[3.221s] writing ../build/rl_driver/rl_driver.egg-info/PKG-INFO
[3.222s] writing dependency_links to ../build/rl_driver/rl_driver.egg-info/dependency_links.txt
[3.223s] writing entry points to ../build/rl_driver/rl_driver.egg-info/entry_points.txt
[3.224s] writing requirements to ../build/rl_driver/rl_driver.egg-info/requires.txt
[3.224s] writing top-level names to ../build/rl_driver/rl_driver.egg-info/top_level.txt
[3.355s] reading manifest file '../build/rl_driver/rl_driver.egg-info/SOURCES.txt'
[3.360s] writing manifest file '../build/rl_driver/rl_driver.egg-info/SOURCES.txt'
[3.361s] running build
[3.361s] running build_py
[3.363s] copying rl_driver/train.py -> /home/auria/src/build/rl_driver/build/lib/rl_driver
[3.364s] copying rl_driver/ros2_env.py -> /home/auria/src/build/rl_driver/build/lib/rl_driver
[3.364s] copying rl_driver/rl_node.py -> /home/auria/src/build/rl_driver/build/lib/rl_driver
[3.367s] running install
[3.368s] running install_lib
[3.373s] copying /home/auria/src/build/rl_driver/build/lib/rl_driver/train.py -> /home/auria/src/install/rl_driver/lib/python3.8/site-packages/rl_driver
[3.374s] copying /home/auria/src/build/rl_driver/build/lib/rl_driver/ros2_env.py -> /home/auria/src/install/rl_driver/lib/python3.8/site-packages/rl_driver
[3.375s] copying /home/auria/src/build/rl_driver/build/lib/rl_driver/rl_node.py -> /home/auria/src/install/rl_driver/lib/python3.8/site-packages/rl_driver
[3.378s] byte-compiling /home/auria/src/install/rl_driver/lib/python3.8/site-packages/rl_driver/train.py to train.cpython-38.pyc
[3.394s] byte-compiling /home/auria/src/install/rl_driver/lib/python3.8/site-packages/rl_driver/ros2_env.py to ros2_env.cpython-38.pyc
[3.405s] byte-compiling /home/auria/src/install/rl_driver/lib/python3.8/site-packages/rl_driver/rl_node.py to rl_node.cpython-38.pyc
[3.405s] running install_data
[3.408s] running install_egg_info
[3.414s] removing '/home/auria/src/install/rl_driver/lib/python3.8/site-packages/rl_driver-0.0.0-py3.8.egg-info' (and everything under it)
[3.417s] Copying ../build/rl_driver/rl_driver.egg-info to /home/auria/src/install/rl_driver/lib/python3.8/site-packages/rl_driver-0.0.0-py3.8.egg-info
[3.427s] running install_scripts
[3.496s] Installing rl_node script to /home/auria/src/install/rl_driver/lib/rl_driver
[3.498s] Installing train script to /home/auria/src/install/rl_driver/lib/rl_driver
[3.499s] writing list of installed files to '/home/auria/src/build/rl_driver/install.log'
[3.578s] Invoked command in '/home/auria/src/rl_driver' returned '0': PYTHONPATH=/home/auria/src/build/rl_driver/prefix_override:/home/auria/src/install/rl_driver/lib/python3.8/site-packages:${PYTHONPATH} /usr/bin/python3 setup.py egg_info --egg-base ../build/rl_driver build --build-base /home/auria/src/build/rl_driver/build install --record /home/auria/src/build/rl_driver/install.log --single-version-externally-managed
