[3.635s] Invoking command in '/home/auria/src/rl_driver': PYTHONPATH=/home/auria/src/build/rl_driver/prefix_override:/home/auria/src/install/rl_driver/lib/python3.8/site-packages:${PYTHONPATH} /usr/bin/python3 setup.py egg_info --egg-base ../build/rl_driver build --build-base /home/auria/src/build/rl_driver/build install --record /home/auria/src/build/rl_driver/install.log --single-version-externally-managed
[4.382s] running egg_info
[4.383s] writing ../build/rl_driver/rl_driver.egg-info/PKG-INFO
[4.383s] writing dependency_links to ../build/rl_driver/rl_driver.egg-info/dependency_links.txt
[4.386s] writing entry points to ../build/rl_driver/rl_driver.egg-info/entry_points.txt
[4.386s] writing requirements to ../build/rl_driver/rl_driver.egg-info/requires.txt
[4.386s] writing top-level names to ../build/rl_driver/rl_driver.egg-info/top_level.txt
[4.514s] reading manifest file '../build/rl_driver/rl_driver.egg-info/SOURCES.txt'
[4.517s] writing manifest file '../build/rl_driver/rl_driver.egg-info/SOURCES.txt'
[4.519s] running build
[4.520s] running build_py
[4.520s] copying rl_driver/train.py -> /home/auria/src/build/rl_driver/build/lib/rl_driver
[4.520s] running install
[4.524s] running install_lib
[4.525s] copying /home/auria/src/build/rl_driver/build/lib/rl_driver/train.py -> /home/auria/src/install/rl_driver/lib/python3.8/site-packages/rl_driver
[4.529s] byte-compiling /home/auria/src/install/rl_driver/lib/python3.8/site-packages/rl_driver/train.py to train.cpython-38.pyc
[4.534s] running install_data
[4.538s] running install_egg_info
[4.541s] removing '/home/auria/src/install/rl_driver/lib/python3.8/site-packages/rl_driver-0.0.0-py3.8.egg-info' (and everything under it)
[4.542s] Copying ../build/rl_driver/rl_driver.egg-info to /home/auria/src/install/rl_driver/lib/python3.8/site-packages/rl_driver-0.0.0-py3.8.egg-info
[4.547s] running install_scripts
[4.624s] Installing rl_node script to /home/auria/src/install/rl_driver/lib/rl_driver
[4.626s] writing list of installed files to '/home/auria/src/build/rl_driver/install.log'
[4.718s] Invoked command in '/home/auria/src/rl_driver' returned '0': PYTHONPATH=/home/auria/src/build/rl_driver/prefix_override:/home/auria/src/install/rl_driver/lib/python3.8/site-packages:${PYTHONPATH} /usr/bin/python3 setup.py egg_info --egg-base ../build/rl_driver build --build-base /home/auria/src/build/rl_driver/build install --record /home/auria/src/build/rl_driver/install.log --single-version-externally-managed
