[3.964s] Invoking command in '/home/auria/src/rl_driver': PYTHONPATH=/home/auria/src/build/rl_driver/prefix_override:/home/auria/src/install/rl_driver/lib/python3.8/site-packages:${PYTHONPATH} /usr/bin/python3 setup.py egg_info --egg-base ../build/rl_driver build --build-base /home/auria/src/build/rl_driver/build install --record /home/auria/src/build/rl_driver/install.log --single-version-externally-managed
[5.265s] running egg_info
[5.270s] writing ../build/rl_driver/rl_driver.egg-info/PKG-INFO
[5.270s] writing dependency_links to ../build/rl_driver/rl_driver.egg-info/dependency_links.txt
[5.271s] writing entry points to ../build/rl_driver/rl_driver.egg-info/entry_points.txt
[5.271s] writing requirements to ../build/rl_driver/rl_driver.egg-info/requires.txt
[5.271s] writing top-level names to ../build/rl_driver/rl_driver.egg-info/top_level.txt
[5.462s] reading manifest file '../build/rl_driver/rl_driver.egg-info/SOURCES.txt'
[5.473s] writing manifest file '../build/rl_driver/rl_driver.egg-info/SOURCES.txt'
[5.474s] running build
[5.474s] running build_py
[5.475s] copying rl_driver/gym_ros2_env.py -> /home/auria/src/build/rl_driver/build/lib/rl_driver
[5.475s] running install
[5.482s] running install_lib
[5.483s] copying /home/auria/src/build/rl_driver/build/lib/rl_driver/gym_ros2_env.py -> /home/auria/src/install/rl_driver/lib/python3.8/site-packages/rl_driver
[5.486s] byte-compiling /home/auria/src/install/rl_driver/lib/python3.8/site-packages/rl_driver/gym_ros2_env.py to gym_ros2_env.cpython-38.pyc
[5.497s] running install_data
[5.498s] running install_egg_info
[5.505s] removing '/home/auria/src/install/rl_driver/lib/python3.8/site-packages/rl_driver-0.0.0-py3.8.egg-info' (and everything under it)
[5.506s] Copying ../build/rl_driver/rl_driver.egg-info to /home/auria/src/install/rl_driver/lib/python3.8/site-packages/rl_driver-0.0.0-py3.8.egg-info
[5.513s] running install_scripts
[5.592s] Installing rl_node script to /home/auria/src/install/rl_driver/lib/rl_driver
[5.593s] Installing train script to /home/auria/src/install/rl_driver/lib/rl_driver
[5.593s] writing list of installed files to '/home/auria/src/build/rl_driver/install.log'
[5.683s] Invoked command in '/home/auria/src/rl_driver' returned '0': PYTHONPATH=/home/auria/src/build/rl_driver/prefix_override:/home/auria/src/install/rl_driver/lib/python3.8/site-packages:${PYTHONPATH} /usr/bin/python3 setup.py egg_info --egg-base ../build/rl_driver build --build-base /home/auria/src/build/rl_driver/build install --record /home/auria/src/build/rl_driver/install.log --single-version-externally-managed
