[0.560s] DEBUG:colcon:Command line arguments: ['/usr/bin/colcon', 'build']
[0.561s] DEBUG:colcon:Parsed command line arguments: Namespace(allow_overriding=[], ament_cmake_args=None, base_paths=['.'], build_base='build', catkin_cmake_args=None, catkin_skip_building_tests=False, cmake_args=None, cmake_clean_cache=False, cmake_clean_first=False, cmake_force_configure=False, cmake_target=None, cmake_target_skip_unavailable=False, continue_on_error=False, event_handlers=None, executor='parallel', ignore_user_meta=False, install_base='install', log_base=None, log_level=None, main=<bound method BuildVerb.main of <colcon_core.verb.build.BuildVerb object at 0x78f6f209e520>>, merge_install=False, metas=['./colcon.meta'], packages_above=None, packages_above_and_dependencies=None, packages_above_depth=None, packages_end=None, packages_ignore=None, packages_ignore_regex=None, packages_select=None, packages_select_build_failed=False, packages_select_by_dep=None, packages_select_regex=None, packages_select_test_failures=False, packages_skip=None, packages_skip_build_finished=False, packages_skip_by_dep=None, packages_skip_regex=None, packages_skip_test_passed=False, packages_skip_up_to=None, packages_start=None, packages_up_to=None, packages_up_to_regex=None, parallel_workers=4, paths=None, symlink_install=False, test_result_base=None, verb_extension=<colcon_core.verb.build.BuildVerb object at 0x78f6f209e520>, verb_name='build', verb_parser=<colcon_defaults.argument_parser.defaults.DefaultArgumentsDecorator object at 0x78f6f209ea60>)
[0.652s] Level 1:colcon.colcon_core.package_discovery:discover_packages(colcon_meta) check parameters
[0.653s] Level 1:colcon.colcon_core.package_discovery:discover_packages(recursive) check parameters
[0.653s] Level 1:colcon.colcon_core.package_discovery:discover_packages(ignore) check parameters
[0.653s] Level 1:colcon.colcon_core.package_discovery:discover_packages(path) check parameters
[0.653s] Level 1:colcon.colcon_core.package_discovery:discover_packages(colcon_meta) discover
[0.654s] Level 1:colcon.colcon_core.package_discovery:discover_packages(recursive) discover
[0.654s] INFO:colcon.colcon_core.package_discovery:Crawling recursively for packages in '/home/auria/src'
[0.654s] Level 1:colcon.colcon_core.package_identification:_identify(.) by extensions ['ignore', 'ignore_ament_install']
[0.655s] Level 1:colcon.colcon_core.package_identification:_identify(.) by extension 'ignore'
[0.655s] Level 1:colcon.colcon_core.package_identification:_identify(.) by extension 'ignore_ament_install'
[0.655s] Level 1:colcon.colcon_core.package_identification:_identify(.) by extensions ['colcon_pkg']
[0.655s] Level 1:colcon.colcon_core.package_identification:_identify(.) by extension 'colcon_pkg'
[0.655s] Level 1:colcon.colcon_core.package_identification:_identify(.) by extensions ['colcon_meta']
[0.655s] Level 1:colcon.colcon_core.package_identification:_identify(.) by extension 'colcon_meta'
[0.656s] Level 1:colcon.colcon_core.package_identification:_identify(.) by extensions ['ros']
[0.656s] Level 1:colcon.colcon_core.package_identification:_identify(.) by extension 'ros'
[0.700s] Level 1:colcon.colcon_core.package_identification:_identify(.) by extensions ['cmake', 'python']
[0.700s] Level 1:colcon.colcon_core.package_identification:_identify(.) by extension 'cmake'
[0.701s] Level 1:colcon.colcon_core.package_identification:_identify(.) by extension 'python'
[0.701s] Level 1:colcon.colcon_core.package_identification:_identify(.) by extensions ['python_setup_py']
[0.701s] Level 1:colcon.colcon_core.package_identification:_identify(.) by extension 'python_setup_py'
[0.701s] Level 1:colcon.colcon_core.package_identification:_identify(auria_msgs) by extensions ['ignore', 'ignore_ament_install']
[0.702s] Level 1:colcon.colcon_core.package_identification:_identify(auria_msgs) by extension 'ignore'
[0.702s] Level 1:colcon.colcon_core.package_identification:_identify(auria_msgs) by extension 'ignore_ament_install'
[0.702s] Level 1:colcon.colcon_core.package_identification:_identify(auria_msgs) by extensions ['colcon_pkg']
[0.702s] Level 1:colcon.colcon_core.package_identification:_identify(auria_msgs) by extension 'colcon_pkg'
[0.703s] Level 1:colcon.colcon_core.package_identification:_identify(auria_msgs) by extensions ['colcon_meta']
[0.703s] Level 1:colcon.colcon_core.package_identification:_identify(auria_msgs) by extension 'colcon_meta'
[0.703s] Level 1:colcon.colcon_core.package_identification:_identify(auria_msgs) by extensions ['ros']
[0.703s] Level 1:colcon.colcon_core.package_identification:_identify(auria_msgs) by extension 'ros'
[0.712s] DEBUG:colcon.colcon_core.package_identification:Package 'auria_msgs' with type 'ros.ament_cmake' and name 'auria_msgs'
[0.713s] Level 1:colcon.colcon_core.package_identification:_identify(build) by extensions ['ignore', 'ignore_ament_install']
[0.713s] Level 1:colcon.colcon_core.package_identification:_identify(build) by extension 'ignore'
[0.713s] Level 1:colcon.colcon_core.package_identification:_identify(build) ignored
[0.714s] Level 1:colcon.colcon_core.package_identification:_identify(environment) by extensions ['ignore', 'ignore_ament_install']
[0.714s] Level 1:colcon.colcon_core.package_identification:_identify(environment) by extension 'ignore'
[0.714s] Level 1:colcon.colcon_core.package_identification:_identify(environment) by extension 'ignore_ament_install'
[0.715s] Level 1:colcon.colcon_core.package_identification:_identify(environment) by extensions ['colcon_pkg']
[0.715s] Level 1:colcon.colcon_core.package_identification:_identify(environment) by extension 'colcon_pkg'
[0.715s] Level 1:colcon.colcon_core.package_identification:_identify(environment) by extensions ['colcon_meta']
[0.715s] Level 1:colcon.colcon_core.package_identification:_identify(environment) by extension 'colcon_meta'
[0.715s] Level 1:colcon.colcon_core.package_identification:_identify(environment) by extensions ['ros']
[0.715s] Level 1:colcon.colcon_core.package_identification:_identify(environment) by extension 'ros'
[0.717s] DEBUG:colcon.colcon_core.package_identification:Package 'environment' with type 'ros.ament_python' and name 'environment'
[0.718s] Level 1:colcon.colcon_core.package_identification:_identify(install) by extensions ['ignore', 'ignore_ament_install']
[0.718s] Level 1:colcon.colcon_core.package_identification:_identify(install) by extension 'ignore'
[0.718s] Level 1:colcon.colcon_core.package_identification:_identify(install) ignored
[0.719s] Level 1:colcon.colcon_core.package_identification:_identify(log) by extensions ['ignore', 'ignore_ament_install']
[0.719s] Level 1:colcon.colcon_core.package_identification:_identify(log) by extension 'ignore'
[0.719s] Level 1:colcon.colcon_core.package_identification:_identify(log) ignored
[0.720s] Level 1:colcon.colcon_core.package_identification:_identify(rl_driver) by extensions ['ignore', 'ignore_ament_install']
[0.720s] Level 1:colcon.colcon_core.package_identification:_identify(rl_driver) by extension 'ignore'
[0.720s] Level 1:colcon.colcon_core.package_identification:_identify(rl_driver) by extension 'ignore_ament_install'
[0.720s] Level 1:colcon.colcon_core.package_identification:_identify(rl_driver) by extensions ['colcon_pkg']
[0.721s] Level 1:colcon.colcon_core.package_identification:_identify(rl_driver) by extension 'colcon_pkg'
[0.721s] Level 1:colcon.colcon_core.package_identification:_identify(rl_driver) by extensions ['colcon_meta']
[0.721s] Level 1:colcon.colcon_core.package_identification:_identify(rl_driver) by extension 'colcon_meta'
[0.721s] Level 1:colcon.colcon_core.package_identification:_identify(rl_driver) by extensions ['ros']
[0.721s] Level 1:colcon.colcon_core.package_identification:_identify(rl_driver) by extension 'ros'
[0.724s] DEBUG:colcon.colcon_core.package_identification:Package 'rl_driver' with type 'ros.ament_python' and name 'rl_driver'
[0.724s] Level 1:colcon.colcon_core.package_discovery:discover_packages(recursive) using defaults
[0.724s] Level 1:colcon.colcon_core.package_discovery:discover_packages(ignore) discover
[0.724s] Level 1:colcon.colcon_core.package_discovery:discover_packages(ignore) using defaults
[0.724s] Level 1:colcon.colcon_core.package_discovery:discover_packages(path) discover
[0.724s] Level 1:colcon.colcon_core.package_discovery:discover_packages(path) using defaults
[0.823s] Level 1:colcon.colcon_core.package_discovery:discover_packages(prefix_path) check parameters
[0.823s] Level 1:colcon.colcon_core.package_discovery:discover_packages(prefix_path) discover
[0.833s] DEBUG:colcon.colcon_installed_package_information.package_discovery:Found 1 installed packages in /home/auria/install
[0.833s] Level 1:colcon.colcon_core.package_discovery:discover_packages(prefix_path) using defaults
[0.840s] Level 5:colcon.colcon_core.verb:set package 'auria_msgs' build argument 'cmake_args' from command line to 'None'
[0.841s] Level 5:colcon.colcon_core.verb:set package 'auria_msgs' build argument 'cmake_target' from command line to 'None'
[0.841s] Level 5:colcon.colcon_core.verb:set package 'auria_msgs' build argument 'cmake_target_skip_unavailable' from command line to 'False'
[0.841s] Level 5:colcon.colcon_core.verb:set package 'auria_msgs' build argument 'cmake_clean_cache' from command line to 'False'
[0.841s] Level 5:colcon.colcon_core.verb:set package 'auria_msgs' build argument 'cmake_clean_first' from command line to 'False'
[0.841s] Level 5:colcon.colcon_core.verb:set package 'auria_msgs' build argument 'cmake_force_configure' from command line to 'False'
[0.841s] Level 5:colcon.colcon_core.verb:set package 'auria_msgs' build argument 'ament_cmake_args' from command line to 'None'
[0.841s] Level 5:colcon.colcon_core.verb:set package 'auria_msgs' build argument 'catkin_cmake_args' from command line to 'None'
[0.841s] Level 5:colcon.colcon_core.verb:set package 'auria_msgs' build argument 'catkin_skip_building_tests' from command line to 'False'
[0.842s] DEBUG:colcon.colcon_core.verb:Building package 'auria_msgs' with the following arguments: {'ament_cmake_args': None, 'build_base': '/home/auria/src/build/auria_msgs', 'catkin_cmake_args': None, 'catkin_skip_building_tests': False, 'cmake_args': None, 'cmake_clean_cache': False, 'cmake_clean_first': False, 'cmake_force_configure': False, 'cmake_target': None, 'cmake_target_skip_unavailable': False, 'install_base': '/home/auria/src/install/auria_msgs', 'merge_install': False, 'path': '/home/auria/src/auria_msgs', 'symlink_install': False, 'test_result_base': None}
[0.845s] Level 5:colcon.colcon_core.verb:set package 'rl_driver' build argument 'cmake_args' from command line to 'None'
[0.845s] Level 5:colcon.colcon_core.verb:set package 'rl_driver' build argument 'cmake_target' from command line to 'None'
[0.845s] Level 5:colcon.colcon_core.verb:set package 'rl_driver' build argument 'cmake_target_skip_unavailable' from command line to 'False'
[0.845s] Level 5:colcon.colcon_core.verb:set package 'rl_driver' build argument 'cmake_clean_cache' from command line to 'False'
[0.845s] Level 5:colcon.colcon_core.verb:set package 'rl_driver' build argument 'cmake_clean_first' from command line to 'False'
[0.845s] Level 5:colcon.colcon_core.verb:set package 'rl_driver' build argument 'cmake_force_configure' from command line to 'False'
[0.846s] Level 5:colcon.colcon_core.verb:set package 'rl_driver' build argument 'ament_cmake_args' from command line to 'None'
[0.846s] Level 5:colcon.colcon_core.verb:set package 'rl_driver' build argument 'catkin_cmake_args' from command line to 'None'
[0.846s] Level 5:colcon.colcon_core.verb:set package 'rl_driver' build argument 'catkin_skip_building_tests' from command line to 'False'
[0.846s] DEBUG:colcon.colcon_core.verb:Building package 'rl_driver' with the following arguments: {'ament_cmake_args': None, 'build_base': '/home/auria/src/build/rl_driver', 'catkin_cmake_args': None, 'catkin_skip_building_tests': False, 'cmake_args': None, 'cmake_clean_cache': False, 'cmake_clean_first': False, 'cmake_force_configure': False, 'cmake_target': None, 'cmake_target_skip_unavailable': False, 'install_base': '/home/auria/src/install/rl_driver', 'merge_install': False, 'path': '/home/auria/src/rl_driver', 'symlink_install': False, 'test_result_base': None}
[0.849s] Level 5:colcon.colcon_core.verb:set package 'environment' build argument 'cmake_args' from command line to 'None'
[0.849s] Level 5:colcon.colcon_core.verb:set package 'environment' build argument 'cmake_target' from command line to 'None'
[0.849s] Level 5:colcon.colcon_core.verb:set package 'environment' build argument 'cmake_target_skip_unavailable' from command line to 'False'
[0.850s] Level 5:colcon.colcon_core.verb:set package 'environment' build argument 'cmake_clean_cache' from command line to 'False'
[0.850s] Level 5:colcon.colcon_core.verb:set package 'environment' build argument 'cmake_clean_first' from command line to 'False'
[0.850s] Level 5:colcon.colcon_core.verb:set package 'environment' build argument 'cmake_force_configure' from command line to 'False'
[0.850s] Level 5:colcon.colcon_core.verb:set package 'environment' build argument 'ament_cmake_args' from command line to 'None'
[0.850s] Level 5:colcon.colcon_core.verb:set package 'environment' build argument 'catkin_cmake_args' from command line to 'None'
[0.850s] Level 5:colcon.colcon_core.verb:set package 'environment' build argument 'catkin_skip_building_tests' from command line to 'False'
[0.850s] DEBUG:colcon.colcon_core.verb:Building package 'environment' with the following arguments: {'ament_cmake_args': None, 'build_base': '/home/auria/src/build/environment', 'catkin_cmake_args': None, 'catkin_skip_building_tests': False, 'cmake_args': None, 'cmake_clean_cache': False, 'cmake_clean_first': False, 'cmake_force_configure': False, 'cmake_target': None, 'cmake_target_skip_unavailable': False, 'install_base': '/home/auria/src/install/environment', 'merge_install': False, 'path': '/home/auria/src/environment', 'symlink_install': False, 'test_result_base': None}
[0.852s] INFO:colcon.colcon_core.executor:Executing jobs using 'parallel' executor
[0.867s] DEBUG:colcon.colcon_parallel_executor.executor.parallel:run_until_complete
[0.868s] INFO:colcon.colcon_ros.task.ament_cmake.build:Building ROS package in '/home/auria/src/auria_msgs' with build type 'ament_cmake'
[0.868s] INFO:colcon.colcon_cmake.task.cmake.build:Building CMake package in '/home/auria/src/auria_msgs'
[0.885s] INFO:colcon.colcon_core.plugin_system:Skipping extension 'colcon_core.shell.bat': Not used on non-Windows systems
[0.886s] INFO:colcon.colcon_core.shell:Skip shell extension 'powershell' for command environment: Not usable outside of PowerShell
[0.886s] DEBUG:colcon.colcon_core.shell:Skip shell extension 'dsv' for command environment
[0.907s] INFO:colcon.colcon_ros.task.ament_python.build:Building ROS package in '/home/auria/src/rl_driver' with build type 'ament_python'
[0.909s] Level 1:colcon.colcon_core.shell:create_environment_hook('rl_driver', 'ament_prefix_path')
[0.916s] INFO:colcon.colcon_core.shell:Creating environment hook '/home/auria/src/install/rl_driver/share/rl_driver/hook/ament_prefix_path.ps1'
[0.919s] INFO:colcon.colcon_core.shell:Creating environment descriptor '/home/auria/src/install/rl_driver/share/rl_driver/hook/ament_prefix_path.dsv'
[0.922s] INFO:colcon.colcon_core.shell:Creating environment hook '/home/auria/src/install/rl_driver/share/rl_driver/hook/ament_prefix_path.sh'
[0.929s] INFO:colcon.colcon_core.shell:Skip shell extension 'powershell' for command environment: Not usable outside of PowerShell
[0.929s] DEBUG:colcon.colcon_core.shell:Skip shell extension 'dsv' for command environment
[0.960s] DEBUG:colcon.colcon_core.event_handler.log_command:Invoking command in '/home/auria/src/build/auria_msgs': /usr/bin/cmake --build /home/auria/src/build/auria_msgs -- -j4 -l4
[1.873s] INFO:colcon.colcon_core.task.python.build:Building Python package in '/home/auria/src/rl_driver'
[1.880s] INFO:colcon.colcon_core.shell:Skip shell extension 'powershell' for command environment: Not usable outside of PowerShell
[1.881s] DEBUG:colcon.colcon_core.shell:Skip shell extension 'dsv' for command environment
[2.228s] DEBUG:colcon.colcon_core.event_handler.log_command:Invoked command in '/home/auria/src/build/auria_msgs' returned '0': /usr/bin/cmake --build /home/auria/src/build/auria_msgs -- -j4 -l4
[2.509s] DEBUG:colcon.colcon_core.event_handler.log_command:Invoking command in '/home/auria/src/build/auria_msgs': /usr/bin/cmake --install /home/auria/src/build/auria_msgs
[2.765s] Level 1:colcon.colcon_core.environment:create_environment_scripts_only(auria_msgs)
[2.767s] DEBUG:colcon.colcon_core.event_handler.log_command:Invoked command in '/home/auria/src/build/auria_msgs' returned '0': /usr/bin/cmake --install /home/auria/src/build/auria_msgs
[2.803s] Level 1:colcon.colcon_core.environment:checking '/home/auria/src/install/auria_msgs' for CMake module files
[2.813s] Level 1:colcon.colcon_core.environment:checking '/home/auria/src/install/auria_msgs' for CMake config files
[2.818s] Level 1:colcon.colcon_core.shell:create_environment_hook('auria_msgs', 'cmake_prefix_path')
[2.831s] INFO:colcon.colcon_core.shell:Creating environment hook '/home/auria/src/install/auria_msgs/share/auria_msgs/hook/cmake_prefix_path.ps1'
[2.835s] INFO:colcon.colcon_core.shell:Creating environment descriptor '/home/auria/src/install/auria_msgs/share/auria_msgs/hook/cmake_prefix_path.dsv'
[2.837s] INFO:colcon.colcon_core.shell:Creating environment hook '/home/auria/src/install/auria_msgs/share/auria_msgs/hook/cmake_prefix_path.sh'
[2.841s] Level 1:colcon.colcon_core.environment:checking '/home/auria/src/install/auria_msgs/lib'
[2.842s] Level 1:colcon.colcon_core.shell:create_environment_hook('auria_msgs', 'ld_library_path_lib')
[2.847s] INFO:colcon.colcon_core.shell:Creating environment hook '/home/auria/src/install/auria_msgs/share/auria_msgs/hook/ld_library_path_lib.ps1'
[2.849s] INFO:colcon.colcon_core.shell:Creating environment descriptor '/home/auria/src/install/auria_msgs/share/auria_msgs/hook/ld_library_path_lib.dsv'
[2.851s] INFO:colcon.colcon_core.shell:Creating environment hook '/home/auria/src/install/auria_msgs/share/auria_msgs/hook/ld_library_path_lib.sh'
[2.852s] Level 1:colcon.colcon_core.environment:checking '/home/auria/src/install/auria_msgs/bin'
[2.852s] Level 1:colcon.colcon_core.environment:checking '/home/auria/src/install/auria_msgs/lib/pkgconfig/auria_msgs.pc'
[2.853s] Level 1:colcon.colcon_core.environment:checking '/home/auria/src/install/auria_msgs/lib/python3.8/site-packages'
[2.854s] Level 1:colcon.colcon_core.shell:create_environment_hook('auria_msgs', 'pythonpath')
[2.858s] INFO:colcon.colcon_core.shell:Creating environment hook '/home/auria/src/install/auria_msgs/share/auria_msgs/hook/pythonpath.ps1'
[2.860s] INFO:colcon.colcon_core.shell:Creating environment descriptor '/home/auria/src/install/auria_msgs/share/auria_msgs/hook/pythonpath.dsv'
[2.861s] INFO:colcon.colcon_core.shell:Creating environment hook '/home/auria/src/install/auria_msgs/share/auria_msgs/hook/pythonpath.sh'
[2.864s] Level 1:colcon.colcon_core.environment:checking '/home/auria/src/install/auria_msgs/bin'
[2.870s] INFO:colcon.colcon_core.shell:Creating package script '/home/auria/src/install/auria_msgs/share/auria_msgs/package.ps1'
[2.874s] INFO:colcon.colcon_core.shell:Creating package descriptor '/home/auria/src/install/auria_msgs/share/auria_msgs/package.dsv'
[2.876s] INFO:colcon.colcon_core.shell:Creating package script '/home/auria/src/install/auria_msgs/share/auria_msgs/package.sh'
[2.879s] INFO:colcon.colcon_core.shell:Creating package script '/home/auria/src/install/auria_msgs/share/auria_msgs/package.bash'
[2.882s] INFO:colcon.colcon_core.shell:Creating package script '/home/auria/src/install/auria_msgs/share/auria_msgs/package.zsh'
[2.885s] Level 1:colcon.colcon_core.environment:create_file_with_runtime_dependencies(/home/auria/src/install/auria_msgs/share/colcon-core/packages/auria_msgs)
[3.102s] Level 1:colcon.colcon_core.environment:create_environment_scripts_only(auria_msgs)
[3.111s] Level 1:colcon.colcon_core.environment:checking '/home/auria/src/install/auria_msgs' for CMake module files
[3.114s] Level 1:colcon.colcon_core.environment:checking '/home/auria/src/install/auria_msgs' for CMake config files
[3.117s] Level 1:colcon.colcon_core.shell:create_environment_hook('auria_msgs', 'cmake_prefix_path')
[3.123s] INFO:colcon.colcon_core.shell:Creating environment hook '/home/auria/src/install/auria_msgs/share/auria_msgs/hook/cmake_prefix_path.ps1'
[3.127s] INFO:colcon.colcon_core.shell:Creating environment descriptor '/home/auria/src/install/auria_msgs/share/auria_msgs/hook/cmake_prefix_path.dsv'
[3.130s] INFO:colcon.colcon_core.shell:Creating environment hook '/home/auria/src/install/auria_msgs/share/auria_msgs/hook/cmake_prefix_path.sh'
[3.134s] Level 1:colcon.colcon_core.environment:checking '/home/auria/src/install/auria_msgs/lib'
[3.135s] Level 1:colcon.colcon_core.shell:create_environment_hook('auria_msgs', 'ld_library_path_lib')
[3.140s] INFO:colcon.colcon_core.shell:Creating environment hook '/home/auria/src/install/auria_msgs/share/auria_msgs/hook/ld_library_path_lib.ps1'
[3.144s] INFO:colcon.colcon_core.shell:Creating environment descriptor '/home/auria/src/install/auria_msgs/share/auria_msgs/hook/ld_library_path_lib.dsv'
[3.147s] INFO:colcon.colcon_core.shell:Creating environment hook '/home/auria/src/install/auria_msgs/share/auria_msgs/hook/ld_library_path_lib.sh'
[3.150s] Level 1:colcon.colcon_core.environment:checking '/home/auria/src/install/auria_msgs/bin'
[3.150s] Level 1:colcon.colcon_core.environment:checking '/home/auria/src/install/auria_msgs/lib/pkgconfig/auria_msgs.pc'
[3.152s] Level 1:colcon.colcon_core.environment:checking '/home/auria/src/install/auria_msgs/lib/python3.8/site-packages'
[3.153s] Level 1:colcon.colcon_core.shell:create_environment_hook('auria_msgs', 'pythonpath')
[3.157s] INFO:colcon.colcon_core.shell:Creating environment hook '/home/auria/src/install/auria_msgs/share/auria_msgs/hook/pythonpath.ps1'
[3.160s] INFO:colcon.colcon_core.shell:Creating environment descriptor '/home/auria/src/install/auria_msgs/share/auria_msgs/hook/pythonpath.dsv'
[3.163s] INFO:colcon.colcon_core.shell:Creating environment hook '/home/auria/src/install/auria_msgs/share/auria_msgs/hook/pythonpath.sh'
[3.166s] Level 1:colcon.colcon_core.environment:checking '/home/auria/src/install/auria_msgs/bin'
[3.171s] INFO:colcon.colcon_core.shell:Creating package script '/home/auria/src/install/auria_msgs/share/auria_msgs/package.ps1'
[3.175s] INFO:colcon.colcon_core.shell:Creating package descriptor '/home/auria/src/install/auria_msgs/share/auria_msgs/package.dsv'
[3.178s] INFO:colcon.colcon_core.shell:Creating package script '/home/auria/src/install/auria_msgs/share/auria_msgs/package.sh'
[3.181s] INFO:colcon.colcon_core.shell:Creating package script '/home/auria/src/install/auria_msgs/share/auria_msgs/package.bash'
[3.183s] INFO:colcon.colcon_core.shell:Creating package script '/home/auria/src/install/auria_msgs/share/auria_msgs/package.zsh'
[3.186s] Level 1:colcon.colcon_core.environment:create_file_with_runtime_dependencies(/home/auria/src/install/auria_msgs/share/colcon-core/packages/auria_msgs)
[3.191s] INFO:colcon.colcon_ros.task.ament_python.build:Building ROS package in '/home/auria/src/environment' with build type 'ament_python'
[3.192s] Level 1:colcon.colcon_core.shell:create_environment_hook('environment', 'ament_prefix_path')
[3.198s] INFO:colcon.colcon_core.shell:Creating environment hook '/home/auria/src/install/environment/share/environment/hook/ament_prefix_path.ps1'
[3.203s] INFO:colcon.colcon_core.shell:Creating environment descriptor '/home/auria/src/install/environment/share/environment/hook/ament_prefix_path.dsv'
[3.204s] INFO:colcon.colcon_core.shell:Creating environment hook '/home/auria/src/install/environment/share/environment/hook/ament_prefix_path.sh'
[3.214s] INFO:colcon.colcon_core.shell:Skip shell extension 'powershell' for command environment: Not usable outside of PowerShell
[3.215s] DEBUG:colcon.colcon_core.shell:Skip shell extension 'dsv' for command environment
[3.927s] INFO:colcon.colcon_core.task.python.build:Building Python package in '/home/auria/src/environment'
[3.934s] INFO:colcon.colcon_core.shell:Skip shell extension 'powershell' for command environment: Not usable outside of PowerShell
[3.934s] DEBUG:colcon.colcon_core.shell:Skip shell extension 'dsv' for command environment
[3.977s] DEBUG:colcon.colcon_core.event_handler.log_command:Invoking command in '/home/auria/src/rl_driver': PYTHONPATH=/home/auria/src/build/rl_driver/prefix_override:/home/auria/src/install/rl_driver/lib/python3.8/site-packages: /usr/bin/python3 setup.py egg_info --egg-base ../build/rl_driver build --build-base /home/auria/src/build/rl_driver/build install --record /home/auria/src/build/rl_driver/install.log --single-version-externally-managed
[5.073s] DEBUG:colcon.colcon_core.event_handler.log_command:Invoked command in '/home/auria/src/rl_driver' returned '0': PYTHONPATH=/home/auria/src/build/rl_driver/prefix_override:/home/auria/src/install/rl_driver/lib/python3.8/site-packages: /usr/bin/python3 setup.py egg_info --egg-base ../build/rl_driver build --build-base /home/auria/src/build/rl_driver/build install --record /home/auria/src/build/rl_driver/install.log --single-version-externally-managed
[5.080s] Level 1:colcon.colcon_core.environment:checking '/home/auria/src/install/rl_driver' for CMake module files
[5.083s] Level 1:colcon.colcon_core.environment:checking '/home/auria/src/install/rl_driver' for CMake config files
[5.088s] Level 1:colcon.colcon_core.environment:checking '/home/auria/src/install/rl_driver/lib'
[5.089s] Level 1:colcon.colcon_core.environment:checking '/home/auria/src/install/rl_driver/bin'
[5.090s] Level 1:colcon.colcon_core.environment:checking '/home/auria/src/install/rl_driver/lib/pkgconfig/rl_driver.pc'
[5.092s] Level 1:colcon.colcon_core.environment:checking '/home/auria/src/install/rl_driver/lib/python3.8/site-packages'
[5.093s] Level 1:colcon.colcon_core.shell:create_environment_hook('rl_driver', 'pythonpath')
[5.103s] INFO:colcon.colcon_core.shell:Creating environment hook '/home/auria/src/install/rl_driver/share/rl_driver/hook/pythonpath.ps1'
[5.109s] INFO:colcon.colcon_core.shell:Creating environment descriptor '/home/auria/src/install/rl_driver/share/rl_driver/hook/pythonpath.dsv'
[5.111s] INFO:colcon.colcon_core.shell:Creating environment hook '/home/auria/src/install/rl_driver/share/rl_driver/hook/pythonpath.sh'
[5.114s] Level 1:colcon.colcon_core.environment:checking '/home/auria/src/install/rl_driver/bin'
[5.114s] Level 1:colcon.colcon_core.environment:create_environment_scripts_only(rl_driver)
[5.123s] INFO:colcon.colcon_core.shell:Creating package script '/home/auria/src/install/rl_driver/share/rl_driver/package.ps1'
[5.126s] INFO:colcon.colcon_core.shell:Creating package descriptor '/home/auria/src/install/rl_driver/share/rl_driver/package.dsv'
[5.128s] INFO:colcon.colcon_core.shell:Creating package script '/home/auria/src/install/rl_driver/share/rl_driver/package.sh'
[5.130s] INFO:colcon.colcon_core.shell:Creating package script '/home/auria/src/install/rl_driver/share/rl_driver/package.bash'
[5.132s] INFO:colcon.colcon_core.shell:Creating package script '/home/auria/src/install/rl_driver/share/rl_driver/package.zsh'
[5.133s] Level 1:colcon.colcon_core.environment:create_file_with_runtime_dependencies(/home/auria/src/install/rl_driver/share/colcon-core/packages/rl_driver)
[5.341s] DEBUG:colcon.colcon_core.event_handler.log_command:Invoking command in '/home/auria/src/environment': AMENT_PREFIX_PATH=/home/auria/src/install/auria_msgs CMAKE_PREFIX_PATH=/home/auria/src/install/auria_msgs LD_LIBRARY_PATH=/home/auria/src/install/auria_msgs/lib PYTHONPATH=/home/auria/src/build/environment/prefix_override:/home/auria/src/install/environment/lib/python3.8/site-packages:/home/auria/src/install/auria_msgs/lib/python3.8/site-packages /usr/bin/python3 setup.py egg_info --egg-base ../build/environment build --build-base /home/auria/src/build/environment/build install --record /home/auria/src/build/environment/install.log --single-version-externally-managed
[6.335s] DEBUG:colcon.colcon_core.event_handler.log_command:Invoked command in '/home/auria/src/environment' returned '0': AMENT_PREFIX_PATH=/home/auria/src/install/auria_msgs CMAKE_PREFIX_PATH=/home/auria/src/install/auria_msgs LD_LIBRARY_PATH=/home/auria/src/install/auria_msgs/lib PYTHONPATH=/home/auria/src/build/environment/prefix_override:/home/auria/src/install/environment/lib/python3.8/site-packages:/home/auria/src/install/auria_msgs/lib/python3.8/site-packages /usr/bin/python3 setup.py egg_info --egg-base ../build/environment build --build-base /home/auria/src/build/environment/build install --record /home/auria/src/build/environment/install.log --single-version-externally-managed
[6.344s] Level 1:colcon.colcon_core.environment:checking '/home/auria/src/install/environment' for CMake module files
[6.348s] Level 1:colcon.colcon_core.environment:checking '/home/auria/src/install/environment' for CMake config files
[6.353s] Level 1:colcon.colcon_core.environment:checking '/home/auria/src/install/environment/lib'
[6.353s] Level 1:colcon.colcon_core.environment:checking '/home/auria/src/install/environment/bin'
[6.355s] Level 1:colcon.colcon_core.environment:checking '/home/auria/src/install/environment/lib/pkgconfig/environment.pc'
[6.356s] Level 1:colcon.colcon_core.environment:checking '/home/auria/src/install/environment/lib/python3.8/site-packages'
[6.356s] Level 1:colcon.colcon_core.shell:create_environment_hook('environment', 'pythonpath')
[6.367s] INFO:colcon.colcon_core.shell:Creating environment hook '/home/auria/src/install/environment/share/environment/hook/pythonpath.ps1'
[6.371s] INFO:colcon.colcon_core.shell:Creating environment descriptor '/home/auria/src/install/environment/share/environment/hook/pythonpath.dsv'
[6.372s] INFO:colcon.colcon_core.shell:Creating environment hook '/home/auria/src/install/environment/share/environment/hook/pythonpath.sh'
[6.377s] Level 1:colcon.colcon_core.environment:checking '/home/auria/src/install/environment/bin'
[6.377s] Level 1:colcon.colcon_core.environment:create_environment_scripts_only(environment)
[6.384s] INFO:colcon.colcon_core.shell:Creating package script '/home/auria/src/install/environment/share/environment/package.ps1'
[6.389s] INFO:colcon.colcon_core.shell:Creating package descriptor '/home/auria/src/install/environment/share/environment/package.dsv'
[6.391s] INFO:colcon.colcon_core.shell:Creating package script '/home/auria/src/install/environment/share/environment/package.sh'
[6.394s] INFO:colcon.colcon_core.shell:Creating package script '/home/auria/src/install/environment/share/environment/package.bash'
[6.397s] INFO:colcon.colcon_core.shell:Creating package script '/home/auria/src/install/environment/share/environment/package.zsh'
[6.399s] Level 1:colcon.colcon_core.environment:create_file_with_runtime_dependencies(/home/auria/src/install/environment/share/colcon-core/packages/environment)
[6.401s] DEBUG:colcon.colcon_parallel_executor.executor.parallel:closing loop
[6.402s] DEBUG:colcon.colcon_parallel_executor.executor.parallel:loop closed
[6.402s] DEBUG:colcon.colcon_parallel_executor.executor.parallel:run_until_complete finished with '0'
[6.403s] DEBUG:colcon.colcon_core.event_reactor:joining thread
[6.437s] INFO:colcon.colcon_core.plugin_system:Skipping extension 'colcon_notification.desktop_notification.notify_send': Could not find 'notify-send'
[6.437s] INFO:colcon.colcon_core.plugin_system:Skipping extension 'colcon_notification.desktop_notification.terminal_notifier': Not used on non-Darwin systems
[6.438s] INFO:colcon.colcon_core.plugin_system:Skipping extension 'colcon_notification.desktop_notification.win32': Not used on non-Windows systems
[6.438s] INFO:colcon.colcon_notification.desktop_notification:Sending desktop notification using 'notify2'
[6.445s] DEBUG:colcon.colcon_notification.desktop_notification.notify2:Failed to initialize notify2: org.freedesktop.DBus.Error.Spawn.ExecFailed: /usr/bin/dbus-launch terminated abnormally without any error message
[6.447s] DEBUG:colcon.colcon_core.event_reactor:joined thread
[6.455s] INFO:colcon.colcon_core.shell:Creating prefix script '/home/auria/src/install/local_setup.ps1'
[6.460s] INFO:colcon.colcon_core.shell:Creating prefix util module '/home/auria/src/install/_local_setup_util_ps1.py'
[6.465s] INFO:colcon.colcon_core.shell:Creating prefix chain script '/home/auria/src/install/setup.ps1'
[6.469s] INFO:colcon.colcon_core.shell:Creating prefix script '/home/auria/src/install/local_setup.sh'
[6.472s] INFO:colcon.colcon_core.shell:Creating prefix util module '/home/auria/src/install/_local_setup_util_sh.py'
[6.474s] INFO:colcon.colcon_core.shell:Creating prefix chain script '/home/auria/src/install/setup.sh'
[6.478s] INFO:colcon.colcon_core.shell:Creating prefix script '/home/auria/src/install/local_setup.bash'
[6.480s] INFO:colcon.colcon_core.shell:Creating prefix chain script '/home/auria/src/install/setup.bash'
[6.485s] INFO:colcon.colcon_core.shell:Creating prefix script '/home/auria/src/install/local_setup.zsh'
[6.489s] INFO:colcon.colcon_core.shell:Creating prefix chain script '/home/auria/src/install/setup.zsh'
