[4.258s] Invoking command in '/home/auria/src/rl_driver': PYTHONPATH=/home/auria/src/build/rl_driver/prefix_override:/home/auria/src/install/rl_driver/lib/python3.8/site-packages:${PYTHONPATH} /usr/bin/python3 setup.py egg_info --egg-base ../build/rl_driver build --build-base /home/auria/src/build/rl_driver/build install --record /home/auria/src/build/rl_driver/install.log --single-version-externally-managed
[5.374s] running egg_info
[5.379s] writing ../build/rl_driver/rl_driver.egg-info/PKG-INFO
[5.379s] writing dependency_links to ../build/rl_driver/rl_driver.egg-info/dependency_links.txt
[5.380s] writing entry points to ../build/rl_driver/rl_driver.egg-info/entry_points.txt
[5.380s] writing requirements to ../build/rl_driver/rl_driver.egg-info/requires.txt
[5.380s] writing top-level names to ../build/rl_driver/rl_driver.egg-info/top_level.txt
[5.586s] reading manifest file '../build/rl_driver/rl_driver.egg-info/SOURCES.txt'
[5.594s] writing manifest file '../build/rl_driver/rl_driver.egg-info/SOURCES.txt'
[5.609s] running build
[5.613s] running build_py
[5.613s] copying rl_driver/train.py -> /home/auria/src/build/rl_driver/build/lib/rl_driver
[5.614s] copying rl_driver/gym_ros2_env.py -> /home/auria/src/build/rl_driver/build/lib/rl_driver
[5.616s] running install
[5.620s] running install_lib
[5.625s] copying /home/auria/src/build/rl_driver/build/lib/rl_driver/train.py -> /home/auria/src/install/rl_driver/lib/python3.8/site-packages/rl_driver
[5.640s] copying /home/auria/src/build/rl_driver/build/lib/rl_driver/gym_ros2_env.py -> /home/auria/src/install/rl_driver/lib/python3.8/site-packages/rl_driver
[5.640s] byte-compiling /home/auria/src/install/rl_driver/lib/python3.8/site-packages/rl_driver/train.py to train.cpython-38.pyc
[5.659s] byte-compiling /home/auria/src/install/rl_driver/lib/python3.8/site-packages/rl_driver/gym_ros2_env.py to gym_ros2_env.cpython-38.pyc
[5.665s] running install_data
[5.666s] running install_egg_info
[5.666s] removing '/home/auria/src/install/rl_driver/lib/python3.8/site-packages/rl_driver-0.0.0-py3.8.egg-info' (and everything under it)
[5.666s] Copying ../build/rl_driver/rl_driver.egg-info to /home/auria/src/install/rl_driver/lib/python3.8/site-packages/rl_driver-0.0.0-py3.8.egg-info
[5.678s] running install_scripts
[5.782s] Installing rl_node script to /home/auria/src/install/rl_driver/lib/rl_driver
[5.787s] Installing train script to /home/auria/src/install/rl_driver/lib/rl_driver
[5.787s] writing list of installed files to '/home/auria/src/build/rl_driver/install.log'
[5.903s] Invoked command in '/home/auria/src/rl_driver' returned '0': PYTHONPATH=/home/auria/src/build/rl_driver/prefix_override:/home/auria/src/install/rl_driver/lib/python3.8/site-packages:${PYTHONPATH} /usr/bin/python3 setup.py egg_info --egg-base ../build/rl_driver build --build-base /home/auria/src/build/rl_driver/build install --record /home/auria/src/build/rl_driver/install.log --single-version-externally-managed
